Time is date
Directory is /gdata/huangzp/dsl_sgen/jobs
This job runs on following nodes:
G111
G111-gpu3
G111-gpu2
G111-gpu1
G111-gpu0
[*] MODEL dir: /gdata/huangzp/dsl_sgen/logs/img_align_celeba_2018-03-06_04-20-05
[*] PARAM path: /gdata/huangzp/dsl_sgen/logs/img_align_celeba_2018-03-06_04-20-05/params.json
[0/500000] Loss_D: 2.6955 Loss_G: 12.1618
[0/500000] l_d_A_real: 0.6862 l_d_A_fake: 0.6690, l_d_B_real: 0.6655, l_d_B_fake: 0.6747
[0/500000] l_const_A: 0.0134 l_const_B: 0.0129, l_gan_A: 0.6451, l_gan_B: 0.6334
[0/500000] l_dsl_A: 0.0087 l_dsl_B: 0.0087
[*] Samples saved: /gdata/huangzp/dsl_sgen/logs/img_align_celeba_2018-03-06_04-20-05/0_x_AB.png
[*] Samples saved: /gdata/huangzp/dsl_sgen/logs/img_align_celeba_2018-03-06_04-20-05/0_x_ABA.png
[*] Samples saved: /gdata/huangzp/dsl_sgen/logs/img_align_celeba_2018-03-06_04-20-05/0_x_BA.png
[*] Samples saved: /gdata/huangzp/dsl_sgen/logs/img_align_celeba_2018-03-06_04-20-05/0_x_BAB.png
[!] Sampled dataset from A and B have different # of data. Try resampling...
[*] Save models to /gdata/huangzp/dsl_sgen/logs/img_align_celeba_2018-03-06_04-20-05...
[4/500000] Loss_D: 2.7297 Loss_G: 11.3096
[4/500000] l_d_A_real: 0.6874 l_d_A_fake: 0.6570, l_d_B_real: 0.7113, l_d_B_fake: 0.6741
[4/500000] l_const_A: 0.0100 l_const_B: 0.0101, l_gan_A: 0.7251, l_gan_B: 0.7011
[4/500000] l_dsl_A: 0.0196 l_dsl_B: 0.0196
[*] Samples saved: /gdata/huangzp/dsl_sgen/logs/img_align_celeba_2018-03-06_04-20-05/4_x_AB.png
[*] Samples saved: /gdata/huangzp/dsl_sgen/logs/img_align_celeba_2018-03-06_04-20-05/4_x_ABA.png
[*] Samples saved: /gdata/huangzp/dsl_sgen/logs/img_align_celeba_2018-03-06_04-20-05/4_x_BA.png
[*] Samples saved: /gdata/huangzp/dsl_sgen/logs/img_align_celeba_2018-03-06_04-20-05/4_x_BAB.png
[!] Sampled dataset from A and B have different # of data. Try resampling...
[*] Save models to /gdata/huangzp/dsl_sgen/logs/img_align_celeba_2018-03-06_04-20-05...
[8/500000] Loss_D: 2.5769 Loss_G: 11.3185
[8/500000] l_d_A_real: 0.6074 l_d_A_fake: 0.6139, l_d_B_real: 0.7171, l_d_B_fake: 0.6385
[8/500000] l_const_A: 0.0079 l_const_B: 0.0109, l_gan_A: 0.7528, l_gan_B: 0.6888
[8/500000] l_dsl_A: 0.0136 l_dsl_B: 0.0136
[*] Samples saved: /gdata/huangzp/dsl_sgen/logs/img_align_celeba_2018-03-06_04-20-05/8_x_AB.png
[*] Samples saved: /gdata/huangzp/dsl_sgen/logs/img_align_celeba_2018-03-06_04-20-05/8_x_ABA.png
[*] Samples saved: /gdata/huangzp/dsl_sgen/logs/img_align_celeba_2018-03-06_04-20-05/8_x_BA.png
[*] Samples saved: /gdata/huangzp/dsl_sgen/logs/img_align_celeba_2018-03-06_04-20-05/8_x_BAB.png
[!] Sampled dataset from A and B have different # of data. Try resampling...
[*] Save models to /gdata/huangzp/dsl_sgen/logs/img_align_celeba_2018-03-06_04-20-05...
[!] Sampled dataset from A and B have different # of data. Try resampling...
[12/500000] Loss_D: 2.5077 Loss_G: 12.3228
[12/500000] l_d_A_real: 0.6516 l_d_A_fake: 0.5581, l_d_B_real: 0.6695, l_d_B_fake: 0.6285
[12/500000] l_const_A: 0.0075 l_const_B: 0.0143, l_gan_A: 0.6864, l_gan_B: 0.7294
[12/500000] l_dsl_A: 0.0216 l_dsl_B: 0.0216
[*] Samples saved: /gdata/huangzp/dsl_sgen/logs/img_align_celeba_2018-03-06_04-20-05/12_x_AB.png
[*] Samples saved: /gdata/huangzp/dsl_sgen/logs/img_align_celeba_2018-03-06_04-20-05/12_x_ABA.png
[*] Samples saved: /gdata/huangzp/dsl_sgen/logs/img_align_celeba_2018-03-06_04-20-05/12_x_BA.png
[*] Samples saved: /gdata/huangzp/dsl_sgen/logs/img_align_celeba_2018-03-06_04-20-05/12_x_BAB.png
[!] Sampled dataset from A and B have different # of data. Try resampling...
[*] Save models to /gdata/huangzp/dsl_sgen/logs/img_align_celeba_2018-03-06_04-20-05...
[16/500000] Loss_D: 2.5115 Loss_G: 12.0559
[16/500000] l_d_A_real: 0.5568 l_d_A_fake: 0.6794, l_d_B_real: 0.6353, l_d_B_fake: 0.6400
[16/500000] l_const_A: 0.0056 l_const_B: 0.0112, l_gan_A: 0.8356, l_gan_B: 0.7144
[16/500000] l_dsl_A: 0.0752 l_dsl_B: 0.0752
[*] Samples saved: /gdata/huangzp/dsl_sgen/logs/img_align_celeba_2018-03-06_04-20-05/16_x_AB.png
[*] Samples saved: /gdata/huangzp/dsl_sgen/logs/img_align_celeba_2018-03-06_04-20-05/16_x_ABA.png
[*] Samples saved: /gdata/huangzp/dsl_sgen/logs/img_align_celeba_2018-03-06_04-20-05/16_x_BA.png
[*] Samples saved: /gdata/huangzp/dsl_sgen/logs/img_align_celeba_2018-03-06_04-20-05/16_x_BAB.png
[!] Sampled dataset from A and B have different # of data. Try resampling...
[*] Save models to /gdata/huangzp/dsl_sgen/logs/img_align_celeba_2018-03-06_04-20-05...
[20/500000] Loss_D: 2.3233 Loss_G: 10.4523
[20/500000] l_d_A_real: 0.5956 l_d_A_fake: 0.4895, l_d_B_real: 0.6126, l_d_B_fake: 0.6256
[20/500000] l_const_A: 0.0066 l_const_B: 0.0047, l_gan_A: 0.9706, l_gan_B: 0.6846
[20/500000] l_dsl_A: 0.0581 l_dsl_B: 0.0581
[*] Samples saved: /gdata/huangzp/dsl_sgen/logs/img_align_celeba_2018-03-06_04-20-05/20_x_AB.png
[*] Samples saved: /gdata/huangzp/dsl_sgen/logs/img_align_celeba_2018-03-06_04-20-05/20_x_ABA.png
[*] Samples saved: /gdata/huangzp/dsl_sgen/logs/img_align_celeba_2018-03-06_04-20-05/20_x_BA.png
[*] Samples saved: /gdata/huangzp/dsl_sgen/logs/img_align_celeba_2018-03-06_04-20-05/20_x_BAB.png
[!] Sampled dataset from A and B have different # of data. Try resampling...
[*] Save models to /gdata/huangzp/dsl_sgen/logs/img_align_celeba_2018-03-06_04-20-05...
[!] Sampled dataset from A and B have different # of data. Try resampling...
[24/500000] Loss_D: 2.2378 Loss_G: 11.6818
[24/500000] l_d_A_real: 0.4401 l_d_A_fake: 0.6002, l_d_B_real: 0.5834, l_d_B_fake: 0.6141
[24/500000] l_const_A: 0.0063 l_const_B: 0.0090, l_gan_A: 1.0041, l_gan_B: 0.5882
[24/500000] l_dsl_A: 0.0105 l_dsl_B: 0.0105
[*] Samples saved: /gdata/huangzp/dsl_sgen/logs/img_align_celeba_2018-03-06_04-20-05/24_x_AB.png
[*] Samples saved: /gdata/huangzp/dsl_sgen/logs/img_align_celeba_2018-03-06_04-20-05/24_x_ABA.png
[*] Samples saved: /gdata/huangzp/dsl_sgen/logs/img_align_celeba_2018-03-06_04-20-05/24_x_BA.png
[*] Samples saved: /gdata/huangzp/dsl_sgen/logs/img_align_celeba_2018-03-06_04-20-05/24_x_BAB.png
[!] Sampled dataset from A and B have different # of data. Try resampling...
[*] Save models to /gdata/huangzp/dsl_sgen/logs/img_align_celeba_2018-03-06_04-20-05...
[28/500000] Loss_D: 2.2037 Loss_G: 10.9117
[28/500000] l_d_A_real: 0.4066 l_d_A_fake: 0.6058, l_d_B_real: 0.5222, l_d_B_fake: 0.6691
[28/500000] l_const_A: 0.0055 l_const_B: 0.0053, l_gan_A: 1.2893, l_gan_B: 0.7350
[28/500000] l_dsl_A: 0.0489 l_dsl_B: 0.0489
[*] Samples saved: /gdata/huangzp/dsl_sgen/logs/img_align_celeba_2018-03-06_04-20-05/28_x_AB.png
[*] Samples saved: /gdata/huangzp/dsl_sgen/logs/img_align_celeba_2018-03-06_04-20-05/28_x_ABA.png
[*] Samples saved: /gdata/huangzp/dsl_sgen/logs/img_align_celeba_2018-03-06_04-20-05/28_x_BA.png
[*] Samples saved: /gdata/huangzp/dsl_sgen/logs/img_align_celeba_2018-03-06_04-20-05/28_x_BAB.png
[!] Sampled dataset from A and B have different # of data. Try resampling...
[*] Save models to /gdata/huangzp/dsl_sgen/logs/img_align_celeba_2018-03-06_04-20-05...
[32/500000] Loss_D: 2.2587 Loss_G: 11.0051
[32/500000] l_d_A_real: 0.3737 l_d_A_fake: 0.6508, l_d_B_real: 0.4975, l_d_B_fake: 0.7367
[32/500000] l_const_A: 0.0056 l_const_B: 0.0051, l_gan_A: 1.0167, l_gan_B: 0.7332
[32/500000] l_dsl_A: 0.1270 l_dsl_B: 0.1270
[*] Samples saved: /gdata/huangzp/dsl_sgen/logs/img_align_celeba_2018-03-06_04-20-05/32_x_AB.png
[*] Samples saved: /gdata/huangzp/dsl_sgen/logs/img_align_celeba_2018-03-06_04-20-05/32_x_ABA.png
[*] Samples saved: /gdata/huangzp/dsl_sgen/logs/img_align_celeba_2018-03-06_04-20-05/32_x_BA.png
[*] Samples saved: /gdata/huangzp/dsl_sgen/logs/img_align_celeba_2018-03-06_04-20-05/32_x_BAB.png
[!] Sampled dataset from A and B have different # of data. Try resampling...
[*] Save models to /gdata/huangzp/dsl_sgen/logs/img_align_celeba_2018-03-06_04-20-05...
[36/500000] Loss_D: 1.9202 Loss_G: 11.8818
[36/500000] l_d_A_real: 0.4710 l_d_A_fake: 0.2842, l_d_B_real: 0.5631, l_d_B_fake: 0.6019
[36/500000] l_const_A: 0.0068 l_const_B: 0.0092, l_gan_A: 0.4804, l_gan_B: 0.5644
[36/500000] l_dsl_A: 0.0618 l_dsl_B: 0.0618
[*] Samples saved: /gdata/huangzp/dsl_sgen/logs/img_align_celeba_2018-03-06_04-20-05/36_x_AB.png
[*] Samples saved: /gdata/huangzp/dsl_sgen/logs/img_align_celeba_2018-03-06_04-20-05/36_x_ABA.png
[*] Samples saved: /gdata/huangzp/dsl_sgen/logs/img_align_celeba_2018-03-06_04-20-05/36_x_BA.png
[*] Samples saved: /gdata/huangzp/dsl_sgen/logs/img_align_celeba_2018-03-06_04-20-05/36_x_BAB.png
[!] Sampled dataset from A and B have different # of data. Try resampling...
[*] Save models to /gdata/huangzp/dsl_sgen/logs/img_align_celeba_2018-03-06_04-20-05...
[!] Sampled dataset from A and B have different # of data. Try resampling...
[40/500000] Loss_D: 1.9950 Loss_G: 11.6119
[40/500000] l_d_A_real: 0.4112 l_d_A_fake: 0.4882, l_d_B_real: 0.5083, l_d_B_fake: 0.5872
[40/500000] l_const_A: 0.0065 l_const_B: 0.0053, l_gan_A: 1.2965, l_gan_B: 0.6899
[40/500000] l_dsl_A: 0.1657 l_dsl_B: 0.1657
[*] Samples saved: /gdata/huangzp/dsl_sgen/logs/img_align_celeba_2018-03-06_04-20-05/40_x_AB.png
[*] Samples saved: /gdata/huangzp/dsl_sgen/logs/img_align_celeba_2018-03-06_04-20-05/40_x_ABA.png
[*] Samples saved: /gdata/huangzp/dsl_sgen/logs/img_align_celeba_2018-03-06_04-20-05/40_x_BA.png
[*] Samples saved: /gdata/huangzp/dsl_sgen/logs/img_align_celeba_2018-03-06_04-20-05/40_x_BAB.png
[!] Sampled dataset from A and B have different # of data. Try resampling...
[*] Save models to /gdata/huangzp/dsl_sgen/logs/img_align_celeba_2018-03-06_04-20-05...
[44/500000] Loss_D: 1.9868 Loss_G: 10.2986
[44/500000] l_d_A_real: 0.4271 l_d_A_fake: 0.2590, l_d_B_real: 0.6552, l_d_B_fake: 0.6455
[44/500000] l_const_A: 0.0055 l_const_B: 0.0034, l_gan_A: 0.7054, l_gan_B: 0.5948
[44/500000] l_dsl_A: 0.1234 l_dsl_B: 0.1234
[*] Samples saved: /gdata/huangzp/dsl_sgen/logs/img_align_celeba_2018-03-06_04-20-05/44_x_AB.png
[*] Samples saved: /gdata/huangzp/dsl_sgen/logs/img_align_celeba_2018-03-06_04-20-05/44_x_ABA.png
[*] Samples saved: /gdata/huangzp/dsl_sgen/logs/img_align_celeba_2018-03-06_04-20-05/44_x_BA.png
[*] Samples saved: /gdata/huangzp/dsl_sgen/logs/img_align_celeba_2018-03-06_04-20-05/44_x_BAB.png
[!] Sampled dataset from A and B have different # of data. Try resampling...
[*] Save models to /gdata/huangzp/dsl_sgen/logs/img_align_celeba_2018-03-06_04-20-05...
[48/500000] Loss_D: 2.1872 Loss_G: 10.6708
[48/500000] l_d_A_real: 0.3660 l_d_A_fake: 0.5925, l_d_B_real: 0.6953, l_d_B_fake: 0.5334
[48/500000] l_const_A: 0.0061 l_const_B: 0.0045, l_gan_A: 0.8453, l_gan_B: 0.6065
[48/500000] l_dsl_A: 0.0883 l_dsl_B: 0.0883
[*] Samples saved: /gdata/huangzp/dsl_sgen/logs/img_align_celeba_2018-03-06_04-20-05/48_x_AB.png
[*] Samples saved: /gdata/huangzp/dsl_sgen/logs/img_align_celeba_2018-03-06_04-20-05/48_x_ABA.png
[*] Samples saved: /gdata/huangzp/dsl_sgen/logs/img_align_celeba_2018-03-06_04-20-05/48_x_BA.png
[*] Samples saved: /gdata/huangzp/dsl_sgen/logs/img_align_celeba_2018-03-06_04-20-05/48_x_BAB.png
[!] Sampled dataset from A and B have different # of data. Try resampling...
[*] Save models to /gdata/huangzp/dsl_sgen/logs/img_align_celeba_2018-03-06_04-20-05...
[!] Sampled dataset from A and B have different # of data. Try resampling...
[52/500000] Loss_D: 2.2201 Loss_G: 11.0527
[52/500000] l_d_A_real: 0.2790 l_d_A_fake: 0.8348, l_d_B_real: 0.4514, l_d_B_fake: 0.6548
[52/500000] l_const_A: 0.0060 l_const_B: 0.0036, l_gan_A: 1.3799, l_gan_B: 0.7067
[52/500000] l_dsl_A: 0.2067 l_dsl_B: 0.2067
[*] Samples saved: /gdata/huangzp/dsl_sgen/logs/img_align_celeba_2018-03-06_04-20-05/52_x_AB.png
[*] Samples saved: /gdata/huangzp/dsl_sgen/logs/img_align_celeba_2018-03-06_04-20-05/52_x_ABA.png
[*] Samples saved: /gdata/huangzp/dsl_sgen/logs/img_align_celeba_2018-03-06_04-20-05/52_x_BA.png
[*] Samples saved: /gdata/huangzp/dsl_sgen/logs/img_align_celeba_2018-03-06_04-20-05/52_x_BAB.png
[!] Sampled dataset from A and B have different # of data. Try resampling...
[*] Save models to /gdata/huangzp/dsl_sgen/logs/img_align_celeba_2018-03-06_04-20-05...
[56/500000] Loss_D: 2.1419 Loss_G: 10.7099
[56/500000] l_d_A_real: 0.6749 l_d_A_fake: 0.2678, l_d_B_real: 0.6811, l_d_B_fake: 0.5181
[56/500000] l_const_A: 0.0049 l_const_B: 0.0071, l_gan_A: 0.4114, l_gan_B: 0.4404
[56/500000] l_dsl_A: 0.0391 l_dsl_B: 0.0391
[*] Samples saved: /gdata/huangzp/dsl_sgen/logs/img_align_celeba_2018-03-06_04-20-05/56_x_AB.png
[*] Samples saved: /gdata/huangzp/dsl_sgen/logs/img_align_celeba_2018-03-06_04-20-05/56_x_ABA.png
[*] Samples saved: /gdata/huangzp/dsl_sgen/logs/img_align_celeba_2018-03-06_04-20-05/56_x_BA.png
[*] Samples saved: /gdata/huangzp/dsl_sgen/logs/img_align_celeba_2018-03-06_04-20-05/56_x_BAB.png
[!] Sampled dataset from A and B have different # of data. Try resampling...
[*] Save models to /gdata/huangzp/dsl_sgen/logs/img_align_celeba_2018-03-06_04-20-05...
[60/500000] Loss_D: 1.9641 Loss_G: 10.9852
[60/500000] l_d_A_real: 0.3127 l_d_A_fake: 0.4814, l_d_B_real: 0.6133, l_d_B_fake: 0.5567
[60/500000] l_const_A: 0.0064 l_const_B: 0.0050, l_gan_A: 0.9445, l_gan_B: 0.4459
[60/500000] l_dsl_A: 0.0225 l_dsl_B: 0.0225
[*] Samples saved: /gdata/huangzp/dsl_sgen/logs/img_align_celeba_2018-03-06_04-20-05/60_x_AB.png
[*] Samples saved: /gdata/huangzp/dsl_sgen/logs/img_align_celeba_2018-03-06_04-20-05/60_x_ABA.png
[*] Samples saved: /gdata/huangzp/dsl_sgen/logs/img_align_celeba_2018-03-06_04-20-05/60_x_BA.png
[*] Samples saved: /gdata/huangzp/dsl_sgen/logs/img_align_celeba_2018-03-06_04-20-05/60_x_BAB.png
[!] Sampled dataset from A and B have different # of data. Try resampling...
[*] Save models to /gdata/huangzp/dsl_sgen/logs/img_align_celeba_2018-03-06_04-20-05...
[64/500000] Loss_D: 2.0376 Loss_G: 11.8948
[64/500000] l_d_A_real: 0.2399 l_d_A_fake: 0.7713, l_d_B_real: 0.5047, l_d_B_fake: 0.5216
[64/500000] l_const_A: 0.0051 l_const_B: 0.0083, l_gan_A: 1.3322, l_gan_B: 0.4541
[64/500000] l_dsl_A: 0.1067 l_dsl_B: 0.1067
[*] Samples saved: /gdata/huangzp/dsl_sgen/logs/img_align_celeba_2018-03-06_04-20-05/64_x_AB.png
[*] Samples saved: /gdata/huangzp/dsl_sgen/logs/img_align_celeba_2018-03-06_04-20-05/64_x_ABA.png
[*] Samples saved: /gdata/huangzp/dsl_sgen/logs/img_align_celeba_2018-03-06_04-20-05/64_x_BA.png
[*] Samples saved: /gdata/huangzp/dsl_sgen/logs/img_align_celeba_2018-03-06_04-20-05/64_x_BAB.png
[!] Sampled dataset from A and B have different # of data. Try resampling...
[*] Save models to /gdata/huangzp/dsl_sgen/logs/img_align_celeba_2018-03-06_04-20-05...
[!] Sampled dataset from A and B have different # of data. Try resampling...
[68/500000] Loss_D: 1.9672 Loss_G: 10.6137
[68/500000] l_d_A_real: 0.2585 l_d_A_fake: 0.4470, l_d_B_real: 0.5545, l_d_B_fake: 0.7072
[68/500000] l_const_A: 0.0047 l_const_B: 0.0034, l_gan_A: 1.3037, l_gan_B: 0.6072
[68/500000] l_dsl_A: 0.1624 l_dsl_B: 0.1624
[*] Samples saved: /gdata/huangzp/dsl_sgen/logs/img_align_celeba_2018-03-06_04-20-05/68_x_AB.png
[*] Samples saved: /gdata/huangzp/dsl_sgen/logs/img_align_celeba_2018-03-06_04-20-05/68_x_ABA.png
[*] Samples saved: /gdata/huangzp/dsl_sgen/logs/img_align_celeba_2018-03-06_04-20-05/68_x_BA.png
[*] Samples saved: /gdata/huangzp/dsl_sgen/logs/img_align_celeba_2018-03-06_04-20-05/68_x_BAB.png
[!] Sampled dataset from A and B have different # of data. Try resampling...
[*] Save models to /gdata/huangzp/dsl_sgen/logs/img_align_celeba_2018-03-06_04-20-05...
[72/500000] Loss_D: 1.8917 Loss_G: 11.1289
[72/500000] l_d_A_real: 0.3385 l_d_A_fake: 0.6098, l_d_B_real: 0.4740, l_d_B_fake: 0.4695
[72/500000] l_const_A: 0.0048 l_const_B: 0.0052, l_gan_A: 1.1075, l_gan_B: 0.4574
[72/500000] l_dsl_A: 0.0375 l_dsl_B: 0.0375
[*] Samples saved: /gdata/huangzp/dsl_sgen/logs/img_align_celeba_2018-03-06_04-20-05/72_x_AB.png
[*] Samples saved: /gdata/huangzp/dsl_sgen/logs/img_align_celeba_2018-03-06_04-20-05/72_x_ABA.png
[*] Samples saved: /gdata/huangzp/dsl_sgen/logs/img_align_celeba_2018-03-06_04-20-05/72_x_BA.png
[*] Samples saved: /gdata/huangzp/dsl_sgen/logs/img_align_celeba_2018-03-06_04-20-05/72_x_BAB.png
[!] Sampled dataset from A and B have different # of data. Try resampling...
[*] Save models to /gdata/huangzp/dsl_sgen/logs/img_align_celeba_2018-03-06_04-20-05...
[76/500000] Loss_D: 1.7932 Loss_G: 10.3510
[76/500000] l_d_A_real: 0.3993 l_d_A_fake: 0.2610, l_d_B_real: 0.5575, l_d_B_fake: 0.5753
[76/500000] l_const_A: 0.0043 l_const_B: 0.0032, l_gan_A: 1.1984, l_gan_B: 0.4509
[76/500000] l_dsl_A: 0.0247 l_dsl_B: 0.0247
[*] Samples saved: /gdata/huangzp/dsl_sgen/logs/img_align_celeba_2018-03-06_04-20-05/76_x_AB.png
[*] Samples saved: /gdata/huangzp/dsl_sgen/logs/img_align_celeba_2018-03-06_04-20-05/76_x_ABA.png
[*] Samples saved: /gdata/huangzp/dsl_sgen/logs/img_align_celeba_2018-03-06_04-20-05/76_x_BA.png
[*] Samples saved: /gdata/huangzp/dsl_sgen/logs/img_align_celeba_2018-03-06_04-20-05/76_x_BAB.png
[!] Sampled dataset from A and B have different # of data. Try resampling...
[*] Save models to /gdata/huangzp/dsl_sgen/logs/img_align_celeba_2018-03-06_04-20-05...
[!] Sampled dataset from A and B have different # of data. Try resampling...
[80/500000] Loss_D: 2.0776 Loss_G: 10.3568
[80/500000] l_d_A_real: 0.5784 l_d_A_fake: 0.2490, l_d_B_real: 0.8754, l_d_B_fake: 0.3747
[80/500000] l_const_A: 0.0049 l_const_B: 0.0030, l_gan_A: 0.5601, l_gan_B: 0.4678
[80/500000] l_dsl_A: 0.0927 l_dsl_B: 0.0927
[*] Samples saved: /gdata/huangzp/dsl_sgen/logs/img_align_celeba_2018-03-06_04-20-05/80_x_AB.png
[*] Samples saved: /gdata/huangzp/dsl_sgen/logs/img_align_celeba_2018-03-06_04-20-05/80_x_ABA.png
[*] Samples saved: /gdata/huangzp/dsl_sgen/logs/img_align_celeba_2018-03-06_04-20-05/80_x_BA.png
[*] Samples saved: /gdata/huangzp/dsl_sgen/logs/img_align_celeba_2018-03-06_04-20-05/80_x_BAB.png
[!] Sampled dataset from A and B have different # of data. Try resampling...
[*] Save models to /gdata/huangzp/dsl_sgen/logs/img_align_celeba_2018-03-06_04-20-05...
[84/500000] Loss_D: 2.2230 Loss_G: 10.9898
[84/500000] l_d_A_real: 0.4387 l_d_A_fake: 0.4121, l_d_B_real: 0.6741, l_d_B_fake: 0.6981
[84/500000] l_const_A: 0.0044 l_const_B: 0.0047, l_gan_A: 0.5279, l_gan_B: 0.6001
[84/500000] l_dsl_A: 0.0873 l_dsl_B: 0.0873
[*] Samples saved: /gdata/huangzp/dsl_sgen/logs/img_align_celeba_2018-03-06_04-20-05/84_x_AB.png
[*] Samples saved: /gdata/huangzp/dsl_sgen/logs/img_align_celeba_2018-03-06_04-20-05/84_x_ABA.png
[*] Samples saved: /gdata/huangzp/dsl_sgen/logs/img_align_celeba_2018-03-06_04-20-05/84_x_BA.png
[*] Samples saved: /gdata/huangzp/dsl_sgen/logs/img_align_celeba_2018-03-06_04-20-05/84_x_BAB.png
[!] Sampled dataset from A and B have different # of data. Try resampling...
[*] Save models to /gdata/huangzp/dsl_sgen/logs/img_align_celeba_2018-03-06_04-20-05...
[88/500000] Loss_D: 1.3513 Loss_G: 10.7468
[88/500000] l_d_A_real: 0.2098 l_d_A_fake: 0.1800, l_d_B_real: 0.3638, l_d_B_fake: 0.5978
[88/500000] l_const_A: 0.0050 l_const_B: 0.0049, l_gan_A: 0.4176, l_gan_B: 0.5730
[88/500000] l_dsl_A: 0.1905 l_dsl_B: 0.1905
[*] Samples saved: /gdata/huangzp/dsl_sgen/logs/img_align_celeba_2018-03-06_04-20-05/88_x_AB.png
[*] Samples saved: /gdata/huangzp/dsl_sgen/logs/img_align_celeba_2018-03-06_04-20-05/88_x_ABA.png
[*] Samples saved: /gdata/huangzp/dsl_sgen/logs/img_align_celeba_2018-03-06_04-20-05/88_x_BA.png
[*] Samples saved: /gdata/huangzp/dsl_sgen/logs/img_align_celeba_2018-03-06_04-20-05/88_x_BAB.png
[!] Sampled dataset from A and B have different # of data. Try resampling...
[*] Save models to /gdata/huangzp/dsl_sgen/logs/img_align_celeba_2018-03-06_04-20-05...
[92/500000] Loss_D: 2.0309 Loss_G: 10.9953
[92/500000] l_d_A_real: 0.4499 l_d_A_fake: 0.1563, l_d_B_real: 0.7895, l_d_B_fake: 0.6352
[92/500000] l_const_A: 0.0051 l_const_B: 0.0035, l_gan_A: 0.4860, l_gan_B: 0.7946
[92/500000] l_dsl_A: 0.2940 l_dsl_B: 0.2940
[*] Samples saved: /gdata/huangzp/dsl_sgen/logs/img_align_celeba_2018-03-06_04-20-05/92_x_AB.png
[*] Samples saved: /gdata/huangzp/dsl_sgen/logs/img_align_celeba_2018-03-06_04-20-05/92_x_ABA.png
[*] Samples saved: /gdata/huangzp/dsl_sgen/logs/img_align_celeba_2018-03-06_04-20-05/92_x_BA.png
[*] Samples saved: /gdata/huangzp/dsl_sgen/logs/img_align_celeba_2018-03-06_04-20-05/92_x_BAB.png
[!] Sampled dataset from A and B have different # of data. Try resampling...
[*] Save models to /gdata/huangzp/dsl_sgen/logs/img_align_celeba_2018-03-06_04-20-05...
[!] Sampled dataset from A and B have different # of data. Try resampling...
[96/500000] Loss_D: 1.5305 Loss_G: 11.6244
[96/500000] l_d_A_real: 0.2492 l_d_A_fake: 0.4079, l_d_B_real: 0.4344, l_d_B_fake: 0.4389
[96/500000] l_const_A: 0.0059 l_const_B: 0.0052, l_gan_A: 0.9748, l_gan_B: 0.4559
[96/500000] l_dsl_A: 0.0186 l_dsl_B: 0.0186
[*] Samples saved: /gdata/huangzp/dsl_sgen/logs/img_align_celeba_2018-03-06_04-20-05/96_x_AB.png
[*] Samples saved: /gdata/huangzp/dsl_sgen/logs/img_align_celeba_2018-03-06_04-20-05/96_x_ABA.png
[*] Samples saved: /gdata/huangzp/dsl_sgen/logs/img_align_celeba_2018-03-06_04-20-05/96_x_BA.png
[*] Samples saved: /gdata/huangzp/dsl_sgen/logs/img_align_celeba_2018-03-06_04-20-05/96_x_BAB.png
[!] Sampled dataset from A and B have different # of data. Try resampling...
[*] Save models to /gdata/huangzp/dsl_sgen/logs/img_align_celeba_2018-03-06_04-20-05...
[100/500000] Loss_D: 2.2819 Loss_G: 11.4561
[100/500000] l_d_A_real: 0.4458 l_d_A_fake: 0.4361, l_d_B_real: 0.9397, l_d_B_fake: 0.4604
[100/500000] l_const_A: 0.0051 l_const_B: 0.0039, l_gan_A: 0.4607, l_gan_B: 0.5273
[100/500000] l_dsl_A: 0.1349 l_dsl_B: 0.1349
[*] Samples saved: /gdata/huangzp/dsl_sgen/logs/img_align_celeba_2018-03-06_04-20-05/100_x_AB.png
[*] Samples saved: /gdata/huangzp/dsl_sgen/logs/img_align_celeba_2018-03-06_04-20-05/100_x_ABA.png
[*] Samples saved: /gdata/huangzp/dsl_sgen/logs/img_align_celeba_2018-03-06_04-20-05/100_x_BA.png
[*] Samples saved: /gdata/huangzp/dsl_sgen/logs/img_align_celeba_2018-03-06_04-20-05/100_x_BAB.png
[!] Sampled dataset from A and B have different # of data. Try resampling...
[*] Save models to /gdata/huangzp/dsl_sgen/logs/img_align_celeba_2018-03-06_04-20-05...
[104/500000] Loss_D: 2.5370 Loss_G: 11.2321
[104/500000] l_d_A_real: 0.7373 l_d_A_fake: 0.4089, l_d_B_real: 0.7409, l_d_B_fake: 0.6498
[104/500000] l_const_A: 0.0053 l_const_B: 0.0033, l_gan_A: 1.2985, l_gan_B: 0.8118
[104/500000] l_dsl_A: 0.1246 l_dsl_B: 0.1246
[*] Samples saved: /gdata/huangzp/dsl_sgen/logs/img_align_celeba_2018-03-06_04-20-05/104_x_AB.png
[*] Samples saved: /gdata/huangzp/dsl_sgen/logs/img_align_celeba_2018-03-06_04-20-05/104_x_ABA.png
[*] Samples saved: /gdata/huangzp/dsl_sgen/logs/img_align_celeba_2018-03-06_04-20-05/104_x_BA.png
[*] Samples saved: /gdata/huangzp/dsl_sgen/logs/img_align_celeba_2018-03-06_04-20-05/104_x_BAB.png
[!] Sampled dataset from A and B have different # of data. Try resampling...
[*] Save models to /gdata/huangzp/dsl_sgen/logs/img_align_celeba_2018-03-06_04-20-05...
[!] Sampled dataset from A and B have different # of data. Try resampling...
[108/500000] Loss_D: 1.6994 Loss_G: 10.8132
[108/500000] l_d_A_real: 0.2365 l_d_A_fake: 0.4178, l_d_B_real: 0.5654, l_d_B_fake: 0.4797
[108/500000] l_const_A: 0.0040 l_const_B: 0.0054, l_gan_A: 0.4390, l_gan_B: 0.4751
[108/500000] l_dsl_A: 0.0526 l_dsl_B: 0.0526
[*] Samples saved: /gdata/huangzp/dsl_sgen/logs/img_align_celeba_2018-03-06_04-20-05/108_x_AB.png
[*] Samples saved: /gdata/huangzp/dsl_sgen/logs/img_align_celeba_2018-03-06_04-20-05/108_x_ABA.png
[*] Samples saved: /gdata/huangzp/dsl_sgen/logs/img_align_celeba_2018-03-06_04-20-05/108_x_BA.png
[*] Samples saved: /gdata/huangzp/dsl_sgen/logs/img_align_celeba_2018-03-06_04-20-05/108_x_BAB.png
[!] Sampled dataset from A and B have different # of data. Try resampling...
[*] Save models to /gdata/huangzp/dsl_sgen/logs/img_align_celeba_2018-03-06_04-20-05...
[112/500000] Loss_D: 1.8277 Loss_G: 10.0871
[112/500000] l_d_A_real: 0.1858 l_d_A_fake: 0.1672, l_d_B_real: 0.8009, l_d_B_fake: 0.6738
[112/500000] l_const_A: 0.0045 l_const_B: 0.0028, l_gan_A: 0.4057, l_gan_B: 0.6766
[112/500000] l_dsl_A: 0.2608 l_dsl_B: 0.2608
[*] Samples saved: /gdata/huangzp/dsl_sgen/logs/img_align_celeba_2018-03-06_04-20-05/112_x_AB.png
[*] Samples saved: /gdata/huangzp/dsl_sgen/logs/img_align_celeba_2018-03-06_04-20-05/112_x_ABA.png
[*] Samples saved: /gdata/huangzp/dsl_sgen/logs/img_align_celeba_2018-03-06_04-20-05/112_x_BA.png
[*] Samples saved: /gdata/huangzp/dsl_sgen/logs/img_align_celeba_2018-03-06_04-20-05/112_x_BAB.png
[!] Sampled dataset from A and B have different # of data. Try resampling...
[*] Save models to /gdata/huangzp/dsl_sgen/logs/img_align_celeba_2018-03-06_04-20-05...
[116/500000] Loss_D: 1.6495 Loss_G: 11.2140
[116/500000] l_d_A_real: 0.1628 l_d_A_fake: 0.4831, l_d_B_real: 0.4670, l_d_B_fake: 0.5366
[116/500000] l_const_A: 0.0048 l_const_B: 0.0032, l_gan_A: 0.4865, l_gan_B: 0.4765
[116/500000] l_dsl_A: 0.1917 l_dsl_B: 0.1917
[*] Samples saved: /gdata/huangzp/dsl_sgen/logs/img_align_celeba_2018-03-06_04-20-05/116_x_AB.png
[*] Samples saved: /gdata/huangzp/dsl_sgen/logs/img_align_celeba_2018-03-06_04-20-05/116_x_ABA.png
[*] Samples saved: /gdata/huangzp/dsl_sgen/logs/img_align_celeba_2018-03-06_04-20-05/116_x_BA.png
[*] Samples saved: /gdata/huangzp/dsl_sgen/logs/img_align_celeba_2018-03-06_04-20-05/116_x_BAB.png
[!] Sampled dataset from A and B have different # of data. Try resampling...
[*] Save models to /gdata/huangzp/dsl_sgen/logs/img_align_celeba_2018-03-06_04-20-05...
[120/500000] Loss_D: 2.3579 Loss_G: 11.4774
[120/500000] l_d_A_real: 0.3720 l_d_A_fake: 0.6120, l_d_B_real: 0.6416, l_d_B_fake: 0.7323
[120/500000] l_const_A: 0.0045 l_const_B: 0.0053, l_gan_A: 0.4713, l_gan_B: 0.7048
[120/500000] l_dsl_A: 0.0709 l_dsl_B: 0.0709
[*] Samples saved: /gdata/huangzp/dsl_sgen/logs/img_align_celeba_2018-03-06_04-20-05/120_x_AB.png
[*] Samples saved: /gdata/huangzp/dsl_sgen/logs/img_align_celeba_2018-03-06_04-20-05/120_x_ABA.png
[*] Samples saved: /gdata/huangzp/dsl_sgen/logs/img_align_celeba_2018-03-06_04-20-05/120_x_BA.png
[*] Samples saved: /gdata/huangzp/dsl_sgen/logs/img_align_celeba_2018-03-06_04-20-05/120_x_BAB.png
[!] Sampled dataset from A and B have different # of data. Try resampling...
[*] Save models to /gdata/huangzp/dsl_sgen/logs/img_align_celeba_2018-03-06_04-20-05...
[!] Sampled dataset from A and B have different # of data. Try resampling...
[124/500000] Loss_D: 2.0625 Loss_G: 10.9984
[124/500000] l_d_A_real: 0.4736 l_d_A_fake: 0.1779, l_d_B_real: 0.7887, l_d_B_fake: 0.6223
[124/500000] l_const_A: 0.0042 l_const_B: 0.0054, l_gan_A: 0.3713, l_gan_B: 0.5011
[124/500000] l_dsl_A: 0.1248 l_dsl_B: 0.1248
[*] Samples saved: /gdata/huangzp/dsl_sgen/logs/img_align_celeba_2018-03-06_04-20-05/124_x_AB.png
[*] Samples saved: /gdata/huangzp/dsl_sgen/logs/img_align_celeba_2018-03-06_04-20-05/124_x_ABA.png
[*] Samples saved: /gdata/huangzp/dsl_sgen/logs/img_align_celeba_2018-03-06_04-20-05/124_x_BA.png
[*] Samples saved: /gdata/huangzp/dsl_sgen/logs/img_align_celeba_2018-03-06_04-20-05/124_x_BAB.png
[!] Sampled dataset from A and B have different # of data. Try resampling...
[*] Save models to /gdata/huangzp/dsl_sgen/logs/img_align_celeba_2018-03-06_04-20-05...
[128/500000] Loss_D: 1.8210 Loss_G: 11.9508
[128/500000] l_d_A_real: 0.2591 l_d_A_fake: 0.4668, l_d_B_real: 0.5235, l_d_B_fake: 0.5715
[128/500000] l_const_A: 0.0048 l_const_B: 0.0058, l_gan_A: 0.7163, l_gan_B: 0.8423
[128/500000] l_dsl_A: 0.0296 l_dsl_B: 0.0296
[*] Samples saved: /gdata/huangzp/dsl_sgen/logs/img_align_celeba_2018-03-06_04-20-05/128_x_AB.png
[*] Samples saved: /gdata/huangzp/dsl_sgen/logs/img_align_celeba_2018-03-06_04-20-05/128_x_ABA.png
[*] Samples saved: /gdata/huangzp/dsl_sgen/logs/img_align_celeba_2018-03-06_04-20-05/128_x_BA.png
[*] Samples saved: /gdata/huangzp/dsl_sgen/logs/img_align_celeba_2018-03-06_04-20-05/128_x_BAB.png
[!] Sampled dataset from A and B have different # of data. Try resampling...
[*] Save models to /gdata/huangzp/dsl_sgen/logs/img_align_celeba_2018-03-06_04-20-05...
[132/500000] Loss_D: 2.1463 Loss_G: 11.4072
[132/500000] l_d_A_real: 0.4997 l_d_A_fake: 0.5769, l_d_B_real: 0.3669, l_d_B_fake: 0.7028
[132/500000] l_const_A: 0.0037 l_const_B: 0.0035, l_gan_A: 1.7240, l_gan_B: 0.6890
[132/500000] l_dsl_A: 0.1476 l_dsl_B: 0.1476
[*] Samples saved: /gdata/huangzp/dsl_sgen/logs/img_align_celeba_2018-03-06_04-20-05/132_x_AB.png
[*] Samples saved: /gdata/huangzp/dsl_sgen/logs/img_align_celeba_2018-03-06_04-20-05/132_x_ABA.png
[*] Samples saved: /gdata/huangzp/dsl_sgen/logs/img_align_celeba_2018-03-06_04-20-05/132_x_BA.png
[*] Samples saved: /gdata/huangzp/dsl_sgen/logs/img_align_celeba_2018-03-06_04-20-05/132_x_BAB.png
[!] Sampled dataset from A and B have different # of data. Try resampling...
[*] Save models to /gdata/huangzp/dsl_sgen/logs/img_align_celeba_2018-03-06_04-20-05...
[!] Sampled dataset from A and B have different # of data. Try resampling...
[136/500000] Loss_D: 2.3734 Loss_G: 11.8206
[136/500000] l_d_A_real: 0.6601 l_d_A_fake: 0.3512, l_d_B_real: 0.6332, l_d_B_fake: 0.7290
[136/500000] l_const_A: 0.0048 l_const_B: 0.0059, l_gan_A: 0.6229, l_gan_B: 0.7144
[136/500000] l_dsl_A: 0.0591 l_dsl_B: 0.0591
[*] Samples saved: /gdata/huangzp/dsl_sgen/logs/img_align_celeba_2018-03-06_04-20-05/136_x_AB.png
[*] Samples saved: /gdata/huangzp/dsl_sgen/logs/img_align_celeba_2018-03-06_04-20-05/136_x_ABA.png
[*] Samples saved: /gdata/huangzp/dsl_sgen/logs/img_align_celeba_2018-03-06_04-20-05/136_x_BA.png
[*] Samples saved: /gdata/huangzp/dsl_sgen/logs/img_align_celeba_2018-03-06_04-20-05/136_x_BAB.png
[!] Sampled dataset from A and B have different # of data. Try resampling...
[*] Save models to /gdata/huangzp/dsl_sgen/logs/img_align_celeba_2018-03-06_04-20-05...
[140/500000] Loss_D: 1.6505 Loss_G: 11.6546
[140/500000] l_d_A_real: 0.1561 l_d_A_fake: 0.1552, l_d_B_real: 0.8642, l_d_B_fake: 0.4751
[140/500000] l_const_A: 0.0059 l_const_B: 0.0074, l_gan_A: 0.4025, l_gan_B: 0.6121
[140/500000] l_dsl_A: 0.1271 l_dsl_B: 0.1271
[*] Samples saved: /gdata/huangzp/dsl_sgen/logs/img_align_celeba_2018-03-06_04-20-05/140_x_AB.png
[*] Samples saved: /gdata/huangzp/dsl_sgen/logs/img_align_celeba_2018-03-06_04-20-05/140_x_ABA.png
[*] Samples saved: /gdata/huangzp/dsl_sgen/logs/img_align_celeba_2018-03-06_04-20-05/140_x_BA.png
[*] Samples saved: /gdata/huangzp/dsl_sgen/logs/img_align_celeba_2018-03-06_04-20-05/140_x_BAB.png
[!] Sampled dataset from A and B have different # of data. Try resampling...
[*] Save models to /gdata/huangzp/dsl_sgen/logs/img_align_celeba_2018-03-06_04-20-05...
[144/500000] Loss_D: 1.7820 Loss_G: 11.0018
[144/500000] l_d_A_real: 0.2211 l_d_A_fake: 0.3698, l_d_B_real: 0.6530, l_d_B_fake: 0.5381
[144/500000] l_const_A: 0.0051 l_const_B: 0.0049, l_gan_A: 0.4614, l_gan_B: 0.4668
[144/500000] l_dsl_A: 0.0665 l_dsl_B: 0.0665
[*] Samples saved: /gdata/huangzp/dsl_sgen/logs/img_align_celeba_2018-03-06_04-20-05/144_x_AB.png
[*] Samples saved: /gdata/huangzp/dsl_sgen/logs/img_align_celeba_2018-03-06_04-20-05/144_x_ABA.png
[*] Samples saved: /gdata/huangzp/dsl_sgen/logs/img_align_celeba_2018-03-06_04-20-05/144_x_BA.png
[*] Samples saved: /gdata/huangzp/dsl_sgen/logs/img_align_celeba_2018-03-06_04-20-05/144_x_BAB.png
[!] Sampled dataset from A and B have different # of data. Try resampling...
[*] Save models to /gdata/huangzp/dsl_sgen/logs/img_align_celeba_2018-03-06_04-20-05...
[148/500000] Loss_D: 2.0423 Loss_G: 10.9298
[148/500000] l_d_A_real: 0.4594 l_d_A_fake: 0.2673, l_d_B_real: 0.7971, l_d_B_fake: 0.5186
[148/500000] l_const_A: 0.0045 l_const_B: 0.0034, l_gan_A: 0.4218, l_gan_B: 0.5184
[148/500000] l_dsl_A: 0.1400 l_dsl_B: 0.1400
[*] Samples saved: /gdata/huangzp/dsl_sgen/logs/img_align_celeba_2018-03-06_04-20-05/148_x_AB.png
[*] Samples saved: /gdata/huangzp/dsl_sgen/logs/img_align_celeba_2018-03-06_04-20-05/148_x_ABA.png
[*] Samples saved: /gdata/huangzp/dsl_sgen/logs/img_align_celeba_2018-03-06_04-20-05/148_x_BA.png
[*] Samples saved: /gdata/huangzp/dsl_sgen/logs/img_align_celeba_2018-03-06_04-20-05/148_x_BAB.png
[!] Sampled dataset from A and B have different # of data. Try resampling...
[*] Save models to /gdata/huangzp/dsl_sgen/logs/img_align_celeba_2018-03-06_04-20-05...
[!] Sampled dataset from A and B have different # of data. Try resampling...
[152/500000] Loss_D: 2.5019 Loss_G: 10.8820
[152/500000] l_d_A_real: 0.2878 l_d_A_fake: 0.9167, l_d_B_real: 0.5363, l_d_B_fake: 0.7612
[152/500000] l_const_A: 0.0038 l_const_B: 0.0033, l_gan_A: 1.6546, l_gan_B: 0.7462
[152/500000] l_dsl_A: 0.0589 l_dsl_B: 0.0589
[*] Samples saved: /gdata/huangzp/dsl_sgen/logs/img_align_celeba_2018-03-06_04-20-05/152_x_AB.png
[*] Samples saved: /gdata/huangzp/dsl_sgen/logs/img_align_celeba_2018-03-06_04-20-05/152_x_ABA.png
[*] Samples saved: /gdata/huangzp/dsl_sgen/logs/img_align_celeba_2018-03-06_04-20-05/152_x_BA.png
[*] Samples saved: /gdata/huangzp/dsl_sgen/logs/img_align_celeba_2018-03-06_04-20-05/152_x_BAB.png
[!] Sampled dataset from A and B have different # of data. Try resampling...
[*] Save models to /gdata/huangzp/dsl_sgen/logs/img_align_celeba_2018-03-06_04-20-05...
[156/500000] Loss_D: 1.6803 Loss_G: 11.3971
[156/500000] l_d_A_real: 0.1604 l_d_A_fake: 0.1565, l_d_B_real: 0.7018, l_d_B_fake: 0.6615
[156/500000] l_const_A: 0.0044 l_const_B: 0.0066, l_gan_A: 0.2926, l_gan_B: 0.8092
[156/500000] l_dsl_A: 0.2258 l_dsl_B: 0.2258
[*] Samples saved: /gdata/huangzp/dsl_sgen/logs/img_align_celeba_2018-03-06_04-20-05/156_x_AB.png
[*] Samples saved: /gdata/huangzp/dsl_sgen/logs/img_align_celeba_2018-03-06_04-20-05/156_x_ABA.png
[*] Samples saved: /gdata/huangzp/dsl_sgen/logs/img_align_celeba_2018-03-06_04-20-05/156_x_BA.png
[*] Samples saved: /gdata/huangzp/dsl_sgen/logs/img_align_celeba_2018-03-06_04-20-05/156_x_BAB.png
[!] Sampled dataset from A and B have different # of data. Try resampling...
[*] Save models to /gdata/huangzp/dsl_sgen/logs/img_align_celeba_2018-03-06_04-20-05...
[160/500000] Loss_D: 1.6359 Loss_G: 11.5448
[160/500000] l_d_A_real: 0.1838 l_d_A_fake: 0.3754, l_d_B_real: 0.4573, l_d_B_fake: 0.6193
[160/500000] l_const_A: 0.0054 l_const_B: 0.0034, l_gan_A: 0.4557, l_gan_B: 0.5465
[160/500000] l_dsl_A: 0.0831 l_dsl_B: 0.0831
[*] Samples saved: /gdata/huangzp/dsl_sgen/logs/img_align_celeba_2018-03-06_04-20-05/160_x_AB.png
[*] Samples saved: /gdata/huangzp/dsl_sgen/logs/img_align_celeba_2018-03-06_04-20-05/160_x_ABA.png
[*] Samples saved: /gdata/huangzp/dsl_sgen/logs/img_align_celeba_2018-03-06_04-20-05/160_x_BA.png
[*] Samples saved: /gdata/huangzp/dsl_sgen/logs/img_align_celeba_2018-03-06_04-20-05/160_x_BAB.png
[!] Sampled dataset from A and B have different # of data. Try resampling...
[*] Save models to /gdata/huangzp/dsl_sgen/logs/img_align_celeba_2018-03-06_04-20-05...
[!] Sampled dataset from A and B have different # of data. Try resampling...
[164/500000] Loss_D: 1.4560 Loss_G: 11.9022
[164/500000] l_d_A_real: 0.1360 l_d_A_fake: 0.1789, l_d_B_real: 0.4862, l_d_B_fake: 0.6549
[164/500000] l_const_A: 0.0054 l_const_B: 0.0061, l_gan_A: 0.3896, l_gan_B: 0.7968
[164/500000] l_dsl_A: 0.4211 l_dsl_B: 0.4211
[*] Samples saved: /gdata/huangzp/dsl_sgen/logs/img_align_celeba_2018-03-06_04-20-05/164_x_AB.png
[*] Samples saved: /gdata/huangzp/dsl_sgen/logs/img_align_celeba_2018-03-06_04-20-05/164_x_ABA.png
[*] Samples saved: /gdata/huangzp/dsl_sgen/logs/img_align_celeba_2018-03-06_04-20-05/164_x_BA.png
[*] Samples saved: /gdata/huangzp/dsl_sgen/logs/img_align_celeba_2018-03-06_04-20-05/164_x_BAB.png
[!] Sampled dataset from A and B have different # of data. Try resampling...
[*] Save models to /gdata/huangzp/dsl_sgen/logs/img_align_celeba_2018-03-06_04-20-05...
[168/500000] Loss_D: 1.8379 Loss_G: 11.7019
[168/500000] l_d_A_real: 0.3329 l_d_A_fake: 0.2568, l_d_B_real: 0.4627, l_d_B_fake: 0.7854
[168/500000] l_const_A: 0.0044 l_const_B: 0.0050, l_gan_A: 1.5126, l_gan_B: 0.6497
[168/500000] l_dsl_A: 0.0680 l_dsl_B: 0.0680
[*] Samples saved: /gdata/huangzp/dsl_sgen/logs/img_align_celeba_2018-03-06_04-20-05/168_x_AB.png
[*] Samples saved: /gdata/huangzp/dsl_sgen/logs/img_align_celeba_2018-03-06_04-20-05/168_x_ABA.png
[*] Samples saved: /gdata/huangzp/dsl_sgen/logs/img_align_celeba_2018-03-06_04-20-05/168_x_BA.png
[*] Samples saved: /gdata/huangzp/dsl_sgen/logs/img_align_celeba_2018-03-06_04-20-05/168_x_BAB.png
[!] Sampled dataset from A and B have different # of data. Try resampling...
[*] Save models to /gdata/huangzp/dsl_sgen/logs/img_align_celeba_2018-03-06_04-20-05...
[172/500000] Loss_D: 1.8659 Loss_G: 11.9808
[172/500000] l_d_A_real: 0.3869 l_d_A_fake: 0.3923, l_d_B_real: 0.4844, l_d_B_fake: 0.6023
[172/500000] l_const_A: 0.0060 l_const_B: 0.0059, l_gan_A: 1.0873, l_gan_B: 0.6194
[172/500000] l_dsl_A: 0.1003 l_dsl_B: 0.1003
[*] Samples saved: /gdata/huangzp/dsl_sgen/logs/img_align_celeba_2018-03-06_04-20-05/172_x_AB.png
[*] Samples saved: /gdata/huangzp/dsl_sgen/logs/img_align_celeba_2018-03-06_04-20-05/172_x_ABA.png
[*] Samples saved: /gdata/huangzp/dsl_sgen/logs/img_align_celeba_2018-03-06_04-20-05/172_x_BA.png
[*] Samples saved: /gdata/huangzp/dsl_sgen/logs/img_align_celeba_2018-03-06_04-20-05/172_x_BAB.png
[!] Sampled dataset from A and B have different # of data. Try resampling...
[*] Save models to /gdata/huangzp/dsl_sgen/logs/img_align_celeba_2018-03-06_04-20-05...
[176/500000] Loss_D: 1.2611 Loss_G: 10.2687
[176/500000] l_d_A_real: 0.1642 l_d_A_fake: 0.1754, l_d_B_real: 0.5743, l_d_B_fake: 0.3473
[176/500000] l_const_A: 0.0051 l_const_B: 0.0035, l_gan_A: 0.4214, l_gan_B: 0.3922
[176/500000] l_dsl_A: 0.0775 l_dsl_B: 0.0775
[*] Samples saved: /gdata/huangzp/dsl_sgen/logs/img_align_celeba_2018-03-06_04-20-05/176_x_AB.png
[*] Samples saved: /gdata/huangzp/dsl_sgen/logs/img_align_celeba_2018-03-06_04-20-05/176_x_ABA.png
[*] Samples saved: /gdata/huangzp/dsl_sgen/logs/img_align_celeba_2018-03-06_04-20-05/176_x_BA.png
[*] Samples saved: /gdata/huangzp/dsl_sgen/logs/img_align_celeba_2018-03-06_04-20-05/176_x_BAB.png
[!] Sampled dataset from A and B have different # of data. Try resampling...
[*] Save models to /gdata/huangzp/dsl_sgen/logs/img_align_celeba_2018-03-06_04-20-05...
[!] Sampled dataset from A and B have different # of data. Try resampling...
[180/500000] Loss_D: 1.8570 Loss_G: 11.4045
[180/500000] l_d_A_real: 0.3711 l_d_A_fake: 0.4118, l_d_B_real: 0.4166, l_d_B_fake: 0.6574
[180/500000] l_const_A: 0.0042 l_const_B: 0.0037, l_gan_A: 0.4952, l_gan_B: 0.5501
[180/500000] l_dsl_A: 0.0451 l_dsl_B: 0.0451
[*] Samples saved: /gdata/huangzp/dsl_sgen/logs/img_align_celeba_2018-03-06_04-20-05/180_x_AB.png
[*] Samples saved: /gdata/huangzp/dsl_sgen/logs/img_align_celeba_2018-03-06_04-20-05/180_x_ABA.png
[*] Samples saved: /gdata/huangzp/dsl_sgen/logs/img_align_celeba_2018-03-06_04-20-05/180_x_BA.png
[*] Samples saved: /gdata/huangzp/dsl_sgen/logs/img_align_celeba_2018-03-06_04-20-05/180_x_BAB.png
[!] Sampled dataset from A and B have different # of data. Try resampling...
[*] Save models to /gdata/huangzp/dsl_sgen/logs/img_align_celeba_2018-03-06_04-20-05...
[184/500000] Loss_D: 2.1973 Loss_G: 10.8652
[184/500000] l_d_A_real: 0.3355 l_d_A_fake: 0.5761, l_d_B_real: 0.5410, l_d_B_fake: 0.7447
[184/500000] l_const_A: 0.0031 l_const_B: 0.0035, l_gan_A: 1.6250, l_gan_B: 0.7339
[184/500000] l_dsl_A: 0.0803 l_dsl_B: 0.0803
[*] Samples saved: /gdata/huangzp/dsl_sgen/logs/img_align_celeba_2018-03-06_04-20-05/184_x_AB.png
[*] Samples saved: /gdata/huangzp/dsl_sgen/logs/img_align_celeba_2018-03-06_04-20-05/184_x_ABA.png
[*] Samples saved: /gdata/huangzp/dsl_sgen/logs/img_align_celeba_2018-03-06_04-20-05/184_x_BA.png
[*] Samples saved: /gdata/huangzp/dsl_sgen/logs/img_align_celeba_2018-03-06_04-20-05/184_x_BAB.png
[!] Sampled dataset from A and B have different # of data. Try resampling...
[*] Save models to /gdata/huangzp/dsl_sgen/logs/img_align_celeba_2018-03-06_04-20-05...
[188/500000] Loss_D: 1.7441 Loss_G: 10.9416
[188/500000] l_d_A_real: 0.2602 l_d_A_fake: 0.2310, l_d_B_real: 0.7533, l_d_B_fake: 0.4995
[188/500000] l_const_A: 0.0042 l_const_B: 0.0039, l_gan_A: 0.3634, l_gan_B: 0.5368
[188/500000] l_dsl_A: 0.1696 l_dsl_B: 0.1696
[*] Samples saved: /gdata/huangzp/dsl_sgen/logs/img_align_celeba_2018-03-06_04-20-05/188_x_AB.png
[*] Samples saved: /gdata/huangzp/dsl_sgen/logs/img_align_celeba_2018-03-06_04-20-05/188_x_ABA.png
[*] Samples saved: /gdata/huangzp/dsl_sgen/logs/img_align_celeba_2018-03-06_04-20-05/188_x_BA.png
[*] Samples saved: /gdata/huangzp/dsl_sgen/logs/img_align_celeba_2018-03-06_04-20-05/188_x_BAB.png
[!] Sampled dataset from A and B have different # of data. Try resampling...
[*] Save models to /gdata/huangzp/dsl_sgen/logs/img_align_celeba_2018-03-06_04-20-05...
[!] Sampled dataset from A and B have different # of data. Try resampling...
[192/500000] Loss_D: 2.4137 Loss_G: 11.7363
[192/500000] l_d_A_real: 0.1295 l_d_A_fake: 1.1960, l_d_B_real: 0.3310, l_d_B_fake: 0.7573
[192/500000] l_const_A: 0.0041 l_const_B: 0.0027, l_gan_A: 0.5408, l_gan_B: 0.6407
[192/500000] l_dsl_A: 0.4913 l_dsl_B: 0.4913
[*] Samples saved: /gdata/huangzp/dsl_sgen/logs/img_align_celeba_2018-03-06_04-20-05/192_x_AB.png
[*] Samples saved: /gdata/huangzp/dsl_sgen/logs/img_align_celeba_2018-03-06_04-20-05/192_x_ABA.png
[*] Samples saved: /gdata/huangzp/dsl_sgen/logs/img_align_celeba_2018-03-06_04-20-05/192_x_BA.png
[*] Samples saved: /gdata/huangzp/dsl_sgen/logs/img_align_celeba_2018-03-06_04-20-05/192_x_BAB.png
[!] Sampled dataset from A and B have different # of data. Try resampling...
[*] Save models to /gdata/huangzp/dsl_sgen/logs/img_align_celeba_2018-03-06_04-20-05...
[196/500000] Loss_D: 1.9545 Loss_G: 10.8296
[196/500000] l_d_A_real: 0.7997 l_d_A_fake: 0.1838, l_d_B_real: 0.4001, l_d_B_fake: 0.5709
[196/500000] l_const_A: 0.0039 l_const_B: 0.0032, l_gan_A: 1.8226, l_gan_B: 0.3848
[196/500000] l_dsl_A: 0.0319 l_dsl_B: 0.0319
[*] Samples saved: /gdata/huangzp/dsl_sgen/logs/img_align_celeba_2018-03-06_04-20-05/196_x_AB.png
[*] Samples saved: /gdata/huangzp/dsl_sgen/logs/img_align_celeba_2018-03-06_04-20-05/196_x_ABA.png
[*] Samples saved: /gdata/huangzp/dsl_sgen/logs/img_align_celeba_2018-03-06_04-20-05/196_x_BA.png
[*] Samples saved: /gdata/huangzp/dsl_sgen/logs/img_align_celeba_2018-03-06_04-20-05/196_x_BAB.png
[!] Sampled dataset from A and B have different # of data. Try resampling...
[*] Save models to /gdata/huangzp/dsl_sgen/logs/img_align_celeba_2018-03-06_04-20-05...
[200/500000] Loss_D: 2.5166 Loss_G: 10.6199
[200/500000] l_d_A_real: 0.5459 l_d_A_fake: 0.7817, l_d_B_real: 0.4300, l_d_B_fake: 0.7590
[200/500000] l_const_A: 0.0045 l_const_B: 0.0034, l_gan_A: 1.2811, l_gan_B: 0.6040
[200/500000] l_dsl_A: 0.0732 l_dsl_B: 0.0732
[*] Samples saved: /gdata/huangzp/dsl_sgen/logs/img_align_celeba_2018-03-06_04-20-05/200_x_AB.png
[*] Samples saved: /gdata/huangzp/dsl_sgen/logs/img_align_celeba_2018-03-06_04-20-05/200_x_ABA.png
[*] Samples saved: /gdata/huangzp/dsl_sgen/logs/img_align_celeba_2018-03-06_04-20-05/200_x_BA.png
[*] Samples saved: /gdata/huangzp/dsl_sgen/logs/img_align_celeba_2018-03-06_04-20-05/200_x_BAB.png
[!] Sampled dataset from A and B have different # of data. Try resampling...
[*] Save models to /gdata/huangzp/dsl_sgen/logs/img_align_celeba_2018-03-06_04-20-05...
[204/500000] Loss_D: 1.9114 Loss_G: 11.0626
[204/500000] l_d_A_real: 0.3805 l_d_A_fake: 0.2316, l_d_B_real: 0.6039, l_d_B_fake: 0.6953
[204/500000] l_const_A: 0.0053 l_const_B: 0.0035, l_gan_A: 0.7360, l_gan_B: 0.5657
[204/500000] l_dsl_A: 0.1522 l_dsl_B: 0.1522
[*] Samples saved: /gdata/huangzp/dsl_sgen/logs/img_align_celeba_2018-03-06_04-20-05/204_x_AB.png
[*] Samples saved: /gdata/huangzp/dsl_sgen/logs/img_align_celeba_2018-03-06_04-20-05/204_x_ABA.png
[*] Samples saved: /gdata/huangzp/dsl_sgen/logs/img_align_celeba_2018-03-06_04-20-05/204_x_BA.png
[*] Samples saved: /gdata/huangzp/dsl_sgen/logs/img_align_celeba_2018-03-06_04-20-05/204_x_BAB.png
[!] Sampled dataset from A and B have different # of data. Try resampling...
[*] Save models to /gdata/huangzp/dsl_sgen/logs/img_align_celeba_2018-03-06_04-20-05...
[!] Sampled dataset from A and B have different # of data. Try resampling...
[208/500000] Loss_D: 2.6665 Loss_G: 10.6642
[208/500000] l_d_A_real: 0.7273 l_d_A_fake: 0.6866, l_d_B_real: 0.8287, l_d_B_fake: 0.4239
[208/500000] l_const_A: 0.0045 l_const_B: 0.0031, l_gan_A: 1.1715, l_gan_B: 0.5800
[208/500000] l_dsl_A: 0.1117 l_dsl_B: 0.1117
[*] Samples saved: /gdata/huangzp/dsl_sgen/logs/img_align_celeba_2018-03-06_04-20-05/208_x_AB.png
[*] Samples saved: /gdata/huangzp/dsl_sgen/logs/img_align_celeba_2018-03-06_04-20-05/208_x_ABA.png
[*] Samples saved: /gdata/huangzp/dsl_sgen/logs/img_align_celeba_2018-03-06_04-20-05/208_x_BA.png
[*] Samples saved: /gdata/huangzp/dsl_sgen/logs/img_align_celeba_2018-03-06_04-20-05/208_x_BAB.png
[!] Sampled dataset from A and B have different # of data. Try resampling...
[*] Save models to /gdata/huangzp/dsl_sgen/logs/img_align_celeba_2018-03-06_04-20-05...
[212/500000] Loss_D: 2.5616 Loss_G: 11.1261
[212/500000] l_d_A_real: 0.5898 l_d_A_fake: 0.6126, l_d_B_real: 0.7205, l_d_B_fake: 0.6388
[212/500000] l_const_A: 0.0061 l_const_B: 0.0030, l_gan_A: 1.7577, l_gan_B: 0.8476
[212/500000] l_dsl_A: 0.0395 l_dsl_B: 0.0395
[*] Samples saved: /gdata/huangzp/dsl_sgen/logs/img_align_celeba_2018-03-06_04-20-05/212_x_AB.png
[*] Samples saved: /gdata/huangzp/dsl_sgen/logs/img_align_celeba_2018-03-06_04-20-05/212_x_ABA.png
[*] Samples saved: /gdata/huangzp/dsl_sgen/logs/img_align_celeba_2018-03-06_04-20-05/212_x_BA.png
[*] Samples saved: /gdata/huangzp/dsl_sgen/logs/img_align_celeba_2018-03-06_04-20-05/212_x_BAB.png
[!] Sampled dataset from A and B have different # of data. Try resampling...
[*] Save models to /gdata/huangzp/dsl_sgen/logs/img_align_celeba_2018-03-06_04-20-05...
[216/500000] Loss_D: 1.6395 Loss_G: 11.3046
[216/500000] l_d_A_real: 0.1094 l_d_A_fake: 0.2339, l_d_B_real: 0.2985, l_d_B_fake: 0.9977
[216/500000] l_const_A: 0.0048 l_const_B: 0.0036, l_gan_A: 0.3654, l_gan_B: 0.5515
[216/500000] l_dsl_A: 0.3469 l_dsl_B: 0.3469
[*] Samples saved: /gdata/huangzp/dsl_sgen/logs/img_align_celeba_2018-03-06_04-20-05/216_x_AB.png
[*] Samples saved: /gdata/huangzp/dsl_sgen/logs/img_align_celeba_2018-03-06_04-20-05/216_x_ABA.png
[*] Samples saved: /gdata/huangzp/dsl_sgen/logs/img_align_celeba_2018-03-06_04-20-05/216_x_BA.png
[*] Samples saved: /gdata/huangzp/dsl_sgen/logs/img_align_celeba_2018-03-06_04-20-05/216_x_BAB.png
[!] Sampled dataset from A and B have different # of data. Try resampling...
[*] Save models to /gdata/huangzp/dsl_sgen/logs/img_align_celeba_2018-03-06_04-20-05...
[!] Sampled dataset from A and B have different # of data. Try resampling...
[220/500000] Loss_D: 1.2346 Loss_G: 10.9459
[220/500000] l_d_A_real: 0.1218 l_d_A_fake: 0.2541, l_d_B_real: 0.4627, l_d_B_fake: 0.3960
[220/500000] l_const_A: 0.0046 l_const_B: 0.0031, l_gan_A: 0.3274, l_gan_B: 0.4593
[220/500000] l_dsl_A: 0.2559 l_dsl_B: 0.2559
[*] Samples saved: /gdata/huangzp/dsl_sgen/logs/img_align_celeba_2018-03-06_04-20-05/220_x_AB.png
[*] Samples saved: /gdata/huangzp/dsl_sgen/logs/img_align_celeba_2018-03-06_04-20-05/220_x_ABA.png
[*] Samples saved: /gdata/huangzp/dsl_sgen/logs/img_align_celeba_2018-03-06_04-20-05/220_x_BA.png
[*] Samples saved: /gdata/huangzp/dsl_sgen/logs/img_align_celeba_2018-03-06_04-20-05/220_x_BAB.png
[!] Sampled dataset from A and B have different # of data. Try resampling...
[*] Save models to /gdata/huangzp/dsl_sgen/logs/img_align_celeba_2018-03-06_04-20-05...
[224/500000] Loss_D: 1.7610 Loss_G: 11.3796
[224/500000] l_d_A_real: 0.2462 l_d_A_fake: 0.4442, l_d_B_real: 0.3567, l_d_B_fake: 0.7139
[224/500000] l_const_A: 0.0041 l_const_B: 0.0037, l_gan_A: 0.3818, l_gan_B: 0.4969
[224/500000] l_dsl_A: 0.0918 l_dsl_B: 0.0918
[*] Samples saved: /gdata/huangzp/dsl_sgen/logs/img_align_celeba_2018-03-06_04-20-05/224_x_AB.png
[*] Samples saved: /gdata/huangzp/dsl_sgen/logs/img_align_celeba_2018-03-06_04-20-05/224_x_ABA.png
[*] Samples saved: /gdata/huangzp/dsl_sgen/logs/img_align_celeba_2018-03-06_04-20-05/224_x_BA.png
[*] Samples saved: /gdata/huangzp/dsl_sgen/logs/img_align_celeba_2018-03-06_04-20-05/224_x_BAB.png
[!] Sampled dataset from A and B have different # of data. Try resampling...
[*] Save models to /gdata/huangzp/dsl_sgen/logs/img_align_celeba_2018-03-06_04-20-05...
[228/500000] Loss_D: 2.1883 Loss_G: 11.2518
[228/500000] l_d_A_real: 0.5171 l_d_A_fake: 0.3446, l_d_B_real: 0.7340, l_d_B_fake: 0.5926
[228/500000] l_const_A: 0.0039 l_const_B: 0.0043, l_gan_A: 0.4984, l_gan_B: 0.5111
[228/500000] l_dsl_A: 0.0716 l_dsl_B: 0.0716
[*] Samples saved: /gdata/huangzp/dsl_sgen/logs/img_align_celeba_2018-03-06_04-20-05/228_x_AB.png
[*] Samples saved: /gdata/huangzp/dsl_sgen/logs/img_align_celeba_2018-03-06_04-20-05/228_x_ABA.png
[*] Samples saved: /gdata/huangzp/dsl_sgen/logs/img_align_celeba_2018-03-06_04-20-05/228_x_BA.png
[*] Samples saved: /gdata/huangzp/dsl_sgen/logs/img_align_celeba_2018-03-06_04-20-05/228_x_BAB.png
[!] Sampled dataset from A and B have different # of data. Try resampling...
[*] Save models to /gdata/huangzp/dsl_sgen/logs/img_align_celeba_2018-03-06_04-20-05...
[232/500000] Loss_D: 2.1378 Loss_G: 11.3617
[232/500000] l_d_A_real: 0.7234 l_d_A_fake: 0.2776, l_d_B_real: 0.6193, l_d_B_fake: 0.5175
[232/500000] l_const_A: 0.0050 l_const_B: 0.0025, l_gan_A: 0.4434, l_gan_B: 0.4556
[232/500000] l_dsl_A: 0.0358 l_dsl_B: 0.0358
[*] Samples saved: /gdata/huangzp/dsl_sgen/logs/img_align_celeba_2018-03-06_04-20-05/232_x_AB.png
[*] Samples saved: /gdata/huangzp/dsl_sgen/logs/img_align_celeba_2018-03-06_04-20-05/232_x_ABA.png
[*] Samples saved: /gdata/huangzp/dsl_sgen/logs/img_align_celeba_2018-03-06_04-20-05/232_x_BA.png
[*] Samples saved: /gdata/huangzp/dsl_sgen/logs/img_align_celeba_2018-03-06_04-20-05/232_x_BAB.png
[!] Sampled dataset from A and B have different # of data. Try resampling...
[*] Save models to /gdata/huangzp/dsl_sgen/logs/img_align_celeba_2018-03-06_04-20-05...
[!] Sampled dataset from A and B have different # of data. Try resampling...
[236/500000] Loss_D: 2.3548 Loss_G: 11.6017
[236/500000] l_d_A_real: 0.3928 l_d_A_fake: 0.6271, l_d_B_real: 0.7171, l_d_B_fake: 0.6178
[236/500000] l_const_A: 0.0042 l_const_B: 0.0032, l_gan_A: 0.5746, l_gan_B: 0.7962
[236/500000] l_dsl_A: 0.0908 l_dsl_B: 0.0908
[*] Samples saved: /gdata/huangzp/dsl_sgen/logs/img_align_celeba_2018-03-06_04-20-05/236_x_AB.png
[*] Samples saved: /gdata/huangzp/dsl_sgen/logs/img_align_celeba_2018-03-06_04-20-05/236_x_ABA.png
[*] Samples saved: /gdata/huangzp/dsl_sgen/logs/img_align_celeba_2018-03-06_04-20-05/236_x_BA.png
[*] Samples saved: /gdata/huangzp/dsl_sgen/logs/img_align_celeba_2018-03-06_04-20-05/236_x_BAB.png
[!] Sampled dataset from A and B have different # of data. Try resampling...
[*] Save models to /gdata/huangzp/dsl_sgen/logs/img_align_celeba_2018-03-06_04-20-05...
[240/500000] Loss_D: 2.3385 Loss_G: 11.5120
[240/500000] l_d_A_real: 0.6970 l_d_A_fake: 0.3871, l_d_B_real: 0.5806, l_d_B_fake: 0.6738
[240/500000] l_const_A: 0.0044 l_const_B: 0.0032, l_gan_A: 0.5417, l_gan_B: 0.5941
[240/500000] l_dsl_A: 0.1217 l_dsl_B: 0.1217
[*] Samples saved: /gdata/huangzp/dsl_sgen/logs/img_align_celeba_2018-03-06_04-20-05/240_x_AB.png
[*] Samples saved: /gdata/huangzp/dsl_sgen/logs/img_align_celeba_2018-03-06_04-20-05/240_x_ABA.png
[*] Samples saved: /gdata/huangzp/dsl_sgen/logs/img_align_celeba_2018-03-06_04-20-05/240_x_BA.png
[*] Samples saved: /gdata/huangzp/dsl_sgen/logs/img_align_celeba_2018-03-06_04-20-05/240_x_BAB.png
[!] Sampled dataset from A and B have different # of data. Try resampling...
[*] Save models to /gdata/huangzp/dsl_sgen/logs/img_align_celeba_2018-03-06_04-20-05...
[244/500000] Loss_D: 2.3912 Loss_G: 11.1968
[244/500000] l_d_A_real: 0.5677 l_d_A_fake: 0.4973, l_d_B_real: 0.7140, l_d_B_fake: 0.6123
[244/500000] l_const_A: 0.0042 l_const_B: 0.0036, l_gan_A: 0.6062, l_gan_B: 0.5211
[244/500000] l_dsl_A: 0.0342 l_dsl_B: 0.0342
[*] Samples saved: /gdata/huangzp/dsl_sgen/logs/img_align_celeba_2018-03-06_04-20-05/244_x_AB.png
[*] Samples saved: /gdata/huangzp/dsl_sgen/logs/img_align_celeba_2018-03-06_04-20-05/244_x_ABA.png
[*] Samples saved: /gdata/huangzp/dsl_sgen/logs/img_align_celeba_2018-03-06_04-20-05/244_x_BA.png
[*] Samples saved: /gdata/huangzp/dsl_sgen/logs/img_align_celeba_2018-03-06_04-20-05/244_x_BAB.png
[!] Sampled dataset from A and B have different # of data. Try resampling...
[*] Save models to /gdata/huangzp/dsl_sgen/logs/img_align_celeba_2018-03-06_04-20-05...
[!] Sampled dataset from A and B have different # of data. Try resampling...
[248/500000] Loss_D: 2.7136 Loss_G: 12.2372
[248/500000] l_d_A_real: 0.2040 l_d_A_fake: 1.3202, l_d_B_real: 0.4702, l_d_B_fake: 0.7192
[248/500000] l_const_A: 0.0050 l_const_B: 0.0052, l_gan_A: 1.8439, l_gan_B: 0.8719
[248/500000] l_dsl_A: 0.1005 l_dsl_B: 0.1005
[*] Samples saved: /gdata/huangzp/dsl_sgen/logs/img_align_celeba_2018-03-06_04-20-05/248_x_AB.png
[*] Samples saved: /gdata/huangzp/dsl_sgen/logs/img_align_celeba_2018-03-06_04-20-05/248_x_ABA.png
[*] Samples saved: /gdata/huangzp/dsl_sgen/logs/img_align_celeba_2018-03-06_04-20-05/248_x_BA.png
[*] Samples saved: /gdata/huangzp/dsl_sgen/logs/img_align_celeba_2018-03-06_04-20-05/248_x_BAB.png
[!] Sampled dataset from A and B have different # of data. Try resampling...
[*] Save models to /gdata/huangzp/dsl_sgen/logs/img_align_celeba_2018-03-06_04-20-05...
[252/500000] Loss_D: 2.0307 Loss_G: 11.7947
[252/500000] l_d_A_real: 0.8065 l_d_A_fake: 0.3255, l_d_B_real: 0.4475, l_d_B_fake: 0.4511
[252/500000] l_const_A: 0.0054 l_const_B: 0.0027, l_gan_A: 0.5419, l_gan_B: 0.5245
[252/500000] l_dsl_A: 0.1418 l_dsl_B: 0.1418
[*] Samples saved: /gdata/huangzp/dsl_sgen/logs/img_align_celeba_2018-03-06_04-20-05/252_x_AB.png
[*] Samples saved: /gdata/huangzp/dsl_sgen/logs/img_align_celeba_2018-03-06_04-20-05/252_x_ABA.png
[*] Samples saved: /gdata/huangzp/dsl_sgen/logs/img_align_celeba_2018-03-06_04-20-05/252_x_BA.png
[*] Samples saved: /gdata/huangzp/dsl_sgen/logs/img_align_celeba_2018-03-06_04-20-05/252_x_BAB.png
[!] Sampled dataset from A and B have different # of data. Try resampling...
[*] Save models to /gdata/huangzp/dsl_sgen/logs/img_align_celeba_2018-03-06_04-20-05...
[256/500000] Loss_D: 1.6797 Loss_G: 11.3925
[256/500000] l_d_A_real: 0.1663 l_d_A_fake: 0.2991, l_d_B_real: 0.6292, l_d_B_fake: 0.5851
[256/500000] l_const_A: 0.0044 l_const_B: 0.0023, l_gan_A: 0.4521, l_gan_B: 0.5317
[256/500000] l_dsl_A: 0.3314 l_dsl_B: 0.3314
[*] Samples saved: /gdata/huangzp/dsl_sgen/logs/img_align_celeba_2018-03-06_04-20-05/256_x_AB.png
[*] Samples saved: /gdata/huangzp/dsl_sgen/logs/img_align_celeba_2018-03-06_04-20-05/256_x_ABA.png
[*] Samples saved: /gdata/huangzp/dsl_sgen/logs/img_align_celeba_2018-03-06_04-20-05/256_x_BA.png
[*] Samples saved: /gdata/huangzp/dsl_sgen/logs/img_align_celeba_2018-03-06_04-20-05/256_x_BAB.png
[!] Sampled dataset from A and B have different # of data. Try resampling...
[*] Save models to /gdata/huangzp/dsl_sgen/logs/img_align_celeba_2018-03-06_04-20-05...
[260/500000] Loss_D: 2.4331 Loss_G: 12.2881
[260/500000] l_d_A_real: 0.7332 l_d_A_fake: 0.2032, l_d_B_real: 0.9059, l_d_B_fake: 0.5908
[260/500000] l_const_A: 0.0046 l_const_B: 0.0033, l_gan_A: 0.5502, l_gan_B: 0.8604
[260/500000] l_dsl_A: 0.5086 l_dsl_B: 0.5086
[*] Samples saved: /gdata/huangzp/dsl_sgen/logs/img_align_celeba_2018-03-06_04-20-05/260_x_AB.png
[*] Samples saved: /gdata/huangzp/dsl_sgen/logs/img_align_celeba_2018-03-06_04-20-05/260_x_ABA.png
[*] Samples saved: /gdata/huangzp/dsl_sgen/logs/img_align_celeba_2018-03-06_04-20-05/260_x_BA.png
[*] Samples saved: /gdata/huangzp/dsl_sgen/logs/img_align_celeba_2018-03-06_04-20-05/260_x_BAB.png
[!] Sampled dataset from A and B have different # of data. Try resampling...
[*] Save models to /gdata/huangzp/dsl_sgen/logs/img_align_celeba_2018-03-06_04-20-05...
[!] Sampled dataset from A and B have different # of data. Try resampling...
[264/500000] Loss_D: 1.6210 Loss_G: 11.4139
[264/500000] l_d_A_real: 0.2135 l_d_A_fake: 0.2774, l_d_B_real: 0.6194, l_d_B_fake: 0.5107
[264/500000] l_const_A: 0.0044 l_const_B: 0.0025, l_gan_A: 0.4537, l_gan_B: 0.5445
[264/500000] l_dsl_A: 0.2064 l_dsl_B: 0.2064
[*] Samples saved: /gdata/huangzp/dsl_sgen/logs/img_align_celeba_2018-03-06_04-20-05/264_x_AB.png
[*] Samples saved: /gdata/huangzp/dsl_sgen/logs/img_align_celeba_2018-03-06_04-20-05/264_x_ABA.png
[*] Samples saved: /gdata/huangzp/dsl_sgen/logs/img_align_celeba_2018-03-06_04-20-05/264_x_BA.png
[*] Samples saved: /gdata/huangzp/dsl_sgen/logs/img_align_celeba_2018-03-06_04-20-05/264_x_BAB.png
[!] Sampled dataset from A and B have different # of data. Try resampling...
[*] Save models to /gdata/huangzp/dsl_sgen/logs/img_align_celeba_2018-03-06_04-20-05...
[268/500000] Loss_D: 1.4467 Loss_G: 11.8386
[268/500000] l_d_A_real: 0.1831 l_d_A_fake: 0.3397, l_d_B_real: 0.3159, l_d_B_fake: 0.6080
[268/500000] l_const_A: 0.0050 l_const_B: 0.0064, l_gan_A: 0.4090, l_gan_B: 0.4626
[268/500000] l_dsl_A: 0.0369 l_dsl_B: 0.0369
[*] Samples saved: /gdata/huangzp/dsl_sgen/logs/img_align_celeba_2018-03-06_04-20-05/268_x_AB.png
[*] Samples saved: /gdata/huangzp/dsl_sgen/logs/img_align_celeba_2018-03-06_04-20-05/268_x_ABA.png
[*] Samples saved: /gdata/huangzp/dsl_sgen/logs/img_align_celeba_2018-03-06_04-20-05/268_x_BA.png
[*] Samples saved: /gdata/huangzp/dsl_sgen/logs/img_align_celeba_2018-03-06_04-20-05/268_x_BAB.png
[!] Sampled dataset from A and B have different # of data. Try resampling...
[*] Save models to /gdata/huangzp/dsl_sgen/logs/img_align_celeba_2018-03-06_04-20-05...
[272/500000] Loss_D: 2.0978 Loss_G: 11.2937
[272/500000] l_d_A_real: 0.7073 l_d_A_fake: 0.2413, l_d_B_real: 0.5683, l_d_B_fake: 0.5809
[272/500000] l_const_A: 0.0049 l_const_B: 0.0040, l_gan_A: 0.5070, l_gan_B: 0.3938
[272/500000] l_dsl_A: 0.0478 l_dsl_B: 0.0478
[*] Samples saved: /gdata/huangzp/dsl_sgen/logs/img_align_celeba_2018-03-06_04-20-05/272_x_AB.png
[*] Samples saved: /gdata/huangzp/dsl_sgen/logs/img_align_celeba_2018-03-06_04-20-05/272_x_ABA.png
[*] Samples saved: /gdata/huangzp/dsl_sgen/logs/img_align_celeba_2018-03-06_04-20-05/272_x_BA.png
[*] Samples saved: /gdata/huangzp/dsl_sgen/logs/img_align_celeba_2018-03-06_04-20-05/272_x_BAB.png
[!] Sampled dataset from A and B have different # of data. Try resampling...
[*] Save models to /gdata/huangzp/dsl_sgen/logs/img_align_celeba_2018-03-06_04-20-05...
[!] Sampled dataset from A and B have different # of data. Try resampling...
[276/500000] Loss_D: 1.7392 Loss_G: 11.3069
[276/500000] l_d_A_real: 0.1483 l_d_A_fake: 0.1758, l_d_B_real: 0.7342, l_d_B_fake: 0.6810
[276/500000] l_const_A: 0.0055 l_const_B: 0.0047, l_gan_A: 0.3503, l_gan_B: 0.6352
[276/500000] l_dsl_A: 0.2875 l_dsl_B: 0.2875
[*] Samples saved: /gdata/huangzp/dsl_sgen/logs/img_align_celeba_2018-03-06_04-20-05/276_x_AB.png
[*] Samples saved: /gdata/huangzp/dsl_sgen/logs/img_align_celeba_2018-03-06_04-20-05/276_x_ABA.png
[*] Samples saved: /gdata/huangzp/dsl_sgen/logs/img_align_celeba_2018-03-06_04-20-05/276_x_BA.png
[*] Samples saved: /gdata/huangzp/dsl_sgen/logs/img_align_celeba_2018-03-06_04-20-05/276_x_BAB.png
[!] Sampled dataset from A and B have different # of data. Try resampling...
[*] Save models to /gdata/huangzp/dsl_sgen/logs/img_align_celeba_2018-03-06_04-20-05...
[280/500000] Loss_D: 1.3548 Loss_G: 11.0400
[280/500000] l_d_A_real: 0.1410 l_d_A_fake: 0.1445, l_d_B_real: 0.5495, l_d_B_fake: 0.5198
[280/500000] l_const_A: 0.0049 l_const_B: 0.0056, l_gan_A: 0.5103, l_gan_B: 0.3568
[280/500000] l_dsl_A: 0.0355 l_dsl_B: 0.0355
[*] Samples saved: /gdata/huangzp/dsl_sgen/logs/img_align_celeba_2018-03-06_04-20-05/280_x_AB.png
[*] Samples saved: /gdata/huangzp/dsl_sgen/logs/img_align_celeba_2018-03-06_04-20-05/280_x_ABA.png
[*] Samples saved: /gdata/huangzp/dsl_sgen/logs/img_align_celeba_2018-03-06_04-20-05/280_x_BA.png
[*] Samples saved: /gdata/huangzp/dsl_sgen/logs/img_align_celeba_2018-03-06_04-20-05/280_x_BAB.png
[!] Sampled dataset from A and B have different # of data. Try resampling...
[*] Save models to /gdata/huangzp/dsl_sgen/logs/img_align_celeba_2018-03-06_04-20-05...
[284/500000] Loss_D: 1.8525 Loss_G: 11.4052
[284/500000] l_d_A_real: 0.1577 l_d_A_fake: 0.1057, l_d_B_real: 1.0725, l_d_B_fake: 0.5166
[284/500000] l_const_A: 0.0039 l_const_B: 0.0019, l_gan_A: 0.3314, l_gan_B: 0.8160
[284/500000] l_dsl_A: 0.6323 l_dsl_B: 0.6323
[*] Samples saved: /gdata/huangzp/dsl_sgen/logs/img_align_celeba_2018-03-06_04-20-05/284_x_AB.png
[*] Samples saved: /gdata/huangzp/dsl_sgen/logs/img_align_celeba_2018-03-06_04-20-05/284_x_ABA.png
[*] Samples saved: /gdata/huangzp/dsl_sgen/logs/img_align_celeba_2018-03-06_04-20-05/284_x_BA.png
[*] Samples saved: /gdata/huangzp/dsl_sgen/logs/img_align_celeba_2018-03-06_04-20-05/284_x_BAB.png
[!] Sampled dataset from A and B have different # of data. Try resampling...
[*] Save models to /gdata/huangzp/dsl_sgen/logs/img_align_celeba_2018-03-06_04-20-05...
[288/500000] Loss_D: 1.2946 Loss_G: 10.7969
[288/500000] l_d_A_real: 0.1264 l_d_A_fake: 0.1395, l_d_B_real: 0.6300, l_d_B_fake: 0.3987
[288/500000] l_const_A: 0.0042 l_const_B: 0.0028, l_gan_A: 0.3679, l_gan_B: 0.4203
[288/500000] l_dsl_A: 0.1900 l_dsl_B: 0.1900
[*] Samples saved: /gdata/huangzp/dsl_sgen/logs/img_align_celeba_2018-03-06_04-20-05/288_x_AB.png
[*] Samples saved: /gdata/huangzp/dsl_sgen/logs/img_align_celeba_2018-03-06_04-20-05/288_x_ABA.png
[*] Samples saved: /gdata/huangzp/dsl_sgen/logs/img_align_celeba_2018-03-06_04-20-05/288_x_BA.png
[*] Samples saved: /gdata/huangzp/dsl_sgen/logs/img_align_celeba_2018-03-06_04-20-05/288_x_BAB.png
[!] Sampled dataset from A and B have different # of data. Try resampling...
[*] Save models to /gdata/huangzp/dsl_sgen/logs/img_align_celeba_2018-03-06_04-20-05...
[!] Sampled dataset from A and B have different # of data. Try resampling...
[292/500000] Loss_D: 1.8976 Loss_G: 12.0733
[292/500000] l_d_A_real: 0.4659 l_d_A_fake: 0.2109, l_d_B_real: 0.7362, l_d_B_fake: 0.4845
[292/500000] l_const_A: 0.0048 l_const_B: 0.0029, l_gan_A: 0.4034, l_gan_B: 0.6474
[292/500000] l_dsl_A: 0.2902 l_dsl_B: 0.2902
[*] Samples saved: /gdata/huangzp/dsl_sgen/logs/img_align_celeba_2018-03-06_04-20-05/292_x_AB.png
[*] Samples saved: /gdata/huangzp/dsl_sgen/logs/img_align_celeba_2018-03-06_04-20-05/292_x_ABA.png
[*] Samples saved: /gdata/huangzp/dsl_sgen/logs/img_align_celeba_2018-03-06_04-20-05/292_x_BA.png
[*] Samples saved: /gdata/huangzp/dsl_sgen/logs/img_align_celeba_2018-03-06_04-20-05/292_x_BAB.png
[!] Sampled dataset from A and B have different # of data. Try resampling...
[*] Save models to /gdata/huangzp/dsl_sgen/logs/img_align_celeba_2018-03-06_04-20-05...
[296/500000] Loss_D: 2.7470 Loss_G: 11.6170
[296/500000] l_d_A_real: 0.9249 l_d_A_fake: 0.3239, l_d_B_real: 1.0231, l_d_B_fake: 0.4751
[296/500000] l_const_A: 0.0058 l_const_B: 0.0036, l_gan_A: 0.5409, l_gan_B: 0.5073
[296/500000] l_dsl_A: 0.1209 l_dsl_B: 0.1209
[*] Samples saved: /gdata/huangzp/dsl_sgen/logs/img_align_celeba_2018-03-06_04-20-05/296_x_AB.png
[*] Samples saved: /gdata/huangzp/dsl_sgen/logs/img_align_celeba_2018-03-06_04-20-05/296_x_ABA.png
[*] Samples saved: /gdata/huangzp/dsl_sgen/logs/img_align_celeba_2018-03-06_04-20-05/296_x_BA.png
[*] Samples saved: /gdata/huangzp/dsl_sgen/logs/img_align_celeba_2018-03-06_04-20-05/296_x_BAB.png
[!] Sampled dataset from A and B have different # of data. Try resampling...
[*] Save models to /gdata/huangzp/dsl_sgen/logs/img_align_celeba_2018-03-06_04-20-05...
[300/500000] Loss_D: 2.6411 Loss_G: 11.5541
[300/500000] l_d_A_real: 0.6880 l_d_A_fake: 0.6292, l_d_B_real: 0.6696, l_d_B_fake: 0.6544
[300/500000] l_const_A: 0.0051 l_const_B: 0.0061, l_gan_A: 1.0297, l_gan_B: 0.5558
[300/500000] l_dsl_A: 0.0504 l_dsl_B: 0.0504
[*] Samples saved: /gdata/huangzp/dsl_sgen/logs/img_align_celeba_2018-03-06_04-20-05/300_x_AB.png
[*] Samples saved: /gdata/huangzp/dsl_sgen/logs/img_align_celeba_2018-03-06_04-20-05/300_x_ABA.png
[*] Samples saved: /gdata/huangzp/dsl_sgen/logs/img_align_celeba_2018-03-06_04-20-05/300_x_BA.png
[*] Samples saved: /gdata/huangzp/dsl_sgen/logs/img_align_celeba_2018-03-06_04-20-05/300_x_BAB.png
[!] Sampled dataset from A and B have different # of data. Try resampling...
[*] Save models to /gdata/huangzp/dsl_sgen/logs/img_align_celeba_2018-03-06_04-20-05...
[!] Sampled dataset from A and B have different # of data. Try resampling...
[304/500000] Loss_D: 1.8182 Loss_G: 12.4583
[304/500000] l_d_A_real: 0.1953 l_d_A_fake: 0.4276, l_d_B_real: 0.3864, l_d_B_fake: 0.8089
[304/500000] l_const_A: 0.0048 l_const_B: 0.0028, l_gan_A: 0.3630, l_gan_B: 0.5656
[304/500000] l_dsl_A: 0.4962 l_dsl_B: 0.4962
[*] Samples saved: /gdata/huangzp/dsl_sgen/logs/img_align_celeba_2018-03-06_04-20-05/304_x_AB.png
[*] Samples saved: /gdata/huangzp/dsl_sgen/logs/img_align_celeba_2018-03-06_04-20-05/304_x_ABA.png
[*] Samples saved: /gdata/huangzp/dsl_sgen/logs/img_align_celeba_2018-03-06_04-20-05/304_x_BA.png
[*] Samples saved: /gdata/huangzp/dsl_sgen/logs/img_align_celeba_2018-03-06_04-20-05/304_x_BAB.png
[!] Sampled dataset from A and B have different # of data. Try resampling...
[*] Save models to /gdata/huangzp/dsl_sgen/logs/img_align_celeba_2018-03-06_04-20-05...
[308/500000] Loss_D: 2.2676 Loss_G: 12.5764
[308/500000] l_d_A_real: 0.3377 l_d_A_fake: 0.3622, l_d_B_real: 0.9942, l_d_B_fake: 0.5735
[308/500000] l_const_A: 0.0051 l_const_B: 0.0040, l_gan_A: 0.4810, l_gan_B: 0.7198
[308/500000] l_dsl_A: 0.2280 l_dsl_B: 0.2280
[*] Samples saved: /gdata/huangzp/dsl_sgen/logs/img_align_celeba_2018-03-06_04-20-05/308_x_AB.png
[*] Samples saved: /gdata/huangzp/dsl_sgen/logs/img_align_celeba_2018-03-06_04-20-05/308_x_ABA.png
[*] Samples saved: /gdata/huangzp/dsl_sgen/logs/img_align_celeba_2018-03-06_04-20-05/308_x_BA.png
[*] Samples saved: /gdata/huangzp/dsl_sgen/logs/img_align_celeba_2018-03-06_04-20-05/308_x_BAB.png
[!] Sampled dataset from A and B have different # of data. Try resampling...
[*] Save models to /gdata/huangzp/dsl_sgen/logs/img_align_celeba_2018-03-06_04-20-05...
[312/500000] Loss_D: 2.3063 Loss_G: 12.6404
[312/500000] l_d_A_real: 0.4180 l_d_A_fake: 0.6057, l_d_B_real: 0.7795, l_d_B_fake: 0.5031
[312/500000] l_const_A: 0.0055 l_const_B: 0.0042, l_gan_A: 2.2591, l_gan_B: 0.5580
[312/500000] l_dsl_A: 0.2131 l_dsl_B: 0.2131
[*] Samples saved: /gdata/huangzp/dsl_sgen/logs/img_align_celeba_2018-03-06_04-20-05/312_x_AB.png
[*] Samples saved: /gdata/huangzp/dsl_sgen/logs/img_align_celeba_2018-03-06_04-20-05/312_x_ABA.png
[*] Samples saved: /gdata/huangzp/dsl_sgen/logs/img_align_celeba_2018-03-06_04-20-05/312_x_BA.png
[*] Samples saved: /gdata/huangzp/dsl_sgen/logs/img_align_celeba_2018-03-06_04-20-05/312_x_BAB.png
[!] Sampled dataset from A and B have different # of data. Try resampling...
[*] Save models to /gdata/huangzp/dsl_sgen/logs/img_align_celeba_2018-03-06_04-20-05...
[316/500000] Loss_D: 2.6207 Loss_G: 12.2580
[316/500000] l_d_A_real: 0.7045 l_d_A_fake: 0.5069, l_d_B_real: 0.8829, l_d_B_fake: 0.5264
[316/500000] l_const_A: 0.0044 l_const_B: 0.0041, l_gan_A: 0.8115, l_gan_B: 0.7407
[316/500000] l_dsl_A: 0.0352 l_dsl_B: 0.0352
[*] Samples saved: /gdata/huangzp/dsl_sgen/logs/img_align_celeba_2018-03-06_04-20-05/316_x_AB.png
[*] Samples saved: /gdata/huangzp/dsl_sgen/logs/img_align_celeba_2018-03-06_04-20-05/316_x_ABA.png
[*] Samples saved: /gdata/huangzp/dsl_sgen/logs/img_align_celeba_2018-03-06_04-20-05/316_x_BA.png
[*] Samples saved: /gdata/huangzp/dsl_sgen/logs/img_align_celeba_2018-03-06_04-20-05/316_x_BAB.png
[!] Sampled dataset from A and B have different # of data. Try resampling...
[*] Save models to /gdata/huangzp/dsl_sgen/logs/img_align_celeba_2018-03-06_04-20-05...
[!] Sampled dataset from A and B have different # of data. Try resampling...
[320/500000] Loss_D: 1.6448 Loss_G: 11.7504
[320/500000] l_d_A_real: 0.1273 l_d_A_fake: 0.3507, l_d_B_real: 0.7363, l_d_B_fake: 0.4305
[320/500000] l_const_A: 0.0053 l_const_B: 0.0045, l_gan_A: 0.4143, l_gan_B: 0.4986
[320/500000] l_dsl_A: 0.0577 l_dsl_B: 0.0577
[*] Samples saved: /gdata/huangzp/dsl_sgen/logs/img_align_celeba_2018-03-06_04-20-05/320_x_AB.png
[*] Samples saved: /gdata/huangzp/dsl_sgen/logs/img_align_celeba_2018-03-06_04-20-05/320_x_ABA.png
[*] Samples saved: /gdata/huangzp/dsl_sgen/logs/img_align_celeba_2018-03-06_04-20-05/320_x_BA.png
[*] Samples saved: /gdata/huangzp/dsl_sgen/logs/img_align_celeba_2018-03-06_04-20-05/320_x_BAB.png
[!] Sampled dataset from A and B have different # of data. Try resampling...
[*] Save models to /gdata/huangzp/dsl_sgen/logs/img_align_celeba_2018-03-06_04-20-05...
[324/500000] Loss_D: 1.9587 Loss_G: 12.8100
[324/500000] l_d_A_real: 0.4010 l_d_A_fake: 0.5240, l_d_B_real: 0.4618, l_d_B_fake: 0.5720
[324/500000] l_const_A: 0.0052 l_const_B: 0.0028, l_gan_A: 2.3397, l_gan_B: 0.6188
[324/500000] l_dsl_A: 0.4782 l_dsl_B: 0.4782
[*] Samples saved: /gdata/huangzp/dsl_sgen/logs/img_align_celeba_2018-03-06_04-20-05/324_x_AB.png
[*] Samples saved: /gdata/huangzp/dsl_sgen/logs/img_align_celeba_2018-03-06_04-20-05/324_x_ABA.png
[*] Samples saved: /gdata/huangzp/dsl_sgen/logs/img_align_celeba_2018-03-06_04-20-05/324_x_BA.png
[*] Samples saved: /gdata/huangzp/dsl_sgen/logs/img_align_celeba_2018-03-06_04-20-05/324_x_BAB.png
[!] Sampled dataset from A and B have different # of data. Try resampling...
[*] Save models to /gdata/huangzp/dsl_sgen/logs/img_align_celeba_2018-03-06_04-20-05...
[328/500000] Loss_D: 2.6028 Loss_G: 12.3675
[328/500000] l_d_A_real: 0.7013 l_d_A_fake: 0.5510, l_d_B_real: 0.9797, l_d_B_fake: 0.3709
[328/500000] l_const_A: 0.0048 l_const_B: 0.0048, l_gan_A: 0.5494, l_gan_B: 0.4406
[328/500000] l_dsl_A: 0.2241 l_dsl_B: 0.2241
[*] Samples saved: /gdata/huangzp/dsl_sgen/logs/img_align_celeba_2018-03-06_04-20-05/328_x_AB.png
[*] Samples saved: /gdata/huangzp/dsl_sgen/logs/img_align_celeba_2018-03-06_04-20-05/328_x_ABA.png
[*] Samples saved: /gdata/huangzp/dsl_sgen/logs/img_align_celeba_2018-03-06_04-20-05/328_x_BA.png
[*] Samples saved: /gdata/huangzp/dsl_sgen/logs/img_align_celeba_2018-03-06_04-20-05/328_x_BAB.png
[!] Sampled dataset from A and B have different # of data. Try resampling...
[*] Save models to /gdata/huangzp/dsl_sgen/logs/img_align_celeba_2018-03-06_04-20-05...
[!] Sampled dataset from A and B have different # of data. Try resampling...
[332/500000] Loss_D: 2.7075 Loss_G: 11.0980
[332/500000] l_d_A_real: 0.5399 l_d_A_fake: 0.8544, l_d_B_real: 0.5945, l_d_B_fake: 0.7187
[332/500000] l_const_A: 0.0042 l_const_B: 0.0032, l_gan_A: 1.4839, l_gan_B: 0.6856
[332/500000] l_dsl_A: 0.1008 l_dsl_B: 0.1008
[*] Samples saved: /gdata/huangzp/dsl_sgen/logs/img_align_celeba_2018-03-06_04-20-05/332_x_AB.png
[*] Samples saved: /gdata/huangzp/dsl_sgen/logs/img_align_celeba_2018-03-06_04-20-05/332_x_ABA.png
[*] Samples saved: /gdata/huangzp/dsl_sgen/logs/img_align_celeba_2018-03-06_04-20-05/332_x_BA.png
[*] Samples saved: /gdata/huangzp/dsl_sgen/logs/img_align_celeba_2018-03-06_04-20-05/332_x_BAB.png
[!] Sampled dataset from A and B have different # of data. Try resampling...
[*] Save models to /gdata/huangzp/dsl_sgen/logs/img_align_celeba_2018-03-06_04-20-05...
[336/500000] Loss_D: 1.3840 Loss_G: 11.0620
[336/500000] l_d_A_real: 0.0873 l_d_A_fake: 0.1448, l_d_B_real: 0.4370, l_d_B_fake: 0.7149
[336/500000] l_const_A: 0.0047 l_const_B: 0.0045, l_gan_A: 0.4027, l_gan_B: 0.5218
[336/500000] l_dsl_A: 0.1979 l_dsl_B: 0.1979
[*] Samples saved: /gdata/huangzp/dsl_sgen/logs/img_align_celeba_2018-03-06_04-20-05/336_x_AB.png
[*] Samples saved: /gdata/huangzp/dsl_sgen/logs/img_align_celeba_2018-03-06_04-20-05/336_x_ABA.png
[*] Samples saved: /gdata/huangzp/dsl_sgen/logs/img_align_celeba_2018-03-06_04-20-05/336_x_BA.png
[*] Samples saved: /gdata/huangzp/dsl_sgen/logs/img_align_celeba_2018-03-06_04-20-05/336_x_BAB.png
[!] Sampled dataset from A and B have different # of data. Try resampling...
[*] Save models to /gdata/huangzp/dsl_sgen/logs/img_align_celeba_2018-03-06_04-20-05...
[340/500000] Loss_D: 1.4847 Loss_G: 10.8251
[340/500000] l_d_A_real: 0.1645 l_d_A_fake: 0.2884, l_d_B_real: 0.4401, l_d_B_fake: 0.5916
[340/500000] l_const_A: 0.0040 l_const_B: 0.0026, l_gan_A: 0.4361, l_gan_B: 0.4240
[340/500000] l_dsl_A: 0.2175 l_dsl_B: 0.2175
[*] Samples saved: /gdata/huangzp/dsl_sgen/logs/img_align_celeba_2018-03-06_04-20-05/340_x_AB.png
[*] Samples saved: /gdata/huangzp/dsl_sgen/logs/img_align_celeba_2018-03-06_04-20-05/340_x_ABA.png
[*] Samples saved: /gdata/huangzp/dsl_sgen/logs/img_align_celeba_2018-03-06_04-20-05/340_x_BA.png
[*] Samples saved: /gdata/huangzp/dsl_sgen/logs/img_align_celeba_2018-03-06_04-20-05/340_x_BAB.png
[!] Sampled dataset from A and B have different # of data. Try resampling...
[*] Save models to /gdata/huangzp/dsl_sgen/logs/img_align_celeba_2018-03-06_04-20-05...
[344/500000] Loss_D: 1.7224 Loss_G: 12.0567
[344/500000] l_d_A_real: 0.1650 l_d_A_fake: 0.2508, l_d_B_real: 0.6514, l_d_B_fake: 0.6551
[344/500000] l_const_A: 0.0062 l_const_B: 0.0051, l_gan_A: 0.3865, l_gan_B: 1.0147
[344/500000] l_dsl_A: 0.4098 l_dsl_B: 0.4098
[*] Samples saved: /gdata/huangzp/dsl_sgen/logs/img_align_celeba_2018-03-06_04-20-05/344_x_AB.png
[*] Samples saved: /gdata/huangzp/dsl_sgen/logs/img_align_celeba_2018-03-06_04-20-05/344_x_ABA.png
[*] Samples saved: /gdata/huangzp/dsl_sgen/logs/img_align_celeba_2018-03-06_04-20-05/344_x_BA.png
[*] Samples saved: /gdata/huangzp/dsl_sgen/logs/img_align_celeba_2018-03-06_04-20-05/344_x_BAB.png
[!] Sampled dataset from A and B have different # of data. Try resampling...
[*] Save models to /gdata/huangzp/dsl_sgen/logs/img_align_celeba_2018-03-06_04-20-05...
[!] Sampled dataset from A and B have different # of data. Try resampling...
[348/500000] Loss_D: 2.5263 Loss_G: 12.3155
[348/500000] l_d_A_real: 0.7523 l_d_A_fake: 0.4514, l_d_B_real: 0.7925, l_d_B_fake: 0.5301
[348/500000] l_const_A: 0.0048 l_const_B: 0.0056, l_gan_A: 0.5828, l_gan_B: 0.6646
[348/500000] l_dsl_A: 0.0419 l_dsl_B: 0.0419
[*] Samples saved: /gdata/huangzp/dsl_sgen/logs/img_align_celeba_2018-03-06_04-20-05/348_x_AB.png
[*] Samples saved: /gdata/huangzp/dsl_sgen/logs/img_align_celeba_2018-03-06_04-20-05/348_x_ABA.png
[*] Samples saved: /gdata/huangzp/dsl_sgen/logs/img_align_celeba_2018-03-06_04-20-05/348_x_BA.png
[*] Samples saved: /gdata/huangzp/dsl_sgen/logs/img_align_celeba_2018-03-06_04-20-05/348_x_BAB.png
[!] Sampled dataset from A and B have different # of data. Try resampling...
[*] Save models to /gdata/huangzp/dsl_sgen/logs/img_align_celeba_2018-03-06_04-20-05...
[352/500000] Loss_D: 1.9508 Loss_G: 11.7398
[352/500000] l_d_A_real: 0.1422 l_d_A_fake: 0.5845, l_d_B_real: 0.2596, l_d_B_fake: 0.9644
[352/500000] l_const_A: 0.0052 l_const_B: 0.0047, l_gan_A: 0.5374, l_gan_B: 0.4390
[352/500000] l_dsl_A: 0.0216 l_dsl_B: 0.0216
[*] Samples saved: /gdata/huangzp/dsl_sgen/logs/img_align_celeba_2018-03-06_04-20-05/352_x_AB.png
[*] Samples saved: /gdata/huangzp/dsl_sgen/logs/img_align_celeba_2018-03-06_04-20-05/352_x_ABA.png
[*] Samples saved: /gdata/huangzp/dsl_sgen/logs/img_align_celeba_2018-03-06_04-20-05/352_x_BA.png
[*] Samples saved: /gdata/huangzp/dsl_sgen/logs/img_align_celeba_2018-03-06_04-20-05/352_x_BAB.png
[!] Sampled dataset from A and B have different # of data. Try resampling...
[*] Save models to /gdata/huangzp/dsl_sgen/logs/img_align_celeba_2018-03-06_04-20-05...
[356/500000] Loss_D: 2.3471 Loss_G: 11.8156
[356/500000] l_d_A_real: 0.6354 l_d_A_fake: 0.4439, l_d_B_real: 0.7512, l_d_B_fake: 0.5166
[356/500000] l_const_A: 0.0041 l_const_B: 0.0040, l_gan_A: 0.6198, l_gan_B: 0.4657
[356/500000] l_dsl_A: 0.0473 l_dsl_B: 0.0473
[*] Samples saved: /gdata/huangzp/dsl_sgen/logs/img_align_celeba_2018-03-06_04-20-05/356_x_AB.png
[*] Samples saved: /gdata/huangzp/dsl_sgen/logs/img_align_celeba_2018-03-06_04-20-05/356_x_ABA.png
[*] Samples saved: /gdata/huangzp/dsl_sgen/logs/img_align_celeba_2018-03-06_04-20-05/356_x_BA.png
[*] Samples saved: /gdata/huangzp/dsl_sgen/logs/img_align_celeba_2018-03-06_04-20-05/356_x_BAB.png
[!] Sampled dataset from A and B have different # of data. Try resampling...
[*] Save models to /gdata/huangzp/dsl_sgen/logs/img_align_celeba_2018-03-06_04-20-05...
[!] Sampled dataset from A and B have different # of data. Try resampling...
[360/500000] Loss_D: 1.8535 Loss_G: 12.2860
[360/500000] l_d_A_real: 0.2640 l_d_A_fake: 0.5037, l_d_B_real: 0.5437, l_d_B_fake: 0.5420
[360/500000] l_const_A: 0.0058 l_const_B: 0.0035, l_gan_A: 0.5999, l_gan_B: 0.5578
[360/500000] l_dsl_A: 0.1241 l_dsl_B: 0.1241
[*] Samples saved: /gdata/huangzp/dsl_sgen/logs/img_align_celeba_2018-03-06_04-20-05/360_x_AB.png
[*] Samples saved: /gdata/huangzp/dsl_sgen/logs/img_align_celeba_2018-03-06_04-20-05/360_x_ABA.png
[*] Samples saved: /gdata/huangzp/dsl_sgen/logs/img_align_celeba_2018-03-06_04-20-05/360_x_BA.png
[*] Samples saved: /gdata/huangzp/dsl_sgen/logs/img_align_celeba_2018-03-06_04-20-05/360_x_BAB.png
[!] Sampled dataset from A and B have different # of data. Try resampling...
[*] Save models to /gdata/huangzp/dsl_sgen/logs/img_align_celeba_2018-03-06_04-20-05...
[364/500000] Loss_D: 2.2085 Loss_G: 11.0600
[364/500000] l_d_A_real: 0.3320 l_d_A_fake: 0.7076, l_d_B_real: 0.6775, l_d_B_fake: 0.4913
[364/500000] l_const_A: 0.0039 l_const_B: 0.0036, l_gan_A: 0.5121, l_gan_B: 0.3910
[364/500000] l_dsl_A: 0.0364 l_dsl_B: 0.0364
[*] Samples saved: /gdata/huangzp/dsl_sgen/logs/img_align_celeba_2018-03-06_04-20-05/364_x_AB.png
[*] Samples saved: /gdata/huangzp/dsl_sgen/logs/img_align_celeba_2018-03-06_04-20-05/364_x_ABA.png
[*] Samples saved: /gdata/huangzp/dsl_sgen/logs/img_align_celeba_2018-03-06_04-20-05/364_x_BA.png
[*] Samples saved: /gdata/huangzp/dsl_sgen/logs/img_align_celeba_2018-03-06_04-20-05/364_x_BAB.png
[!] Sampled dataset from A and B have different # of data. Try resampling...
[*] Save models to /gdata/huangzp/dsl_sgen/logs/img_align_celeba_2018-03-06_04-20-05...
[368/500000] Loss_D: 2.8267 Loss_G: 11.5281
[368/500000] l_d_A_real: 0.5925 l_d_A_fake: 0.7377, l_d_B_real: 0.9207, l_d_B_fake: 0.5758
[368/500000] l_const_A: 0.0040 l_const_B: 0.0030, l_gan_A: 1.1095, l_gan_B: 0.6210
[368/500000] l_dsl_A: 0.0863 l_dsl_B: 0.0863
[*] Samples saved: /gdata/huangzp/dsl_sgen/logs/img_align_celeba_2018-03-06_04-20-05/368_x_AB.png
[*] Samples saved: /gdata/huangzp/dsl_sgen/logs/img_align_celeba_2018-03-06_04-20-05/368_x_ABA.png
[*] Samples saved: /gdata/huangzp/dsl_sgen/logs/img_align_celeba_2018-03-06_04-20-05/368_x_BA.png
[*] Samples saved: /gdata/huangzp/dsl_sgen/logs/img_align_celeba_2018-03-06_04-20-05/368_x_BAB.png
[!] Sampled dataset from A and B have different # of data. Try resampling...
[*] Save models to /gdata/huangzp/dsl_sgen/logs/img_align_celeba_2018-03-06_04-20-05...
[372/500000] Loss_D: 2.6972 Loss_G: 12.0823
[372/500000] l_d_A_real: 0.4291 l_d_A_fake: 0.7922, l_d_B_real: 0.8932, l_d_B_fake: 0.5828
[372/500000] l_const_A: 0.0051 l_const_B: 0.0044, l_gan_A: 0.5469, l_gan_B: 0.7510
[372/500000] l_dsl_A: 0.1262 l_dsl_B: 0.1262
[*] Samples saved: /gdata/huangzp/dsl_sgen/logs/img_align_celeba_2018-03-06_04-20-05/372_x_AB.png
[*] Samples saved: /gdata/huangzp/dsl_sgen/logs/img_align_celeba_2018-03-06_04-20-05/372_x_ABA.png
[*] Samples saved: /gdata/huangzp/dsl_sgen/logs/img_align_celeba_2018-03-06_04-20-05/372_x_BA.png
[*] Samples saved: /gdata/huangzp/dsl_sgen/logs/img_align_celeba_2018-03-06_04-20-05/372_x_BAB.png
[!] Sampled dataset from A and B have different # of data. Try resampling...
[*] Save models to /gdata/huangzp/dsl_sgen/logs/img_align_celeba_2018-03-06_04-20-05...
[!] Sampled dataset from A and B have different # of data. Try resampling...
