Time is date
Directory is /gdata/huangzp/dsl_sgen/jobs
This job runs on following nodes:
G118
G118-gpu1
G118-gpu0
[*] MODEL dir: /gdata/huangzp/dsl_sgen/logs/img_align_celeba_2018-03-04_23-47-05
[*] PARAM path: /gdata/huangzp/dsl_sgen/logs/img_align_celeba_2018-03-04_23-47-05/params.json
Time is date
Directory is /gdata/huangzp/dsl_sgen/jobs
This job runs on following nodes:
G118
G118-gpu1
G118-gpu0
[*] MODEL dir: /gdata/huangzp/dsl_sgen/logs/img_align_celeba_2018-03-04_23-55-07
[*] PARAM path: /gdata/huangzp/dsl_sgen/logs/img_align_celeba_2018-03-04_23-55-07/params.json
[0/500000] Loss_D: 2.7832 Loss_G: 543.1505
[0/500000] l_d_A_real: 0.7671 l_d_A_fake: 0.6259, l_d_B_real: 0.6693, l_d_B_fake: 0.7209
[0/500000] l_const_A: 0.1664 l_const_B: 0.1123, l_gan_A: 0.7346, l_gan_B: 0.6749
[0/500000] l_dsl_A: 0.0245 l_dsl_B: 0.0245
[*] Samples saved: /gdata/huangzp/dsl_sgen/logs/img_align_celeba_2018-03-04_23-55-07/0_x_AB.png
[*] Samples saved: /gdata/huangzp/dsl_sgen/logs/img_align_celeba_2018-03-04_23-55-07/0_x_ABA.png
[*] Samples saved: /gdata/huangzp/dsl_sgen/logs/img_align_celeba_2018-03-04_23-55-07/0_x_BA.png
[*] Samples saved: /gdata/huangzp/dsl_sgen/logs/img_align_celeba_2018-03-04_23-55-07/0_x_BAB.png
[!] Sampled dataset from A and B have different # of data. Try resampling...
[*] Save models to /gdata/huangzp/dsl_sgen/logs/img_align_celeba_2018-03-04_23-55-07...
[300/500000] Loss_D: 1.0240 Loss_G: 110.5653
[300/500000] l_d_A_real: 0.1911 l_d_A_fake: 0.1538, l_d_B_real: 0.5725, l_d_B_fake: 0.1066
[300/500000] l_const_A: 0.0118 l_const_B: 0.0130, l_gan_A: 2.1790, l_gan_B: 2.0600
[300/500000] l_dsl_A: 0.0187 l_dsl_B: 0.0187
[*] Samples saved: /gdata/huangzp/dsl_sgen/logs/img_align_celeba_2018-03-04_23-55-07/300_x_AB.png
[*] Samples saved: /gdata/huangzp/dsl_sgen/logs/img_align_celeba_2018-03-04_23-55-07/300_x_ABA.png
[*] Samples saved: /gdata/huangzp/dsl_sgen/logs/img_align_celeba_2018-03-04_23-55-07/300_x_BA.png
[*] Samples saved: /gdata/huangzp/dsl_sgen/logs/img_align_celeba_2018-03-04_23-55-07/300_x_BAB.png
[!] Sampled dataset from A and B have different # of data. Try resampling...
[*] Save models to /gdata/huangzp/dsl_sgen/logs/img_align_celeba_2018-03-04_23-55-07...
[600/500000] Loss_D: 0.7666 Loss_G: 101.3623
[600/500000] l_d_A_real: 0.4132 l_d_A_fake: 0.2628, l_d_B_real: 0.0533, l_d_B_fake: 0.0373
[600/500000] l_const_A: 0.0071 l_const_B: 0.0106, l_gan_A: 2.1949, l_gan_B: 3.1460
[600/500000] l_dsl_A: 0.0665 l_dsl_B: 0.0665
[*] Samples saved: /gdata/huangzp/dsl_sgen/logs/img_align_celeba_2018-03-04_23-55-07/600_x_AB.png
[*] Samples saved: /gdata/huangzp/dsl_sgen/logs/img_align_celeba_2018-03-04_23-55-07/600_x_ABA.png
[*] Samples saved: /gdata/huangzp/dsl_sgen/logs/img_align_celeba_2018-03-04_23-55-07/600_x_BA.png
[*] Samples saved: /gdata/huangzp/dsl_sgen/logs/img_align_celeba_2018-03-04_23-55-07/600_x_BAB.png
[!] Sampled dataset from A and B have different # of data. Try resampling...
[*] Save models to /gdata/huangzp/dsl_sgen/logs/img_align_celeba_2018-03-04_23-55-07...
[900/500000] Loss_D: 0.1584 Loss_G: 108.2585
[900/500000] l_d_A_real: 0.0570 l_d_A_fake: 0.0382, l_d_B_real: 0.0426, l_d_B_fake: 0.0207
[900/500000] l_const_A: 0.0062 l_const_B: 0.0124, l_gan_A: 2.8856, l_gan_B: 3.1245
[900/500000] l_dsl_A: 0.0025 l_dsl_B: 0.0025
[*] Samples saved: /gdata/huangzp/dsl_sgen/logs/img_align_celeba_2018-03-04_23-55-07/900_x_AB.png
[*] Samples saved: /gdata/huangzp/dsl_sgen/logs/img_align_celeba_2018-03-04_23-55-07/900_x_ABA.png
[*] Samples saved: /gdata/huangzp/dsl_sgen/logs/img_align_celeba_2018-03-04_23-55-07/900_x_BA.png
[*] Samples saved: /gdata/huangzp/dsl_sgen/logs/img_align_celeba_2018-03-04_23-55-07/900_x_BAB.png
[!] Sampled dataset from A and B have different # of data. Try resampling...
[*] Save models to /gdata/huangzp/dsl_sgen/logs/img_align_celeba_2018-03-04_23-55-07...
[1200/500000] Loss_D: 0.7518 Loss_G: 124.3744
[1200/500000] l_d_A_real: 0.0178 l_d_A_fake: 0.0697, l_d_B_real: 0.1099, l_d_B_fake: 0.5544
[1200/500000] l_const_A: 0.0074 l_const_B: 0.0190, l_gan_A: 3.6754, l_gan_B: 1.1138
[1200/500000] l_dsl_A: 0.0051 l_dsl_B: 0.0051
[*] Samples saved: /gdata/huangzp/dsl_sgen/logs/img_align_celeba_2018-03-04_23-55-07/1200_x_AB.png
[*] Samples saved: /gdata/huangzp/dsl_sgen/logs/img_align_celeba_2018-03-04_23-55-07/1200_x_ABA.png
[*] Samples saved: /gdata/huangzp/dsl_sgen/logs/img_align_celeba_2018-03-04_23-55-07/1200_x_BA.png
[*] Samples saved: /gdata/huangzp/dsl_sgen/logs/img_align_celeba_2018-03-04_23-55-07/1200_x_BAB.png
[!] Sampled dataset from A and B have different # of data. Try resampling...
[*] Save models to /gdata/huangzp/dsl_sgen/logs/img_align_celeba_2018-03-04_23-55-07...
[1500/500000] Loss_D: 0.2903 Loss_G: 103.3801
[1500/500000] l_d_A_real: 0.0149 l_d_A_fake: 0.0201, l_d_B_real: 0.1488, l_d_B_fake: 0.1064
[1500/500000] l_const_A: 0.0078 l_const_B: 0.0056, l_gan_A: 4.6695, l_gan_B: 2.3032
[1500/500000] l_dsl_A: 3.7245 l_dsl_B: 3.7245
[*] Samples saved: /gdata/huangzp/dsl_sgen/logs/img_align_celeba_2018-03-04_23-55-07/1500_x_AB.png
[*] Samples saved: /gdata/huangzp/dsl_sgen/logs/img_align_celeba_2018-03-04_23-55-07/1500_x_ABA.png
[*] Samples saved: /gdata/huangzp/dsl_sgen/logs/img_align_celeba_2018-03-04_23-55-07/1500_x_BA.png
[*] Samples saved: /gdata/huangzp/dsl_sgen/logs/img_align_celeba_2018-03-04_23-55-07/1500_x_BAB.png
[!] Sampled dataset from A and B have different # of data. Try resampling...
[*] Save models to /gdata/huangzp/dsl_sgen/logs/img_align_celeba_2018-03-04_23-55-07...
[1800/500000] Loss_D: 0.9500 Loss_G: 102.9919
[1800/500000] l_d_A_real: 0.0108 l_d_A_fake: 0.0121, l_d_B_real: 0.8378, l_d_B_fake: 0.0894
[1800/500000] l_const_A: 0.0062 l_const_B: 0.0096, l_gan_A: 4.2551, l_gan_B: 0.7224
[1800/500000] l_dsl_A: 0.0217 l_dsl_B: 0.0217
[*] Samples saved: /gdata/huangzp/dsl_sgen/logs/img_align_celeba_2018-03-04_23-55-07/1800_x_AB.png
[*] Samples saved: /gdata/huangzp/dsl_sgen/logs/img_align_celeba_2018-03-04_23-55-07/1800_x_ABA.png
[*] Samples saved: /gdata/huangzp/dsl_sgen/logs/img_align_celeba_2018-03-04_23-55-07/1800_x_BA.png
[*] Samples saved: /gdata/huangzp/dsl_sgen/logs/img_align_celeba_2018-03-04_23-55-07/1800_x_BAB.png
[!] Sampled dataset from A and B have different # of data. Try resampling...
[*] Save models to /gdata/huangzp/dsl_sgen/logs/img_align_celeba_2018-03-04_23-55-07...
[2100/500000] Loss_D: 0.1819 Loss_G: 106.7808
[2100/500000] l_d_A_real: 0.0072 l_d_A_fake: 0.0078, l_d_B_real: 0.0759, l_d_B_fake: 0.0910
[2100/500000] l_const_A: 0.0078 l_const_B: 0.0090, l_gan_A: 5.3547, l_gan_B: 1.9613
[2100/500000] l_dsl_A: 0.0282 l_dsl_B: 0.0282
[*] Samples saved: /gdata/huangzp/dsl_sgen/logs/img_align_celeba_2018-03-04_23-55-07/2100_x_AB.png
[*] Samples saved: /gdata/huangzp/dsl_sgen/logs/img_align_celeba_2018-03-04_23-55-07/2100_x_ABA.png
[*] Samples saved: /gdata/huangzp/dsl_sgen/logs/img_align_celeba_2018-03-04_23-55-07/2100_x_BA.png
[*] Samples saved: /gdata/huangzp/dsl_sgen/logs/img_align_celeba_2018-03-04_23-55-07/2100_x_BAB.png
[!] Sampled dataset from A and B have different # of data. Try resampling...
[*] Save models to /gdata/huangzp/dsl_sgen/logs/img_align_celeba_2018-03-04_23-55-07...
[2400/500000] Loss_D: 0.1317 Loss_G: 93.1007
[2400/500000] l_d_A_real: 0.0262 l_d_A_fake: 0.0258, l_d_B_real: 0.0508, l_d_B_fake: 0.0289
[2400/500000] l_const_A: 0.0063 l_const_B: 0.0048, l_gan_A: 3.8487, l_gan_B: 3.1403
[2400/500000] l_dsl_A: 0.0211 l_dsl_B: 0.0211
[*] Samples saved: /gdata/huangzp/dsl_sgen/logs/img_align_celeba_2018-03-04_23-55-07/2400_x_AB.png
[*] Samples saved: /gdata/huangzp/dsl_sgen/logs/img_align_celeba_2018-03-04_23-55-07/2400_x_ABA.png
[*] Samples saved: /gdata/huangzp/dsl_sgen/logs/img_align_celeba_2018-03-04_23-55-07/2400_x_BA.png
[*] Samples saved: /gdata/huangzp/dsl_sgen/logs/img_align_celeba_2018-03-04_23-55-07/2400_x_BAB.png
[!] Sampled dataset from A and B have different # of data. Try resampling...
[*] Save models to /gdata/huangzp/dsl_sgen/logs/img_align_celeba_2018-03-04_23-55-07...
[2700/500000] Loss_D: 0.3973 Loss_G: 97.2175
[2700/500000] l_d_A_real: 0.0121 l_d_A_fake: 0.0114, l_d_B_real: 0.0828, l_d_B_fake: 0.2910
[2700/500000] l_const_A: 0.0049 l_const_B: 0.0047, l_gan_A: 5.0529, l_gan_B: 4.1515
[2700/500000] l_dsl_A: 1.8420 l_dsl_B: 1.8420
[*] Samples saved: /gdata/huangzp/dsl_sgen/logs/img_align_celeba_2018-03-04_23-55-07/2700_x_AB.png
[*] Samples saved: /gdata/huangzp/dsl_sgen/logs/img_align_celeba_2018-03-04_23-55-07/2700_x_ABA.png
[*] Samples saved: /gdata/huangzp/dsl_sgen/logs/img_align_celeba_2018-03-04_23-55-07/2700_x_BA.png
[*] Samples saved: /gdata/huangzp/dsl_sgen/logs/img_align_celeba_2018-03-04_23-55-07/2700_x_BAB.png
[!] Sampled dataset from A and B have different # of data. Try resampling...
[*] Save models to /gdata/huangzp/dsl_sgen/logs/img_align_celeba_2018-03-04_23-55-07...
[3000/500000] Loss_D: 1.3587 Loss_G: 88.2964
[3000/500000] l_d_A_real: 0.4244 l_d_A_fake: 0.0321, l_d_B_real: 0.0602, l_d_B_fake: 0.8420
[3000/500000] l_const_A: 0.0052 l_const_B: 0.0042, l_gan_A: 2.5843, l_gan_B: 0.4284
[3000/500000] l_dsl_A: 0.0037 l_dsl_B: 0.0037
[*] Samples saved: /gdata/huangzp/dsl_sgen/logs/img_align_celeba_2018-03-04_23-55-07/3000_x_AB.png
[*] Samples saved: /gdata/huangzp/dsl_sgen/logs/img_align_celeba_2018-03-04_23-55-07/3000_x_ABA.png
[*] Samples saved: /gdata/huangzp/dsl_sgen/logs/img_align_celeba_2018-03-04_23-55-07/3000_x_BA.png
[*] Samples saved: /gdata/huangzp/dsl_sgen/logs/img_align_celeba_2018-03-04_23-55-07/3000_x_BAB.png
[!] Sampled dataset from A and B have different # of data. Try resampling...
[*] Save models to /gdata/huangzp/dsl_sgen/logs/img_align_celeba_2018-03-04_23-55-07...
[3300/500000] Loss_D: 0.3761 Loss_G: 94.9694
[3300/500000] l_d_A_real: 0.0090 l_d_A_fake: 0.0083, l_d_B_real: 0.3417, l_d_B_fake: 0.0172
[3300/500000] l_const_A: 0.0046 l_const_B: 0.0046, l_gan_A: 5.2827, l_gan_B: 3.8269
[3300/500000] l_dsl_A: 0.0280 l_dsl_B: 0.0280
[*] Samples saved: /gdata/huangzp/dsl_sgen/logs/img_align_celeba_2018-03-04_23-55-07/3300_x_AB.png
[*] Samples saved: /gdata/huangzp/dsl_sgen/logs/img_align_celeba_2018-03-04_23-55-07/3300_x_ABA.png
[*] Samples saved: /gdata/huangzp/dsl_sgen/logs/img_align_celeba_2018-03-04_23-55-07/3300_x_BA.png
[*] Samples saved: /gdata/huangzp/dsl_sgen/logs/img_align_celeba_2018-03-04_23-55-07/3300_x_BAB.png
[!] Sampled dataset from A and B have different # of data. Try resampling...
[*] Save models to /gdata/huangzp/dsl_sgen/logs/img_align_celeba_2018-03-04_23-55-07...
[3600/500000] Loss_D: 0.6343 Loss_G: 100.9110
[3600/500000] l_d_A_real: 0.0062 l_d_A_fake: 0.0042, l_d_B_real: 0.0652, l_d_B_fake: 0.5588
[3600/500000] l_const_A: 0.0054 l_const_B: 0.0063, l_gan_A: 5.0628, l_gan_B: 1.4181
[3600/500000] l_dsl_A: 0.0100 l_dsl_B: 0.0100
[*] Samples saved: /gdata/huangzp/dsl_sgen/logs/img_align_celeba_2018-03-04_23-55-07/3600_x_AB.png
[*] Samples saved: /gdata/huangzp/dsl_sgen/logs/img_align_celeba_2018-03-04_23-55-07/3600_x_ABA.png
[*] Samples saved: /gdata/huangzp/dsl_sgen/logs/img_align_celeba_2018-03-04_23-55-07/3600_x_BA.png
[*] Samples saved: /gdata/huangzp/dsl_sgen/logs/img_align_celeba_2018-03-04_23-55-07/3600_x_BAB.png
[!] Sampled dataset from A and B have different # of data. Try resampling...
[*] Save models to /gdata/huangzp/dsl_sgen/logs/img_align_celeba_2018-03-04_23-55-07...
[3900/500000] Loss_D: 0.8990 Loss_G: 98.7185
[3900/500000] l_d_A_real: 0.0046 l_d_A_fake: 0.0038, l_d_B_real: 0.3100, l_d_B_fake: 0.5805
[3900/500000] l_const_A: 0.0049 l_const_B: 0.0057, l_gan_A: 5.1103, l_gan_B: 4.1133
[3900/500000] l_dsl_A: 0.0063 l_dsl_B: 0.0063
[*] Samples saved: /gdata/huangzp/dsl_sgen/logs/img_align_celeba_2018-03-04_23-55-07/3900_x_AB.png
[*] Samples saved: /gdata/huangzp/dsl_sgen/logs/img_align_celeba_2018-03-04_23-55-07/3900_x_ABA.png
[*] Samples saved: /gdata/huangzp/dsl_sgen/logs/img_align_celeba_2018-03-04_23-55-07/3900_x_BA.png
[*] Samples saved: /gdata/huangzp/dsl_sgen/logs/img_align_celeba_2018-03-04_23-55-07/3900_x_BAB.png
[!] Sampled dataset from A and B have different # of data. Try resampling...
[*] Save models to /gdata/huangzp/dsl_sgen/logs/img_align_celeba_2018-03-04_23-55-07...
[4200/500000] Loss_D: 0.5407 Loss_G: 94.2050
[4200/500000] l_d_A_real: 0.0046 l_d_A_fake: 0.0027, l_d_B_real: 0.0463, l_d_B_fake: 0.4872
[4200/500000] l_const_A: 0.0058 l_const_B: 0.0041, l_gan_A: 6.7092, l_gan_B: 1.4049
[4200/500000] l_dsl_A: 0.0167 l_dsl_B: 0.0167
[*] Samples saved: /gdata/huangzp/dsl_sgen/logs/img_align_celeba_2018-03-04_23-55-07/4200_x_AB.png
[*] Samples saved: /gdata/huangzp/dsl_sgen/logs/img_align_celeba_2018-03-04_23-55-07/4200_x_ABA.png
[*] Samples saved: /gdata/huangzp/dsl_sgen/logs/img_align_celeba_2018-03-04_23-55-07/4200_x_BA.png
[*] Samples saved: /gdata/huangzp/dsl_sgen/logs/img_align_celeba_2018-03-04_23-55-07/4200_x_BAB.png
[!] Sampled dataset from A and B have different # of data. Try resampling...
[*] Save models to /gdata/huangzp/dsl_sgen/logs/img_align_celeba_2018-03-04_23-55-07...
[4500/500000] Loss_D: 0.2279 Loss_G: 97.5311
[4500/500000] l_d_A_real: 0.0113 l_d_A_fake: 0.0762, l_d_B_real: 0.0482, l_d_B_fake: 0.0923
[4500/500000] l_const_A: 0.0061 l_const_B: 0.0046, l_gan_A: 4.2427, l_gan_B: 1.8729
[4500/500000] l_dsl_A: 0.3941 l_dsl_B: 0.3941
[*] Samples saved: /gdata/huangzp/dsl_sgen/logs/img_align_celeba_2018-03-04_23-55-07/4500_x_AB.png
[*] Samples saved: /gdata/huangzp/dsl_sgen/logs/img_align_celeba_2018-03-04_23-55-07/4500_x_ABA.png
[*] Samples saved: /gdata/huangzp/dsl_sgen/logs/img_align_celeba_2018-03-04_23-55-07/4500_x_BA.png
[*] Samples saved: /gdata/huangzp/dsl_sgen/logs/img_align_celeba_2018-03-04_23-55-07/4500_x_BAB.png
[!] Sampled dataset from A and B have different # of data. Try resampling...
[*] Save models to /gdata/huangzp/dsl_sgen/logs/img_align_celeba_2018-03-04_23-55-07...
[4800/500000] Loss_D: 0.2070 Loss_G: 93.6353
[4800/500000] l_d_A_real: 0.0042 l_d_A_fake: 0.0072, l_d_B_real: 0.0601, l_d_B_fake: 0.1354
[4800/500000] l_const_A: 0.0057 l_const_B: 0.0034, l_gan_A: 5.9581, l_gan_B: 2.0497
[4800/500000] l_dsl_A: 0.4584 l_dsl_B: 0.4584
[*] Samples saved: /gdata/huangzp/dsl_sgen/logs/img_align_celeba_2018-03-04_23-55-07/4800_x_AB.png
[*] Samples saved: /gdata/huangzp/dsl_sgen/logs/img_align_celeba_2018-03-04_23-55-07/4800_x_ABA.png
[*] Samples saved: /gdata/huangzp/dsl_sgen/logs/img_align_celeba_2018-03-04_23-55-07/4800_x_BA.png
[*] Samples saved: /gdata/huangzp/dsl_sgen/logs/img_align_celeba_2018-03-04_23-55-07/4800_x_BAB.png
[!] Sampled dataset from A and B have different # of data. Try resampling...
[*] Save models to /gdata/huangzp/dsl_sgen/logs/img_align_celeba_2018-03-04_23-55-07...
[5100/500000] Loss_D: 2.6763 Loss_G: 100.1590
[5100/500000] l_d_A_real: 0.0027 l_d_A_fake: 0.0016, l_d_B_real: 2.0272, l_d_B_fake: 0.6448
[5100/500000] l_const_A: 0.0046 l_const_B: 0.0064, l_gan_A: 5.9179, l_gan_B: 1.2120
[5100/500000] l_dsl_A: 0.0034 l_dsl_B: 0.0034
[*] Samples saved: /gdata/huangzp/dsl_sgen/logs/img_align_celeba_2018-03-04_23-55-07/5100_x_AB.png
[*] Samples saved: /gdata/huangzp/dsl_sgen/logs/img_align_celeba_2018-03-04_23-55-07/5100_x_ABA.png
[*] Samples saved: /gdata/huangzp/dsl_sgen/logs/img_align_celeba_2018-03-04_23-55-07/5100_x_BA.png
[*] Samples saved: /gdata/huangzp/dsl_sgen/logs/img_align_celeba_2018-03-04_23-55-07/5100_x_BAB.png
[!] Sampled dataset from A and B have different # of data. Try resampling...
[*] Save models to /gdata/huangzp/dsl_sgen/logs/img_align_celeba_2018-03-04_23-55-07...
[5400/500000] Loss_D: 0.1537 Loss_G: 102.5560
[5400/500000] l_d_A_real: 0.0561 l_d_A_fake: 0.0054, l_d_B_real: 0.0751, l_d_B_fake: 0.0170
[5400/500000] l_const_A: 0.0050 l_const_B: 0.0066, l_gan_A: 4.9351, l_gan_B: 3.0744
[5400/500000] l_dsl_A: 0.0044 l_dsl_B: 0.0044
[*] Samples saved: /gdata/huangzp/dsl_sgen/logs/img_align_celeba_2018-03-04_23-55-07/5400_x_AB.png
[*] Samples saved: /gdata/huangzp/dsl_sgen/logs/img_align_celeba_2018-03-04_23-55-07/5400_x_ABA.png
[*] Samples saved: /gdata/huangzp/dsl_sgen/logs/img_align_celeba_2018-03-04_23-55-07/5400_x_BA.png
[*] Samples saved: /gdata/huangzp/dsl_sgen/logs/img_align_celeba_2018-03-04_23-55-07/5400_x_BAB.png
[!] Sampled dataset from A and B have different # of data. Try resampling...
[!] Sampled dataset from A and B have different # of data. Try resampling...
[*] Save models to /gdata/huangzp/dsl_sgen/logs/img_align_celeba_2018-03-04_23-55-07...
[5700/500000] Loss_D: 0.2714 Loss_G: 97.2691
[5700/500000] l_d_A_real: 0.0052 l_d_A_fake: 0.0072, l_d_B_real: 0.0211, l_d_B_fake: 0.2378
[5700/500000] l_const_A: 0.0071 l_const_B: 0.0051, l_gan_A: 5.0749, l_gan_B: 2.0875
[5700/500000] l_dsl_A: 0.0423 l_dsl_B: 0.0423
[*] Samples saved: /gdata/huangzp/dsl_sgen/logs/img_align_celeba_2018-03-04_23-55-07/5700_x_AB.png
[*] Samples saved: /gdata/huangzp/dsl_sgen/logs/img_align_celeba_2018-03-04_23-55-07/5700_x_ABA.png
[*] Samples saved: /gdata/huangzp/dsl_sgen/logs/img_align_celeba_2018-03-04_23-55-07/5700_x_BA.png
[*] Samples saved: /gdata/huangzp/dsl_sgen/logs/img_align_celeba_2018-03-04_23-55-07/5700_x_BAB.png
[!] Sampled dataset from A and B have different # of data. Try resampling...
[*] Save models to /gdata/huangzp/dsl_sgen/logs/img_align_celeba_2018-03-04_23-55-07...
[6000/500000] Loss_D: 0.1351 Loss_G: 107.7955
[6000/500000] l_d_A_real: 0.0017 l_d_A_fake: 0.0015, l_d_B_real: 0.0958, l_d_B_fake: 0.0361
[6000/500000] l_const_A: 0.0053 l_const_B: 0.0083, l_gan_A: 6.3307, l_gan_B: 4.3383
[6000/500000] l_dsl_A: 0.0113 l_dsl_B: 0.0113
[*] Samples saved: /gdata/huangzp/dsl_sgen/logs/img_align_celeba_2018-03-04_23-55-07/6000_x_AB.png
[*] Samples saved: /gdata/huangzp/dsl_sgen/logs/img_align_celeba_2018-03-04_23-55-07/6000_x_ABA.png
[*] Samples saved: /gdata/huangzp/dsl_sgen/logs/img_align_celeba_2018-03-04_23-55-07/6000_x_BA.png
[*] Samples saved: /gdata/huangzp/dsl_sgen/logs/img_align_celeba_2018-03-04_23-55-07/6000_x_BAB.png
[!] Sampled dataset from A and B have different # of data. Try resampling...
[*] Save models to /gdata/huangzp/dsl_sgen/logs/img_align_celeba_2018-03-04_23-55-07...
[6300/500000] Loss_D: 1.0589 Loss_G: 106.0415
[6300/500000] l_d_A_real: 0.0132 l_d_A_fake: 0.8104, l_d_B_real: 0.0513, l_d_B_fake: 0.1841
[6300/500000] l_const_A: 0.0053 l_const_B: 0.0041, l_gan_A: 6.5027, l_gan_B: 1.0147
[6300/500000] l_dsl_A: 6.0287 l_dsl_B: 6.0287
[*] Samples saved: /gdata/huangzp/dsl_sgen/logs/img_align_celeba_2018-03-04_23-55-07/6300_x_AB.png
[*] Samples saved: /gdata/huangzp/dsl_sgen/logs/img_align_celeba_2018-03-04_23-55-07/6300_x_ABA.png
[*] Samples saved: /gdata/huangzp/dsl_sgen/logs/img_align_celeba_2018-03-04_23-55-07/6300_x_BA.png
[*] Samples saved: /gdata/huangzp/dsl_sgen/logs/img_align_celeba_2018-03-04_23-55-07/6300_x_BAB.png
[!] Sampled dataset from A and B have different # of data. Try resampling...
[*] Save models to /gdata/huangzp/dsl_sgen/logs/img_align_celeba_2018-03-04_23-55-07...
[6600/500000] Loss_D: 0.4572 Loss_G: 102.7592
[6600/500000] l_d_A_real: 0.0053 l_d_A_fake: 0.0018, l_d_B_real: 0.2031, l_d_B_fake: 0.2470
[6600/500000] l_const_A: 0.0051 l_const_B: 0.0066, l_gan_A: 5.7215, l_gan_B: 1.4909
[6600/500000] l_dsl_A: 0.0033 l_dsl_B: 0.0033
[*] Samples saved: /gdata/huangzp/dsl_sgen/logs/img_align_celeba_2018-03-04_23-55-07/6600_x_AB.png
[*] Samples saved: /gdata/huangzp/dsl_sgen/logs/img_align_celeba_2018-03-04_23-55-07/6600_x_ABA.png
[*] Samples saved: /gdata/huangzp/dsl_sgen/logs/img_align_celeba_2018-03-04_23-55-07/6600_x_BA.png
[*] Samples saved: /gdata/huangzp/dsl_sgen/logs/img_align_celeba_2018-03-04_23-55-07/6600_x_BAB.png
[!] Sampled dataset from A and B have different # of data. Try resampling...
[*] Save models to /gdata/huangzp/dsl_sgen/logs/img_align_celeba_2018-03-04_23-55-07...
[6900/500000] Loss_D: 0.1004 Loss_G: 101.6754
[6900/500000] l_d_A_real: 0.0029 l_d_A_fake: 0.0041, l_d_B_real: 0.0737, l_d_B_fake: 0.0197
[6900/500000] l_const_A: 0.0051 l_const_B: 0.0057, l_gan_A: 6.5847, l_gan_B: 4.6146
[6900/500000] l_dsl_A: 0.3716 l_dsl_B: 0.3716
[*] Samples saved: /gdata/huangzp/dsl_sgen/logs/img_align_celeba_2018-03-04_23-55-07/6900_x_AB.png
[*] Samples saved: /gdata/huangzp/dsl_sgen/logs/img_align_celeba_2018-03-04_23-55-07/6900_x_ABA.png
[*] Samples saved: /gdata/huangzp/dsl_sgen/logs/img_align_celeba_2018-03-04_23-55-07/6900_x_BA.png
[*] Samples saved: /gdata/huangzp/dsl_sgen/logs/img_align_celeba_2018-03-04_23-55-07/6900_x_BAB.png
[!] Sampled dataset from A and B have different # of data. Try resampling...
[*] Save models to /gdata/huangzp/dsl_sgen/logs/img_align_celeba_2018-03-04_23-55-07...
[7200/500000] Loss_D: 0.2147 Loss_G: 96.9510
[7200/500000] l_d_A_real: 0.0119 l_d_A_fake: 0.0066, l_d_B_real: 0.1529, l_d_B_fake: 0.0432
[7200/500000] l_const_A: 0.0065 l_const_B: 0.0036, l_gan_A: 5.7313, l_gan_B: 1.7923
[7200/500000] l_dsl_A: 0.3718 l_dsl_B: 0.3718
[*] Samples saved: /gdata/huangzp/dsl_sgen/logs/img_align_celeba_2018-03-04_23-55-07/7200_x_AB.png
[*] Samples saved: /gdata/huangzp/dsl_sgen/logs/img_align_celeba_2018-03-04_23-55-07/7200_x_ABA.png
[*] Samples saved: /gdata/huangzp/dsl_sgen/logs/img_align_celeba_2018-03-04_23-55-07/7200_x_BA.png
[*] Samples saved: /gdata/huangzp/dsl_sgen/logs/img_align_celeba_2018-03-04_23-55-07/7200_x_BAB.png
[!] Sampled dataset from A and B have different # of data. Try resampling...
[*] Save models to /gdata/huangzp/dsl_sgen/logs/img_align_celeba_2018-03-04_23-55-07...
[7500/500000] Loss_D: 0.3401 Loss_G: 100.1178
[7500/500000] l_d_A_real: 0.0152 l_d_A_fake: 0.2161, l_d_B_real: 0.0364, l_d_B_fake: 0.0724
[7500/500000] l_const_A: 0.0050 l_const_B: 0.0056, l_gan_A: 5.1077, l_gan_B: 3.6879
[7500/500000] l_dsl_A: 0.0015 l_dsl_B: 0.0015
[*] Samples saved: /gdata/huangzp/dsl_sgen/logs/img_align_celeba_2018-03-04_23-55-07/7500_x_AB.png
[*] Samples saved: /gdata/huangzp/dsl_sgen/logs/img_align_celeba_2018-03-04_23-55-07/7500_x_ABA.png
[*] Samples saved: /gdata/huangzp/dsl_sgen/logs/img_align_celeba_2018-03-04_23-55-07/7500_x_BA.png
[*] Samples saved: /gdata/huangzp/dsl_sgen/logs/img_align_celeba_2018-03-04_23-55-07/7500_x_BAB.png
[!] Sampled dataset from A and B have different # of data. Try resampling...
[*] Save models to /gdata/huangzp/dsl_sgen/logs/img_align_celeba_2018-03-04_23-55-07...
[7800/500000] Loss_D: 0.3678 Loss_G: 101.1664
[7800/500000] l_d_A_real: 0.0035 l_d_A_fake: 0.0043, l_d_B_real: 0.2205, l_d_B_fake: 0.1395
[7800/500000] l_const_A: 0.0053 l_const_B: 0.0052, l_gan_A: 6.4615, l_gan_B: 4.5957
[7800/500000] l_dsl_A: 0.7189 l_dsl_B: 0.7189
[*] Samples saved: /gdata/huangzp/dsl_sgen/logs/img_align_celeba_2018-03-04_23-55-07/7800_x_AB.png
[*] Samples saved: /gdata/huangzp/dsl_sgen/logs/img_align_celeba_2018-03-04_23-55-07/7800_x_ABA.png
[*] Samples saved: /gdata/huangzp/dsl_sgen/logs/img_align_celeba_2018-03-04_23-55-07/7800_x_BA.png
[*] Samples saved: /gdata/huangzp/dsl_sgen/logs/img_align_celeba_2018-03-04_23-55-07/7800_x_BAB.png
[!] Sampled dataset from A and B have different # of data. Try resampling...
[*] Save models to /gdata/huangzp/dsl_sgen/logs/img_align_celeba_2018-03-04_23-55-07...
[8100/500000] Loss_D: 0.8458 Loss_G: 92.9405
[8100/500000] l_d_A_real: 0.0026 l_d_A_fake: 0.0016, l_d_B_real: 0.1356, l_d_B_fake: 0.7060
[8100/500000] l_const_A: 0.0051 l_const_B: 0.0032, l_gan_A: 6.3550, l_gan_B: 1.9882
[8100/500000] l_dsl_A: 0.1598 l_dsl_B: 0.1598
[*] Samples saved: /gdata/huangzp/dsl_sgen/logs/img_align_celeba_2018-03-04_23-55-07/8100_x_AB.png
[*] Samples saved: /gdata/huangzp/dsl_sgen/logs/img_align_celeba_2018-03-04_23-55-07/8100_x_ABA.png
[*] Samples saved: /gdata/huangzp/dsl_sgen/logs/img_align_celeba_2018-03-04_23-55-07/8100_x_BA.png
[*] Samples saved: /gdata/huangzp/dsl_sgen/logs/img_align_celeba_2018-03-04_23-55-07/8100_x_BAB.png
[!] Sampled dataset from A and B have different # of data. Try resampling...
[*] Save models to /gdata/huangzp/dsl_sgen/logs/img_align_celeba_2018-03-04_23-55-07...
[8400/500000] Loss_D: 0.3156 Loss_G: 93.6731
[8400/500000] l_d_A_real: 0.0031 l_d_A_fake: 0.0051, l_d_B_real: 0.1112, l_d_B_fake: 0.1963
[8400/500000] l_const_A: 0.0047 l_const_B: 0.0035, l_gan_A: 6.1984, l_gan_B: 3.2802
[8400/500000] l_dsl_A: 0.2579 l_dsl_B: 0.2579
[*] Samples saved: /gdata/huangzp/dsl_sgen/logs/img_align_celeba_2018-03-04_23-55-07/8400_x_AB.png
[*] Samples saved: /gdata/huangzp/dsl_sgen/logs/img_align_celeba_2018-03-04_23-55-07/8400_x_ABA.png
[*] Samples saved: /gdata/huangzp/dsl_sgen/logs/img_align_celeba_2018-03-04_23-55-07/8400_x_BA.png
[*] Samples saved: /gdata/huangzp/dsl_sgen/logs/img_align_celeba_2018-03-04_23-55-07/8400_x_BAB.png
[!] Sampled dataset from A and B have different # of data. Try resampling...
[*] Save models to /gdata/huangzp/dsl_sgen/logs/img_align_celeba_2018-03-04_23-55-07...
[8700/500000] Loss_D: 0.6842 Loss_G: 93.0311
[8700/500000] l_d_A_real: 0.0009 l_d_A_fake: 0.0009, l_d_B_real: 0.5552, l_d_B_fake: 0.1272
[8700/500000] l_const_A: 0.0046 l_const_B: 0.0036, l_gan_A: 6.8632, l_gan_B: 0.9293
[8700/500000] l_dsl_A: 0.0062 l_dsl_B: 0.0062
[*] Samples saved: /gdata/huangzp/dsl_sgen/logs/img_align_celeba_2018-03-04_23-55-07/8700_x_AB.png
[*] Samples saved: /gdata/huangzp/dsl_sgen/logs/img_align_celeba_2018-03-04_23-55-07/8700_x_ABA.png
[*] Samples saved: /gdata/huangzp/dsl_sgen/logs/img_align_celeba_2018-03-04_23-55-07/8700_x_BA.png
[*] Samples saved: /gdata/huangzp/dsl_sgen/logs/img_align_celeba_2018-03-04_23-55-07/8700_x_BAB.png
[!] Sampled dataset from A and B have different # of data. Try resampling...
[*] Save models to /gdata/huangzp/dsl_sgen/logs/img_align_celeba_2018-03-04_23-55-07...
[9000/500000] Loss_D: 0.6189 Loss_G: 92.6272
[9000/500000] l_d_A_real: 0.0008 l_d_A_fake: 0.0009, l_d_B_real: 0.4951, l_d_B_fake: 0.1221
[9000/500000] l_const_A: 0.0042 l_const_B: 0.0037, l_gan_A: 7.4196, l_gan_B: 0.7875
[9000/500000] l_dsl_A: 0.0030 l_dsl_B: 0.0030
[*] Samples saved: /gdata/huangzp/dsl_sgen/logs/img_align_celeba_2018-03-04_23-55-07/9000_x_AB.png
[*] Samples saved: /gdata/huangzp/dsl_sgen/logs/img_align_celeba_2018-03-04_23-55-07/9000_x_ABA.png
[*] Samples saved: /gdata/huangzp/dsl_sgen/logs/img_align_celeba_2018-03-04_23-55-07/9000_x_BA.png
[*] Samples saved: /gdata/huangzp/dsl_sgen/logs/img_align_celeba_2018-03-04_23-55-07/9000_x_BAB.png
[!] Sampled dataset from A and B have different # of data. Try resampling...
[*] Save models to /gdata/huangzp/dsl_sgen/logs/img_align_celeba_2018-03-04_23-55-07...
[9300/500000] Loss_D: 0.2430 Loss_G: 95.5724
[9300/500000] l_d_A_real: 0.0008 l_d_A_fake: 0.0006, l_d_B_real: 0.2329, l_d_B_fake: 0.0088
[9300/500000] l_const_A: 0.0044 l_const_B: 0.0037, l_gan_A: 7.3937, l_gan_B: 4.4203
[9300/500000] l_dsl_A: 0.0150 l_dsl_B: 0.0150
[*] Samples saved: /gdata/huangzp/dsl_sgen/logs/img_align_celeba_2018-03-04_23-55-07/9300_x_AB.png
[*] Samples saved: /gdata/huangzp/dsl_sgen/logs/img_align_celeba_2018-03-04_23-55-07/9300_x_ABA.png
[*] Samples saved: /gdata/huangzp/dsl_sgen/logs/img_align_celeba_2018-03-04_23-55-07/9300_x_BA.png
[*] Samples saved: /gdata/huangzp/dsl_sgen/logs/img_align_celeba_2018-03-04_23-55-07/9300_x_BAB.png
[!] Sampled dataset from A and B have different # of data. Try resampling...
[*] Save models to /gdata/huangzp/dsl_sgen/logs/img_align_celeba_2018-03-04_23-55-07...
[9600/500000] Loss_D: 0.3650 Loss_G: 91.3628
[9600/500000] l_d_A_real: 0.0041 l_d_A_fake: 0.0036, l_d_B_real: 0.3502, l_d_B_fake: 0.0070
[9600/500000] l_const_A: 0.0047 l_const_B: 0.0036, l_gan_A: 2.9388, l_gan_B: 1.9345
[9600/500000] l_dsl_A: 0.0087 l_dsl_B: 0.0087
[*] Samples saved: /gdata/huangzp/dsl_sgen/logs/img_align_celeba_2018-03-04_23-55-07/9600_x_AB.png
[*] Samples saved: /gdata/huangzp/dsl_sgen/logs/img_align_celeba_2018-03-04_23-55-07/9600_x_ABA.png
[*] Samples saved: /gdata/huangzp/dsl_sgen/logs/img_align_celeba_2018-03-04_23-55-07/9600_x_BA.png
[*] Samples saved: /gdata/huangzp/dsl_sgen/logs/img_align_celeba_2018-03-04_23-55-07/9600_x_BAB.png
[!] Sampled dataset from A and B have different # of data. Try resampling...
[*] Save models to /gdata/huangzp/dsl_sgen/logs/img_align_celeba_2018-03-04_23-55-07...
[9900/500000] Loss_D: 0.9503 Loss_G: 103.5043
[9900/500000] l_d_A_real: 0.0018 l_d_A_fake: 0.0009, l_d_B_real: 0.7102, l_d_B_fake: 0.2375
[9900/500000] l_const_A: 0.0056 l_const_B: 0.0058, l_gan_A: 6.7109, l_gan_B: 1.9653
[9900/500000] l_dsl_A: 0.0088 l_dsl_B: 0.0088
[*] Samples saved: /gdata/huangzp/dsl_sgen/logs/img_align_celeba_2018-03-04_23-55-07/9900_x_AB.png
[*] Samples saved: /gdata/huangzp/dsl_sgen/logs/img_align_celeba_2018-03-04_23-55-07/9900_x_ABA.png
[*] Samples saved: /gdata/huangzp/dsl_sgen/logs/img_align_celeba_2018-03-04_23-55-07/9900_x_BA.png
[*] Samples saved: /gdata/huangzp/dsl_sgen/logs/img_align_celeba_2018-03-04_23-55-07/9900_x_BAB.png
[!] Sampled dataset from A and B have different # of data. Try resampling...
[*] Save models to /gdata/huangzp/dsl_sgen/logs/img_align_celeba_2018-03-04_23-55-07...
[10200/500000] Loss_D: 1.5403 Loss_G: 108.9311
[10200/500000] l_d_A_real: 0.0713 l_d_A_fake: 0.1894, l_d_B_real: 1.2758, l_d_B_fake: 0.0038
[10200/500000] l_const_A: 0.0052 l_const_B: 0.0024, l_gan_A: 5.3222, l_gan_B: 5.7497
[10200/500000] l_dsl_A: 9.5312 l_dsl_B: 9.5312
[*] Samples saved: /gdata/huangzp/dsl_sgen/logs/img_align_celeba_2018-03-04_23-55-07/10200_x_AB.png
[*] Samples saved: /gdata/huangzp/dsl_sgen/logs/img_align_celeba_2018-03-04_23-55-07/10200_x_ABA.png
[*] Samples saved: /gdata/huangzp/dsl_sgen/logs/img_align_celeba_2018-03-04_23-55-07/10200_x_BA.png
[*] Samples saved: /gdata/huangzp/dsl_sgen/logs/img_align_celeba_2018-03-04_23-55-07/10200_x_BAB.png
[!] Sampled dataset from A and B have different # of data. Try resampling...
[*] Save models to /gdata/huangzp/dsl_sgen/logs/img_align_celeba_2018-03-04_23-55-07...
[10500/500000] Loss_D: 0.1793 Loss_G: 99.7961
[10500/500000] l_d_A_real: 0.0019 l_d_A_fake: 0.0033, l_d_B_real: 0.1581, l_d_B_fake: 0.0161
[10500/500000] l_const_A: 0.0057 l_const_B: 0.0048, l_gan_A: 6.5952, l_gan_B: 4.0172
[10500/500000] l_dsl_A: 0.0290 l_dsl_B: 0.0290
[*] Samples saved: /gdata/huangzp/dsl_sgen/logs/img_align_celeba_2018-03-04_23-55-07/10500_x_AB.png
[*] Samples saved: /gdata/huangzp/dsl_sgen/logs/img_align_celeba_2018-03-04_23-55-07/10500_x_ABA.png
[*] Samples saved: /gdata/huangzp/dsl_sgen/logs/img_align_celeba_2018-03-04_23-55-07/10500_x_BA.png
[*] Samples saved: /gdata/huangzp/dsl_sgen/logs/img_align_celeba_2018-03-04_23-55-07/10500_x_BAB.png
[!] Sampled dataset from A and B have different # of data. Try resampling...
[*] Save models to /gdata/huangzp/dsl_sgen/logs/img_align_celeba_2018-03-04_23-55-07...
[10800/500000] Loss_D: 1.2138 Loss_G: 93.6926
[10800/500000] l_d_A_real: 0.4539 l_d_A_fake: 0.1083, l_d_B_real: 0.5251, l_d_B_fake: 0.1265
[10800/500000] l_const_A: 0.0042 l_const_B: 0.0055, l_gan_A: 2.1617, l_gan_B: 0.7114
[10800/500000] l_dsl_A: 0.2102 l_dsl_B: 0.2102
[*] Samples saved: /gdata/huangzp/dsl_sgen/logs/img_align_celeba_2018-03-04_23-55-07/10800_x_AB.png
[*] Samples saved: /gdata/huangzp/dsl_sgen/logs/img_align_celeba_2018-03-04_23-55-07/10800_x_ABA.png
[*] Samples saved: /gdata/huangzp/dsl_sgen/logs/img_align_celeba_2018-03-04_23-55-07/10800_x_BA.png
[*] Samples saved: /gdata/huangzp/dsl_sgen/logs/img_align_celeba_2018-03-04_23-55-07/10800_x_BAB.png
[!] Sampled dataset from A and B have different # of data. Try resampling...
[*] Save models to /gdata/huangzp/dsl_sgen/logs/img_align_celeba_2018-03-04_23-55-07...
[11100/500000] Loss_D: 1.7333 Loss_G: 96.5979
[11100/500000] l_d_A_real: 0.0213 l_d_A_fake: 0.9861, l_d_B_real: 0.6014, l_d_B_fake: 0.1246
[11100/500000] l_const_A: 0.0049 l_const_B: 0.0042, l_gan_A: 4.4251, l_gan_B: 0.7686
[11100/500000] l_dsl_A: 0.6832 l_dsl_B: 0.6832
[*] Samples saved: /gdata/huangzp/dsl_sgen/logs/img_align_celeba_2018-03-04_23-55-07/11100_x_AB.png
[*] Samples saved: /gdata/huangzp/dsl_sgen/logs/img_align_celeba_2018-03-04_23-55-07/11100_x_ABA.png
[*] Samples saved: /gdata/huangzp/dsl_sgen/logs/img_align_celeba_2018-03-04_23-55-07/11100_x_BA.png
[*] Samples saved: /gdata/huangzp/dsl_sgen/logs/img_align_celeba_2018-03-04_23-55-07/11100_x_BAB.png
[!] Sampled dataset from A and B have different # of data. Try resampling...
[!] Sampled dataset from A and B have different # of data. Try resampling...
[*] Save models to /gdata/huangzp/dsl_sgen/logs/img_align_celeba_2018-03-04_23-55-07...
[11400/500000] Loss_D: 0.4660 Loss_G: 104.7590
[11400/500000] l_d_A_real: 0.0267 l_d_A_fake: 0.0128, l_d_B_real: 0.0381, l_d_B_fake: 0.3884
[11400/500000] l_const_A: 0.0068 l_const_B: 0.0072, l_gan_A: 2.8158, l_gan_B: 2.7952
[11400/500000] l_dsl_A: 0.0107 l_dsl_B: 0.0107
[*] Samples saved: /gdata/huangzp/dsl_sgen/logs/img_align_celeba_2018-03-04_23-55-07/11400_x_AB.png
[*] Samples saved: /gdata/huangzp/dsl_sgen/logs/img_align_celeba_2018-03-04_23-55-07/11400_x_ABA.png
[*] Samples saved: /gdata/huangzp/dsl_sgen/logs/img_align_celeba_2018-03-04_23-55-07/11400_x_BA.png
[*] Samples saved: /gdata/huangzp/dsl_sgen/logs/img_align_celeba_2018-03-04_23-55-07/11400_x_BAB.png
[!] Sampled dataset from A and B have different # of data. Try resampling...
[*] Save models to /gdata/huangzp/dsl_sgen/logs/img_align_celeba_2018-03-04_23-55-07...
[11700/500000] Loss_D: 0.9216 Loss_G: 106.8507
[11700/500000] l_d_A_real: 0.0016 l_d_A_fake: 0.0007, l_d_B_real: 0.2303, l_d_B_fake: 0.6890
[11700/500000] l_const_A: 0.0055 l_const_B: 0.0071, l_gan_A: 6.8049, l_gan_B: 2.4151
[11700/500000] l_dsl_A: 0.0020 l_dsl_B: 0.0020
[*] Samples saved: /gdata/huangzp/dsl_sgen/logs/img_align_celeba_2018-03-04_23-55-07/11700_x_AB.png
[*] Samples saved: /gdata/huangzp/dsl_sgen/logs/img_align_celeba_2018-03-04_23-55-07/11700_x_ABA.png
[*] Samples saved: /gdata/huangzp/dsl_sgen/logs/img_align_celeba_2018-03-04_23-55-07/11700_x_BA.png
[*] Samples saved: /gdata/huangzp/dsl_sgen/logs/img_align_celeba_2018-03-04_23-55-07/11700_x_BAB.png
[!] Sampled dataset from A and B have different # of data. Try resampling...
[*] Save models to /gdata/huangzp/dsl_sgen/logs/img_align_celeba_2018-03-04_23-55-07...
[12000/500000] Loss_D: 0.4505 Loss_G: 96.4868
[12000/500000] l_d_A_real: 0.0329 l_d_A_fake: 0.3649, l_d_B_real: 0.0187, l_d_B_fake: 0.0340
[12000/500000] l_const_A: 0.0052 l_const_B: 0.0040, l_gan_A: 5.5494, l_gan_B: 4.0766
[12000/500000] l_dsl_A: 0.0403 l_dsl_B: 0.0403
[*] Samples saved: /gdata/huangzp/dsl_sgen/logs/img_align_celeba_2018-03-04_23-55-07/12000_x_AB.png
[*] Samples saved: /gdata/huangzp/dsl_sgen/logs/img_align_celeba_2018-03-04_23-55-07/12000_x_ABA.png
[*] Samples saved: /gdata/huangzp/dsl_sgen/logs/img_align_celeba_2018-03-04_23-55-07/12000_x_BA.png
[*] Samples saved: /gdata/huangzp/dsl_sgen/logs/img_align_celeba_2018-03-04_23-55-07/12000_x_BAB.png
[!] Sampled dataset from A and B have different # of data. Try resampling...
[*] Save models to /gdata/huangzp/dsl_sgen/logs/img_align_celeba_2018-03-04_23-55-07...
[12300/500000] Loss_D: 1.3876 Loss_G: 94.7148
[12300/500000] l_d_A_real: 0.0015 l_d_A_fake: 0.0009, l_d_B_real: 0.6173, l_d_B_fake: 0.7679
[12300/500000] l_const_A: 0.0044 l_const_B: 0.0033, l_gan_A: 6.7612, l_gan_B: 1.8375
[12300/500000] l_dsl_A: 0.4906 l_dsl_B: 0.4906
[*] Samples saved: /gdata/huangzp/dsl_sgen/logs/img_align_celeba_2018-03-04_23-55-07/12300_x_AB.png
[*] Samples saved: /gdata/huangzp/dsl_sgen/logs/img_align_celeba_2018-03-04_23-55-07/12300_x_ABA.png
[*] Samples saved: /gdata/huangzp/dsl_sgen/logs/img_align_celeba_2018-03-04_23-55-07/12300_x_BA.png
[*] Samples saved: /gdata/huangzp/dsl_sgen/logs/img_align_celeba_2018-03-04_23-55-07/12300_x_BAB.png
[!] Sampled dataset from A and B have different # of data. Try resampling...
[*] Save models to /gdata/huangzp/dsl_sgen/logs/img_align_celeba_2018-03-04_23-55-07...
[12600/500000] Loss_D: 0.2675 Loss_G: 101.4345
[12600/500000] l_d_A_real: 0.0016 l_d_A_fake: 0.0010, l_d_B_real: 0.0259, l_d_B_fake: 0.2391
[12600/500000] l_const_A: 0.0052 l_const_B: 0.0052, l_gan_A: 7.2458, l_gan_B: 4.9790
[12600/500000] l_dsl_A: 0.0146 l_dsl_B: 0.0146
[*] Samples saved: /gdata/huangzp/dsl_sgen/logs/img_align_celeba_2018-03-04_23-55-07/12600_x_AB.png
[*] Samples saved: /gdata/huangzp/dsl_sgen/logs/img_align_celeba_2018-03-04_23-55-07/12600_x_ABA.png
[*] Samples saved: /gdata/huangzp/dsl_sgen/logs/img_align_celeba_2018-03-04_23-55-07/12600_x_BA.png
[*] Samples saved: /gdata/huangzp/dsl_sgen/logs/img_align_celeba_2018-03-04_23-55-07/12600_x_BAB.png
[!] Sampled dataset from A and B have different # of data. Try resampling...
[*] Save models to /gdata/huangzp/dsl_sgen/logs/img_align_celeba_2018-03-04_23-55-07...
[12900/500000] Loss_D: 0.7045 Loss_G: 113.5619
[12900/500000] l_d_A_real: 0.0012 l_d_A_fake: 0.0004, l_d_B_real: 0.6997, l_d_B_fake: 0.0033
[12900/500000] l_const_A: 0.0062 l_const_B: 0.0026, l_gan_A: 8.5758, l_gan_B: 5.8997
[12900/500000] l_dsl_A: 8.6947 l_dsl_B: 8.6947
[*] Samples saved: /gdata/huangzp/dsl_sgen/logs/img_align_celeba_2018-03-04_23-55-07/12900_x_AB.png
[*] Samples saved: /gdata/huangzp/dsl_sgen/logs/img_align_celeba_2018-03-04_23-55-07/12900_x_ABA.png
[*] Samples saved: /gdata/huangzp/dsl_sgen/logs/img_align_celeba_2018-03-04_23-55-07/12900_x_BA.png
[*] Samples saved: /gdata/huangzp/dsl_sgen/logs/img_align_celeba_2018-03-04_23-55-07/12900_x_BAB.png
[!] Sampled dataset from A and B have different # of data. Try resampling...
[*] Save models to /gdata/huangzp/dsl_sgen/logs/img_align_celeba_2018-03-04_23-55-07...
[13200/500000] Loss_D: 0.8520 Loss_G: 99.2454
[13200/500000] l_d_A_real: 0.0045 l_d_A_fake: 0.0311, l_d_B_real: 0.3194, l_d_B_fake: 0.4971
[13200/500000] l_const_A: 0.0046 l_const_B: 0.0048, l_gan_A: 5.7990, l_gan_B: 3.4261
[13200/500000] l_dsl_A: 0.0026 l_dsl_B: 0.0026
[*] Samples saved: /gdata/huangzp/dsl_sgen/logs/img_align_celeba_2018-03-04_23-55-07/13200_x_AB.png
[*] Samples saved: /gdata/huangzp/dsl_sgen/logs/img_align_celeba_2018-03-04_23-55-07/13200_x_ABA.png
[*] Samples saved: /gdata/huangzp/dsl_sgen/logs/img_align_celeba_2018-03-04_23-55-07/13200_x_BA.png
[*] Samples saved: /gdata/huangzp/dsl_sgen/logs/img_align_celeba_2018-03-04_23-55-07/13200_x_BAB.png
[!] Sampled dataset from A and B have different # of data. Try resampling...
[*] Save models to /gdata/huangzp/dsl_sgen/logs/img_align_celeba_2018-03-04_23-55-07...
[13500/500000] Loss_D: 0.1994 Loss_G: 99.2668
[13500/500000] l_d_A_real: 0.0021 l_d_A_fake: 0.0039, l_d_B_real: 0.0387, l_d_B_fake: 0.1546
[13500/500000] l_const_A: 0.0052 l_const_B: 0.0044, l_gan_A: 7.2292, l_gan_B: 2.1315
[13500/500000] l_dsl_A: 0.3330 l_dsl_B: 0.3330
[*] Samples saved: /gdata/huangzp/dsl_sgen/logs/img_align_celeba_2018-03-04_23-55-07/13500_x_AB.png
[*] Samples saved: /gdata/huangzp/dsl_sgen/logs/img_align_celeba_2018-03-04_23-55-07/13500_x_ABA.png
[*] Samples saved: /gdata/huangzp/dsl_sgen/logs/img_align_celeba_2018-03-04_23-55-07/13500_x_BA.png
[*] Samples saved: /gdata/huangzp/dsl_sgen/logs/img_align_celeba_2018-03-04_23-55-07/13500_x_BAB.png
[!] Sampled dataset from A and B have different # of data. Try resampling...
[*] Save models to /gdata/huangzp/dsl_sgen/logs/img_align_celeba_2018-03-04_23-55-07...
[13800/500000] Loss_D: 0.0433 Loss_G: 102.9935
[13800/500000] l_d_A_real: 0.0027 l_d_A_fake: 0.0011, l_d_B_real: 0.0337, l_d_B_fake: 0.0058
[13800/500000] l_const_A: 0.0053 l_const_B: 0.0054, l_gan_A: 7.0027, l_gan_B: 5.0240
[13800/500000] l_dsl_A: 0.0045 l_dsl_B: 0.0045
[*] Samples saved: /gdata/huangzp/dsl_sgen/logs/img_align_celeba_2018-03-04_23-55-07/13800_x_AB.png
[*] Samples saved: /gdata/huangzp/dsl_sgen/logs/img_align_celeba_2018-03-04_23-55-07/13800_x_ABA.png
[*] Samples saved: /gdata/huangzp/dsl_sgen/logs/img_align_celeba_2018-03-04_23-55-07/13800_x_BA.png
[*] Samples saved: /gdata/huangzp/dsl_sgen/logs/img_align_celeba_2018-03-04_23-55-07/13800_x_BAB.png
[!] Sampled dataset from A and B have different # of data. Try resampling...
[*] Save models to /gdata/huangzp/dsl_sgen/logs/img_align_celeba_2018-03-04_23-55-07...
[14100/500000] Loss_D: 0.5362 Loss_G: 95.0768
[14100/500000] l_d_A_real: 0.0012 l_d_A_fake: 0.0008, l_d_B_real: 0.0578, l_d_B_fake: 0.4765
[14100/500000] l_const_A: 0.0046 l_const_B: 0.0029, l_gan_A: 7.9789, l_gan_B: 2.6895
[14100/500000] l_dsl_A: 0.2094 l_dsl_B: 0.2094
[*] Samples saved: /gdata/huangzp/dsl_sgen/logs/img_align_celeba_2018-03-04_23-55-07/14100_x_AB.png
[*] Samples saved: /gdata/huangzp/dsl_sgen/logs/img_align_celeba_2018-03-04_23-55-07/14100_x_ABA.png
[*] Samples saved: /gdata/huangzp/dsl_sgen/logs/img_align_celeba_2018-03-04_23-55-07/14100_x_BA.png
[*] Samples saved: /gdata/huangzp/dsl_sgen/logs/img_align_celeba_2018-03-04_23-55-07/14100_x_BAB.png
[!] Sampled dataset from A and B have different # of data. Try resampling...
[*] Save models to /gdata/huangzp/dsl_sgen/logs/img_align_celeba_2018-03-04_23-55-07...
[14400/500000] Loss_D: 0.2506 Loss_G: 94.2323
[14400/500000] l_d_A_real: 0.0008 l_d_A_fake: 0.0004, l_d_B_real: 0.0387, l_d_B_fake: 0.2107
[14400/500000] l_const_A: 0.0045 l_const_B: 0.0031, l_gan_A: 7.7157, l_gan_B: 0.8371
[14400/500000] l_dsl_A: 0.0074 l_dsl_B: 0.0074
[*] Samples saved: /gdata/huangzp/dsl_sgen/logs/img_align_celeba_2018-03-04_23-55-07/14400_x_AB.png
[*] Samples saved: /gdata/huangzp/dsl_sgen/logs/img_align_celeba_2018-03-04_23-55-07/14400_x_ABA.png
[*] Samples saved: /gdata/huangzp/dsl_sgen/logs/img_align_celeba_2018-03-04_23-55-07/14400_x_BA.png
[*] Samples saved: /gdata/huangzp/dsl_sgen/logs/img_align_celeba_2018-03-04_23-55-07/14400_x_BAB.png
[!] Sampled dataset from A and B have different # of data. Try resampling...
[*] Save models to /gdata/huangzp/dsl_sgen/logs/img_align_celeba_2018-03-04_23-55-07...
[14700/500000] Loss_D: 0.2980 Loss_G: 96.5361
[14700/500000] l_d_A_real: 0.0153 l_d_A_fake: 0.0041, l_d_B_real: 0.1227, l_d_B_fake: 0.1560
[14700/500000] l_const_A: 0.0041 l_const_B: 0.0038, l_gan_A: 6.5925, l_gan_B: 1.0838
[14700/500000] l_dsl_A: 0.0608 l_dsl_B: 0.0608
[*] Samples saved: /gdata/huangzp/dsl_sgen/logs/img_align_celeba_2018-03-04_23-55-07/14700_x_AB.png
[*] Samples saved: /gdata/huangzp/dsl_sgen/logs/img_align_celeba_2018-03-04_23-55-07/14700_x_ABA.png
[*] Samples saved: /gdata/huangzp/dsl_sgen/logs/img_align_celeba_2018-03-04_23-55-07/14700_x_BA.png
[*] Samples saved: /gdata/huangzp/dsl_sgen/logs/img_align_celeba_2018-03-04_23-55-07/14700_x_BAB.png
[!] Sampled dataset from A and B have different # of data. Try resampling...
[*] Save models to /gdata/huangzp/dsl_sgen/logs/img_align_celeba_2018-03-04_23-55-07...
[15000/500000] Loss_D: 0.1054 Loss_G: 101.6395
[15000/500000] l_d_A_real: 0.0010 l_d_A_fake: 0.0004, l_d_B_real: 0.0918, l_d_B_fake: 0.0121
[15000/500000] l_const_A: 0.0044 l_const_B: 0.0051, l_gan_A: 6.6525, l_gan_B: 1.3724
[15000/500000] l_dsl_A: 0.0018 l_dsl_B: 0.0018
[*] Samples saved: /gdata/huangzp/dsl_sgen/logs/img_align_celeba_2018-03-04_23-55-07/15000_x_AB.png
[*] Samples saved: /gdata/huangzp/dsl_sgen/logs/img_align_celeba_2018-03-04_23-55-07/15000_x_ABA.png
[*] Samples saved: /gdata/huangzp/dsl_sgen/logs/img_align_celeba_2018-03-04_23-55-07/15000_x_BA.png
[*] Samples saved: /gdata/huangzp/dsl_sgen/logs/img_align_celeba_2018-03-04_23-55-07/15000_x_BAB.png
[!] Sampled dataset from A and B have different # of data. Try resampling...
[*] Save models to /gdata/huangzp/dsl_sgen/logs/img_align_celeba_2018-03-04_23-55-07...
[15300/500000] Loss_D: 0.1252 Loss_G: 91.2544
[15300/500000] l_d_A_real: 0.0018 l_d_A_fake: 0.0004, l_d_B_real: 0.0445, l_d_B_fake: 0.0785
[15300/500000] l_const_A: 0.0044 l_const_B: 0.0029, l_gan_A: 4.2304, l_gan_B: 0.7741
[15300/500000] l_dsl_A: 0.0184 l_dsl_B: 0.0184
[*] Samples saved: /gdata/huangzp/dsl_sgen/logs/img_align_celeba_2018-03-04_23-55-07/15300_x_AB.png
[*] Samples saved: /gdata/huangzp/dsl_sgen/logs/img_align_celeba_2018-03-04_23-55-07/15300_x_ABA.png
[*] Samples saved: /gdata/huangzp/dsl_sgen/logs/img_align_celeba_2018-03-04_23-55-07/15300_x_BA.png
[*] Samples saved: /gdata/huangzp/dsl_sgen/logs/img_align_celeba_2018-03-04_23-55-07/15300_x_BAB.png
[!] Sampled dataset from A and B have different # of data. Try resampling...
[*] Save models to /gdata/huangzp/dsl_sgen/logs/img_align_celeba_2018-03-04_23-55-07...
[15600/500000] Loss_D: 0.6975 Loss_G: 93.5983
[15600/500000] l_d_A_real: 0.0007 l_d_A_fake: 0.0002, l_d_B_real: 0.2659, l_d_B_fake: 0.4307
[15600/500000] l_const_A: 0.0048 l_const_B: 0.0021, l_gan_A: 8.8680, l_gan_B: 1.3517
[15600/500000] l_dsl_A: 1.4262 l_dsl_B: 1.4262
[*] Samples saved: /gdata/huangzp/dsl_sgen/logs/img_align_celeba_2018-03-04_23-55-07/15600_x_AB.png
[*] Samples saved: /gdata/huangzp/dsl_sgen/logs/img_align_celeba_2018-03-04_23-55-07/15600_x_ABA.png
[*] Samples saved: /gdata/huangzp/dsl_sgen/logs/img_align_celeba_2018-03-04_23-55-07/15600_x_BA.png
[*] Samples saved: /gdata/huangzp/dsl_sgen/logs/img_align_celeba_2018-03-04_23-55-07/15600_x_BAB.png
[!] Sampled dataset from A and B have different # of data. Try resampling...
[*] Save models to /gdata/huangzp/dsl_sgen/logs/img_align_celeba_2018-03-04_23-55-07...
[15900/500000] Loss_D: 0.0865 Loss_G: 102.9453
[15900/500000] l_d_A_real: 0.0016 l_d_A_fake: 0.0004, l_d_B_real: 0.0740, l_d_B_fake: 0.0105
[15900/500000] l_const_A: 0.0053 l_const_B: 0.0048, l_gan_A: 7.9984, l_gan_B: 4.4156
[15900/500000] l_dsl_A: 0.0188 l_dsl_B: 0.0188
[*] Samples saved: /gdata/huangzp/dsl_sgen/logs/img_align_celeba_2018-03-04_23-55-07/15900_x_AB.png
[*] Samples saved: /gdata/huangzp/dsl_sgen/logs/img_align_celeba_2018-03-04_23-55-07/15900_x_ABA.png
[*] Samples saved: /gdata/huangzp/dsl_sgen/logs/img_align_celeba_2018-03-04_23-55-07/15900_x_BA.png
[*] Samples saved: /gdata/huangzp/dsl_sgen/logs/img_align_celeba_2018-03-04_23-55-07/15900_x_BAB.png
[!] Sampled dataset from A and B have different # of data. Try resampling...
[*] Save models to /gdata/huangzp/dsl_sgen/logs/img_align_celeba_2018-03-04_23-55-07...
[16200/500000] Loss_D: 0.3646 Loss_G: 96.0610
[16200/500000] l_d_A_real: 0.0009 l_d_A_fake: 0.0008, l_d_B_real: 0.0181, l_d_B_fake: 0.3448
[16200/500000] l_const_A: 0.0050 l_const_B: 0.0029, l_gan_A: 8.6703, l_gan_B: 2.1883
[16200/500000] l_dsl_A: 0.5879 l_dsl_B: 0.5879
[*] Samples saved: /gdata/huangzp/dsl_sgen/logs/img_align_celeba_2018-03-04_23-55-07/16200_x_AB.png
[*] Samples saved: /gdata/huangzp/dsl_sgen/logs/img_align_celeba_2018-03-04_23-55-07/16200_x_ABA.png
[*] Samples saved: /gdata/huangzp/dsl_sgen/logs/img_align_celeba_2018-03-04_23-55-07/16200_x_BA.png
[*] Samples saved: /gdata/huangzp/dsl_sgen/logs/img_align_celeba_2018-03-04_23-55-07/16200_x_BAB.png
[!] Sampled dataset from A and B have different # of data. Try resampling...
[*] Save models to /gdata/huangzp/dsl_sgen/logs/img_align_celeba_2018-03-04_23-55-07...
[16500/500000] Loss_D: 2.4990 Loss_G: 101.4821
[16500/500000] l_d_A_real: 0.0004 l_d_A_fake: 0.0002, l_d_B_real: 2.4009, l_d_B_fake: 0.0975
[16500/500000] l_const_A: 0.0041 l_const_B: 0.0054, l_gan_A: 7.9069, l_gan_B: 0.7236
[16500/500000] l_dsl_A: 0.0018 l_dsl_B: 0.0018
[*] Samples saved: /gdata/huangzp/dsl_sgen/logs/img_align_celeba_2018-03-04_23-55-07/16500_x_AB.png
[*] Samples saved: /gdata/huangzp/dsl_sgen/logs/img_align_celeba_2018-03-04_23-55-07/16500_x_ABA.png
[*] Samples saved: /gdata/huangzp/dsl_sgen/logs/img_align_celeba_2018-03-04_23-55-07/16500_x_BA.png
[*] Samples saved: /gdata/huangzp/dsl_sgen/logs/img_align_celeba_2018-03-04_23-55-07/16500_x_BAB.png
[!] Sampled dataset from A and B have different # of data. Try resampling...
[*] Save models to /gdata/huangzp/dsl_sgen/logs/img_align_celeba_2018-03-04_23-55-07...
[16800/500000] Loss_D: 0.0871 Loss_G: 94.0100
[16800/500000] l_d_A_real: 0.0205 l_d_A_fake: 0.0069, l_d_B_real: 0.0239, l_d_B_fake: 0.0358
[16800/500000] l_const_A: 0.0048 l_const_B: 0.0031, l_gan_A: 6.0217, l_gan_B: 1.0653
[16800/500000] l_dsl_A: 0.1538 l_dsl_B: 0.1538
[*] Samples saved: /gdata/huangzp/dsl_sgen/logs/img_align_celeba_2018-03-04_23-55-07/16800_x_AB.png
[*] Samples saved: /gdata/huangzp/dsl_sgen/logs/img_align_celeba_2018-03-04_23-55-07/16800_x_ABA.png
[*] Samples saved: /gdata/huangzp/dsl_sgen/logs/img_align_celeba_2018-03-04_23-55-07/16800_x_BA.png
[*] Samples saved: /gdata/huangzp/dsl_sgen/logs/img_align_celeba_2018-03-04_23-55-07/16800_x_BAB.png
[!] Sampled dataset from A and B have different # of data. Try resampling...
[!] Sampled dataset from A and B have different # of data. Try resampling...
[*] Save models to /gdata/huangzp/dsl_sgen/logs/img_align_celeba_2018-03-04_23-55-07...
[17100/500000] Loss_D: 0.0973 Loss_G: 98.2114
[17100/500000] l_d_A_real: 0.0248 l_d_A_fake: 0.0089, l_d_B_real: 0.0104, l_d_B_fake: 0.0533
[17100/500000] l_const_A: 0.0059 l_const_B: 0.0040, l_gan_A: 4.6936, l_gan_B: 2.8495
[17100/500000] l_dsl_A: 0.0091 l_dsl_B: 0.0091
[*] Samples saved: /gdata/huangzp/dsl_sgen/logs/img_align_celeba_2018-03-04_23-55-07/17100_x_AB.png
[*] Samples saved: /gdata/huangzp/dsl_sgen/logs/img_align_celeba_2018-03-04_23-55-07/17100_x_ABA.png
[*] Samples saved: /gdata/huangzp/dsl_sgen/logs/img_align_celeba_2018-03-04_23-55-07/17100_x_BA.png
[*] Samples saved: /gdata/huangzp/dsl_sgen/logs/img_align_celeba_2018-03-04_23-55-07/17100_x_BAB.png
[!] Sampled dataset from A and B have different # of data. Try resampling...
[*] Save models to /gdata/huangzp/dsl_sgen/logs/img_align_celeba_2018-03-04_23-55-07...
[17400/500000] Loss_D: 0.0692 Loss_G: 106.7842
[17400/500000] l_d_A_real: 0.0178 l_d_A_fake: 0.0018, l_d_B_real: 0.0311, l_d_B_fake: 0.0186
[17400/500000] l_const_A: 0.0052 l_const_B: 0.0058, l_gan_A: 6.5068, l_gan_B: 3.6449
[17400/500000] l_dsl_A: 0.0058 l_dsl_B: 0.0058
[*] Samples saved: /gdata/huangzp/dsl_sgen/logs/img_align_celeba_2018-03-04_23-55-07/17400_x_AB.png
[*] Samples saved: /gdata/huangzp/dsl_sgen/logs/img_align_celeba_2018-03-04_23-55-07/17400_x_ABA.png
[*] Samples saved: /gdata/huangzp/dsl_sgen/logs/img_align_celeba_2018-03-04_23-55-07/17400_x_BA.png
[*] Samples saved: /gdata/huangzp/dsl_sgen/logs/img_align_celeba_2018-03-04_23-55-07/17400_x_BAB.png
[!] Sampled dataset from A and B have different # of data. Try resampling...
[*] Save models to /gdata/huangzp/dsl_sgen/logs/img_align_celeba_2018-03-04_23-55-07...
[17700/500000] Loss_D: 0.2363 Loss_G: 94.7037
[17700/500000] l_d_A_real: 0.0010 l_d_A_fake: 0.0004, l_d_B_real: 0.0572, l_d_B_fake: 0.1777
[17700/500000] l_const_A: 0.0049 l_const_B: 0.0023, l_gan_A: 8.5798, l_gan_B: 4.4876
[17700/500000] l_dsl_A: 0.3949 l_dsl_B: 0.3949
[*] Samples saved: /gdata/huangzp/dsl_sgen/logs/img_align_celeba_2018-03-04_23-55-07/17700_x_AB.png
[*] Samples saved: /gdata/huangzp/dsl_sgen/logs/img_align_celeba_2018-03-04_23-55-07/17700_x_ABA.png
[*] Samples saved: /gdata/huangzp/dsl_sgen/logs/img_align_celeba_2018-03-04_23-55-07/17700_x_BA.png
[*] Samples saved: /gdata/huangzp/dsl_sgen/logs/img_align_celeba_2018-03-04_23-55-07/17700_x_BAB.png
[!] Sampled dataset from A and B have different # of data. Try resampling...
[*] Save models to /gdata/huangzp/dsl_sgen/logs/img_align_celeba_2018-03-04_23-55-07...
[18000/500000] Loss_D: 0.3945 Loss_G: 96.6724
[18000/500000] l_d_A_real: 0.0033 l_d_A_fake: 0.0003, l_d_B_real: 0.3863, l_d_B_fake: 0.0045
[18000/500000] l_const_A: 0.0043 l_const_B: 0.0031, l_gan_A: 8.1112, l_gan_B: 4.4889
[18000/500000] l_dsl_A: 0.2465 l_dsl_B: 0.2465
[*] Samples saved: /gdata/huangzp/dsl_sgen/logs/img_align_celeba_2018-03-04_23-55-07/18000_x_AB.png
[*] Samples saved: /gdata/huangzp/dsl_sgen/logs/img_align_celeba_2018-03-04_23-55-07/18000_x_ABA.png
[*] Samples saved: /gdata/huangzp/dsl_sgen/logs/img_align_celeba_2018-03-04_23-55-07/18000_x_BA.png
[*] Samples saved: /gdata/huangzp/dsl_sgen/logs/img_align_celeba_2018-03-04_23-55-07/18000_x_BAB.png
[!] Sampled dataset from A and B have different # of data. Try resampling...
[*] Save models to /gdata/huangzp/dsl_sgen/logs/img_align_celeba_2018-03-04_23-55-07...
[18300/500000] Loss_D: 0.2071 Loss_G: 97.5723
[18300/500000] l_d_A_real: 0.0011 l_d_A_fake: 0.0003, l_d_B_real: 0.0564, l_d_B_fake: 0.1492
[18300/500000] l_const_A: 0.0054 l_const_B: 0.0033, l_gan_A: 8.5090, l_gan_B: 4.8012
[18300/500000] l_dsl_A: 0.0436 l_dsl_B: 0.0436
[*] Samples saved: /gdata/huangzp/dsl_sgen/logs/img_align_celeba_2018-03-04_23-55-07/18300_x_AB.png
[*] Samples saved: /gdata/huangzp/dsl_sgen/logs/img_align_celeba_2018-03-04_23-55-07/18300_x_ABA.png
[*] Samples saved: /gdata/huangzp/dsl_sgen/logs/img_align_celeba_2018-03-04_23-55-07/18300_x_BA.png
[*] Samples saved: /gdata/huangzp/dsl_sgen/logs/img_align_celeba_2018-03-04_23-55-07/18300_x_BAB.png
[!] Sampled dataset from A and B have different # of data. Try resampling...
[*] Save models to /gdata/huangzp/dsl_sgen/logs/img_align_celeba_2018-03-04_23-55-07...
[18600/500000] Loss_D: 0.5590 Loss_G: 107.9603
[18600/500000] l_d_A_real: 0.0006 l_d_A_fake: 0.0002, l_d_B_real: 0.5565, l_d_B_fake: 0.0018
[18600/500000] l_const_A: 0.0064 l_const_B: 0.0046, l_gan_A: 8.3014, l_gan_B: 5.9824
[18600/500000] l_dsl_A: 0.1752 l_dsl_B: 0.1752
[*] Samples saved: /gdata/huangzp/dsl_sgen/logs/img_align_celeba_2018-03-04_23-55-07/18600_x_AB.png
[*] Samples saved: /gdata/huangzp/dsl_sgen/logs/img_align_celeba_2018-03-04_23-55-07/18600_x_ABA.png
[*] Samples saved: /gdata/huangzp/dsl_sgen/logs/img_align_celeba_2018-03-04_23-55-07/18600_x_BA.png
[*] Samples saved: /gdata/huangzp/dsl_sgen/logs/img_align_celeba_2018-03-04_23-55-07/18600_x_BAB.png
[!] Sampled dataset from A and B have different # of data. Try resampling...
[*] Save models to /gdata/huangzp/dsl_sgen/logs/img_align_celeba_2018-03-04_23-55-07...
[18900/500000] Loss_D: 0.1790 Loss_G: 92.5443
[18900/500000] l_d_A_real: 0.0020 l_d_A_fake: 0.0112, l_d_B_real: 0.1501, l_d_B_fake: 0.0157
[18900/500000] l_const_A: 0.0045 l_const_B: 0.0024, l_gan_A: 7.9802, l_gan_B: 3.7623
[18900/500000] l_dsl_A: 0.0224 l_dsl_B: 0.0224
[*] Samples saved: /gdata/huangzp/dsl_sgen/logs/img_align_celeba_2018-03-04_23-55-07/18900_x_AB.png
[*] Samples saved: /gdata/huangzp/dsl_sgen/logs/img_align_celeba_2018-03-04_23-55-07/18900_x_ABA.png
[*] Samples saved: /gdata/huangzp/dsl_sgen/logs/img_align_celeba_2018-03-04_23-55-07/18900_x_BA.png
[*] Samples saved: /gdata/huangzp/dsl_sgen/logs/img_align_celeba_2018-03-04_23-55-07/18900_x_BAB.png
[!] Sampled dataset from A and B have different # of data. Try resampling...
[*] Save models to /gdata/huangzp/dsl_sgen/logs/img_align_celeba_2018-03-04_23-55-07...
[19200/500000] Loss_D: 0.0456 Loss_G: 102.4043
[19200/500000] l_d_A_real: 0.0015 l_d_A_fake: 0.0003, l_d_B_real: 0.0263, l_d_B_fake: 0.0175
[19200/500000] l_const_A: 0.0048 l_const_B: 0.0027, l_gan_A: 8.7539, l_gan_B: 5.6462
[19200/500000] l_dsl_A: 3.4194 l_dsl_B: 3.4194
[*] Samples saved: /gdata/huangzp/dsl_sgen/logs/img_align_celeba_2018-03-04_23-55-07/19200_x_AB.png
[*] Samples saved: /gdata/huangzp/dsl_sgen/logs/img_align_celeba_2018-03-04_23-55-07/19200_x_ABA.png
[*] Samples saved: /gdata/huangzp/dsl_sgen/logs/img_align_celeba_2018-03-04_23-55-07/19200_x_BA.png
[*] Samples saved: /gdata/huangzp/dsl_sgen/logs/img_align_celeba_2018-03-04_23-55-07/19200_x_BAB.png
[!] Sampled dataset from A and B have different # of data. Try resampling...
[*] Save models to /gdata/huangzp/dsl_sgen/logs/img_align_celeba_2018-03-04_23-55-07...
[19500/500000] Loss_D: 0.0331 Loss_G: 102.0052
[19500/500000] l_d_A_real: 0.0021 l_d_A_fake: 0.0006, l_d_B_real: 0.0150, l_d_B_fake: 0.0154
[19500/500000] l_const_A: 0.0051 l_const_B: 0.0046, l_gan_A: 7.3772, l_gan_B: 3.9832
[19500/500000] l_dsl_A: 0.0018 l_dsl_B: 0.0018
[*] Samples saved: /gdata/huangzp/dsl_sgen/logs/img_align_celeba_2018-03-04_23-55-07/19500_x_AB.png
[*] Samples saved: /gdata/huangzp/dsl_sgen/logs/img_align_celeba_2018-03-04_23-55-07/19500_x_ABA.png
[*] Samples saved: /gdata/huangzp/dsl_sgen/logs/img_align_celeba_2018-03-04_23-55-07/19500_x_BA.png
[*] Samples saved: /gdata/huangzp/dsl_sgen/logs/img_align_celeba_2018-03-04_23-55-07/19500_x_BAB.png
[!] Sampled dataset from A and B have different # of data. Try resampling...
[*] Save models to /gdata/huangzp/dsl_sgen/logs/img_align_celeba_2018-03-04_23-55-07...
[19800/500000] Loss_D: 0.5814 Loss_G: 99.0486
[19800/500000] l_d_A_real: 0.0009 l_d_A_fake: 0.0008, l_d_B_real: 0.0312, l_d_B_fake: 0.5484
[19800/500000] l_const_A: 0.0044 l_const_B: 0.0036, l_gan_A: 7.9750, l_gan_B: 4.7995
[19800/500000] l_dsl_A: 0.0171 l_dsl_B: 0.0171
[*] Samples saved: /gdata/huangzp/dsl_sgen/logs/img_align_celeba_2018-03-04_23-55-07/19800_x_AB.png
[*] Samples saved: /gdata/huangzp/dsl_sgen/logs/img_align_celeba_2018-03-04_23-55-07/19800_x_ABA.png
[*] Samples saved: /gdata/huangzp/dsl_sgen/logs/img_align_celeba_2018-03-04_23-55-07/19800_x_BA.png
[*] Samples saved: /gdata/huangzp/dsl_sgen/logs/img_align_celeba_2018-03-04_23-55-07/19800_x_BAB.png
[!] Sampled dataset from A and B have different # of data. Try resampling...
[*] Save models to /gdata/huangzp/dsl_sgen/logs/img_align_celeba_2018-03-04_23-55-07...
[20100/500000] Loss_D: 0.2188 Loss_G: 97.1756
[20100/500000] l_d_A_real: 0.0006 l_d_A_fake: 0.0002, l_d_B_real: 0.0609, l_d_B_fake: 0.1571
[20100/500000] l_const_A: 0.0047 l_const_B: 0.0030, l_gan_A: 8.9627, l_gan_B: 0.5909
[20100/500000] l_dsl_A: 0.0034 l_dsl_B: 0.0034
[*] Samples saved: /gdata/huangzp/dsl_sgen/logs/img_align_celeba_2018-03-04_23-55-07/20100_x_AB.png
[*] Samples saved: /gdata/huangzp/dsl_sgen/logs/img_align_celeba_2018-03-04_23-55-07/20100_x_ABA.png
[*] Samples saved: /gdata/huangzp/dsl_sgen/logs/img_align_celeba_2018-03-04_23-55-07/20100_x_BA.png
[*] Samples saved: /gdata/huangzp/dsl_sgen/logs/img_align_celeba_2018-03-04_23-55-07/20100_x_BAB.png
[!] Sampled dataset from A and B have different # of data. Try resampling...
[*] Save models to /gdata/huangzp/dsl_sgen/logs/img_align_celeba_2018-03-04_23-55-07...
[20400/500000] Loss_D: 0.4560 Loss_G: 96.3427
[20400/500000] l_d_A_real: 0.0011 l_d_A_fake: 0.0003, l_d_B_real: 0.2058, l_d_B_fake: 0.2488
[20400/500000] l_const_A: 0.0040 l_const_B: 0.0029, l_gan_A: 9.2564, l_gan_B: 3.1336
[20400/500000] l_dsl_A: 0.2183 l_dsl_B: 0.2183
[*] Samples saved: /gdata/huangzp/dsl_sgen/logs/img_align_celeba_2018-03-04_23-55-07/20400_x_AB.png
[*] Samples saved: /gdata/huangzp/dsl_sgen/logs/img_align_celeba_2018-03-04_23-55-07/20400_x_ABA.png
[*] Samples saved: /gdata/huangzp/dsl_sgen/logs/img_align_celeba_2018-03-04_23-55-07/20400_x_BA.png
[*] Samples saved: /gdata/huangzp/dsl_sgen/logs/img_align_celeba_2018-03-04_23-55-07/20400_x_BAB.png
[!] Sampled dataset from A and B have different # of data. Try resampling...
[*] Save models to /gdata/huangzp/dsl_sgen/logs/img_align_celeba_2018-03-04_23-55-07...
[20700/500000] Loss_D: 1.0518 Loss_G: 106.5035
[20700/500000] l_d_A_real: 0.0002 l_d_A_fake: 0.0001, l_d_B_real: 0.1069, l_d_B_fake: 0.9446
[20700/500000] l_const_A: 0.0044 l_const_B: 0.0055, l_gan_A: 7.7856, l_gan_B: 3.4092
[20700/500000] l_dsl_A: 0.0020 l_dsl_B: 0.0020
[*] Samples saved: /gdata/huangzp/dsl_sgen/logs/img_align_celeba_2018-03-04_23-55-07/20700_x_AB.png
[*] Samples saved: /gdata/huangzp/dsl_sgen/logs/img_align_celeba_2018-03-04_23-55-07/20700_x_ABA.png
[*] Samples saved: /gdata/huangzp/dsl_sgen/logs/img_align_celeba_2018-03-04_23-55-07/20700_x_BA.png
[*] Samples saved: /gdata/huangzp/dsl_sgen/logs/img_align_celeba_2018-03-04_23-55-07/20700_x_BAB.png
[!] Sampled dataset from A and B have different # of data. Try resampling...
[*] Save models to /gdata/huangzp/dsl_sgen/logs/img_align_celeba_2018-03-04_23-55-07...
[21000/500000] Loss_D: 0.5038 Loss_G: 96.5326
[21000/500000] l_d_A_real: 0.0004 l_d_A_fake: 0.0001, l_d_B_real: 0.0229, l_d_B_fake: 0.4804
[21000/500000] l_const_A: 0.0044 l_const_B: 0.0030, l_gan_A: 7.9166, l_gan_B: 1.0676
[21000/500000] l_dsl_A: 0.0389 l_dsl_B: 0.0389
[*] Samples saved: /gdata/huangzp/dsl_sgen/logs/img_align_celeba_2018-03-04_23-55-07/21000_x_AB.png
[*] Samples saved: /gdata/huangzp/dsl_sgen/logs/img_align_celeba_2018-03-04_23-55-07/21000_x_ABA.png
[*] Samples saved: /gdata/huangzp/dsl_sgen/logs/img_align_celeba_2018-03-04_23-55-07/21000_x_BA.png
[*] Samples saved: /gdata/huangzp/dsl_sgen/logs/img_align_celeba_2018-03-04_23-55-07/21000_x_BAB.png
[!] Sampled dataset from A and B have different # of data. Try resampling...
[*] Save models to /gdata/huangzp/dsl_sgen/logs/img_align_celeba_2018-03-04_23-55-07...
[21300/500000] Loss_D: 0.1695 Loss_G: 98.3001
[21300/500000] l_d_A_real: 0.0329 l_d_A_fake: 0.0209, l_d_B_real: 0.0775, l_d_B_fake: 0.0382
[21300/500000] l_const_A: 0.0049 l_const_B: 0.0043, l_gan_A: 3.5555, l_gan_B: 3.3640
[21300/500000] l_dsl_A: 0.0244 l_dsl_B: 0.0244
[*] Samples saved: /gdata/huangzp/dsl_sgen/logs/img_align_celeba_2018-03-04_23-55-07/21300_x_AB.png
[*] Samples saved: /gdata/huangzp/dsl_sgen/logs/img_align_celeba_2018-03-04_23-55-07/21300_x_ABA.png
[*] Samples saved: /gdata/huangzp/dsl_sgen/logs/img_align_celeba_2018-03-04_23-55-07/21300_x_BA.png
[*] Samples saved: /gdata/huangzp/dsl_sgen/logs/img_align_celeba_2018-03-04_23-55-07/21300_x_BAB.png
[!] Sampled dataset from A and B have different # of data. Try resampling...
[*] Save models to /gdata/huangzp/dsl_sgen/logs/img_align_celeba_2018-03-04_23-55-07...
[21600/500000] Loss_D: 0.2084 Loss_G: 98.7220
[21600/500000] l_d_A_real: 0.0097 l_d_A_fake: 0.0022, l_d_B_real: 0.1923, l_d_B_fake: 0.0042
[21600/500000] l_const_A: 0.0050 l_const_B: 0.0027, l_gan_A: 7.0077, l_gan_B: 5.6412
[21600/500000] l_dsl_A: 2.1215 l_dsl_B: 2.1215
[*] Samples saved: /gdata/huangzp/dsl_sgen/logs/img_align_celeba_2018-03-04_23-55-07/21600_x_AB.png
[*] Samples saved: /gdata/huangzp/dsl_sgen/logs/img_align_celeba_2018-03-04_23-55-07/21600_x_ABA.png
[*] Samples saved: /gdata/huangzp/dsl_sgen/logs/img_align_celeba_2018-03-04_23-55-07/21600_x_BA.png
[*] Samples saved: /gdata/huangzp/dsl_sgen/logs/img_align_celeba_2018-03-04_23-55-07/21600_x_BAB.png
[!] Sampled dataset from A and B have different # of data. Try resampling...
[*] Save models to /gdata/huangzp/dsl_sgen/logs/img_align_celeba_2018-03-04_23-55-07...
[21900/500000] Loss_D: 0.6815 Loss_G: 93.0783
[21900/500000] l_d_A_real: 0.0478 l_d_A_fake: 0.5078, l_d_B_real: 0.0122, l_d_B_fake: 0.1136
[21900/500000] l_const_A: 0.0058 l_const_B: 0.0017, l_gan_A: 6.3119, l_gan_B: 1.4866
[21900/500000] l_dsl_A: 1.3639 l_dsl_B: 1.3639
[*] Samples saved: /gdata/huangzp/dsl_sgen/logs/img_align_celeba_2018-03-04_23-55-07/21900_x_AB.png
[*] Samples saved: /gdata/huangzp/dsl_sgen/logs/img_align_celeba_2018-03-04_23-55-07/21900_x_ABA.png
[*] Samples saved: /gdata/huangzp/dsl_sgen/logs/img_align_celeba_2018-03-04_23-55-07/21900_x_BA.png
[*] Samples saved: /gdata/huangzp/dsl_sgen/logs/img_align_celeba_2018-03-04_23-55-07/21900_x_BAB.png
[!] Sampled dataset from A and B have different # of data. Try resampling...
