Time is date
Directory is /gdata/huangzp/dsl_sgen/jobs
This job runs on following nodes:
G116
G116-gpu3
G116-gpu2
[*] MODEL dir: /gdata/huangzp/dsl_sgen/logs/img_align_celeba_2018-03-04_13-51-29
[*] PARAM path: /gdata/huangzp/dsl_sgen/logs/img_align_celeba_2018-03-04_13-51-29/params.json
[0/500000] Loss_D: 2.7804 Loss_G: 24.0125
[0/500000] l_d_A_real: 0.7674 l_d_A_fake: 0.6248, l_d_B_real: 0.6676, l_d_B_fake: 0.7205
[0/500000] l_const_A: 0.0652 l_const_B: 0.0391, l_gan_A: 0.7347, l_gan_B: 0.6688
[0/500000] l_dsl_A: 0.0175 l_dsl_B: 0.0175
[*] Samples saved: /gdata/huangzp/dsl_sgen/logs/img_align_celeba_2018-03-04_13-51-29/0_x_AB.png
[*] Samples saved: /gdata/huangzp/dsl_sgen/logs/img_align_celeba_2018-03-04_13-51-29/0_x_ABA.png
[*] Samples saved: /gdata/huangzp/dsl_sgen/logs/img_align_celeba_2018-03-04_13-51-29/0_x_BA.png
[*] Samples saved: /gdata/huangzp/dsl_sgen/logs/img_align_celeba_2018-03-04_13-51-29/0_x_BAB.png
Time is date
Directory is /gdata/huangzp/dsl_sgen/jobs
This job runs on following nodes:
G115
G115-gpu3
G115-gpu2
[*] MODEL dir: /gdata/huangzp/dsl_sgen/logs/img_align_celeba_2018-03-05_07-05-04
[*] PARAM path: /gdata/huangzp/dsl_sgen/logs/img_align_celeba_2018-03-05_07-05-04/params.json
[0/500000] Loss_D: 2.7807 Loss_G: 3.6556
[0/500000] l_d_A_real: 0.7672 l_d_A_fake: 0.6252, l_d_B_real: 0.6676, l_d_B_fake: 0.7207
[0/500000] l_const_A: 0.0660 l_const_B: 0.0378, l_gan_A: 0.7234, l_gan_B: 0.6617
[0/500000] l_dsl_A: 0.0245 l_dsl_B: 0.0245
[*] Samples saved: /gdata/huangzp/dsl_sgen/logs/img_align_celeba_2018-03-05_07-05-04/0_x_AB.png
[*] Samples saved: /gdata/huangzp/dsl_sgen/logs/img_align_celeba_2018-03-05_07-05-04/0_x_ABA.png
[*] Samples saved: /gdata/huangzp/dsl_sgen/logs/img_align_celeba_2018-03-05_07-05-04/0_x_BA.png
[*] Samples saved: /gdata/huangzp/dsl_sgen/logs/img_align_celeba_2018-03-05_07-05-04/0_x_BAB.png
[!] Sampled dataset from A and B have different # of data. Try resampling...
[*] Save models to /gdata/huangzp/dsl_sgen/logs/img_align_celeba_2018-03-05_07-05-04...
[18/500000] Loss_D: 2.7611 Loss_G: 2.4224
[18/500000] l_d_A_real: 0.6827 l_d_A_fake: 0.6927, l_d_B_real: 0.6898, l_d_B_fake: 0.6959
[18/500000] l_const_A: 0.0087 l_const_B: 0.0103, l_gan_A: 0.7113, l_gan_B: 0.6979
[18/500000] l_dsl_A: 0.0113 l_dsl_B: 0.0113
[*] Samples saved: /gdata/huangzp/dsl_sgen/logs/img_align_celeba_2018-03-05_07-05-04/18_x_AB.png
[*] Samples saved: /gdata/huangzp/dsl_sgen/logs/img_align_celeba_2018-03-05_07-05-04/18_x_ABA.png
[*] Samples saved: /gdata/huangzp/dsl_sgen/logs/img_align_celeba_2018-03-05_07-05-04/18_x_BA.png
[*] Samples saved: /gdata/huangzp/dsl_sgen/logs/img_align_celeba_2018-03-05_07-05-04/18_x_BAB.png
[!] Sampled dataset from A and B have different # of data. Try resampling...
[*] Save models to /gdata/huangzp/dsl_sgen/logs/img_align_celeba_2018-03-05_07-05-04...
[36/500000] Loss_D: 2.7185 Loss_G: 2.5075
[36/500000] l_d_A_real: 0.6956 l_d_A_fake: 0.6426, l_d_B_real: 0.7127, l_d_B_fake: 0.6676
[36/500000] l_const_A: 0.0078 l_const_B: 0.0149, l_gan_A: 0.6929, l_gan_B: 0.6828
[36/500000] l_dsl_A: 0.0078 l_dsl_B: 0.0078
[*] Samples saved: /gdata/huangzp/dsl_sgen/logs/img_align_celeba_2018-03-05_07-05-04/36_x_AB.png
[*] Samples saved: /gdata/huangzp/dsl_sgen/logs/img_align_celeba_2018-03-05_07-05-04/36_x_ABA.png
[*] Samples saved: /gdata/huangzp/dsl_sgen/logs/img_align_celeba_2018-03-05_07-05-04/36_x_BA.png
[*] Samples saved: /gdata/huangzp/dsl_sgen/logs/img_align_celeba_2018-03-05_07-05-04/36_x_BAB.png
[!] Sampled dataset from A and B have different # of data. Try resampling...
[*] Save models to /gdata/huangzp/dsl_sgen/logs/img_align_celeba_2018-03-05_07-05-04...
[54/500000] Loss_D: 2.7385 Loss_G: 2.5091
[54/500000] l_d_A_real: 0.6492 l_d_A_fake: 0.7097, l_d_B_real: 0.6822, l_d_B_fake: 0.6974
[54/500000] l_const_A: 0.0074 l_const_B: 0.0106, l_gan_A: 0.7536, l_gan_B: 0.7179
[54/500000] l_dsl_A: 0.0095 l_dsl_B: 0.0095
[*] Samples saved: /gdata/huangzp/dsl_sgen/logs/img_align_celeba_2018-03-05_07-05-04/54_x_AB.png
[*] Samples saved: /gdata/huangzp/dsl_sgen/logs/img_align_celeba_2018-03-05_07-05-04/54_x_ABA.png
[*] Samples saved: /gdata/huangzp/dsl_sgen/logs/img_align_celeba_2018-03-05_07-05-04/54_x_BA.png
[*] Samples saved: /gdata/huangzp/dsl_sgen/logs/img_align_celeba_2018-03-05_07-05-04/54_x_BAB.png
[!] Sampled dataset from A and B have different # of data. Try resampling...
[*] Save models to /gdata/huangzp/dsl_sgen/logs/img_align_celeba_2018-03-05_07-05-04...
[72/500000] Loss_D: 2.7784 Loss_G: 2.4041
[72/500000] l_d_A_real: 0.6402 l_d_A_fake: 0.7432, l_d_B_real: 0.7138, l_d_B_fake: 0.6812
[72/500000] l_const_A: 0.0065 l_const_B: 0.0073, l_gan_A: 0.7328, l_gan_B: 0.7022
[72/500000] l_dsl_A: 0.0067 l_dsl_B: 0.0067
[*] Samples saved: /gdata/huangzp/dsl_sgen/logs/img_align_celeba_2018-03-05_07-05-04/72_x_AB.png
[*] Samples saved: /gdata/huangzp/dsl_sgen/logs/img_align_celeba_2018-03-05_07-05-04/72_x_ABA.png
[*] Samples saved: /gdata/huangzp/dsl_sgen/logs/img_align_celeba_2018-03-05_07-05-04/72_x_BA.png
[*] Samples saved: /gdata/huangzp/dsl_sgen/logs/img_align_celeba_2018-03-05_07-05-04/72_x_BAB.png
[!] Sampled dataset from A and B have different # of data. Try resampling...
[*] Save models to /gdata/huangzp/dsl_sgen/logs/img_align_celeba_2018-03-05_07-05-04...
[90/500000] Loss_D: 2.7360 Loss_G: 2.4620
[90/500000] l_d_A_real: 0.6021 l_d_A_fake: 0.7570, l_d_B_real: 0.6901, l_d_B_fake: 0.6866
[90/500000] l_const_A: 0.0049 l_const_B: 0.0070, l_gan_A: 0.7551, l_gan_B: 0.7038
[90/500000] l_dsl_A: 0.0116 l_dsl_B: 0.0116
[*] Samples saved: /gdata/huangzp/dsl_sgen/logs/img_align_celeba_2018-03-05_07-05-04/90_x_AB.png
[*] Samples saved: /gdata/huangzp/dsl_sgen/logs/img_align_celeba_2018-03-05_07-05-04/90_x_ABA.png
[*] Samples saved: /gdata/huangzp/dsl_sgen/logs/img_align_celeba_2018-03-05_07-05-04/90_x_BA.png
[*] Samples saved: /gdata/huangzp/dsl_sgen/logs/img_align_celeba_2018-03-05_07-05-04/90_x_BAB.png
[!] Sampled dataset from A and B have different # of data. Try resampling...
[*] Save models to /gdata/huangzp/dsl_sgen/logs/img_align_celeba_2018-03-05_07-05-04...
[!] Sampled dataset from A and B have different # of data. Try resampling...
[108/500000] Loss_D: 2.7555 Loss_G: 2.3822
[108/500000] l_d_A_real: 0.7159 l_d_A_fake: 0.6201, l_d_B_real: 0.6946, l_d_B_fake: 0.7249
[108/500000] l_const_A: 0.0063 l_const_B: 0.0049, l_gan_A: 0.6910, l_gan_B: 0.6865
[108/500000] l_dsl_A: 0.0109 l_dsl_B: 0.0109
[*] Samples saved: /gdata/huangzp/dsl_sgen/logs/img_align_celeba_2018-03-05_07-05-04/108_x_AB.png
[*] Samples saved: /gdata/huangzp/dsl_sgen/logs/img_align_celeba_2018-03-05_07-05-04/108_x_ABA.png
[*] Samples saved: /gdata/huangzp/dsl_sgen/logs/img_align_celeba_2018-03-05_07-05-04/108_x_BA.png
[*] Samples saved: /gdata/huangzp/dsl_sgen/logs/img_align_celeba_2018-03-05_07-05-04/108_x_BAB.png
[!] Sampled dataset from A and B have different # of data. Try resampling...
[*] Save models to /gdata/huangzp/dsl_sgen/logs/img_align_celeba_2018-03-05_07-05-04...
[126/500000] Loss_D: 2.6977 Loss_G: 2.4796
[126/500000] l_d_A_real: 0.6612 l_d_A_fake: 0.6627, l_d_B_real: 0.7269, l_d_B_fake: 0.6469
[126/500000] l_const_A: 0.0053 l_const_B: 0.0098, l_gan_A: 0.6678, l_gan_B: 0.6684
[126/500000] l_dsl_A: 0.0311 l_dsl_B: 0.0311
[*] Samples saved: /gdata/huangzp/dsl_sgen/logs/img_align_celeba_2018-03-05_07-05-04/126_x_AB.png
[*] Samples saved: /gdata/huangzp/dsl_sgen/logs/img_align_celeba_2018-03-05_07-05-04/126_x_ABA.png
[*] Samples saved: /gdata/huangzp/dsl_sgen/logs/img_align_celeba_2018-03-05_07-05-04/126_x_BA.png
[*] Samples saved: /gdata/huangzp/dsl_sgen/logs/img_align_celeba_2018-03-05_07-05-04/126_x_BAB.png
[!] Sampled dataset from A and B have different # of data. Try resampling...
[*] Save models to /gdata/huangzp/dsl_sgen/logs/img_align_celeba_2018-03-05_07-05-04...
[144/500000] Loss_D: 2.7027 Loss_G: 2.4720
[144/500000] l_d_A_real: 0.7534 l_d_A_fake: 0.5833, l_d_B_real: 0.6991, l_d_B_fake: 0.6669
[144/500000] l_const_A: 0.0050 l_const_B: 0.0044, l_gan_A: 0.7352, l_gan_B: 0.6912
[144/500000] l_dsl_A: 0.0063 l_dsl_B: 0.0063
[*] Samples saved: /gdata/huangzp/dsl_sgen/logs/img_align_celeba_2018-03-05_07-05-04/144_x_AB.png
[*] Samples saved: /gdata/huangzp/dsl_sgen/logs/img_align_celeba_2018-03-05_07-05-04/144_x_ABA.png
[*] Samples saved: /gdata/huangzp/dsl_sgen/logs/img_align_celeba_2018-03-05_07-05-04/144_x_BA.png
[*] Samples saved: /gdata/huangzp/dsl_sgen/logs/img_align_celeba_2018-03-05_07-05-04/144_x_BAB.png
[!] Sampled dataset from A and B have different # of data. Try resampling...
[*] Save models to /gdata/huangzp/dsl_sgen/logs/img_align_celeba_2018-03-05_07-05-04...
[162/500000] Loss_D: 2.7578 Loss_G: 2.4329
[162/500000] l_d_A_real: 0.7319 l_d_A_fake: 0.6395, l_d_B_real: 0.7347, l_d_B_fake: 0.6516
[162/500000] l_const_A: 0.0058 l_const_B: 0.0058, l_gan_A: 0.6736, l_gan_B: 0.6840
[162/500000] l_dsl_A: 0.0106 l_dsl_B: 0.0106
[*] Samples saved: /gdata/huangzp/dsl_sgen/logs/img_align_celeba_2018-03-05_07-05-04/162_x_AB.png
[*] Samples saved: /gdata/huangzp/dsl_sgen/logs/img_align_celeba_2018-03-05_07-05-04/162_x_ABA.png
[*] Samples saved: /gdata/huangzp/dsl_sgen/logs/img_align_celeba_2018-03-05_07-05-04/162_x_BA.png
[*] Samples saved: /gdata/huangzp/dsl_sgen/logs/img_align_celeba_2018-03-05_07-05-04/162_x_BAB.png
[!] Sampled dataset from A and B have different # of data. Try resampling...
[*] Save models to /gdata/huangzp/dsl_sgen/logs/img_align_celeba_2018-03-05_07-05-04...
[180/500000] Loss_D: 2.7526 Loss_G: 2.4984
[180/500000] l_d_A_real: 0.6806 l_d_A_fake: 0.6945, l_d_B_real: 0.6845, l_d_B_fake: 0.6930
[180/500000] l_const_A: 0.0050 l_const_B: 0.0078, l_gan_A: 0.6928, l_gan_B: 0.6749
[180/500000] l_dsl_A: 0.0020 l_dsl_B: 0.0020
[*] Samples saved: /gdata/huangzp/dsl_sgen/logs/img_align_celeba_2018-03-05_07-05-04/180_x_AB.png
[*] Samples saved: /gdata/huangzp/dsl_sgen/logs/img_align_celeba_2018-03-05_07-05-04/180_x_ABA.png
[*] Samples saved: /gdata/huangzp/dsl_sgen/logs/img_align_celeba_2018-03-05_07-05-04/180_x_BA.png
[*] Samples saved: /gdata/huangzp/dsl_sgen/logs/img_align_celeba_2018-03-05_07-05-04/180_x_BAB.png
[!] Sampled dataset from A and B have different # of data. Try resampling...
[*] Save models to /gdata/huangzp/dsl_sgen/logs/img_align_celeba_2018-03-05_07-05-04...
[198/500000] Loss_D: 2.7051 Loss_G: 2.4025
[198/500000] l_d_A_real: 0.7702 l_d_A_fake: 0.5552, l_d_B_real: 0.7377, l_d_B_fake: 0.6420
[198/500000] l_const_A: 0.0049 l_const_B: 0.0046, l_gan_A: 0.6481, l_gan_B: 0.6807
[198/500000] l_dsl_A: 0.0196 l_dsl_B: 0.0196
[*] Samples saved: /gdata/huangzp/dsl_sgen/logs/img_align_celeba_2018-03-05_07-05-04/198_x_AB.png
[*] Samples saved: /gdata/huangzp/dsl_sgen/logs/img_align_celeba_2018-03-05_07-05-04/198_x_ABA.png
[*] Samples saved: /gdata/huangzp/dsl_sgen/logs/img_align_celeba_2018-03-05_07-05-04/198_x_BA.png
[*] Samples saved: /gdata/huangzp/dsl_sgen/logs/img_align_celeba_2018-03-05_07-05-04/198_x_BAB.png
[!] Sampled dataset from A and B have different # of data. Try resampling...
[*] Save models to /gdata/huangzp/dsl_sgen/logs/img_align_celeba_2018-03-05_07-05-04...
[216/500000] Loss_D: 2.7527 Loss_G: 2.4728
[216/500000] l_d_A_real: 0.6472 l_d_A_fake: 0.7089, l_d_B_real: 0.6981, l_d_B_fake: 0.6985
[216/500000] l_const_A: 0.0056 l_const_B: 0.0083, l_gan_A: 0.6388, l_gan_B: 0.6502
[216/500000] l_dsl_A: 0.0036 l_dsl_B: 0.0036
[*] Samples saved: /gdata/huangzp/dsl_sgen/logs/img_align_celeba_2018-03-05_07-05-04/216_x_AB.png
[*] Samples saved: /gdata/huangzp/dsl_sgen/logs/img_align_celeba_2018-03-05_07-05-04/216_x_ABA.png
[*] Samples saved: /gdata/huangzp/dsl_sgen/logs/img_align_celeba_2018-03-05_07-05-04/216_x_BA.png
[*] Samples saved: /gdata/huangzp/dsl_sgen/logs/img_align_celeba_2018-03-05_07-05-04/216_x_BAB.png
[!] Sampled dataset from A and B have different # of data. Try resampling...
[!] Sampled dataset from A and B have different # of data. Try resampling...
[*] Save models to /gdata/huangzp/dsl_sgen/logs/img_align_celeba_2018-03-05_07-05-04...
[234/500000] Loss_D: 2.7179 Loss_G: 2.4564
[234/500000] l_d_A_real: 0.7288 l_d_A_fake: 0.6005, l_d_B_real: 0.7069, l_d_B_fake: 0.6816
[234/500000] l_const_A: 0.0049 l_const_B: 0.0059, l_gan_A: 0.6612, l_gan_B: 0.6904
[234/500000] l_dsl_A: 0.0117 l_dsl_B: 0.0117
[*] Samples saved: /gdata/huangzp/dsl_sgen/logs/img_align_celeba_2018-03-05_07-05-04/234_x_AB.png
[*] Samples saved: /gdata/huangzp/dsl_sgen/logs/img_align_celeba_2018-03-05_07-05-04/234_x_ABA.png
[*] Samples saved: /gdata/huangzp/dsl_sgen/logs/img_align_celeba_2018-03-05_07-05-04/234_x_BA.png
[*] Samples saved: /gdata/huangzp/dsl_sgen/logs/img_align_celeba_2018-03-05_07-05-04/234_x_BAB.png
[!] Sampled dataset from A and B have different # of data. Try resampling...
[*] Save models to /gdata/huangzp/dsl_sgen/logs/img_align_celeba_2018-03-05_07-05-04...
[252/500000] Loss_D: 2.7259 Loss_G: 2.5356
[252/500000] l_d_A_real: 0.6190 l_d_A_fake: 0.7323, l_d_B_real: 0.6934, l_d_B_fake: 0.6811
[252/500000] l_const_A: 0.0045 l_const_B: 0.0039, l_gan_A: 0.7480, l_gan_B: 0.7003
[252/500000] l_dsl_A: 0.0072 l_dsl_B: 0.0072
[*] Samples saved: /gdata/huangzp/dsl_sgen/logs/img_align_celeba_2018-03-05_07-05-04/252_x_AB.png
[*] Samples saved: /gdata/huangzp/dsl_sgen/logs/img_align_celeba_2018-03-05_07-05-04/252_x_ABA.png
[*] Samples saved: /gdata/huangzp/dsl_sgen/logs/img_align_celeba_2018-03-05_07-05-04/252_x_BA.png
[*] Samples saved: /gdata/huangzp/dsl_sgen/logs/img_align_celeba_2018-03-05_07-05-04/252_x_BAB.png
[!] Sampled dataset from A and B have different # of data. Try resampling...
[*] Save models to /gdata/huangzp/dsl_sgen/logs/img_align_celeba_2018-03-05_07-05-04...
[270/500000] Loss_D: 2.7799 Loss_G: 2.5045
[270/500000] l_d_A_real: 0.6716 l_d_A_fake: 0.7127, l_d_B_real: 0.7050, l_d_B_fake: 0.6906
[270/500000] l_const_A: 0.0051 l_const_B: 0.0070, l_gan_A: 0.6934, l_gan_B: 0.6950
[270/500000] l_dsl_A: 0.0058 l_dsl_B: 0.0058
[*] Samples saved: /gdata/huangzp/dsl_sgen/logs/img_align_celeba_2018-03-05_07-05-04/270_x_AB.png
[*] Samples saved: /gdata/huangzp/dsl_sgen/logs/img_align_celeba_2018-03-05_07-05-04/270_x_ABA.png
[*] Samples saved: /gdata/huangzp/dsl_sgen/logs/img_align_celeba_2018-03-05_07-05-04/270_x_BA.png
[*] Samples saved: /gdata/huangzp/dsl_sgen/logs/img_align_celeba_2018-03-05_07-05-04/270_x_BAB.png
[!] Sampled dataset from A and B have different # of data. Try resampling...
[*] Save models to /gdata/huangzp/dsl_sgen/logs/img_align_celeba_2018-03-05_07-05-04...
[288/500000] Loss_D: 2.7519 Loss_G: 2.4845
[288/500000] l_d_A_real: 0.7347 l_d_A_fake: 0.6430, l_d_B_real: 0.6883, l_d_B_fake: 0.6859
[288/500000] l_const_A: 0.0052 l_const_B: 0.0061, l_gan_A: 0.6726, l_gan_B: 0.6655
[288/500000] l_dsl_A: 0.0094 l_dsl_B: 0.0094
[*] Samples saved: /gdata/huangzp/dsl_sgen/logs/img_align_celeba_2018-03-05_07-05-04/288_x_AB.png
[*] Samples saved: /gdata/huangzp/dsl_sgen/logs/img_align_celeba_2018-03-05_07-05-04/288_x_ABA.png
[*] Samples saved: /gdata/huangzp/dsl_sgen/logs/img_align_celeba_2018-03-05_07-05-04/288_x_BA.png
[*] Samples saved: /gdata/huangzp/dsl_sgen/logs/img_align_celeba_2018-03-05_07-05-04/288_x_BAB.png
[!] Sampled dataset from A and B have different # of data. Try resampling...
[*] Save models to /gdata/huangzp/dsl_sgen/logs/img_align_celeba_2018-03-05_07-05-04...
[306/500000] Loss_D: 2.7909 Loss_G: 2.4761
[306/500000] l_d_A_real: 0.7358 l_d_A_fake: 0.6489, l_d_B_real: 0.7413, l_d_B_fake: 0.6649
[306/500000] l_const_A: 0.0052 l_const_B: 0.0080, l_gan_A: 0.6382, l_gan_B: 0.6581
[306/500000] l_dsl_A: 0.0117 l_dsl_B: 0.0117
[*] Samples saved: /gdata/huangzp/dsl_sgen/logs/img_align_celeba_2018-03-05_07-05-04/306_x_AB.png
[*] Samples saved: /gdata/huangzp/dsl_sgen/logs/img_align_celeba_2018-03-05_07-05-04/306_x_ABA.png
[*] Samples saved: /gdata/huangzp/dsl_sgen/logs/img_align_celeba_2018-03-05_07-05-04/306_x_BA.png
[*] Samples saved: /gdata/huangzp/dsl_sgen/logs/img_align_celeba_2018-03-05_07-05-04/306_x_BAB.png
[!] Sampled dataset from A and B have different # of data. Try resampling...
[*] Save models to /gdata/huangzp/dsl_sgen/logs/img_align_celeba_2018-03-05_07-05-04...
[324/500000] Loss_D: 2.7242 Loss_G: 2.3917
[324/500000] l_d_A_real: 0.7740 l_d_A_fake: 0.5550, l_d_B_real: 0.7238, l_d_B_fake: 0.6714
[324/500000] l_const_A: 0.0047 l_const_B: 0.0035, l_gan_A: 0.6768, l_gan_B: 0.6983
[324/500000] l_dsl_A: 0.0176 l_dsl_B: 0.0176
[*] Samples saved: /gdata/huangzp/dsl_sgen/logs/img_align_celeba_2018-03-05_07-05-04/324_x_AB.png
[*] Samples saved: /gdata/huangzp/dsl_sgen/logs/img_align_celeba_2018-03-05_07-05-04/324_x_ABA.png
[*] Samples saved: /gdata/huangzp/dsl_sgen/logs/img_align_celeba_2018-03-05_07-05-04/324_x_BA.png
[*] Samples saved: /gdata/huangzp/dsl_sgen/logs/img_align_celeba_2018-03-05_07-05-04/324_x_BAB.png
[!] Sampled dataset from A and B have different # of data. Try resampling...
[*] Save models to /gdata/huangzp/dsl_sgen/logs/img_align_celeba_2018-03-05_07-05-04...
[!] Sampled dataset from A and B have different # of data. Try resampling...
[342/500000] Loss_D: 2.7258 Loss_G: 2.4007
[342/500000] l_d_A_real: 0.7426 l_d_A_fake: 0.6212, l_d_B_real: 0.6852, l_d_B_fake: 0.6768
[342/500000] l_const_A: 0.0047 l_const_B: 0.0062, l_gan_A: 0.6276, l_gan_B: 0.6511
[342/500000] l_dsl_A: 0.0091 l_dsl_B: 0.0091
[*] Samples saved: /gdata/huangzp/dsl_sgen/logs/img_align_celeba_2018-03-05_07-05-04/342_x_AB.png
[*] Samples saved: /gdata/huangzp/dsl_sgen/logs/img_align_celeba_2018-03-05_07-05-04/342_x_ABA.png
[*] Samples saved: /gdata/huangzp/dsl_sgen/logs/img_align_celeba_2018-03-05_07-05-04/342_x_BA.png
[*] Samples saved: /gdata/huangzp/dsl_sgen/logs/img_align_celeba_2018-03-05_07-05-04/342_x_BAB.png
[!] Sampled dataset from A and B have different # of data. Try resampling...
[*] Save models to /gdata/huangzp/dsl_sgen/logs/img_align_celeba_2018-03-05_07-05-04...
[360/500000] Loss_D: 2.7442 Loss_G: 2.5146
[360/500000] l_d_A_real: 0.6236 l_d_A_fake: 0.7423, l_d_B_real: 0.6677, l_d_B_fake: 0.7106
[360/500000] l_const_A: 0.0045 l_const_B: 0.0071, l_gan_A: 0.6708, l_gan_B: 0.6813
[360/500000] l_dsl_A: 0.0025 l_dsl_B: 0.0025
[*] Samples saved: /gdata/huangzp/dsl_sgen/logs/img_align_celeba_2018-03-05_07-05-04/360_x_AB.png
[*] Samples saved: /gdata/huangzp/dsl_sgen/logs/img_align_celeba_2018-03-05_07-05-04/360_x_ABA.png
[*] Samples saved: /gdata/huangzp/dsl_sgen/logs/img_align_celeba_2018-03-05_07-05-04/360_x_BA.png
[*] Samples saved: /gdata/huangzp/dsl_sgen/logs/img_align_celeba_2018-03-05_07-05-04/360_x_BAB.png
[!] Sampled dataset from A and B have different # of data. Try resampling...
[*] Save models to /gdata/huangzp/dsl_sgen/logs/img_align_celeba_2018-03-05_07-05-04...
[378/500000] Loss_D: 2.8011 Loss_G: 2.4393
[378/500000] l_d_A_real: 0.6868 l_d_A_fake: 0.7135, l_d_B_real: 0.6932, l_d_B_fake: 0.7076
[378/500000] l_const_A: 0.0045 l_const_B: 0.0055, l_gan_A: 0.6514, l_gan_B: 0.6890
[378/500000] l_dsl_A: 0.0112 l_dsl_B: 0.0112
[*] Samples saved: /gdata/huangzp/dsl_sgen/logs/img_align_celeba_2018-03-05_07-05-04/378_x_AB.png
[*] Samples saved: /gdata/huangzp/dsl_sgen/logs/img_align_celeba_2018-03-05_07-05-04/378_x_ABA.png
[*] Samples saved: /gdata/huangzp/dsl_sgen/logs/img_align_celeba_2018-03-05_07-05-04/378_x_BA.png
[*] Samples saved: /gdata/huangzp/dsl_sgen/logs/img_align_celeba_2018-03-05_07-05-04/378_x_BAB.png
[!] Sampled dataset from A and B have different # of data. Try resampling...
[*] Save models to /gdata/huangzp/dsl_sgen/logs/img_align_celeba_2018-03-05_07-05-04...
[396/500000] Loss_D: 2.8205 Loss_G: 2.5465
[396/500000] l_d_A_real: 0.7101 l_d_A_fake: 0.6743, l_d_B_real: 0.7413, l_d_B_fake: 0.6948
[396/500000] l_const_A: 0.0050 l_const_B: 0.0028, l_gan_A: 0.7482, l_gan_B: 0.7551
[396/500000] l_dsl_A: 0.0070 l_dsl_B: 0.0070
[*] Samples saved: /gdata/huangzp/dsl_sgen/logs/img_align_celeba_2018-03-05_07-05-04/396_x_AB.png
[*] Samples saved: /gdata/huangzp/dsl_sgen/logs/img_align_celeba_2018-03-05_07-05-04/396_x_ABA.png
[*] Samples saved: /gdata/huangzp/dsl_sgen/logs/img_align_celeba_2018-03-05_07-05-04/396_x_BA.png
[*] Samples saved: /gdata/huangzp/dsl_sgen/logs/img_align_celeba_2018-03-05_07-05-04/396_x_BAB.png
[!] Sampled dataset from A and B have different # of data. Try resampling...
[*] Save models to /gdata/huangzp/dsl_sgen/logs/img_align_celeba_2018-03-05_07-05-04...
[414/500000] Loss_D: 2.7631 Loss_G: 2.4378
[414/500000] l_d_A_real: 0.7334 l_d_A_fake: 0.6444, l_d_B_real: 0.7018, l_d_B_fake: 0.6834
[414/500000] l_const_A: 0.0042 l_const_B: 0.0055, l_gan_A: 0.6497, l_gan_B: 0.6720
[414/500000] l_dsl_A: 0.0113 l_dsl_B: 0.0113
[*] Samples saved: /gdata/huangzp/dsl_sgen/logs/img_align_celeba_2018-03-05_07-05-04/414_x_AB.png
[*] Samples saved: /gdata/huangzp/dsl_sgen/logs/img_align_celeba_2018-03-05_07-05-04/414_x_ABA.png
[*] Samples saved: /gdata/huangzp/dsl_sgen/logs/img_align_celeba_2018-03-05_07-05-04/414_x_BA.png
[*] Samples saved: /gdata/huangzp/dsl_sgen/logs/img_align_celeba_2018-03-05_07-05-04/414_x_BAB.png
[!] Sampled dataset from A and B have different # of data. Try resampling...
[*] Save models to /gdata/huangzp/dsl_sgen/logs/img_align_celeba_2018-03-05_07-05-04...
[432/500000] Loss_D: 2.7345 Loss_G: 2.5393
[432/500000] l_d_A_real: 0.5792 l_d_A_fake: 0.7652, l_d_B_real: 0.6854, l_d_B_fake: 0.7047
[432/500000] l_const_A: 0.0053 l_const_B: 0.0058, l_gan_A: 0.6860, l_gan_B: 0.6861
[432/500000] l_dsl_A: 0.0040 l_dsl_B: 0.0040
[*] Samples saved: /gdata/huangzp/dsl_sgen/logs/img_align_celeba_2018-03-05_07-05-04/432_x_AB.png
[*] Samples saved: /gdata/huangzp/dsl_sgen/logs/img_align_celeba_2018-03-05_07-05-04/432_x_ABA.png
[*] Samples saved: /gdata/huangzp/dsl_sgen/logs/img_align_celeba_2018-03-05_07-05-04/432_x_BA.png
[*] Samples saved: /gdata/huangzp/dsl_sgen/logs/img_align_celeba_2018-03-05_07-05-04/432_x_BAB.png
[!] Sampled dataset from A and B have different # of data. Try resampling...
[*] Save models to /gdata/huangzp/dsl_sgen/logs/img_align_celeba_2018-03-05_07-05-04...
[!] Sampled dataset from A and B have different # of data. Try resampling...
[450/500000] Loss_D: 2.7364 Loss_G: 2.6189
[450/500000] l_d_A_real: 0.6846 l_d_A_fake: 0.6777, l_d_B_real: 0.7141, l_d_B_fake: 0.6600
[450/500000] l_const_A: 0.0065 l_const_B: 0.0040, l_gan_A: 0.7658, l_gan_B: 0.6887
[450/500000] l_dsl_A: 0.0046 l_dsl_B: 0.0046
[*] Samples saved: /gdata/huangzp/dsl_sgen/logs/img_align_celeba_2018-03-05_07-05-04/450_x_AB.png
[*] Samples saved: /gdata/huangzp/dsl_sgen/logs/img_align_celeba_2018-03-05_07-05-04/450_x_ABA.png
[*] Samples saved: /gdata/huangzp/dsl_sgen/logs/img_align_celeba_2018-03-05_07-05-04/450_x_BA.png
[*] Samples saved: /gdata/huangzp/dsl_sgen/logs/img_align_celeba_2018-03-05_07-05-04/450_x_BAB.png
[!] Sampled dataset from A and B have different # of data. Try resampling...
[*] Save models to /gdata/huangzp/dsl_sgen/logs/img_align_celeba_2018-03-05_07-05-04...
[468/500000] Loss_D: 2.7876 Loss_G: 2.4539
[468/500000] l_d_A_real: 0.6730 l_d_A_fake: 0.7129, l_d_B_real: 0.7376, l_d_B_fake: 0.6641
[468/500000] l_const_A: 0.0044 l_const_B: 0.0042, l_gan_A: 0.6756, l_gan_B: 0.6790
[468/500000] l_dsl_A: 0.0063 l_dsl_B: 0.0063
[*] Samples saved: /gdata/huangzp/dsl_sgen/logs/img_align_celeba_2018-03-05_07-05-04/468_x_AB.png
[*] Samples saved: /gdata/huangzp/dsl_sgen/logs/img_align_celeba_2018-03-05_07-05-04/468_x_ABA.png
[*] Samples saved: /gdata/huangzp/dsl_sgen/logs/img_align_celeba_2018-03-05_07-05-04/468_x_BA.png
[*] Samples saved: /gdata/huangzp/dsl_sgen/logs/img_align_celeba_2018-03-05_07-05-04/468_x_BAB.png
[!] Sampled dataset from A and B have different # of data. Try resampling...
[*] Save models to /gdata/huangzp/dsl_sgen/logs/img_align_celeba_2018-03-05_07-05-04...
[486/500000] Loss_D: 2.7619 Loss_G: 2.5356
[486/500000] l_d_A_real: 0.7014 l_d_A_fake: 0.6675, l_d_B_real: 0.7172, l_d_B_fake: 0.6759
[486/500000] l_const_A: 0.0048 l_const_B: 0.0031, l_gan_A: 0.7427, l_gan_B: 0.7172
[486/500000] l_dsl_A: 0.0034 l_dsl_B: 0.0034
[*] Samples saved: /gdata/huangzp/dsl_sgen/logs/img_align_celeba_2018-03-05_07-05-04/486_x_AB.png
[*] Samples saved: /gdata/huangzp/dsl_sgen/logs/img_align_celeba_2018-03-05_07-05-04/486_x_ABA.png
[*] Samples saved: /gdata/huangzp/dsl_sgen/logs/img_align_celeba_2018-03-05_07-05-04/486_x_BA.png
[*] Samples saved: /gdata/huangzp/dsl_sgen/logs/img_align_celeba_2018-03-05_07-05-04/486_x_BAB.png
[!] Sampled dataset from A and B have different # of data. Try resampling...
[*] Save models to /gdata/huangzp/dsl_sgen/logs/img_align_celeba_2018-03-05_07-05-04...
[504/500000] Loss_D: 2.7343 Loss_G: 2.6238
[504/500000] l_d_A_real: 0.6205 l_d_A_fake: 0.7390, l_d_B_real: 0.6543, l_d_B_fake: 0.7204
[504/500000] l_const_A: 0.0049 l_const_B: 0.0043, l_gan_A: 0.7827, l_gan_B: 0.7681
[504/500000] l_dsl_A: 0.0047 l_dsl_B: 0.0047
[*] Samples saved: /gdata/huangzp/dsl_sgen/logs/img_align_celeba_2018-03-05_07-05-04/504_x_AB.png
[*] Samples saved: /gdata/huangzp/dsl_sgen/logs/img_align_celeba_2018-03-05_07-05-04/504_x_ABA.png
[*] Samples saved: /gdata/huangzp/dsl_sgen/logs/img_align_celeba_2018-03-05_07-05-04/504_x_BA.png
[*] Samples saved: /gdata/huangzp/dsl_sgen/logs/img_align_celeba_2018-03-05_07-05-04/504_x_BAB.png
[!] Sampled dataset from A and B have different # of data. Try resampling...
[*] Save models to /gdata/huangzp/dsl_sgen/logs/img_align_celeba_2018-03-05_07-05-04...
[522/500000] Loss_D: 2.7526 Loss_G: 2.5722
[522/500000] l_d_A_real: 0.7326 l_d_A_fake: 0.6349, l_d_B_real: 0.6977, l_d_B_fake: 0.6874
[522/500000] l_const_A: 0.0045 l_const_B: 0.0051, l_gan_A: 0.6987, l_gan_B: 0.7207
[522/500000] l_dsl_A: 0.0192 l_dsl_B: 0.0192
[*] Samples saved: /gdata/huangzp/dsl_sgen/logs/img_align_celeba_2018-03-05_07-05-04/522_x_AB.png
[*] Samples saved: /gdata/huangzp/dsl_sgen/logs/img_align_celeba_2018-03-05_07-05-04/522_x_ABA.png
[*] Samples saved: /gdata/huangzp/dsl_sgen/logs/img_align_celeba_2018-03-05_07-05-04/522_x_BA.png
[*] Samples saved: /gdata/huangzp/dsl_sgen/logs/img_align_celeba_2018-03-05_07-05-04/522_x_BAB.png
[!] Sampled dataset from A and B have different # of data. Try resampling...
[*] Save models to /gdata/huangzp/dsl_sgen/logs/img_align_celeba_2018-03-05_07-05-04...
[540/500000] Loss_D: 2.7691 Loss_G: 2.4991
[540/500000] l_d_A_real: 0.6793 l_d_A_fake: 0.6994, l_d_B_real: 0.7008, l_d_B_fake: 0.6896
[540/500000] l_const_A: 0.0036 l_const_B: 0.0052, l_gan_A: 0.6716, l_gan_B: 0.7114
[540/500000] l_dsl_A: 0.0131 l_dsl_B: 0.0131
[*] Samples saved: /gdata/huangzp/dsl_sgen/logs/img_align_celeba_2018-03-05_07-05-04/540_x_AB.png
[*] Samples saved: /gdata/huangzp/dsl_sgen/logs/img_align_celeba_2018-03-05_07-05-04/540_x_ABA.png
[*] Samples saved: /gdata/huangzp/dsl_sgen/logs/img_align_celeba_2018-03-05_07-05-04/540_x_BA.png
[*] Samples saved: /gdata/huangzp/dsl_sgen/logs/img_align_celeba_2018-03-05_07-05-04/540_x_BAB.png
[!] Sampled dataset from A and B have different # of data. Try resampling...
[*] Save models to /gdata/huangzp/dsl_sgen/logs/img_align_celeba_2018-03-05_07-05-04...
[558/500000] Loss_D: 2.7839 Loss_G: 2.5444
[558/500000] l_d_A_real: 0.7331 l_d_A_fake: 0.6510, l_d_B_real: 0.6889, l_d_B_fake: 0.7110
[558/500000] l_const_A: 0.0052 l_const_B: 0.0074, l_gan_A: 0.7007, l_gan_B: 0.6840
[558/500000] l_dsl_A: 0.0048 l_dsl_B: 0.0048
[*] Samples saved: /gdata/huangzp/dsl_sgen/logs/img_align_celeba_2018-03-05_07-05-04/558_x_AB.png
[*] Samples saved: /gdata/huangzp/dsl_sgen/logs/img_align_celeba_2018-03-05_07-05-04/558_x_ABA.png
[*] Samples saved: /gdata/huangzp/dsl_sgen/logs/img_align_celeba_2018-03-05_07-05-04/558_x_BA.png
[*] Samples saved: /gdata/huangzp/dsl_sgen/logs/img_align_celeba_2018-03-05_07-05-04/558_x_BAB.png
[!] Sampled dataset from A and B have different # of data. Try resampling...
[!] Sampled dataset from A and B have different # of data. Try resampling...
[*] Save models to /gdata/huangzp/dsl_sgen/logs/img_align_celeba_2018-03-05_07-05-04...
[576/500000] Loss_D: 2.7065 Loss_G: 2.5837
[576/500000] l_d_A_real: 0.6414 l_d_A_fake: 0.7046, l_d_B_real: 0.6434, l_d_B_fake: 0.7171
[576/500000] l_const_A: 0.0049 l_const_B: 0.0068, l_gan_A: 0.7189, l_gan_B: 0.7120
[576/500000] l_dsl_A: 0.0041 l_dsl_B: 0.0041
[*] Samples saved: /gdata/huangzp/dsl_sgen/logs/img_align_celeba_2018-03-05_07-05-04/576_x_AB.png
[*] Samples saved: /gdata/huangzp/dsl_sgen/logs/img_align_celeba_2018-03-05_07-05-04/576_x_ABA.png
[*] Samples saved: /gdata/huangzp/dsl_sgen/logs/img_align_celeba_2018-03-05_07-05-04/576_x_BA.png
[*] Samples saved: /gdata/huangzp/dsl_sgen/logs/img_align_celeba_2018-03-05_07-05-04/576_x_BAB.png
[!] Sampled dataset from A and B have different # of data. Try resampling...
[*] Save models to /gdata/huangzp/dsl_sgen/logs/img_align_celeba_2018-03-05_07-05-04...
[594/500000] Loss_D: 2.8085 Loss_G: 2.5328
[594/500000] l_d_A_real: 0.6893 l_d_A_fake: 0.7189, l_d_B_real: 0.7068, l_d_B_fake: 0.6935
[594/500000] l_const_A: 0.0048 l_const_B: 0.0077, l_gan_A: 0.6894, l_gan_B: 0.6887
[594/500000] l_dsl_A: 0.0026 l_dsl_B: 0.0026
[*] Samples saved: /gdata/huangzp/dsl_sgen/logs/img_align_celeba_2018-03-05_07-05-04/594_x_AB.png
[*] Samples saved: /gdata/huangzp/dsl_sgen/logs/img_align_celeba_2018-03-05_07-05-04/594_x_ABA.png
[*] Samples saved: /gdata/huangzp/dsl_sgen/logs/img_align_celeba_2018-03-05_07-05-04/594_x_BA.png
[*] Samples saved: /gdata/huangzp/dsl_sgen/logs/img_align_celeba_2018-03-05_07-05-04/594_x_BAB.png
[!] Sampled dataset from A and B have different # of data. Try resampling...
[*] Save models to /gdata/huangzp/dsl_sgen/logs/img_align_celeba_2018-03-05_07-05-04...
[612/500000] Loss_D: 2.7745 Loss_G: 2.4853
[612/500000] l_d_A_real: 0.7316 l_d_A_fake: 0.6622, l_d_B_real: 0.7243, l_d_B_fake: 0.6564
[612/500000] l_const_A: 0.0052 l_const_B: 0.0030, l_gan_A: 0.7097, l_gan_B: 0.6797
[612/500000] l_dsl_A: 0.0059 l_dsl_B: 0.0059
[*] Samples saved: /gdata/huangzp/dsl_sgen/logs/img_align_celeba_2018-03-05_07-05-04/612_x_AB.png
[*] Samples saved: /gdata/huangzp/dsl_sgen/logs/img_align_celeba_2018-03-05_07-05-04/612_x_ABA.png
[*] Samples saved: /gdata/huangzp/dsl_sgen/logs/img_align_celeba_2018-03-05_07-05-04/612_x_BA.png
[*] Samples saved: /gdata/huangzp/dsl_sgen/logs/img_align_celeba_2018-03-05_07-05-04/612_x_BAB.png
[!] Sampled dataset from A and B have different # of data. Try resampling...
[*] Save models to /gdata/huangzp/dsl_sgen/logs/img_align_celeba_2018-03-05_07-05-04...
[630/500000] Loss_D: 2.7065 Loss_G: 2.6960
[630/500000] l_d_A_real: 0.7049 l_d_A_fake: 0.6392, l_d_B_real: 0.6458, l_d_B_fake: 0.7167
[630/500000] l_const_A: 0.0059 l_const_B: 0.0055, l_gan_A: 0.7581, l_gan_B: 0.7507
[630/500000] l_dsl_A: 0.0080 l_dsl_B: 0.0080
[*] Samples saved: /gdata/huangzp/dsl_sgen/logs/img_align_celeba_2018-03-05_07-05-04/630_x_AB.png
[*] Samples saved: /gdata/huangzp/dsl_sgen/logs/img_align_celeba_2018-03-05_07-05-04/630_x_ABA.png
[*] Samples saved: /gdata/huangzp/dsl_sgen/logs/img_align_celeba_2018-03-05_07-05-04/630_x_BA.png
[*] Samples saved: /gdata/huangzp/dsl_sgen/logs/img_align_celeba_2018-03-05_07-05-04/630_x_BAB.png
[!] Sampled dataset from A and B have different # of data. Try resampling...
[*] Save models to /gdata/huangzp/dsl_sgen/logs/img_align_celeba_2018-03-05_07-05-04...
[648/500000] Loss_D: 2.7404 Loss_G: 2.6443
[648/500000] l_d_A_real: 0.6463 l_d_A_fake: 0.7112, l_d_B_real: 0.6470, l_d_B_fake: 0.7358
[648/500000] l_const_A: 0.0046 l_const_B: 0.0031, l_gan_A: 0.8790, l_gan_B: 0.7094
[648/500000] l_dsl_A: 0.0161 l_dsl_B: 0.0161
[*] Samples saved: /gdata/huangzp/dsl_sgen/logs/img_align_celeba_2018-03-05_07-05-04/648_x_AB.png
[*] Samples saved: /gdata/huangzp/dsl_sgen/logs/img_align_celeba_2018-03-05_07-05-04/648_x_ABA.png
[*] Samples saved: /gdata/huangzp/dsl_sgen/logs/img_align_celeba_2018-03-05_07-05-04/648_x_BA.png
[*] Samples saved: /gdata/huangzp/dsl_sgen/logs/img_align_celeba_2018-03-05_07-05-04/648_x_BAB.png
[!] Sampled dataset from A and B have different # of data. Try resampling...
[*] Save models to /gdata/huangzp/dsl_sgen/logs/img_align_celeba_2018-03-05_07-05-04...
[666/500000] Loss_D: 2.7230 Loss_G: 2.5903
[666/500000] l_d_A_real: 0.6739 l_d_A_fake: 0.6700, l_d_B_real: 0.7109, l_d_B_fake: 0.6682
[666/500000] l_const_A: 0.0067 l_const_B: 0.0056, l_gan_A: 0.7269, l_gan_B: 0.6932
[666/500000] l_dsl_A: 0.0030 l_dsl_B: 0.0030
[*] Samples saved: /gdata/huangzp/dsl_sgen/logs/img_align_celeba_2018-03-05_07-05-04/666_x_AB.png
[*] Samples saved: /gdata/huangzp/dsl_sgen/logs/img_align_celeba_2018-03-05_07-05-04/666_x_ABA.png
[*] Samples saved: /gdata/huangzp/dsl_sgen/logs/img_align_celeba_2018-03-05_07-05-04/666_x_BA.png
[*] Samples saved: /gdata/huangzp/dsl_sgen/logs/img_align_celeba_2018-03-05_07-05-04/666_x_BAB.png
[!] Sampled dataset from A and B have different # of data. Try resampling...
[*] Save models to /gdata/huangzp/dsl_sgen/logs/img_align_celeba_2018-03-05_07-05-04...
[!] Sampled dataset from A and B have different # of data. Try resampling...
[684/500000] Loss_D: 2.7466 Loss_G: 2.5664
[684/500000] l_d_A_real: 0.6967 l_d_A_fake: 0.6790, l_d_B_real: 0.6746, l_d_B_fake: 0.6963
[684/500000] l_const_A: 0.0051 l_const_B: 0.0080, l_gan_A: 0.7015, l_gan_B: 0.6807
[684/500000] l_dsl_A: 0.0022 l_dsl_B: 0.0022
[*] Samples saved: /gdata/huangzp/dsl_sgen/logs/img_align_celeba_2018-03-05_07-05-04/684_x_AB.png
[*] Samples saved: /gdata/huangzp/dsl_sgen/logs/img_align_celeba_2018-03-05_07-05-04/684_x_ABA.png
[*] Samples saved: /gdata/huangzp/dsl_sgen/logs/img_align_celeba_2018-03-05_07-05-04/684_x_BA.png
[*] Samples saved: /gdata/huangzp/dsl_sgen/logs/img_align_celeba_2018-03-05_07-05-04/684_x_BAB.png
[!] Sampled dataset from A and B have different # of data. Try resampling...
[*] Save models to /gdata/huangzp/dsl_sgen/logs/img_align_celeba_2018-03-05_07-05-04...
[702/500000] Loss_D: 2.7268 Loss_G: 2.6090
[702/500000] l_d_A_real: 0.6487 l_d_A_fake: 0.7080, l_d_B_real: 0.6431, l_d_B_fake: 0.7270
[702/500000] l_const_A: 0.0048 l_const_B: 0.0058, l_gan_A: 0.7906, l_gan_B: 0.7218
[702/500000] l_dsl_A: 0.0017 l_dsl_B: 0.0017
[*] Samples saved: /gdata/huangzp/dsl_sgen/logs/img_align_celeba_2018-03-05_07-05-04/702_x_AB.png
[*] Samples saved: /gdata/huangzp/dsl_sgen/logs/img_align_celeba_2018-03-05_07-05-04/702_x_ABA.png
[*] Samples saved: /gdata/huangzp/dsl_sgen/logs/img_align_celeba_2018-03-05_07-05-04/702_x_BA.png
[*] Samples saved: /gdata/huangzp/dsl_sgen/logs/img_align_celeba_2018-03-05_07-05-04/702_x_BAB.png
[!] Sampled dataset from A and B have different # of data. Try resampling...
[*] Save models to /gdata/huangzp/dsl_sgen/logs/img_align_celeba_2018-03-05_07-05-04...
[720/500000] Loss_D: 2.7588 Loss_G: 2.5884
[720/500000] l_d_A_real: 0.6904 l_d_A_fake: 0.6680, l_d_B_real: 0.6922, l_d_B_fake: 0.7083
[720/500000] l_const_A: 0.0058 l_const_B: 0.0034, l_gan_A: 0.7540, l_gan_B: 0.7544
[720/500000] l_dsl_A: 0.0081 l_dsl_B: 0.0081
[*] Samples saved: /gdata/huangzp/dsl_sgen/logs/img_align_celeba_2018-03-05_07-05-04/720_x_AB.png
[*] Samples saved: /gdata/huangzp/dsl_sgen/logs/img_align_celeba_2018-03-05_07-05-04/720_x_ABA.png
[*] Samples saved: /gdata/huangzp/dsl_sgen/logs/img_align_celeba_2018-03-05_07-05-04/720_x_BA.png
[*] Samples saved: /gdata/huangzp/dsl_sgen/logs/img_align_celeba_2018-03-05_07-05-04/720_x_BAB.png
[!] Sampled dataset from A and B have different # of data. Try resampling...
[*] Save models to /gdata/huangzp/dsl_sgen/logs/img_align_celeba_2018-03-05_07-05-04...
[738/500000] Loss_D: 2.7765 Loss_G: 2.6089
[738/500000] l_d_A_real: 0.7307 l_d_A_fake: 0.6518, l_d_B_real: 0.7218, l_d_B_fake: 0.6722
[738/500000] l_const_A: 0.0044 l_const_B: 0.0058, l_gan_A: 0.7638, l_gan_B: 0.7350
[738/500000] l_dsl_A: 0.0024 l_dsl_B: 0.0024
[*] Samples saved: /gdata/huangzp/dsl_sgen/logs/img_align_celeba_2018-03-05_07-05-04/738_x_AB.png
[*] Samples saved: /gdata/huangzp/dsl_sgen/logs/img_align_celeba_2018-03-05_07-05-04/738_x_ABA.png
[*] Samples saved: /gdata/huangzp/dsl_sgen/logs/img_align_celeba_2018-03-05_07-05-04/738_x_BA.png
[*] Samples saved: /gdata/huangzp/dsl_sgen/logs/img_align_celeba_2018-03-05_07-05-04/738_x_BAB.png
[!] Sampled dataset from A and B have different # of data. Try resampling...
[*] Save models to /gdata/huangzp/dsl_sgen/logs/img_align_celeba_2018-03-05_07-05-04...
[756/500000] Loss_D: 2.7821 Loss_G: 2.5721
[756/500000] l_d_A_real: 0.6233 l_d_A_fake: 0.7539, l_d_B_real: 0.6955, l_d_B_fake: 0.7095
[756/500000] l_const_A: 0.0048 l_const_B: 0.0075, l_gan_A: 0.6640, l_gan_B: 0.7012
[756/500000] l_dsl_A: 0.0045 l_dsl_B: 0.0045
[*] Samples saved: /gdata/huangzp/dsl_sgen/logs/img_align_celeba_2018-03-05_07-05-04/756_x_AB.png
[*] Samples saved: /gdata/huangzp/dsl_sgen/logs/img_align_celeba_2018-03-05_07-05-04/756_x_ABA.png
[*] Samples saved: /gdata/huangzp/dsl_sgen/logs/img_align_celeba_2018-03-05_07-05-04/756_x_BA.png
[*] Samples saved: /gdata/huangzp/dsl_sgen/logs/img_align_celeba_2018-03-05_07-05-04/756_x_BAB.png
[!] Sampled dataset from A and B have different # of data. Try resampling...
[*] Save models to /gdata/huangzp/dsl_sgen/logs/img_align_celeba_2018-03-05_07-05-04...
[774/500000] Loss_D: 2.7225 Loss_G: 2.5755
[774/500000] l_d_A_real: 0.6063 l_d_A_fake: 0.7330, l_d_B_real: 0.6811, l_d_B_fake: 0.7021
[774/500000] l_const_A: 0.0053 l_const_B: 0.0079, l_gan_A: 0.7005, l_gan_B: 0.6639
[774/500000] l_dsl_A: 0.0004 l_dsl_B: 0.0004
[*] Samples saved: /gdata/huangzp/dsl_sgen/logs/img_align_celeba_2018-03-05_07-05-04/774_x_AB.png
[*] Samples saved: /gdata/huangzp/dsl_sgen/logs/img_align_celeba_2018-03-05_07-05-04/774_x_ABA.png
[*] Samples saved: /gdata/huangzp/dsl_sgen/logs/img_align_celeba_2018-03-05_07-05-04/774_x_BA.png
[*] Samples saved: /gdata/huangzp/dsl_sgen/logs/img_align_celeba_2018-03-05_07-05-04/774_x_BAB.png
[!] Sampled dataset from A and B have different # of data. Try resampling...
[*] Save models to /gdata/huangzp/dsl_sgen/logs/img_align_celeba_2018-03-05_07-05-04...
[!] Sampled dataset from A and B have different # of data. Try resampling...
[792/500000] Loss_D: 2.7096 Loss_G: 2.6202
[792/500000] l_d_A_real: 0.6108 l_d_A_fake: 0.7296, l_d_B_real: 0.6317, l_d_B_fake: 0.7376
[792/500000] l_const_A: 0.0059 l_const_B: 0.0044, l_gan_A: 0.8038, l_gan_B: 0.7082
[792/500000] l_dsl_A: 0.0026 l_dsl_B: 0.0026
[*] Samples saved: /gdata/huangzp/dsl_sgen/logs/img_align_celeba_2018-03-05_07-05-04/792_x_AB.png
[*] Samples saved: /gdata/huangzp/dsl_sgen/logs/img_align_celeba_2018-03-05_07-05-04/792_x_ABA.png
[*] Samples saved: /gdata/huangzp/dsl_sgen/logs/img_align_celeba_2018-03-05_07-05-04/792_x_BA.png
[*] Samples saved: /gdata/huangzp/dsl_sgen/logs/img_align_celeba_2018-03-05_07-05-04/792_x_BAB.png
[!] Sampled dataset from A and B have different # of data. Try resampling...
[*] Save models to /gdata/huangzp/dsl_sgen/logs/img_align_celeba_2018-03-05_07-05-04...
[810/500000] Loss_D: 2.6819 Loss_G: 2.4144
[810/500000] l_d_A_real: 0.7294 l_d_A_fake: 0.5918, l_d_B_real: 0.6621, l_d_B_fake: 0.6986
[810/500000] l_const_A: 0.0046 l_const_B: 0.0047, l_gan_A: 0.6213, l_gan_B: 0.6526
[810/500000] l_dsl_A: 0.0227 l_dsl_B: 0.0227
[*] Samples saved: /gdata/huangzp/dsl_sgen/logs/img_align_celeba_2018-03-05_07-05-04/810_x_AB.png
[*] Samples saved: /gdata/huangzp/dsl_sgen/logs/img_align_celeba_2018-03-05_07-05-04/810_x_ABA.png
[*] Samples saved: /gdata/huangzp/dsl_sgen/logs/img_align_celeba_2018-03-05_07-05-04/810_x_BA.png
[*] Samples saved: /gdata/huangzp/dsl_sgen/logs/img_align_celeba_2018-03-05_07-05-04/810_x_BAB.png
[!] Sampled dataset from A and B have different # of data. Try resampling...
[*] Save models to /gdata/huangzp/dsl_sgen/logs/img_align_celeba_2018-03-05_07-05-04...
[828/500000] Loss_D: 2.8651 Loss_G: 2.7249
[828/500000] l_d_A_real: 0.7791 l_d_A_fake: 0.7108, l_d_B_real: 0.6782, l_d_B_fake: 0.6970
[828/500000] l_const_A: 0.0050 l_const_B: 0.0074, l_gan_A: 0.8239, l_gan_B: 0.6784
[828/500000] l_dsl_A: 0.0731 l_dsl_B: 0.0731
[*] Samples saved: /gdata/huangzp/dsl_sgen/logs/img_align_celeba_2018-03-05_07-05-04/828_x_AB.png
[*] Samples saved: /gdata/huangzp/dsl_sgen/logs/img_align_celeba_2018-03-05_07-05-04/828_x_ABA.png
[*] Samples saved: /gdata/huangzp/dsl_sgen/logs/img_align_celeba_2018-03-05_07-05-04/828_x_BA.png
[*] Samples saved: /gdata/huangzp/dsl_sgen/logs/img_align_celeba_2018-03-05_07-05-04/828_x_BAB.png
[!] Sampled dataset from A and B have different # of data. Try resampling...
[*] Save models to /gdata/huangzp/dsl_sgen/logs/img_align_celeba_2018-03-05_07-05-04...
[846/500000] Loss_D: 2.6989 Loss_G: 2.5572
[846/500000] l_d_A_real: 0.7362 l_d_A_fake: 0.6051, l_d_B_real: 0.6996, l_d_B_fake: 0.6580
[846/500000] l_const_A: 0.0053 l_const_B: 0.0035, l_gan_A: 0.7000, l_gan_B: 0.7248
[846/500000] l_dsl_A: 0.0086 l_dsl_B: 0.0086
[*] Samples saved: /gdata/huangzp/dsl_sgen/logs/img_align_celeba_2018-03-05_07-05-04/846_x_AB.png
[*] Samples saved: /gdata/huangzp/dsl_sgen/logs/img_align_celeba_2018-03-05_07-05-04/846_x_ABA.png
[*] Samples saved: /gdata/huangzp/dsl_sgen/logs/img_align_celeba_2018-03-05_07-05-04/846_x_BA.png
[*] Samples saved: /gdata/huangzp/dsl_sgen/logs/img_align_celeba_2018-03-05_07-05-04/846_x_BAB.png
[!] Sampled dataset from A and B have different # of data. Try resampling...
[*] Save models to /gdata/huangzp/dsl_sgen/logs/img_align_celeba_2018-03-05_07-05-04...
[864/500000] Loss_D: 2.7677 Loss_G: 2.6473
[864/500000] l_d_A_real: 0.6708 l_d_A_fake: 0.7126, l_d_B_real: 0.6899, l_d_B_fake: 0.6944
[864/500000] l_const_A: 0.0057 l_const_B: 0.0030, l_gan_A: 0.8280, l_gan_B: 0.7278
[864/500000] l_dsl_A: 0.0027 l_dsl_B: 0.0027
[*] Samples saved: /gdata/huangzp/dsl_sgen/logs/img_align_celeba_2018-03-05_07-05-04/864_x_AB.png
[*] Samples saved: /gdata/huangzp/dsl_sgen/logs/img_align_celeba_2018-03-05_07-05-04/864_x_ABA.png
[*] Samples saved: /gdata/huangzp/dsl_sgen/logs/img_align_celeba_2018-03-05_07-05-04/864_x_BA.png
[*] Samples saved: /gdata/huangzp/dsl_sgen/logs/img_align_celeba_2018-03-05_07-05-04/864_x_BAB.png
[!] Sampled dataset from A and B have different # of data. Try resampling...
[*] Save models to /gdata/huangzp/dsl_sgen/logs/img_align_celeba_2018-03-05_07-05-04...
[882/500000] Loss_D: 2.7438 Loss_G: 2.4476
[882/500000] l_d_A_real: 0.7445 l_d_A_fake: 0.6118, l_d_B_real: 0.7119, l_d_B_fake: 0.6757
[882/500000] l_const_A: 0.0051 l_const_B: 0.0035, l_gan_A: 0.6468, l_gan_B: 0.6720
[882/500000] l_dsl_A: 0.0240 l_dsl_B: 0.0240
[*] Samples saved: /gdata/huangzp/dsl_sgen/logs/img_align_celeba_2018-03-05_07-05-04/882_x_AB.png
[*] Samples saved: /gdata/huangzp/dsl_sgen/logs/img_align_celeba_2018-03-05_07-05-04/882_x_ABA.png
[*] Samples saved: /gdata/huangzp/dsl_sgen/logs/img_align_celeba_2018-03-05_07-05-04/882_x_BA.png
[*] Samples saved: /gdata/huangzp/dsl_sgen/logs/img_align_celeba_2018-03-05_07-05-04/882_x_BAB.png
[!] Sampled dataset from A and B have different # of data. Try resampling...
[*] Save models to /gdata/huangzp/dsl_sgen/logs/img_align_celeba_2018-03-05_07-05-04...
[900/500000] Loss_D: 2.7370 Loss_G: 2.4506
[900/500000] l_d_A_real: 0.6979 l_d_A_fake: 0.6634, l_d_B_real: 0.7092, l_d_B_fake: 0.6665
[900/500000] l_const_A: 0.0041 l_const_B: 0.0045, l_gan_A: 0.6390, l_gan_B: 0.6639
[900/500000] l_dsl_A: 0.0149 l_dsl_B: 0.0149
[*] Samples saved: /gdata/huangzp/dsl_sgen/logs/img_align_celeba_2018-03-05_07-05-04/900_x_AB.png
[*] Samples saved: /gdata/huangzp/dsl_sgen/logs/img_align_celeba_2018-03-05_07-05-04/900_x_ABA.png
[*] Samples saved: /gdata/huangzp/dsl_sgen/logs/img_align_celeba_2018-03-05_07-05-04/900_x_BA.png
[*] Samples saved: /gdata/huangzp/dsl_sgen/logs/img_align_celeba_2018-03-05_07-05-04/900_x_BAB.png
[!] Sampled dataset from A and B have different # of data. Try resampling...
[!] Sampled dataset from A and B have different # of data. Try resampling...
[*] Save models to /gdata/huangzp/dsl_sgen/logs/img_align_celeba_2018-03-05_07-05-04...
[918/500000] Loss_D: 2.7653 Loss_G: 2.5458
[918/500000] l_d_A_real: 0.7161 l_d_A_fake: 0.6690, l_d_B_real: 0.6853, l_d_B_fake: 0.6949
[918/500000] l_const_A: 0.0040 l_const_B: 0.0032, l_gan_A: 0.6956, l_gan_B: 0.7245
[918/500000] l_dsl_A: 0.0126 l_dsl_B: 0.0126
[*] Samples saved: /gdata/huangzp/dsl_sgen/logs/img_align_celeba_2018-03-05_07-05-04/918_x_AB.png
[*] Samples saved: /gdata/huangzp/dsl_sgen/logs/img_align_celeba_2018-03-05_07-05-04/918_x_ABA.png
[*] Samples saved: /gdata/huangzp/dsl_sgen/logs/img_align_celeba_2018-03-05_07-05-04/918_x_BA.png
[*] Samples saved: /gdata/huangzp/dsl_sgen/logs/img_align_celeba_2018-03-05_07-05-04/918_x_BAB.png
[!] Sampled dataset from A and B have different # of data. Try resampling...
[*] Save models to /gdata/huangzp/dsl_sgen/logs/img_align_celeba_2018-03-05_07-05-04...
[936/500000] Loss_D: 2.7324 Loss_G: 2.6356
[936/500000] l_d_A_real: 0.7235 l_d_A_fake: 0.6449, l_d_B_real: 0.6699, l_d_B_fake: 0.6942
[936/500000] l_const_A: 0.0055 l_const_B: 0.0046, l_gan_A: 0.7740, l_gan_B: 0.7123
[936/500000] l_dsl_A: 0.0029 l_dsl_B: 0.0029
[*] Samples saved: /gdata/huangzp/dsl_sgen/logs/img_align_celeba_2018-03-05_07-05-04/936_x_AB.png
[*] Samples saved: /gdata/huangzp/dsl_sgen/logs/img_align_celeba_2018-03-05_07-05-04/936_x_ABA.png
[*] Samples saved: /gdata/huangzp/dsl_sgen/logs/img_align_celeba_2018-03-05_07-05-04/936_x_BA.png
[*] Samples saved: /gdata/huangzp/dsl_sgen/logs/img_align_celeba_2018-03-05_07-05-04/936_x_BAB.png
[!] Sampled dataset from A and B have different # of data. Try resampling...
[*] Save models to /gdata/huangzp/dsl_sgen/logs/img_align_celeba_2018-03-05_07-05-04...
[954/500000] Loss_D: 2.7274 Loss_G: 2.4715
[954/500000] l_d_A_real: 0.6066 l_d_A_fake: 0.7165, l_d_B_real: 0.7309, l_d_B_fake: 0.6733
[954/500000] l_const_A: 0.0047 l_const_B: 0.0048, l_gan_A: 0.6328, l_gan_B: 0.6831
[954/500000] l_dsl_A: 0.0216 l_dsl_B: 0.0216
[*] Samples saved: /gdata/huangzp/dsl_sgen/logs/img_align_celeba_2018-03-05_07-05-04/954_x_AB.png
[*] Samples saved: /gdata/huangzp/dsl_sgen/logs/img_align_celeba_2018-03-05_07-05-04/954_x_ABA.png
[*] Samples saved: /gdata/huangzp/dsl_sgen/logs/img_align_celeba_2018-03-05_07-05-04/954_x_BA.png
[*] Samples saved: /gdata/huangzp/dsl_sgen/logs/img_align_celeba_2018-03-05_07-05-04/954_x_BAB.png
[!] Sampled dataset from A and B have different # of data. Try resampling...
[*] Save models to /gdata/huangzp/dsl_sgen/logs/img_align_celeba_2018-03-05_07-05-04...
[972/500000] Loss_D: 2.7015 Loss_G: 2.5343
[972/500000] l_d_A_real: 0.6824 l_d_A_fake: 0.6550, l_d_B_real: 0.6669, l_d_B_fake: 0.6973
[972/500000] l_const_A: 0.0045 l_const_B: 0.0049, l_gan_A: 0.7179, l_gan_B: 0.6903
[972/500000] l_dsl_A: 0.0086 l_dsl_B: 0.0086
[*] Samples saved: /gdata/huangzp/dsl_sgen/logs/img_align_celeba_2018-03-05_07-05-04/972_x_AB.png
[*] Samples saved: /gdata/huangzp/dsl_sgen/logs/img_align_celeba_2018-03-05_07-05-04/972_x_ABA.png
[*] Samples saved: /gdata/huangzp/dsl_sgen/logs/img_align_celeba_2018-03-05_07-05-04/972_x_BA.png
[*] Samples saved: /gdata/huangzp/dsl_sgen/logs/img_align_celeba_2018-03-05_07-05-04/972_x_BAB.png
[!] Sampled dataset from A and B have different # of data. Try resampling...
[*] Save models to /gdata/huangzp/dsl_sgen/logs/img_align_celeba_2018-03-05_07-05-04...
[990/500000] Loss_D: 2.7097 Loss_G: 2.5538
[990/500000] l_d_A_real: 0.7189 l_d_A_fake: 0.6138, l_d_B_real: 0.7124, l_d_B_fake: 0.6646
[990/500000] l_const_A: 0.0062 l_const_B: 0.0048, l_gan_A: 0.6672, l_gan_B: 0.6905
[990/500000] l_dsl_A: 0.0161 l_dsl_B: 0.0161
[*] Samples saved: /gdata/huangzp/dsl_sgen/logs/img_align_celeba_2018-03-05_07-05-04/990_x_AB.png
[*] Samples saved: /gdata/huangzp/dsl_sgen/logs/img_align_celeba_2018-03-05_07-05-04/990_x_ABA.png
[*] Samples saved: /gdata/huangzp/dsl_sgen/logs/img_align_celeba_2018-03-05_07-05-04/990_x_BA.png
[*] Samples saved: /gdata/huangzp/dsl_sgen/logs/img_align_celeba_2018-03-05_07-05-04/990_x_BAB.png
[!] Sampled dataset from A and B have different # of data. Try resampling...
[*] Save models to /gdata/huangzp/dsl_sgen/logs/img_align_celeba_2018-03-05_07-05-04...
[1008/500000] Loss_D: 2.7318 Loss_G: 2.4956
[1008/500000] l_d_A_real: 0.6801 l_d_A_fake: 0.6899, l_d_B_real: 0.6943, l_d_B_fake: 0.6675
[1008/500000] l_const_A: 0.0040 l_const_B: 0.0045, l_gan_A: 0.6916, l_gan_B: 0.6474
[1008/500000] l_dsl_A: 0.0071 l_dsl_B: 0.0071
[*] Samples saved: /gdata/huangzp/dsl_sgen/logs/img_align_celeba_2018-03-05_07-05-04/1008_x_AB.png
[*] Samples saved: /gdata/huangzp/dsl_sgen/logs/img_align_celeba_2018-03-05_07-05-04/1008_x_ABA.png
[*] Samples saved: /gdata/huangzp/dsl_sgen/logs/img_align_celeba_2018-03-05_07-05-04/1008_x_BA.png
[*] Samples saved: /gdata/huangzp/dsl_sgen/logs/img_align_celeba_2018-03-05_07-05-04/1008_x_BAB.png
[!] Sampled dataset from A and B have different # of data. Try resampling...
[*] Save models to /gdata/huangzp/dsl_sgen/logs/img_align_celeba_2018-03-05_07-05-04...
[!] Sampled dataset from A and B have different # of data. Try resampling...
[1026/500000] Loss_D: 2.7215 Loss_G: 2.5340
[1026/500000] l_d_A_real: 0.7002 l_d_A_fake: 0.6186, l_d_B_real: 0.7018, l_d_B_fake: 0.7009
[1026/500000] l_const_A: 0.0051 l_const_B: 0.0104, l_gan_A: 0.6294, l_gan_B: 0.6475
[1026/500000] l_dsl_A: 0.0042 l_dsl_B: 0.0042
[*] Samples saved: /gdata/huangzp/dsl_sgen/logs/img_align_celeba_2018-03-05_07-05-04/1026_x_AB.png
[*] Samples saved: /gdata/huangzp/dsl_sgen/logs/img_align_celeba_2018-03-05_07-05-04/1026_x_ABA.png
[*] Samples saved: /gdata/huangzp/dsl_sgen/logs/img_align_celeba_2018-03-05_07-05-04/1026_x_BA.png
[*] Samples saved: /gdata/huangzp/dsl_sgen/logs/img_align_celeba_2018-03-05_07-05-04/1026_x_BAB.png
[!] Sampled dataset from A and B have different # of data. Try resampling...
[*] Save models to /gdata/huangzp/dsl_sgen/logs/img_align_celeba_2018-03-05_07-05-04...
[1044/500000] Loss_D: 2.7150 Loss_G: 2.6377
[1044/500000] l_d_A_real: 0.5801 l_d_A_fake: 0.7527, l_d_B_real: 0.5945, l_d_B_fake: 0.7877
[1044/500000] l_const_A: 0.0047 l_const_B: 0.0077, l_gan_A: 0.7270, l_gan_B: 0.6940
[1044/500000] l_dsl_A: 0.0050 l_dsl_B: 0.0050
[*] Samples saved: /gdata/huangzp/dsl_sgen/logs/img_align_celeba_2018-03-05_07-05-04/1044_x_AB.png
[*] Samples saved: /gdata/huangzp/dsl_sgen/logs/img_align_celeba_2018-03-05_07-05-04/1044_x_ABA.png
[*] Samples saved: /gdata/huangzp/dsl_sgen/logs/img_align_celeba_2018-03-05_07-05-04/1044_x_BA.png
[*] Samples saved: /gdata/huangzp/dsl_sgen/logs/img_align_celeba_2018-03-05_07-05-04/1044_x_BAB.png
[!] Sampled dataset from A and B have different # of data. Try resampling...
[*] Save models to /gdata/huangzp/dsl_sgen/logs/img_align_celeba_2018-03-05_07-05-04...
[1062/500000] Loss_D: 2.7618 Loss_G: 2.5881
[1062/500000] l_d_A_real: 0.7062 l_d_A_fake: 0.6514, l_d_B_real: 0.7213, l_d_B_fake: 0.6830
[1062/500000] l_const_A: 0.0065 l_const_B: 0.0048, l_gan_A: 0.6903, l_gan_B: 0.6862
[1062/500000] l_dsl_A: 0.0080 l_dsl_B: 0.0080
[*] Samples saved: /gdata/huangzp/dsl_sgen/logs/img_align_celeba_2018-03-05_07-05-04/1062_x_AB.png
[*] Samples saved: /gdata/huangzp/dsl_sgen/logs/img_align_celeba_2018-03-05_07-05-04/1062_x_ABA.png
[*] Samples saved: /gdata/huangzp/dsl_sgen/logs/img_align_celeba_2018-03-05_07-05-04/1062_x_BA.png
[*] Samples saved: /gdata/huangzp/dsl_sgen/logs/img_align_celeba_2018-03-05_07-05-04/1062_x_BAB.png
[!] Sampled dataset from A and B have different # of data. Try resampling...
[*] Save models to /gdata/huangzp/dsl_sgen/logs/img_align_celeba_2018-03-05_07-05-04...
[1080/500000] Loss_D: 2.7549 Loss_G: 2.4838
[1080/500000] l_d_A_real: 0.7560 l_d_A_fake: 0.6066, l_d_B_real: 0.7493, l_d_B_fake: 0.6429
[1080/500000] l_const_A: 0.0041 l_const_B: 0.0045, l_gan_A: 0.6372, l_gan_B: 0.6843
[1080/500000] l_dsl_A: 0.0261 l_dsl_B: 0.0261
[*] Samples saved: /gdata/huangzp/dsl_sgen/logs/img_align_celeba_2018-03-05_07-05-04/1080_x_AB.png
[*] Samples saved: /gdata/huangzp/dsl_sgen/logs/img_align_celeba_2018-03-05_07-05-04/1080_x_ABA.png
[*] Samples saved: /gdata/huangzp/dsl_sgen/logs/img_align_celeba_2018-03-05_07-05-04/1080_x_BA.png
[*] Samples saved: /gdata/huangzp/dsl_sgen/logs/img_align_celeba_2018-03-05_07-05-04/1080_x_BAB.png
[!] Sampled dataset from A and B have different # of data. Try resampling...
[*] Save models to /gdata/huangzp/dsl_sgen/logs/img_align_celeba_2018-03-05_07-05-04...
[1098/500000] Loss_D: 2.7613 Loss_G: 2.5861
[1098/500000] l_d_A_real: 0.6543 l_d_A_fake: 0.7092, l_d_B_real: 0.6838, l_d_B_fake: 0.7141
[1098/500000] l_const_A: 0.0053 l_const_B: 0.0030, l_gan_A: 0.6778, l_gan_B: 0.7103
[1098/500000] l_dsl_A: 0.0169 l_dsl_B: 0.0169
[*] Samples saved: /gdata/huangzp/dsl_sgen/logs/img_align_celeba_2018-03-05_07-05-04/1098_x_AB.png
[*] Samples saved: /gdata/huangzp/dsl_sgen/logs/img_align_celeba_2018-03-05_07-05-04/1098_x_ABA.png
[*] Samples saved: /gdata/huangzp/dsl_sgen/logs/img_align_celeba_2018-03-05_07-05-04/1098_x_BA.png
[*] Samples saved: /gdata/huangzp/dsl_sgen/logs/img_align_celeba_2018-03-05_07-05-04/1098_x_BAB.png
[!] Sampled dataset from A and B have different # of data. Try resampling...
[*] Save models to /gdata/huangzp/dsl_sgen/logs/img_align_celeba_2018-03-05_07-05-04...
[1116/500000] Loss_D: 2.7441 Loss_G: 2.5522
[1116/500000] l_d_A_real: 0.6538 l_d_A_fake: 0.7036, l_d_B_real: 0.6957, l_d_B_fake: 0.6911
[1116/500000] l_const_A: 0.0051 l_const_B: 0.0029, l_gan_A: 0.6839, l_gan_B: 0.6926
[1116/500000] l_dsl_A: 0.0157 l_dsl_B: 0.0157
[*] Samples saved: /gdata/huangzp/dsl_sgen/logs/img_align_celeba_2018-03-05_07-05-04/1116_x_AB.png
[*] Samples saved: /gdata/huangzp/dsl_sgen/logs/img_align_celeba_2018-03-05_07-05-04/1116_x_ABA.png
[*] Samples saved: /gdata/huangzp/dsl_sgen/logs/img_align_celeba_2018-03-05_07-05-04/1116_x_BA.png
[*] Samples saved: /gdata/huangzp/dsl_sgen/logs/img_align_celeba_2018-03-05_07-05-04/1116_x_BAB.png
[!] Sampled dataset from A and B have different # of data. Try resampling...
[*] Save models to /gdata/huangzp/dsl_sgen/logs/img_align_celeba_2018-03-05_07-05-04...
[!] Sampled dataset from A and B have different # of data. Try resampling...
[1134/500000] Loss_D: 2.7833 Loss_G: 2.6521
[1134/500000] l_d_A_real: 0.6384 l_d_A_fake: 0.7446, l_d_B_real: 0.7047, l_d_B_fake: 0.6957
[1134/500000] l_const_A: 0.0053 l_const_B: 0.0035, l_gan_A: 0.7629, l_gan_B: 0.7019
[1134/500000] l_dsl_A: 0.0326 l_dsl_B: 0.0326
[*] Samples saved: /gdata/huangzp/dsl_sgen/logs/img_align_celeba_2018-03-05_07-05-04/1134_x_AB.png
[*] Samples saved: /gdata/huangzp/dsl_sgen/logs/img_align_celeba_2018-03-05_07-05-04/1134_x_ABA.png
[*] Samples saved: /gdata/huangzp/dsl_sgen/logs/img_align_celeba_2018-03-05_07-05-04/1134_x_BA.png
[*] Samples saved: /gdata/huangzp/dsl_sgen/logs/img_align_celeba_2018-03-05_07-05-04/1134_x_BAB.png
[!] Sampled dataset from A and B have different # of data. Try resampling...
[*] Save models to /gdata/huangzp/dsl_sgen/logs/img_align_celeba_2018-03-05_07-05-04...
[1152/500000] Loss_D: 2.7056 Loss_G: 2.4915
[1152/500000] l_d_A_real: 0.5922 l_d_A_fake: 0.7489, l_d_B_real: 0.6882, l_d_B_fake: 0.6763
[1152/500000] l_const_A: 0.0036 l_const_B: 0.0038, l_gan_A: 0.7733, l_gan_B: 0.6423
[1152/500000] l_dsl_A: 0.0039 l_dsl_B: 0.0039
[*] Samples saved: /gdata/huangzp/dsl_sgen/logs/img_align_celeba_2018-03-05_07-05-04/1152_x_AB.png
[*] Samples saved: /gdata/huangzp/dsl_sgen/logs/img_align_celeba_2018-03-05_07-05-04/1152_x_ABA.png
[*] Samples saved: /gdata/huangzp/dsl_sgen/logs/img_align_celeba_2018-03-05_07-05-04/1152_x_BA.png
[*] Samples saved: /gdata/huangzp/dsl_sgen/logs/img_align_celeba_2018-03-05_07-05-04/1152_x_BAB.png
[!] Sampled dataset from A and B have different # of data. Try resampling...
[*] Save models to /gdata/huangzp/dsl_sgen/logs/img_align_celeba_2018-03-05_07-05-04...
[1170/500000] Loss_D: 2.7171 Loss_G: 2.6631
[1170/500000] l_d_A_real: 0.6128 l_d_A_fake: 0.7518, l_d_B_real: 0.6142, l_d_B_fake: 0.7382
[1170/500000] l_const_A: 0.0049 l_const_B: 0.0063, l_gan_A: 0.8044, l_gan_B: 0.7125
[1170/500000] l_dsl_A: 0.0114 l_dsl_B: 0.0114
[*] Samples saved: /gdata/huangzp/dsl_sgen/logs/img_align_celeba_2018-03-05_07-05-04/1170_x_AB.png
[*] Samples saved: /gdata/huangzp/dsl_sgen/logs/img_align_celeba_2018-03-05_07-05-04/1170_x_ABA.png
[*] Samples saved: /gdata/huangzp/dsl_sgen/logs/img_align_celeba_2018-03-05_07-05-04/1170_x_BA.png
[*] Samples saved: /gdata/huangzp/dsl_sgen/logs/img_align_celeba_2018-03-05_07-05-04/1170_x_BAB.png
[!] Sampled dataset from A and B have different # of data. Try resampling...
[*] Save models to /gdata/huangzp/dsl_sgen/logs/img_align_celeba_2018-03-05_07-05-04...
[1188/500000] Loss_D: 2.7248 Loss_G: 2.5035
[1188/500000] l_d_A_real: 0.6039 l_d_A_fake: 0.7380, l_d_B_real: 0.6422, l_d_B_fake: 0.7407
[1188/500000] l_const_A: 0.0034 l_const_B: 0.0035, l_gan_A: 0.7203, l_gan_B: 0.7034
[1188/500000] l_dsl_A: 0.0122 l_dsl_B: 0.0122
[*] Samples saved: /gdata/huangzp/dsl_sgen/logs/img_align_celeba_2018-03-05_07-05-04/1188_x_AB.png
[*] Samples saved: /gdata/huangzp/dsl_sgen/logs/img_align_celeba_2018-03-05_07-05-04/1188_x_ABA.png
[*] Samples saved: /gdata/huangzp/dsl_sgen/logs/img_align_celeba_2018-03-05_07-05-04/1188_x_BA.png
[*] Samples saved: /gdata/huangzp/dsl_sgen/logs/img_align_celeba_2018-03-05_07-05-04/1188_x_BAB.png
[!] Sampled dataset from A and B have different # of data. Try resampling...
[*] Save models to /gdata/huangzp/dsl_sgen/logs/img_align_celeba_2018-03-05_07-05-04...
[1206/500000] Loss_D: 2.7600 Loss_G: 2.6425
[1206/500000] l_d_A_real: 0.6685 l_d_A_fake: 0.6951, l_d_B_real: 0.7232, l_d_B_fake: 0.6731
[1206/500000] l_const_A: 0.0046 l_const_B: 0.0024, l_gan_A: 0.7772, l_gan_B: 0.7462
[1206/500000] l_dsl_A: 0.0073 l_dsl_B: 0.0073
[*] Samples saved: /gdata/huangzp/dsl_sgen/logs/img_align_celeba_2018-03-05_07-05-04/1206_x_AB.png
[*] Samples saved: /gdata/huangzp/dsl_sgen/logs/img_align_celeba_2018-03-05_07-05-04/1206_x_ABA.png
[*] Samples saved: /gdata/huangzp/dsl_sgen/logs/img_align_celeba_2018-03-05_07-05-04/1206_x_BA.png
[*] Samples saved: /gdata/huangzp/dsl_sgen/logs/img_align_celeba_2018-03-05_07-05-04/1206_x_BAB.png
[!] Sampled dataset from A and B have different # of data. Try resampling...
[*] Save models to /gdata/huangzp/dsl_sgen/logs/img_align_celeba_2018-03-05_07-05-04...
[1224/500000] Loss_D: 2.7702 Loss_G: 2.5483
[1224/500000] l_d_A_real: 0.7480 l_d_A_fake: 0.6322, l_d_B_real: 0.6768, l_d_B_fake: 0.7131
[1224/500000] l_const_A: 0.0044 l_const_B: 0.0058, l_gan_A: 0.6748, l_gan_B: 0.6711
[1224/500000] l_dsl_A: 0.0043 l_dsl_B: 0.0043
[*] Samples saved: /gdata/huangzp/dsl_sgen/logs/img_align_celeba_2018-03-05_07-05-04/1224_x_AB.png
[*] Samples saved: /gdata/huangzp/dsl_sgen/logs/img_align_celeba_2018-03-05_07-05-04/1224_x_ABA.png
[*] Samples saved: /gdata/huangzp/dsl_sgen/logs/img_align_celeba_2018-03-05_07-05-04/1224_x_BA.png
[*] Samples saved: /gdata/huangzp/dsl_sgen/logs/img_align_celeba_2018-03-05_07-05-04/1224_x_BAB.png
[!] Sampled dataset from A and B have different # of data. Try resampling...
[*] Save models to /gdata/huangzp/dsl_sgen/logs/img_align_celeba_2018-03-05_07-05-04...
[1242/500000] Loss_D: 2.7128 Loss_G: 2.7055
[1242/500000] l_d_A_real: 0.6404 l_d_A_fake: 0.7119, l_d_B_real: 0.6519, l_d_B_fake: 0.7086
[1242/500000] l_const_A: 0.0046 l_const_B: 0.0034, l_gan_A: 0.7187, l_gan_B: 0.7650
[1242/500000] l_dsl_A: 0.0139 l_dsl_B: 0.0139
[*] Samples saved: /gdata/huangzp/dsl_sgen/logs/img_align_celeba_2018-03-05_07-05-04/1242_x_AB.png
[*] Samples saved: /gdata/huangzp/dsl_sgen/logs/img_align_celeba_2018-03-05_07-05-04/1242_x_ABA.png
[*] Samples saved: /gdata/huangzp/dsl_sgen/logs/img_align_celeba_2018-03-05_07-05-04/1242_x_BA.png
[*] Samples saved: /gdata/huangzp/dsl_sgen/logs/img_align_celeba_2018-03-05_07-05-04/1242_x_BAB.png
[!] Sampled dataset from A and B have different # of data. Try resampling...
