Time is date
Directory is /gdata/huangzp/dsl_sgen/jobs
This job runs on following nodes:
G116
G116-gpu5
G116-gpu4
[*] MODEL dir: /gdata/huangzp/dsl_sgen/logs/img_align_celeba_2018-03-04_13-52-38
[*] PARAM path: /gdata/huangzp/dsl_sgen/logs/img_align_celeba_2018-03-04_13-52-38/params.json
[0/500000] Loss_D: 2.7840 Loss_G: 199.9845
[0/500000] l_d_A_real: 0.7663 l_d_A_fake: 0.6270, l_d_B_real: 0.6699, l_d_B_fake: 0.7208
[0/500000] l_const_A: 0.0597 l_const_B: 0.0304, l_gan_A: 0.7296, l_gan_B: 0.6717
[0/500000] l_dsl_A: 0.0483 l_dsl_B: 0.0483
[*] Samples saved: /gdata/huangzp/dsl_sgen/logs/img_align_celeba_2018-03-04_13-52-38/0_x_AB.png
[*] Samples saved: /gdata/huangzp/dsl_sgen/logs/img_align_celeba_2018-03-04_13-52-38/0_x_ABA.png
[*] Samples saved: /gdata/huangzp/dsl_sgen/logs/img_align_celeba_2018-03-04_13-52-38/0_x_BA.png
[*] Samples saved: /gdata/huangzp/dsl_sgen/logs/img_align_celeba_2018-03-04_13-52-38/0_x_BAB.png
[!] Sampled dataset from A and B have different # of data. Try resampling...
[*] Save models to /gdata/huangzp/dsl_sgen/logs/img_align_celeba_2018-03-04_13-52-38...
[20/500000] Loss_D: 2.6999 Loss_G: 105.3596
[20/500000] l_d_A_real: 0.6740 l_d_A_fake: 0.6441, l_d_B_real: 0.6938, l_d_B_fake: 0.6879
[20/500000] l_const_A: 0.0057 l_const_B: 0.0136, l_gan_A: 0.7073, l_gan_B: 0.6991
[20/500000] l_dsl_A: 0.0054 l_dsl_B: 0.0054
[*] Samples saved: /gdata/huangzp/dsl_sgen/logs/img_align_celeba_2018-03-04_13-52-38/20_x_AB.png
[*] Samples saved: /gdata/huangzp/dsl_sgen/logs/img_align_celeba_2018-03-04_13-52-38/20_x_ABA.png
[*] Samples saved: /gdata/huangzp/dsl_sgen/logs/img_align_celeba_2018-03-04_13-52-38/20_x_BA.png
[*] Samples saved: /gdata/huangzp/dsl_sgen/logs/img_align_celeba_2018-03-04_13-52-38/20_x_BAB.png
[!] Sampled dataset from A and B have different # of data. Try resampling...
[*] Save models to /gdata/huangzp/dsl_sgen/logs/img_align_celeba_2018-03-04_13-52-38...
[40/500000] Loss_D: 2.6596 Loss_G: 92.3992
[40/500000] l_d_A_real: 0.6373 l_d_A_fake: 0.6805, l_d_B_real: 0.6609, l_d_B_fake: 0.6809
[40/500000] l_const_A: 0.0059 l_const_B: 0.0085, l_gan_A: 0.8046, l_gan_B: 0.7564
[40/500000] l_dsl_A: 0.0168 l_dsl_B: 0.0168
[*] Samples saved: /gdata/huangzp/dsl_sgen/logs/img_align_celeba_2018-03-04_13-52-38/40_x_AB.png
[*] Samples saved: /gdata/huangzp/dsl_sgen/logs/img_align_celeba_2018-03-04_13-52-38/40_x_ABA.png
[*] Samples saved: /gdata/huangzp/dsl_sgen/logs/img_align_celeba_2018-03-04_13-52-38/40_x_BA.png
[*] Samples saved: /gdata/huangzp/dsl_sgen/logs/img_align_celeba_2018-03-04_13-52-38/40_x_BAB.png
[!] Sampled dataset from A and B have different # of data. Try resampling...
[*] Save models to /gdata/huangzp/dsl_sgen/logs/img_align_celeba_2018-03-04_13-52-38...
[60/500000] Loss_D: 2.3828 Loss_G: 88.2889
[60/500000] l_d_A_real: 0.6147 l_d_A_fake: 0.5137, l_d_B_real: 0.6682, l_d_B_fake: 0.5863
[60/500000] l_const_A: 0.0057 l_const_B: 0.0063, l_gan_A: 0.8999, l_gan_B: 0.8093
[60/500000] l_dsl_A: 0.0536 l_dsl_B: 0.0536
[*] Samples saved: /gdata/huangzp/dsl_sgen/logs/img_align_celeba_2018-03-04_13-52-38/60_x_AB.png
[*] Samples saved: /gdata/huangzp/dsl_sgen/logs/img_align_celeba_2018-03-04_13-52-38/60_x_ABA.png
[*] Samples saved: /gdata/huangzp/dsl_sgen/logs/img_align_celeba_2018-03-04_13-52-38/60_x_BA.png
[*] Samples saved: /gdata/huangzp/dsl_sgen/logs/img_align_celeba_2018-03-04_13-52-38/60_x_BAB.png
[!] Sampled dataset from A and B have different # of data. Try resampling...
[!] Sampled dataset from A and B have different # of data. Try resampling...
[*] Save models to /gdata/huangzp/dsl_sgen/logs/img_align_celeba_2018-03-04_13-52-38...
[80/500000] Loss_D: 2.5065 Loss_G: 86.5875
[80/500000] l_d_A_real: 0.6364 l_d_A_fake: 0.6475, l_d_B_real: 0.6051, l_d_B_fake: 0.6175
[80/500000] l_const_A: 0.0062 l_const_B: 0.0052, l_gan_A: 1.1415, l_gan_B: 0.9391
[80/500000] l_dsl_A: 0.0813 l_dsl_B: 0.0813
[*] Samples saved: /gdata/huangzp/dsl_sgen/logs/img_align_celeba_2018-03-04_13-52-38/80_x_AB.png
[*] Samples saved: /gdata/huangzp/dsl_sgen/logs/img_align_celeba_2018-03-04_13-52-38/80_x_ABA.png
[*] Samples saved: /gdata/huangzp/dsl_sgen/logs/img_align_celeba_2018-03-04_13-52-38/80_x_BA.png
[*] Samples saved: /gdata/huangzp/dsl_sgen/logs/img_align_celeba_2018-03-04_13-52-38/80_x_BAB.png
[!] Sampled dataset from A and B have different # of data. Try resampling...
[*] Save models to /gdata/huangzp/dsl_sgen/logs/img_align_celeba_2018-03-04_13-52-38...
[100/500000] Loss_D: 1.8771 Loss_G: 95.1412
[100/500000] l_d_A_real: 0.4419 l_d_A_fake: 0.4182, l_d_B_real: 0.4707, l_d_B_fake: 0.5462
[100/500000] l_const_A: 0.0066 l_const_B: 0.0077, l_gan_A: 0.9815, l_gan_B: 0.9024
[100/500000] l_dsl_A: 0.0277 l_dsl_B: 0.0277
[*] Samples saved: /gdata/huangzp/dsl_sgen/logs/img_align_celeba_2018-03-04_13-52-38/100_x_AB.png
[*] Samples saved: /gdata/huangzp/dsl_sgen/logs/img_align_celeba_2018-03-04_13-52-38/100_x_ABA.png
[*] Samples saved: /gdata/huangzp/dsl_sgen/logs/img_align_celeba_2018-03-04_13-52-38/100_x_BA.png
[*] Samples saved: /gdata/huangzp/dsl_sgen/logs/img_align_celeba_2018-03-04_13-52-38/100_x_BAB.png
[!] Sampled dataset from A and B have different # of data. Try resampling...
[*] Save models to /gdata/huangzp/dsl_sgen/logs/img_align_celeba_2018-03-04_13-52-38...
[120/500000] Loss_D: 1.7429 Loss_G: 85.0462
[120/500000] l_d_A_real: 0.4215 l_d_A_fake: 0.3327, l_d_B_real: 0.6719, l_d_B_fake: 0.3168
[120/500000] l_const_A: 0.0048 l_const_B: 0.0048, l_gan_A: 1.1446, l_gan_B: 0.6846
[120/500000] l_dsl_A: 0.0351 l_dsl_B: 0.0351
[*] Samples saved: /gdata/huangzp/dsl_sgen/logs/img_align_celeba_2018-03-04_13-52-38/120_x_AB.png
[*] Samples saved: /gdata/huangzp/dsl_sgen/logs/img_align_celeba_2018-03-04_13-52-38/120_x_ABA.png
[*] Samples saved: /gdata/huangzp/dsl_sgen/logs/img_align_celeba_2018-03-04_13-52-38/120_x_BA.png
[*] Samples saved: /gdata/huangzp/dsl_sgen/logs/img_align_celeba_2018-03-04_13-52-38/120_x_BAB.png
[!] Sampled dataset from A and B have different # of data. Try resampling...
[!] Sampled dataset from A and B have different # of data. Try resampling...
[*] Save models to /gdata/huangzp/dsl_sgen/logs/img_align_celeba_2018-03-04_13-52-38...
[140/500000] Loss_D: 1.5074 Loss_G: 85.5013
[140/500000] l_d_A_real: 0.3457 l_d_A_fake: 0.3640, l_d_B_real: 0.3863, l_d_B_fake: 0.4114
[140/500000] l_const_A: 0.0046 l_const_B: 0.0047, l_gan_A: 1.1744, l_gan_B: 1.1466
[140/500000] l_dsl_A: 0.0142 l_dsl_B: 0.0142
[*] Samples saved: /gdata/huangzp/dsl_sgen/logs/img_align_celeba_2018-03-04_13-52-38/140_x_AB.png
[*] Samples saved: /gdata/huangzp/dsl_sgen/logs/img_align_celeba_2018-03-04_13-52-38/140_x_ABA.png
[*] Samples saved: /gdata/huangzp/dsl_sgen/logs/img_align_celeba_2018-03-04_13-52-38/140_x_BA.png
[*] Samples saved: /gdata/huangzp/dsl_sgen/logs/img_align_celeba_2018-03-04_13-52-38/140_x_BAB.png
[!] Sampled dataset from A and B have different # of data. Try resampling...
[*] Save models to /gdata/huangzp/dsl_sgen/logs/img_align_celeba_2018-03-04_13-52-38...
[160/500000] Loss_D: 1.5700 Loss_G: 88.0603
[160/500000] l_d_A_real: 0.3098 l_d_A_fake: 0.3394, l_d_B_real: 0.4024, l_d_B_fake: 0.5184
[160/500000] l_const_A: 0.0047 l_const_B: 0.0050, l_gan_A: 1.0195, l_gan_B: 1.1398
[160/500000] l_dsl_A: 0.0437 l_dsl_B: 0.0437
[*] Samples saved: /gdata/huangzp/dsl_sgen/logs/img_align_celeba_2018-03-04_13-52-38/160_x_AB.png
[*] Samples saved: /gdata/huangzp/dsl_sgen/logs/img_align_celeba_2018-03-04_13-52-38/160_x_ABA.png
[*] Samples saved: /gdata/huangzp/dsl_sgen/logs/img_align_celeba_2018-03-04_13-52-38/160_x_BA.png
[*] Samples saved: /gdata/huangzp/dsl_sgen/logs/img_align_celeba_2018-03-04_13-52-38/160_x_BAB.png
[!] Sampled dataset from A and B have different # of data. Try resampling...
[*] Save models to /gdata/huangzp/dsl_sgen/logs/img_align_celeba_2018-03-04_13-52-38...
[180/500000] Loss_D: 1.4818 Loss_G: 90.1624
[180/500000] l_d_A_real: 0.2531 l_d_A_fake: 0.2795, l_d_B_real: 0.3381, l_d_B_fake: 0.6111
[180/500000] l_const_A: 0.0050 l_const_B: 0.0054, l_gan_A: 1.6778, l_gan_B: 1.4557
[180/500000] l_dsl_A: 0.0708 l_dsl_B: 0.0708
[*] Samples saved: /gdata/huangzp/dsl_sgen/logs/img_align_celeba_2018-03-04_13-52-38/180_x_AB.png
[*] Samples saved: /gdata/huangzp/dsl_sgen/logs/img_align_celeba_2018-03-04_13-52-38/180_x_ABA.png
[*] Samples saved: /gdata/huangzp/dsl_sgen/logs/img_align_celeba_2018-03-04_13-52-38/180_x_BA.png
[*] Samples saved: /gdata/huangzp/dsl_sgen/logs/img_align_celeba_2018-03-04_13-52-38/180_x_BAB.png
[!] Sampled dataset from A and B have different # of data. Try resampling...
[*] Save models to /gdata/huangzp/dsl_sgen/logs/img_align_celeba_2018-03-04_13-52-38...
[200/500000] Loss_D: 1.3413 Loss_G: 95.6729
[200/500000] l_d_A_real: 0.2374 l_d_A_fake: 0.2605, l_d_B_real: 0.2572, l_d_B_fake: 0.5862
[200/500000] l_const_A: 0.0048 l_const_B: 0.0071, l_gan_A: 1.3940, l_gan_B: 1.3220
[200/500000] l_dsl_A: 0.0447 l_dsl_B: 0.0447
[*] Samples saved: /gdata/huangzp/dsl_sgen/logs/img_align_celeba_2018-03-04_13-52-38/200_x_AB.png
[*] Samples saved: /gdata/huangzp/dsl_sgen/logs/img_align_celeba_2018-03-04_13-52-38/200_x_ABA.png
[*] Samples saved: /gdata/huangzp/dsl_sgen/logs/img_align_celeba_2018-03-04_13-52-38/200_x_BA.png
[*] Samples saved: /gdata/huangzp/dsl_sgen/logs/img_align_celeba_2018-03-04_13-52-38/200_x_BAB.png
[!] Sampled dataset from A and B have different # of data. Try resampling...
[!] Sampled dataset from A and B have different # of data. Try resampling...
[*] Save models to /gdata/huangzp/dsl_sgen/logs/img_align_celeba_2018-03-04_13-52-38...
[220/500000] Loss_D: 1.4850 Loss_G: 84.0692
[220/500000] l_d_A_real: 0.1830 l_d_A_fake: 0.4577, l_d_B_real: 0.6553, l_d_B_fake: 0.1890
[220/500000] l_const_A: 0.0048 l_const_B: 0.0034, l_gan_A: 1.5577, l_gan_B: 1.2729
[220/500000] l_dsl_A: 0.1178 l_dsl_B: 0.1178
[*] Samples saved: /gdata/huangzp/dsl_sgen/logs/img_align_celeba_2018-03-04_13-52-38/220_x_AB.png
[*] Samples saved: /gdata/huangzp/dsl_sgen/logs/img_align_celeba_2018-03-04_13-52-38/220_x_ABA.png
[*] Samples saved: /gdata/huangzp/dsl_sgen/logs/img_align_celeba_2018-03-04_13-52-38/220_x_BA.png
[*] Samples saved: /gdata/huangzp/dsl_sgen/logs/img_align_celeba_2018-03-04_13-52-38/220_x_BAB.png
[!] Sampled dataset from A and B have different # of data. Try resampling...
[*] Save models to /gdata/huangzp/dsl_sgen/logs/img_align_celeba_2018-03-04_13-52-38...
[240/500000] Loss_D: 1.1547 Loss_G: 88.3833
[240/500000] l_d_A_real: 0.1798 l_d_A_fake: 0.1542, l_d_B_real: 0.4303, l_d_B_fake: 0.3904
[240/500000] l_const_A: 0.0054 l_const_B: 0.0044, l_gan_A: 1.9277, l_gan_B: 1.3867
[240/500000] l_dsl_A: 0.2369 l_dsl_B: 0.2369
[*] Samples saved: /gdata/huangzp/dsl_sgen/logs/img_align_celeba_2018-03-04_13-52-38/240_x_AB.png
[*] Samples saved: /gdata/huangzp/dsl_sgen/logs/img_align_celeba_2018-03-04_13-52-38/240_x_ABA.png
[*] Samples saved: /gdata/huangzp/dsl_sgen/logs/img_align_celeba_2018-03-04_13-52-38/240_x_BA.png
[*] Samples saved: /gdata/huangzp/dsl_sgen/logs/img_align_celeba_2018-03-04_13-52-38/240_x_BAB.png
[!] Sampled dataset from A and B have different # of data. Try resampling...
[*] Save models to /gdata/huangzp/dsl_sgen/logs/img_align_celeba_2018-03-04_13-52-38...
[260/500000] Loss_D: 1.5360 Loss_G: 90.9436
[260/500000] l_d_A_real: 0.1828 l_d_A_fake: 0.4933, l_d_B_real: 0.2150, l_d_B_fake: 0.6449
[260/500000] l_const_A: 0.0052 l_const_B: 0.0046, l_gan_A: 1.3719, l_gan_B: 1.4995
[260/500000] l_dsl_A: 0.0877 l_dsl_B: 0.0877
[*] Samples saved: /gdata/huangzp/dsl_sgen/logs/img_align_celeba_2018-03-04_13-52-38/260_x_AB.png
[*] Samples saved: /gdata/huangzp/dsl_sgen/logs/img_align_celeba_2018-03-04_13-52-38/260_x_ABA.png
[*] Samples saved: /gdata/huangzp/dsl_sgen/logs/img_align_celeba_2018-03-04_13-52-38/260_x_BA.png
[*] Samples saved: /gdata/huangzp/dsl_sgen/logs/img_align_celeba_2018-03-04_13-52-38/260_x_BAB.png
[!] Sampled dataset from A and B have different # of data. Try resampling...
[!] Sampled dataset from A and B have different # of data. Try resampling...
[*] Save models to /gdata/huangzp/dsl_sgen/logs/img_align_celeba_2018-03-04_13-52-38...
[280/500000] Loss_D: 0.8042 Loss_G: 89.5742
[280/500000] l_d_A_real: 0.1142 l_d_A_fake: 0.1606, l_d_B_real: 0.2446, l_d_B_fake: 0.2848
[280/500000] l_const_A: 0.0058 l_const_B: 0.0044, l_gan_A: 2.1767, l_gan_B: 1.4677
[280/500000] l_dsl_A: 0.0769 l_dsl_B: 0.0769
[*] Samples saved: /gdata/huangzp/dsl_sgen/logs/img_align_celeba_2018-03-04_13-52-38/280_x_AB.png
[*] Samples saved: /gdata/huangzp/dsl_sgen/logs/img_align_celeba_2018-03-04_13-52-38/280_x_ABA.png
[*] Samples saved: /gdata/huangzp/dsl_sgen/logs/img_align_celeba_2018-03-04_13-52-38/280_x_BA.png
[*] Samples saved: /gdata/huangzp/dsl_sgen/logs/img_align_celeba_2018-03-04_13-52-38/280_x_BAB.png
[!] Sampled dataset from A and B have different # of data. Try resampling...
[*] Save models to /gdata/huangzp/dsl_sgen/logs/img_align_celeba_2018-03-04_13-52-38...
[300/500000] Loss_D: 1.1557 Loss_G: 102.0843
[300/500000] l_d_A_real: 0.2196 l_d_A_fake: 0.3467, l_d_B_real: 0.3778, l_d_B_fake: 0.2117
[300/500000] l_const_A: 0.0059 l_const_B: 0.0075, l_gan_A: 1.6687, l_gan_B: 1.4965
[300/500000] l_dsl_A: 0.0244 l_dsl_B: 0.0244
[*] Samples saved: /gdata/huangzp/dsl_sgen/logs/img_align_celeba_2018-03-04_13-52-38/300_x_AB.png
[*] Samples saved: /gdata/huangzp/dsl_sgen/logs/img_align_celeba_2018-03-04_13-52-38/300_x_ABA.png
[*] Samples saved: /gdata/huangzp/dsl_sgen/logs/img_align_celeba_2018-03-04_13-52-38/300_x_BA.png
[*] Samples saved: /gdata/huangzp/dsl_sgen/logs/img_align_celeba_2018-03-04_13-52-38/300_x_BAB.png
[!] Sampled dataset from A and B have different # of data. Try resampling...
[*] Save models to /gdata/huangzp/dsl_sgen/logs/img_align_celeba_2018-03-04_13-52-38...
[320/500000] Loss_D: 0.9615 Loss_G: 101.5070
[320/500000] l_d_A_real: 0.1281 l_d_A_fake: 0.1024, l_d_B_real: 0.5770, l_d_B_fake: 0.1540
[320/500000] l_const_A: 0.0052 l_const_B: 0.0077, l_gan_A: 2.1646, l_gan_B: 0.8796
[320/500000] l_dsl_A: 0.0400 l_dsl_B: 0.0400
[*] Samples saved: /gdata/huangzp/dsl_sgen/logs/img_align_celeba_2018-03-04_13-52-38/320_x_AB.png
[*] Samples saved: /gdata/huangzp/dsl_sgen/logs/img_align_celeba_2018-03-04_13-52-38/320_x_ABA.png
[*] Samples saved: /gdata/huangzp/dsl_sgen/logs/img_align_celeba_2018-03-04_13-52-38/320_x_BA.png
[*] Samples saved: /gdata/huangzp/dsl_sgen/logs/img_align_celeba_2018-03-04_13-52-38/320_x_BAB.png
[!] Sampled dataset from A and B have different # of data. Try resampling...
[*] Save models to /gdata/huangzp/dsl_sgen/logs/img_align_celeba_2018-03-04_13-52-38...
[340/500000] Loss_D: 1.3608 Loss_G: 93.4513
[340/500000] l_d_A_real: 0.2650 l_d_A_fake: 0.3347, l_d_B_real: 0.6221, l_d_B_fake: 0.1390
[340/500000] l_const_A: 0.0049 l_const_B: 0.0060, l_gan_A: 1.3490, l_gan_B: 0.7773
[340/500000] l_dsl_A: 0.0112 l_dsl_B: 0.0112
[*] Samples saved: /gdata/huangzp/dsl_sgen/logs/img_align_celeba_2018-03-04_13-52-38/340_x_AB.png
[*] Samples saved: /gdata/huangzp/dsl_sgen/logs/img_align_celeba_2018-03-04_13-52-38/340_x_ABA.png
[*] Samples saved: /gdata/huangzp/dsl_sgen/logs/img_align_celeba_2018-03-04_13-52-38/340_x_BA.png
[*] Samples saved: /gdata/huangzp/dsl_sgen/logs/img_align_celeba_2018-03-04_13-52-38/340_x_BAB.png
[!] Sampled dataset from A and B have different # of data. Try resampling...
[!] Sampled dataset from A and B have different # of data. Try resampling...
[*] Save models to /gdata/huangzp/dsl_sgen/logs/img_align_celeba_2018-03-04_13-52-38...
[360/500000] Loss_D: 1.1366 Loss_G: 96.0209
[360/500000] l_d_A_real: 0.1132 l_d_A_fake: 0.5137, l_d_B_real: 0.2191, l_d_B_fake: 0.2906
[360/500000] l_const_A: 0.0047 l_const_B: 0.0062, l_gan_A: 2.1123, l_gan_B: 1.6996
[360/500000] l_dsl_A: 0.1228 l_dsl_B: 0.1228
[*] Samples saved: /gdata/huangzp/dsl_sgen/logs/img_align_celeba_2018-03-04_13-52-38/360_x_AB.png
[*] Samples saved: /gdata/huangzp/dsl_sgen/logs/img_align_celeba_2018-03-04_13-52-38/360_x_ABA.png
[*] Samples saved: /gdata/huangzp/dsl_sgen/logs/img_align_celeba_2018-03-04_13-52-38/360_x_BA.png
[*] Samples saved: /gdata/huangzp/dsl_sgen/logs/img_align_celeba_2018-03-04_13-52-38/360_x_BAB.png
[!] Sampled dataset from A and B have different # of data. Try resampling...
[*] Save models to /gdata/huangzp/dsl_sgen/logs/img_align_celeba_2018-03-04_13-52-38...
[380/500000] Loss_D: 0.5466 Loss_G: 93.8739
[380/500000] l_d_A_real: 0.1368 l_d_A_fake: 0.0952, l_d_B_real: 0.1938, l_d_B_fake: 0.1208
[380/500000] l_const_A: 0.0040 l_const_B: 0.0059, l_gan_A: 2.5919, l_gan_B: 1.9828
[380/500000] l_dsl_A: 0.0225 l_dsl_B: 0.0225
[*] Samples saved: /gdata/huangzp/dsl_sgen/logs/img_align_celeba_2018-03-04_13-52-38/380_x_AB.png
[*] Samples saved: /gdata/huangzp/dsl_sgen/logs/img_align_celeba_2018-03-04_13-52-38/380_x_ABA.png
[*] Samples saved: /gdata/huangzp/dsl_sgen/logs/img_align_celeba_2018-03-04_13-52-38/380_x_BA.png
[*] Samples saved: /gdata/huangzp/dsl_sgen/logs/img_align_celeba_2018-03-04_13-52-38/380_x_BAB.png
[!] Sampled dataset from A and B have different # of data. Try resampling...
[*] Save models to /gdata/huangzp/dsl_sgen/logs/img_align_celeba_2018-03-04_13-52-38...
[400/500000] Loss_D: 0.8430 Loss_G: 85.7725
[400/500000] l_d_A_real: 0.1719 l_d_A_fake: 0.1469, l_d_B_real: 0.1773, l_d_B_fake: 0.3468
[400/500000] l_const_A: 0.0055 l_const_B: 0.0029, l_gan_A: 1.8294, l_gan_B: 1.5813
[400/500000] l_dsl_A: 0.3117 l_dsl_B: 0.3117
[*] Samples saved: /gdata/huangzp/dsl_sgen/logs/img_align_celeba_2018-03-04_13-52-38/400_x_AB.png
[*] Samples saved: /gdata/huangzp/dsl_sgen/logs/img_align_celeba_2018-03-04_13-52-38/400_x_ABA.png
[*] Samples saved: /gdata/huangzp/dsl_sgen/logs/img_align_celeba_2018-03-04_13-52-38/400_x_BA.png
[*] Samples saved: /gdata/huangzp/dsl_sgen/logs/img_align_celeba_2018-03-04_13-52-38/400_x_BAB.png
[!] Sampled dataset from A and B have different # of data. Try resampling...
[!] Sampled dataset from A and B have different # of data. Try resampling...
[*] Save models to /gdata/huangzp/dsl_sgen/logs/img_align_celeba_2018-03-04_13-52-38...
[420/500000] Loss_D: 0.5973 Loss_G: 99.7594
[420/500000] l_d_A_real: 0.0966 l_d_A_fake: 0.0765, l_d_B_real: 0.2987, l_d_B_fake: 0.1255
[420/500000] l_const_A: 0.0052 l_const_B: 0.0071, l_gan_A: 2.4615, l_gan_B: 1.9163
[420/500000] l_dsl_A: 0.0201 l_dsl_B: 0.0201
[*] Samples saved: /gdata/huangzp/dsl_sgen/logs/img_align_celeba_2018-03-04_13-52-38/420_x_AB.png
[*] Samples saved: /gdata/huangzp/dsl_sgen/logs/img_align_celeba_2018-03-04_13-52-38/420_x_ABA.png
[*] Samples saved: /gdata/huangzp/dsl_sgen/logs/img_align_celeba_2018-03-04_13-52-38/420_x_BA.png
[*] Samples saved: /gdata/huangzp/dsl_sgen/logs/img_align_celeba_2018-03-04_13-52-38/420_x_BAB.png
[!] Sampled dataset from A and B have different # of data. Try resampling...
[*] Save models to /gdata/huangzp/dsl_sgen/logs/img_align_celeba_2018-03-04_13-52-38...
[440/500000] Loss_D: 1.0843 Loss_G: 92.3419
[440/500000] l_d_A_real: 0.1001 l_d_A_fake: 0.0888, l_d_B_real: 0.7594, l_d_B_fake: 0.1360
[440/500000] l_const_A: 0.0039 l_const_B: 0.0059, l_gan_A: 2.5747, l_gan_B: 0.6371
[440/500000] l_dsl_A: 0.0224 l_dsl_B: 0.0224
[*] Samples saved: /gdata/huangzp/dsl_sgen/logs/img_align_celeba_2018-03-04_13-52-38/440_x_AB.png
[*] Samples saved: /gdata/huangzp/dsl_sgen/logs/img_align_celeba_2018-03-04_13-52-38/440_x_ABA.png
[*] Samples saved: /gdata/huangzp/dsl_sgen/logs/img_align_celeba_2018-03-04_13-52-38/440_x_BA.png
[*] Samples saved: /gdata/huangzp/dsl_sgen/logs/img_align_celeba_2018-03-04_13-52-38/440_x_BAB.png
[!] Sampled dataset from A and B have different # of data. Try resampling...
[*] Save models to /gdata/huangzp/dsl_sgen/logs/img_align_celeba_2018-03-04_13-52-38...
[460/500000] Loss_D: 0.9880 Loss_G: 97.3569
[460/500000] l_d_A_real: 0.0698 l_d_A_fake: 0.0509, l_d_B_real: 0.7337, l_d_B_fake: 0.1336
[460/500000] l_const_A: 0.0044 l_const_B: 0.0061, l_gan_A: 1.7831, l_gan_B: 0.6664
[460/500000] l_dsl_A: 0.0438 l_dsl_B: 0.0438
[*] Samples saved: /gdata/huangzp/dsl_sgen/logs/img_align_celeba_2018-03-04_13-52-38/460_x_AB.png
[*] Samples saved: /gdata/huangzp/dsl_sgen/logs/img_align_celeba_2018-03-04_13-52-38/460_x_ABA.png
[*] Samples saved: /gdata/huangzp/dsl_sgen/logs/img_align_celeba_2018-03-04_13-52-38/460_x_BA.png
[*] Samples saved: /gdata/huangzp/dsl_sgen/logs/img_align_celeba_2018-03-04_13-52-38/460_x_BAB.png
[!] Sampled dataset from A and B have different # of data. Try resampling...
[*] Save models to /gdata/huangzp/dsl_sgen/logs/img_align_celeba_2018-03-04_13-52-38...
[480/500000] Loss_D: 0.8157 Loss_G: 102.3034
[480/500000] l_d_A_real: 0.0749 l_d_A_fake: 0.0564, l_d_B_real: 0.1701, l_d_B_fake: 0.5143
[480/500000] l_const_A: 0.0053 l_const_B: 0.0071, l_gan_A: 2.6503, l_gan_B: 1.8671
[480/500000] l_dsl_A: 0.0433 l_dsl_B: 0.0433
[*] Samples saved: /gdata/huangzp/dsl_sgen/logs/img_align_celeba_2018-03-04_13-52-38/480_x_AB.png
[*] Samples saved: /gdata/huangzp/dsl_sgen/logs/img_align_celeba_2018-03-04_13-52-38/480_x_ABA.png
[*] Samples saved: /gdata/huangzp/dsl_sgen/logs/img_align_celeba_2018-03-04_13-52-38/480_x_BA.png
[*] Samples saved: /gdata/huangzp/dsl_sgen/logs/img_align_celeba_2018-03-04_13-52-38/480_x_BAB.png
[!] Sampled dataset from A and B have different # of data. Try resampling...
[!] Sampled dataset from A and B have different # of data. Try resampling...
[*] Save models to /gdata/huangzp/dsl_sgen/logs/img_align_celeba_2018-03-04_13-52-38...
[500/500000] Loss_D: 0.5156 Loss_G: 90.9215
[500/500000] l_d_A_real: 0.0606 l_d_A_fake: 0.0787, l_d_B_real: 0.2216, l_d_B_fake: 0.1547
[500/500000] l_const_A: 0.0043 l_const_B: 0.0047, l_gan_A: 2.7831, l_gan_B: 2.0497
[500/500000] l_dsl_A: 0.0766 l_dsl_B: 0.0766
[*] Samples saved: /gdata/huangzp/dsl_sgen/logs/img_align_celeba_2018-03-04_13-52-38/500_x_AB.png
[*] Samples saved: /gdata/huangzp/dsl_sgen/logs/img_align_celeba_2018-03-04_13-52-38/500_x_ABA.png
[*] Samples saved: /gdata/huangzp/dsl_sgen/logs/img_align_celeba_2018-03-04_13-52-38/500_x_BA.png
[*] Samples saved: /gdata/huangzp/dsl_sgen/logs/img_align_celeba_2018-03-04_13-52-38/500_x_BAB.png
[!] Sampled dataset from A and B have different # of data. Try resampling...
[*] Save models to /gdata/huangzp/dsl_sgen/logs/img_align_celeba_2018-03-04_13-52-38...
[520/500000] Loss_D: 0.7437 Loss_G: 92.5813
[520/500000] l_d_A_real: 0.0525 l_d_A_fake: 0.0602, l_d_B_real: 0.1890, l_d_B_fake: 0.4421
[520/500000] l_const_A: 0.0046 l_const_B: 0.0048, l_gan_A: 2.9349, l_gan_B: 2.1351
[520/500000] l_dsl_A: 0.1287 l_dsl_B: 0.1287
[*] Samples saved: /gdata/huangzp/dsl_sgen/logs/img_align_celeba_2018-03-04_13-52-38/520_x_AB.png
[*] Samples saved: /gdata/huangzp/dsl_sgen/logs/img_align_celeba_2018-03-04_13-52-38/520_x_ABA.png
[*] Samples saved: /gdata/huangzp/dsl_sgen/logs/img_align_celeba_2018-03-04_13-52-38/520_x_BA.png
[*] Samples saved: /gdata/huangzp/dsl_sgen/logs/img_align_celeba_2018-03-04_13-52-38/520_x_BAB.png
[!] Sampled dataset from A and B have different # of data. Try resampling...
[*] Save models to /gdata/huangzp/dsl_sgen/logs/img_align_celeba_2018-03-04_13-52-38...
[540/500000] Loss_D: 0.5540 Loss_G: 96.4343
[540/500000] l_d_A_real: 0.0486 l_d_A_fake: 0.0394, l_d_B_real: 0.3753, l_d_B_fake: 0.0908
[540/500000] l_const_A: 0.0037 l_const_B: 0.0068, l_gan_A: 1.2875, l_gan_B: 0.8335
[540/500000] l_dsl_A: 0.0211 l_dsl_B: 0.0211
[*] Samples saved: /gdata/huangzp/dsl_sgen/logs/img_align_celeba_2018-03-04_13-52-38/540_x_AB.png
[*] Samples saved: /gdata/huangzp/dsl_sgen/logs/img_align_celeba_2018-03-04_13-52-38/540_x_ABA.png
[*] Samples saved: /gdata/huangzp/dsl_sgen/logs/img_align_celeba_2018-03-04_13-52-38/540_x_BA.png
[*] Samples saved: /gdata/huangzp/dsl_sgen/logs/img_align_celeba_2018-03-04_13-52-38/540_x_BAB.png
[!] Sampled dataset from A and B have different # of data. Try resampling...
[!] Sampled dataset from A and B have different # of data. Try resampling...
[*] Save models to /gdata/huangzp/dsl_sgen/logs/img_align_celeba_2018-03-04_13-52-38...
[560/500000] Loss_D: 0.7285 Loss_G: 94.5301
[560/500000] l_d_A_real: 0.0654 l_d_A_fake: 0.0659, l_d_B_real: 0.1686, l_d_B_fake: 0.4286
[560/500000] l_const_A: 0.0048 l_const_B: 0.0053, l_gan_A: 2.3706, l_gan_B: 0.8834
[560/500000] l_dsl_A: 0.0167 l_dsl_B: 0.0167
[*] Samples saved: /gdata/huangzp/dsl_sgen/logs/img_align_celeba_2018-03-04_13-52-38/560_x_AB.png
[*] Samples saved: /gdata/huangzp/dsl_sgen/logs/img_align_celeba_2018-03-04_13-52-38/560_x_ABA.png
[*] Samples saved: /gdata/huangzp/dsl_sgen/logs/img_align_celeba_2018-03-04_13-52-38/560_x_BA.png
[*] Samples saved: /gdata/huangzp/dsl_sgen/logs/img_align_celeba_2018-03-04_13-52-38/560_x_BAB.png
[!] Sampled dataset from A and B have different # of data. Try resampling...
[*] Save models to /gdata/huangzp/dsl_sgen/logs/img_align_celeba_2018-03-04_13-52-38...
[580/500000] Loss_D: 1.2601 Loss_G: 99.4427
[580/500000] l_d_A_real: 0.0723 l_d_A_fake: 0.0342, l_d_B_real: 1.0811, l_d_B_fake: 0.0725
[580/500000] l_const_A: 0.0060 l_const_B: 0.0061, l_gan_A: 2.8499, l_gan_B: 0.6864
[580/500000] l_dsl_A: 0.0341 l_dsl_B: 0.0341
[*] Samples saved: /gdata/huangzp/dsl_sgen/logs/img_align_celeba_2018-03-04_13-52-38/580_x_AB.png
[*] Samples saved: /gdata/huangzp/dsl_sgen/logs/img_align_celeba_2018-03-04_13-52-38/580_x_ABA.png
[*] Samples saved: /gdata/huangzp/dsl_sgen/logs/img_align_celeba_2018-03-04_13-52-38/580_x_BA.png
[*] Samples saved: /gdata/huangzp/dsl_sgen/logs/img_align_celeba_2018-03-04_13-52-38/580_x_BAB.png
[!] Sampled dataset from A and B have different # of data. Try resampling...
[*] Save models to /gdata/huangzp/dsl_sgen/logs/img_align_celeba_2018-03-04_13-52-38...
[600/500000] Loss_D: 0.7531 Loss_G: 86.1794
[600/500000] l_d_A_real: 0.0348 l_d_A_fake: 0.0328, l_d_B_real: 0.5178, l_d_B_fake: 0.1677
[600/500000] l_const_A: 0.0039 l_const_B: 0.0033, l_gan_A: 3.4750, l_gan_B: 1.1123
[600/500000] l_dsl_A: 0.0508 l_dsl_B: 0.0508
[*] Samples saved: /gdata/huangzp/dsl_sgen/logs/img_align_celeba_2018-03-04_13-52-38/600_x_AB.png
[*] Samples saved: /gdata/huangzp/dsl_sgen/logs/img_align_celeba_2018-03-04_13-52-38/600_x_ABA.png
[*] Samples saved: /gdata/huangzp/dsl_sgen/logs/img_align_celeba_2018-03-04_13-52-38/600_x_BA.png
[*] Samples saved: /gdata/huangzp/dsl_sgen/logs/img_align_celeba_2018-03-04_13-52-38/600_x_BAB.png
[!] Sampled dataset from A and B have different # of data. Try resampling...
[*] Save models to /gdata/huangzp/dsl_sgen/logs/img_align_celeba_2018-03-04_13-52-38...
[620/500000] Loss_D: 0.4386 Loss_G: 90.2700
[620/500000] l_d_A_real: 0.0403 l_d_A_fake: 0.0452, l_d_B_real: 0.2032, l_d_B_fake: 0.1498
[620/500000] l_const_A: 0.0049 l_const_B: 0.0040, l_gan_A: 3.6418, l_gan_B: 2.5672
[620/500000] l_dsl_A: 0.0482 l_dsl_B: 0.0482
[*] Samples saved: /gdata/huangzp/dsl_sgen/logs/img_align_celeba_2018-03-04_13-52-38/620_x_AB.png
[*] Samples saved: /gdata/huangzp/dsl_sgen/logs/img_align_celeba_2018-03-04_13-52-38/620_x_ABA.png
[*] Samples saved: /gdata/huangzp/dsl_sgen/logs/img_align_celeba_2018-03-04_13-52-38/620_x_BA.png
[*] Samples saved: /gdata/huangzp/dsl_sgen/logs/img_align_celeba_2018-03-04_13-52-38/620_x_BAB.png
[!] Sampled dataset from A and B have different # of data. Try resampling...
[!] Sampled dataset from A and B have different # of data. Try resampling...
[*] Save models to /gdata/huangzp/dsl_sgen/logs/img_align_celeba_2018-03-04_13-52-38...
[640/500000] Loss_D: 2.3504 Loss_G: 94.0253
[640/500000] l_d_A_real: 1.9157 l_d_A_fake: 0.0833, l_d_B_real: 0.2544, l_d_B_fake: 0.0970
[640/500000] l_const_A: 0.0041 l_const_B: 0.0057, l_gan_A: 1.8934, l_gan_B: 2.0531
[640/500000] l_dsl_A: 0.3673 l_dsl_B: 0.3673
[*] Samples saved: /gdata/huangzp/dsl_sgen/logs/img_align_celeba_2018-03-04_13-52-38/640_x_AB.png
[*] Samples saved: /gdata/huangzp/dsl_sgen/logs/img_align_celeba_2018-03-04_13-52-38/640_x_ABA.png
[*] Samples saved: /gdata/huangzp/dsl_sgen/logs/img_align_celeba_2018-03-04_13-52-38/640_x_BA.png
[*] Samples saved: /gdata/huangzp/dsl_sgen/logs/img_align_celeba_2018-03-04_13-52-38/640_x_BAB.png
[!] Sampled dataset from A and B have different # of data. Try resampling...
[*] Save models to /gdata/huangzp/dsl_sgen/logs/img_align_celeba_2018-03-04_13-52-38...
[660/500000] Loss_D: 0.5552 Loss_G: 95.9400
[660/500000] l_d_A_real: 0.0480 l_d_A_fake: 0.0449, l_d_B_real: 0.3312, l_d_B_fake: 0.1312
[660/500000] l_const_A: 0.0051 l_const_B: 0.0060, l_gan_A: 3.4889, l_gan_B: 1.5312
[660/500000] l_dsl_A: 0.0168 l_dsl_B: 0.0168
[*] Samples saved: /gdata/huangzp/dsl_sgen/logs/img_align_celeba_2018-03-04_13-52-38/660_x_AB.png
[*] Samples saved: /gdata/huangzp/dsl_sgen/logs/img_align_celeba_2018-03-04_13-52-38/660_x_ABA.png
[*] Samples saved: /gdata/huangzp/dsl_sgen/logs/img_align_celeba_2018-03-04_13-52-38/660_x_BA.png
[*] Samples saved: /gdata/huangzp/dsl_sgen/logs/img_align_celeba_2018-03-04_13-52-38/660_x_BAB.png
[!] Sampled dataset from A and B have different # of data. Try resampling...
[*] Save models to /gdata/huangzp/dsl_sgen/logs/img_align_celeba_2018-03-04_13-52-38...
[680/500000] Loss_D: 0.6120 Loss_G: 87.6555
[680/500000] l_d_A_real: 0.0448 l_d_A_fake: 0.0502, l_d_B_real: 0.3959, l_d_B_fake: 0.1212
[680/500000] l_const_A: 0.0044 l_const_B: 0.0031, l_gan_A: 3.4136, l_gan_B: 1.9655
[680/500000] l_dsl_A: 0.0299 l_dsl_B: 0.0299
[*] Samples saved: /gdata/huangzp/dsl_sgen/logs/img_align_celeba_2018-03-04_13-52-38/680_x_AB.png
[*] Samples saved: /gdata/huangzp/dsl_sgen/logs/img_align_celeba_2018-03-04_13-52-38/680_x_ABA.png
[*] Samples saved: /gdata/huangzp/dsl_sgen/logs/img_align_celeba_2018-03-04_13-52-38/680_x_BA.png
[*] Samples saved: /gdata/huangzp/dsl_sgen/logs/img_align_celeba_2018-03-04_13-52-38/680_x_BAB.png
[!] Sampled dataset from A and B have different # of data. Try resampling...
[!] Sampled dataset from A and B have different # of data. Try resampling...
[*] Save models to /gdata/huangzp/dsl_sgen/logs/img_align_celeba_2018-03-04_13-52-38...
[700/500000] Loss_D: 0.4970 Loss_G: 97.4013
[700/500000] l_d_A_real: 0.0314 l_d_A_fake: 0.0334, l_d_B_real: 0.1799, l_d_B_fake: 0.2523
[700/500000] l_const_A: 0.0082 l_const_B: 0.0060, l_gan_A: 3.8939, l_gan_B: 1.8194
[700/500000] l_dsl_A: 0.0780 l_dsl_B: 0.0780
[*] Samples saved: /gdata/huangzp/dsl_sgen/logs/img_align_celeba_2018-03-04_13-52-38/700_x_AB.png
[*] Samples saved: /gdata/huangzp/dsl_sgen/logs/img_align_celeba_2018-03-04_13-52-38/700_x_ABA.png
[*] Samples saved: /gdata/huangzp/dsl_sgen/logs/img_align_celeba_2018-03-04_13-52-38/700_x_BA.png
[*] Samples saved: /gdata/huangzp/dsl_sgen/logs/img_align_celeba_2018-03-04_13-52-38/700_x_BAB.png
[!] Sampled dataset from A and B have different # of data. Try resampling...
[*] Save models to /gdata/huangzp/dsl_sgen/logs/img_align_celeba_2018-03-04_13-52-38...
[720/500000] Loss_D: 0.3875 Loss_G: 92.4621
[720/500000] l_d_A_real: 0.0407 l_d_A_fake: 0.0338, l_d_B_real: 0.1572, l_d_B_fake: 0.1557
[720/500000] l_const_A: 0.0056 l_const_B: 0.0043, l_gan_A: 3.7407, l_gan_B: 2.7358
[720/500000] l_dsl_A: 0.0914 l_dsl_B: 0.0914
[*] Samples saved: /gdata/huangzp/dsl_sgen/logs/img_align_celeba_2018-03-04_13-52-38/720_x_AB.png
[*] Samples saved: /gdata/huangzp/dsl_sgen/logs/img_align_celeba_2018-03-04_13-52-38/720_x_ABA.png
[*] Samples saved: /gdata/huangzp/dsl_sgen/logs/img_align_celeba_2018-03-04_13-52-38/720_x_BA.png
[*] Samples saved: /gdata/huangzp/dsl_sgen/logs/img_align_celeba_2018-03-04_13-52-38/720_x_BAB.png
[!] Sampled dataset from A and B have different # of data. Try resampling...
[*] Save models to /gdata/huangzp/dsl_sgen/logs/img_align_celeba_2018-03-04_13-52-38...
[740/500000] Loss_D: 0.2708 Loss_G: 91.9256
[740/500000] l_d_A_real: 0.0339 l_d_A_fake: 0.0259, l_d_B_real: 0.1468, l_d_B_fake: 0.0643
[740/500000] l_const_A: 0.0050 l_const_B: 0.0039, l_gan_A: 3.6328, l_gan_B: 2.5879
[740/500000] l_dsl_A: 0.1358 l_dsl_B: 0.1358
[*] Samples saved: /gdata/huangzp/dsl_sgen/logs/img_align_celeba_2018-03-04_13-52-38/740_x_AB.png
[*] Samples saved: /gdata/huangzp/dsl_sgen/logs/img_align_celeba_2018-03-04_13-52-38/740_x_ABA.png
[*] Samples saved: /gdata/huangzp/dsl_sgen/logs/img_align_celeba_2018-03-04_13-52-38/740_x_BA.png
[*] Samples saved: /gdata/huangzp/dsl_sgen/logs/img_align_celeba_2018-03-04_13-52-38/740_x_BAB.png
[!] Sampled dataset from A and B have different # of data. Try resampling...
[*] Save models to /gdata/huangzp/dsl_sgen/logs/img_align_celeba_2018-03-04_13-52-38...
[760/500000] Loss_D: 0.8012 Loss_G: 85.8802
[760/500000] l_d_A_real: 0.1675 l_d_A_fake: 0.0757, l_d_B_real: 0.4569, l_d_B_fake: 0.1011
[760/500000] l_const_A: 0.0052 l_const_B: 0.0028, l_gan_A: 3.1811, l_gan_B: 0.7238
[760/500000] l_dsl_A: 0.0225 l_dsl_B: 0.0225
[*] Samples saved: /gdata/huangzp/dsl_sgen/logs/img_align_celeba_2018-03-04_13-52-38/760_x_AB.png
[*] Samples saved: /gdata/huangzp/dsl_sgen/logs/img_align_celeba_2018-03-04_13-52-38/760_x_ABA.png
[*] Samples saved: /gdata/huangzp/dsl_sgen/logs/img_align_celeba_2018-03-04_13-52-38/760_x_BA.png
[*] Samples saved: /gdata/huangzp/dsl_sgen/logs/img_align_celeba_2018-03-04_13-52-38/760_x_BAB.png
[!] Sampled dataset from A and B have different # of data. Try resampling...
[!] Sampled dataset from A and B have different # of data. Try resampling...
[*] Save models to /gdata/huangzp/dsl_sgen/logs/img_align_celeba_2018-03-04_13-52-38...
[780/500000] Loss_D: 0.5023 Loss_G: 88.2383
[780/500000] l_d_A_real: 0.0329 l_d_A_fake: 0.0328, l_d_B_real: 0.2806, l_d_B_fake: 0.1560
[780/500000] l_const_A: 0.0047 l_const_B: 0.0031, l_gan_A: 3.3532, l_gan_B: 1.5322
[780/500000] l_dsl_A: 0.0913 l_dsl_B: 0.0913
[*] Samples saved: /gdata/huangzp/dsl_sgen/logs/img_align_celeba_2018-03-04_13-52-38/780_x_AB.png
[*] Samples saved: /gdata/huangzp/dsl_sgen/logs/img_align_celeba_2018-03-04_13-52-38/780_x_ABA.png
[*] Samples saved: /gdata/huangzp/dsl_sgen/logs/img_align_celeba_2018-03-04_13-52-38/780_x_BA.png
[*] Samples saved: /gdata/huangzp/dsl_sgen/logs/img_align_celeba_2018-03-04_13-52-38/780_x_BAB.png
[!] Sampled dataset from A and B have different # of data. Try resampling...
[*] Save models to /gdata/huangzp/dsl_sgen/logs/img_align_celeba_2018-03-04_13-52-38...
[800/500000] Loss_D: 0.5292 Loss_G: 98.2320
[800/500000] l_d_A_real: 0.0298 l_d_A_fake: 0.1682, l_d_B_real: 0.1677, l_d_B_fake: 0.1635
[800/500000] l_const_A: 0.0044 l_const_B: 0.0060, l_gan_A: 3.2054, l_gan_B: 2.2124
[800/500000] l_dsl_A: 0.0134 l_dsl_B: 0.0134
[*] Samples saved: /gdata/huangzp/dsl_sgen/logs/img_align_celeba_2018-03-04_13-52-38/800_x_AB.png
[*] Samples saved: /gdata/huangzp/dsl_sgen/logs/img_align_celeba_2018-03-04_13-52-38/800_x_ABA.png
[*] Samples saved: /gdata/huangzp/dsl_sgen/logs/img_align_celeba_2018-03-04_13-52-38/800_x_BA.png
[*] Samples saved: /gdata/huangzp/dsl_sgen/logs/img_align_celeba_2018-03-04_13-52-38/800_x_BAB.png
[!] Sampled dataset from A and B have different # of data. Try resampling...
[*] Save models to /gdata/huangzp/dsl_sgen/logs/img_align_celeba_2018-03-04_13-52-38...
[820/500000] Loss_D: 0.4494 Loss_G: 92.5292
[820/500000] l_d_A_real: 0.0371 l_d_A_fake: 0.0312, l_d_B_real: 0.1599, l_d_B_fake: 0.2212
[820/500000] l_const_A: 0.0058 l_const_B: 0.0048, l_gan_A: 3.4924, l_gan_B: 0.8599
[820/500000] l_dsl_A: 0.0114 l_dsl_B: 0.0114
[*] Samples saved: /gdata/huangzp/dsl_sgen/logs/img_align_celeba_2018-03-04_13-52-38/820_x_AB.png
[*] Samples saved: /gdata/huangzp/dsl_sgen/logs/img_align_celeba_2018-03-04_13-52-38/820_x_ABA.png
[*] Samples saved: /gdata/huangzp/dsl_sgen/logs/img_align_celeba_2018-03-04_13-52-38/820_x_BA.png
[*] Samples saved: /gdata/huangzp/dsl_sgen/logs/img_align_celeba_2018-03-04_13-52-38/820_x_BAB.png
[!] Sampled dataset from A and B have different # of data. Try resampling...
[!] Sampled dataset from A and B have different # of data. Try resampling...
[*] Save models to /gdata/huangzp/dsl_sgen/logs/img_align_celeba_2018-03-04_13-52-38...
[840/500000] Loss_D: 1.2524 Loss_G: 86.6095
[840/500000] l_d_A_real: 0.3322 l_d_A_fake: 0.1429, l_d_B_real: 0.6473, l_d_B_fake: 0.1300
[840/500000] l_const_A: 0.0042 l_const_B: 0.0034, l_gan_A: 2.2001, l_gan_B: 0.5569
[840/500000] l_dsl_A: 0.0182 l_dsl_B: 0.0182
[*] Samples saved: /gdata/huangzp/dsl_sgen/logs/img_align_celeba_2018-03-04_13-52-38/840_x_AB.png
[*] Samples saved: /gdata/huangzp/dsl_sgen/logs/img_align_celeba_2018-03-04_13-52-38/840_x_ABA.png
[*] Samples saved: /gdata/huangzp/dsl_sgen/logs/img_align_celeba_2018-03-04_13-52-38/840_x_BA.png
[*] Samples saved: /gdata/huangzp/dsl_sgen/logs/img_align_celeba_2018-03-04_13-52-38/840_x_BAB.png
[!] Sampled dataset from A and B have different # of data. Try resampling...
[*] Save models to /gdata/huangzp/dsl_sgen/logs/img_align_celeba_2018-03-04_13-52-38...
[860/500000] Loss_D: 1.4961 Loss_G: 83.2759
[860/500000] l_d_A_real: 0.0286 l_d_A_fake: 0.1136, l_d_B_real: 0.8483, l_d_B_fake: 0.5056
[860/500000] l_const_A: 0.0044 l_const_B: 0.0021, l_gan_A: 2.9985, l_gan_B: 0.9787
[860/500000] l_dsl_A: 0.1964 l_dsl_B: 0.1964
[*] Samples saved: /gdata/huangzp/dsl_sgen/logs/img_align_celeba_2018-03-04_13-52-38/860_x_AB.png
[*] Samples saved: /gdata/huangzp/dsl_sgen/logs/img_align_celeba_2018-03-04_13-52-38/860_x_ABA.png
[*] Samples saved: /gdata/huangzp/dsl_sgen/logs/img_align_celeba_2018-03-04_13-52-38/860_x_BA.png
[*] Samples saved: /gdata/huangzp/dsl_sgen/logs/img_align_celeba_2018-03-04_13-52-38/860_x_BAB.png
[!] Sampled dataset from A and B have different # of data. Try resampling...
[*] Save models to /gdata/huangzp/dsl_sgen/logs/img_align_celeba_2018-03-04_13-52-38...
[880/500000] Loss_D: 0.8819 Loss_G: 96.1858
[880/500000] l_d_A_real: 0.0376 l_d_A_fake: 0.1692, l_d_B_real: 0.2444, l_d_B_fake: 0.4307
[880/500000] l_const_A: 0.0042 l_const_B: 0.0056, l_gan_A: 2.5833, l_gan_B: 2.4792
[880/500000] l_dsl_A: 0.0137 l_dsl_B: 0.0137
[*] Samples saved: /gdata/huangzp/dsl_sgen/logs/img_align_celeba_2018-03-04_13-52-38/880_x_AB.png
[*] Samples saved: /gdata/huangzp/dsl_sgen/logs/img_align_celeba_2018-03-04_13-52-38/880_x_ABA.png
[*] Samples saved: /gdata/huangzp/dsl_sgen/logs/img_align_celeba_2018-03-04_13-52-38/880_x_BA.png
[*] Samples saved: /gdata/huangzp/dsl_sgen/logs/img_align_celeba_2018-03-04_13-52-38/880_x_BAB.png
[!] Sampled dataset from A and B have different # of data. Try resampling...
[*] Save models to /gdata/huangzp/dsl_sgen/logs/img_align_celeba_2018-03-04_13-52-38...
[900/500000] Loss_D: 2.1178 Loss_G: 85.4405
[900/500000] l_d_A_real: 0.0460 l_d_A_fake: 0.0370, l_d_B_real: 1.9567, l_d_B_fake: 0.0781
[900/500000] l_const_A: 0.0041 l_const_B: 0.0023, l_gan_A: 3.5866, l_gan_B: 2.3825
[900/500000] l_dsl_A: 0.7768 l_dsl_B: 0.7768
[*] Samples saved: /gdata/huangzp/dsl_sgen/logs/img_align_celeba_2018-03-04_13-52-38/900_x_AB.png
[*] Samples saved: /gdata/huangzp/dsl_sgen/logs/img_align_celeba_2018-03-04_13-52-38/900_x_ABA.png
[*] Samples saved: /gdata/huangzp/dsl_sgen/logs/img_align_celeba_2018-03-04_13-52-38/900_x_BA.png
[*] Samples saved: /gdata/huangzp/dsl_sgen/logs/img_align_celeba_2018-03-04_13-52-38/900_x_BAB.png
[!] Sampled dataset from A and B have different # of data. Try resampling...
[!] Sampled dataset from A and B have different # of data. Try resampling...
[*] Save models to /gdata/huangzp/dsl_sgen/logs/img_align_celeba_2018-03-04_13-52-38...
[920/500000] Loss_D: 0.7935 Loss_G: 84.7230
[920/500000] l_d_A_real: 0.0283 l_d_A_fake: 0.2467, l_d_B_real: 0.0935, l_d_B_fake: 0.4250
[920/500000] l_const_A: 0.0046 l_const_B: 0.0017, l_gan_A: 3.5436, l_gan_B: 2.9360
[920/500000] l_dsl_A: 1.1508 l_dsl_B: 1.1508
[*] Samples saved: /gdata/huangzp/dsl_sgen/logs/img_align_celeba_2018-03-04_13-52-38/920_x_AB.png
[*] Samples saved: /gdata/huangzp/dsl_sgen/logs/img_align_celeba_2018-03-04_13-52-38/920_x_ABA.png
[*] Samples saved: /gdata/huangzp/dsl_sgen/logs/img_align_celeba_2018-03-04_13-52-38/920_x_BA.png
[*] Samples saved: /gdata/huangzp/dsl_sgen/logs/img_align_celeba_2018-03-04_13-52-38/920_x_BAB.png
[!] Sampled dataset from A and B have different # of data. Try resampling...
[*] Save models to /gdata/huangzp/dsl_sgen/logs/img_align_celeba_2018-03-04_13-52-38...
[940/500000] Loss_D: 1.4672 Loss_G: 89.5227
[940/500000] l_d_A_real: 0.4598 l_d_A_fake: 0.8190, l_d_B_real: 0.0936, l_d_B_fake: 0.0948
[940/500000] l_const_A: 0.0047 l_const_B: 0.0036, l_gan_A: 2.2140, l_gan_B: 0.4692
[940/500000] l_dsl_A: 0.7952 l_dsl_B: 0.7952
[*] Samples saved: /gdata/huangzp/dsl_sgen/logs/img_align_celeba_2018-03-04_13-52-38/940_x_AB.png
[*] Samples saved: /gdata/huangzp/dsl_sgen/logs/img_align_celeba_2018-03-04_13-52-38/940_x_ABA.png
[*] Samples saved: /gdata/huangzp/dsl_sgen/logs/img_align_celeba_2018-03-04_13-52-38/940_x_BA.png
[*] Samples saved: /gdata/huangzp/dsl_sgen/logs/img_align_celeba_2018-03-04_13-52-38/940_x_BAB.png
[!] Sampled dataset from A and B have different # of data. Try resampling...
[*] Save models to /gdata/huangzp/dsl_sgen/logs/img_align_celeba_2018-03-04_13-52-38...
[960/500000] Loss_D: 0.7868 Loss_G: 85.7043
[960/500000] l_d_A_real: 0.0629 l_d_A_fake: 0.0610, l_d_B_real: 0.2741, l_d_B_fake: 0.3887
[960/500000] l_const_A: 0.0040 l_const_B: 0.0029, l_gan_A: 3.2005, l_gan_B: 0.7266
[960/500000] l_dsl_A: 0.0154 l_dsl_B: 0.0154
[*] Samples saved: /gdata/huangzp/dsl_sgen/logs/img_align_celeba_2018-03-04_13-52-38/960_x_AB.png
[*] Samples saved: /gdata/huangzp/dsl_sgen/logs/img_align_celeba_2018-03-04_13-52-38/960_x_ABA.png
[*] Samples saved: /gdata/huangzp/dsl_sgen/logs/img_align_celeba_2018-03-04_13-52-38/960_x_BA.png
[*] Samples saved: /gdata/huangzp/dsl_sgen/logs/img_align_celeba_2018-03-04_13-52-38/960_x_BAB.png
[!] Sampled dataset from A and B have different # of data. Try resampling...
[!] Sampled dataset from A and B have different # of data. Try resampling...
[*] Save models to /gdata/huangzp/dsl_sgen/logs/img_align_celeba_2018-03-04_13-52-38...
[980/500000] Loss_D: 0.6071 Loss_G: 95.5864
[980/500000] l_d_A_real: 0.0296 l_d_A_fake: 0.0385, l_d_B_real: 0.3283, l_d_B_fake: 0.2108
[980/500000] l_const_A: 0.0047 l_const_B: 0.0055, l_gan_A: 2.6625, l_gan_B: 0.9906
[980/500000] l_dsl_A: 0.0161 l_dsl_B: 0.0161
[*] Samples saved: /gdata/huangzp/dsl_sgen/logs/img_align_celeba_2018-03-04_13-52-38/980_x_AB.png
[*] Samples saved: /gdata/huangzp/dsl_sgen/logs/img_align_celeba_2018-03-04_13-52-38/980_x_ABA.png
[*] Samples saved: /gdata/huangzp/dsl_sgen/logs/img_align_celeba_2018-03-04_13-52-38/980_x_BA.png
[*] Samples saved: /gdata/huangzp/dsl_sgen/logs/img_align_celeba_2018-03-04_13-52-38/980_x_BAB.png
[!] Sampled dataset from A and B have different # of data. Try resampling...
[*] Save models to /gdata/huangzp/dsl_sgen/logs/img_align_celeba_2018-03-04_13-52-38...
[1000/500000] Loss_D: 0.8405 Loss_G: 98.8909
[1000/500000] l_d_A_real: 0.0295 l_d_A_fake: 0.0988, l_d_B_real: 0.1007, l_d_B_fake: 0.6116
[1000/500000] l_const_A: 0.0058 l_const_B: 0.0057, l_gan_A: 3.2697, l_gan_B: 2.5491
[1000/500000] l_dsl_A: 0.1095 l_dsl_B: 0.1095
[*] Samples saved: /gdata/huangzp/dsl_sgen/logs/img_align_celeba_2018-03-04_13-52-38/1000_x_AB.png
[*] Samples saved: /gdata/huangzp/dsl_sgen/logs/img_align_celeba_2018-03-04_13-52-38/1000_x_ABA.png
[*] Samples saved: /gdata/huangzp/dsl_sgen/logs/img_align_celeba_2018-03-04_13-52-38/1000_x_BA.png
[*] Samples saved: /gdata/huangzp/dsl_sgen/logs/img_align_celeba_2018-03-04_13-52-38/1000_x_BAB.png
[!] Sampled dataset from A and B have different # of data. Try resampling...
[*] Save models to /gdata/huangzp/dsl_sgen/logs/img_align_celeba_2018-03-04_13-52-38...
[1020/500000] Loss_D: 1.0397 Loss_G: 92.2589
[1020/500000] l_d_A_real: 0.0395 l_d_A_fake: 0.0281, l_d_B_real: 0.6090, l_d_B_fake: 0.3631
[1020/500000] l_const_A: 0.0053 l_const_B: 0.0036, l_gan_A: 3.9046, l_gan_B: 1.3577
[1020/500000] l_dsl_A: 0.0663 l_dsl_B: 0.0663
[*] Samples saved: /gdata/huangzp/dsl_sgen/logs/img_align_celeba_2018-03-04_13-52-38/1020_x_AB.png
[*] Samples saved: /gdata/huangzp/dsl_sgen/logs/img_align_celeba_2018-03-04_13-52-38/1020_x_ABA.png
[*] Samples saved: /gdata/huangzp/dsl_sgen/logs/img_align_celeba_2018-03-04_13-52-38/1020_x_BA.png
[*] Samples saved: /gdata/huangzp/dsl_sgen/logs/img_align_celeba_2018-03-04_13-52-38/1020_x_BAB.png
[!] Sampled dataset from A and B have different # of data. Try resampling...
[*] Save models to /gdata/huangzp/dsl_sgen/logs/img_align_celeba_2018-03-04_13-52-38...
[1040/500000] Loss_D: 0.7880 Loss_G: 90.0846
[1040/500000] l_d_A_real: 0.0180 l_d_A_fake: 0.0190, l_d_B_real: 0.1500, l_d_B_fake: 0.6010
[1040/500000] l_const_A: 0.0041 l_const_B: 0.0032, l_gan_A: 3.7710, l_gan_B: 2.6269
[1040/500000] l_dsl_A: 0.0513 l_dsl_B: 0.0513
[*] Samples saved: /gdata/huangzp/dsl_sgen/logs/img_align_celeba_2018-03-04_13-52-38/1040_x_AB.png
[*] Samples saved: /gdata/huangzp/dsl_sgen/logs/img_align_celeba_2018-03-04_13-52-38/1040_x_ABA.png
[*] Samples saved: /gdata/huangzp/dsl_sgen/logs/img_align_celeba_2018-03-04_13-52-38/1040_x_BA.png
[*] Samples saved: /gdata/huangzp/dsl_sgen/logs/img_align_celeba_2018-03-04_13-52-38/1040_x_BAB.png
[!] Sampled dataset from A and B have different # of data. Try resampling...
[!] Sampled dataset from A and B have different # of data. Try resampling...
[*] Save models to /gdata/huangzp/dsl_sgen/logs/img_align_celeba_2018-03-04_13-52-38...
[1060/500000] Loss_D: 0.3182 Loss_G: 100.1889
[1060/500000] l_d_A_real: 0.0283 l_d_A_fake: 0.0576, l_d_B_real: 0.1251, l_d_B_fake: 0.1073
[1060/500000] l_const_A: 0.0046 l_const_B: 0.0058, l_gan_A: 2.3107, l_gan_B: 2.5379
[1060/500000] l_dsl_A: 0.0108 l_dsl_B: 0.0108
[*] Samples saved: /gdata/huangzp/dsl_sgen/logs/img_align_celeba_2018-03-04_13-52-38/1060_x_AB.png
[*] Samples saved: /gdata/huangzp/dsl_sgen/logs/img_align_celeba_2018-03-04_13-52-38/1060_x_ABA.png
[*] Samples saved: /gdata/huangzp/dsl_sgen/logs/img_align_celeba_2018-03-04_13-52-38/1060_x_BA.png
[*] Samples saved: /gdata/huangzp/dsl_sgen/logs/img_align_celeba_2018-03-04_13-52-38/1060_x_BAB.png
[!] Sampled dataset from A and B have different # of data. Try resampling...
[*] Save models to /gdata/huangzp/dsl_sgen/logs/img_align_celeba_2018-03-04_13-52-38...
[1080/500000] Loss_D: 0.6052 Loss_G: 99.0646
[1080/500000] l_d_A_real: 0.0397 l_d_A_fake: 0.0241, l_d_B_real: 0.1151, l_d_B_fake: 0.4262
[1080/500000] l_const_A: 0.0041 l_const_B: 0.0063, l_gan_A: 3.0865, l_gan_B: 0.7642
[1080/500000] l_dsl_A: 0.0163 l_dsl_B: 0.0163
[*] Samples saved: /gdata/huangzp/dsl_sgen/logs/img_align_celeba_2018-03-04_13-52-38/1080_x_AB.png
[*] Samples saved: /gdata/huangzp/dsl_sgen/logs/img_align_celeba_2018-03-04_13-52-38/1080_x_ABA.png
[*] Samples saved: /gdata/huangzp/dsl_sgen/logs/img_align_celeba_2018-03-04_13-52-38/1080_x_BA.png
[*] Samples saved: /gdata/huangzp/dsl_sgen/logs/img_align_celeba_2018-03-04_13-52-38/1080_x_BAB.png
[!] Sampled dataset from A and B have different # of data. Try resampling...
[*] Save models to /gdata/huangzp/dsl_sgen/logs/img_align_celeba_2018-03-04_13-52-38...
[1100/500000] Loss_D: 0.2441 Loss_G: 93.6310
[1100/500000] l_d_A_real: 0.0170 l_d_A_fake: 0.0204, l_d_B_real: 0.1411, l_d_B_fake: 0.0655
[1100/500000] l_const_A: 0.0047 l_const_B: 0.0043, l_gan_A: 3.3310, l_gan_B: 2.2709
[1100/500000] l_dsl_A: 0.0806 l_dsl_B: 0.0806
[*] Samples saved: /gdata/huangzp/dsl_sgen/logs/img_align_celeba_2018-03-04_13-52-38/1100_x_AB.png
[*] Samples saved: /gdata/huangzp/dsl_sgen/logs/img_align_celeba_2018-03-04_13-52-38/1100_x_ABA.png
[*] Samples saved: /gdata/huangzp/dsl_sgen/logs/img_align_celeba_2018-03-04_13-52-38/1100_x_BA.png
[*] Samples saved: /gdata/huangzp/dsl_sgen/logs/img_align_celeba_2018-03-04_13-52-38/1100_x_BAB.png
[!] Sampled dataset from A and B have different # of data. Try resampling...
[!] Sampled dataset from A and B have different # of data. Try resampling...
[*] Save models to /gdata/huangzp/dsl_sgen/logs/img_align_celeba_2018-03-04_13-52-38...
[1120/500000] Loss_D: 0.5438 Loss_G: 86.3057
[1120/500000] l_d_A_real: 0.0148 l_d_A_fake: 0.0231, l_d_B_real: 0.0964, l_d_B_fake: 0.4096
[1120/500000] l_const_A: 0.0035 l_const_B: 0.0026, l_gan_A: 3.7873, l_gan_B: 2.2441
[1120/500000] l_dsl_A: 0.7592 l_dsl_B: 0.7592
[*] Samples saved: /gdata/huangzp/dsl_sgen/logs/img_align_celeba_2018-03-04_13-52-38/1120_x_AB.png
[*] Samples saved: /gdata/huangzp/dsl_sgen/logs/img_align_celeba_2018-03-04_13-52-38/1120_x_ABA.png
[*] Samples saved: /gdata/huangzp/dsl_sgen/logs/img_align_celeba_2018-03-04_13-52-38/1120_x_BA.png
[*] Samples saved: /gdata/huangzp/dsl_sgen/logs/img_align_celeba_2018-03-04_13-52-38/1120_x_BAB.png
[!] Sampled dataset from A and B have different # of data. Try resampling...
[*] Save models to /gdata/huangzp/dsl_sgen/logs/img_align_celeba_2018-03-04_13-52-38...
[1140/500000] Loss_D: 0.3487 Loss_G: 88.9836
[1140/500000] l_d_A_real: 0.0195 l_d_A_fake: 0.0158, l_d_B_real: 0.2570, l_d_B_fake: 0.0565
[1140/500000] l_const_A: 0.0042 l_const_B: 0.0024, l_gan_A: 4.3810, l_gan_B: 3.0586
[1140/500000] l_dsl_A: 1.1945 l_dsl_B: 1.1945
[*] Samples saved: /gdata/huangzp/dsl_sgen/logs/img_align_celeba_2018-03-04_13-52-38/1140_x_AB.png
[*] Samples saved: /gdata/huangzp/dsl_sgen/logs/img_align_celeba_2018-03-04_13-52-38/1140_x_ABA.png
[*] Samples saved: /gdata/huangzp/dsl_sgen/logs/img_align_celeba_2018-03-04_13-52-38/1140_x_BA.png
[*] Samples saved: /gdata/huangzp/dsl_sgen/logs/img_align_celeba_2018-03-04_13-52-38/1140_x_BAB.png
[!] Sampled dataset from A and B have different # of data. Try resampling...
[*] Save models to /gdata/huangzp/dsl_sgen/logs/img_align_celeba_2018-03-04_13-52-38...
[1160/500000] Loss_D: 0.8869 Loss_G: 86.2331
[1160/500000] l_d_A_real: 0.0219 l_d_A_fake: 0.0220, l_d_B_real: 0.7710, l_d_B_fake: 0.0720
[1160/500000] l_const_A: 0.0044 l_const_B: 0.0024, l_gan_A: 4.1063, l_gan_B: 1.6533
[1160/500000] l_dsl_A: 0.0704 l_dsl_B: 0.0704
[*] Samples saved: /gdata/huangzp/dsl_sgen/logs/img_align_celeba_2018-03-04_13-52-38/1160_x_AB.png
[*] Samples saved: /gdata/huangzp/dsl_sgen/logs/img_align_celeba_2018-03-04_13-52-38/1160_x_ABA.png
[*] Samples saved: /gdata/huangzp/dsl_sgen/logs/img_align_celeba_2018-03-04_13-52-38/1160_x_BA.png
[*] Samples saved: /gdata/huangzp/dsl_sgen/logs/img_align_celeba_2018-03-04_13-52-38/1160_x_BAB.png
[!] Sampled dataset from A and B have different # of data. Try resampling...
[*] Save models to /gdata/huangzp/dsl_sgen/logs/img_align_celeba_2018-03-04_13-52-38...
[1180/500000] Loss_D: 1.3079 Loss_G: 91.4443
[1180/500000] l_d_A_real: 0.0141 l_d_A_fake: 0.0111, l_d_B_real: 0.6217, l_d_B_fake: 0.6611
[1180/500000] l_const_A: 0.0043 l_const_B: 0.0035, l_gan_A: 4.4065, l_gan_B: 0.7530
[1180/500000] l_dsl_A: 0.0250 l_dsl_B: 0.0250
[*] Samples saved: /gdata/huangzp/dsl_sgen/logs/img_align_celeba_2018-03-04_13-52-38/1180_x_AB.png
[*] Samples saved: /gdata/huangzp/dsl_sgen/logs/img_align_celeba_2018-03-04_13-52-38/1180_x_ABA.png
[*] Samples saved: /gdata/huangzp/dsl_sgen/logs/img_align_celeba_2018-03-04_13-52-38/1180_x_BA.png
[*] Samples saved: /gdata/huangzp/dsl_sgen/logs/img_align_celeba_2018-03-04_13-52-38/1180_x_BAB.png
[!] Sampled dataset from A and B have different # of data. Try resampling...
[!] Sampled dataset from A and B have different # of data. Try resampling...
[*] Save models to /gdata/huangzp/dsl_sgen/logs/img_align_celeba_2018-03-04_13-52-38...
[1200/500000] Loss_D: 1.7742 Loss_G: 96.6175
[1200/500000] l_d_A_real: 0.5315 l_d_A_fake: 0.4584, l_d_B_real: 0.0920, l_d_B_fake: 0.6923
[1200/500000] l_const_A: 0.0066 l_const_B: 0.0055, l_gan_A: 0.9455, l_gan_B: 2.3237
[1200/500000] l_dsl_A: 0.0843 l_dsl_B: 0.0843
[*] Samples saved: /gdata/huangzp/dsl_sgen/logs/img_align_celeba_2018-03-04_13-52-38/1200_x_AB.png
[*] Samples saved: /gdata/huangzp/dsl_sgen/logs/img_align_celeba_2018-03-04_13-52-38/1200_x_ABA.png
[*] Samples saved: /gdata/huangzp/dsl_sgen/logs/img_align_celeba_2018-03-04_13-52-38/1200_x_BA.png
[*] Samples saved: /gdata/huangzp/dsl_sgen/logs/img_align_celeba_2018-03-04_13-52-38/1200_x_BAB.png
[!] Sampled dataset from A and B have different # of data. Try resampling...
[*] Save models to /gdata/huangzp/dsl_sgen/logs/img_align_celeba_2018-03-04_13-52-38...
[1220/500000] Loss_D: 0.9000 Loss_G: 82.1193
[1220/500000] l_d_A_real: 0.0813 l_d_A_fake: 0.5158, l_d_B_real: 0.2545, l_d_B_fake: 0.0484
[1220/500000] l_const_A: 0.0040 l_const_B: 0.0018, l_gan_A: 2.8039, l_gan_B: 1.0714
[1220/500000] l_dsl_A: 0.4547 l_dsl_B: 0.4547
[*] Samples saved: /gdata/huangzp/dsl_sgen/logs/img_align_celeba_2018-03-04_13-52-38/1220_x_AB.png
[*] Samples saved: /gdata/huangzp/dsl_sgen/logs/img_align_celeba_2018-03-04_13-52-38/1220_x_ABA.png
[*] Samples saved: /gdata/huangzp/dsl_sgen/logs/img_align_celeba_2018-03-04_13-52-38/1220_x_BA.png
[*] Samples saved: /gdata/huangzp/dsl_sgen/logs/img_align_celeba_2018-03-04_13-52-38/1220_x_BAB.png
[!] Sampled dataset from A and B have different # of data. Try resampling...
[*] Save models to /gdata/huangzp/dsl_sgen/logs/img_align_celeba_2018-03-04_13-52-38...
[1240/500000] Loss_D: 0.3074 Loss_G: 92.1581
[1240/500000] l_d_A_real: 0.0474 l_d_A_fake: 0.0749, l_d_B_real: 0.0836, l_d_B_fake: 0.1015
[1240/500000] l_const_A: 0.0051 l_const_B: 0.0034, l_gan_A: 3.6644, l_gan_B: 2.9239
[1240/500000] l_dsl_A: 0.0442 l_dsl_B: 0.0442
[*] Samples saved: /gdata/huangzp/dsl_sgen/logs/img_align_celeba_2018-03-04_13-52-38/1240_x_AB.png
[*] Samples saved: /gdata/huangzp/dsl_sgen/logs/img_align_celeba_2018-03-04_13-52-38/1240_x_ABA.png
[*] Samples saved: /gdata/huangzp/dsl_sgen/logs/img_align_celeba_2018-03-04_13-52-38/1240_x_BA.png
[*] Samples saved: /gdata/huangzp/dsl_sgen/logs/img_align_celeba_2018-03-04_13-52-38/1240_x_BAB.png
[!] Sampled dataset from A and B have different # of data. Try resampling...
[!] Sampled dataset from A and B have different # of data. Try resampling...
