Time is date
Directory is /gdata/huangzp/dsl_sgen/jobs
This job runs on following nodes:
G119
G119-gpu7
G119-gpu6
[*] MODEL dir: /gdata/huangzp/dsl_sgen/logs/img_align_celeba_2017-04-05_07-16-18
[*] PARAM path: /gdata/huangzp/dsl_sgen/logs/img_align_celeba_2017-04-05_07-16-18/params.json
[0/500000] Loss_D: 2.7826 Loss_G: 140.4888
[0/500000] l_d_A_real: 0.7668 l_d_A_fake: 0.6259, l_d_B_real: 0.6693, l_d_B_fake: 0.7206
[0/500000] l_const_A: 0.0248 l_const_B: 0.0204, l_gan_A: 0.7307, l_gan_B: 0.6718
[0/500000] l_dsl_A: 0.0201 l_dsl_B: 0.0201
[*] Samples saved: /gdata/huangzp/dsl_sgen/logs/img_align_celeba_2017-04-05_07-16-18/0_x_AB.png
[*] Samples saved: /gdata/huangzp/dsl_sgen/logs/img_align_celeba_2017-04-05_07-16-18/0_x_ABA.png
[*] Samples saved: /gdata/huangzp/dsl_sgen/logs/img_align_celeba_2017-04-05_07-16-18/0_x_BA.png
[*] Samples saved: /gdata/huangzp/dsl_sgen/logs/img_align_celeba_2017-04-05_07-16-18/0_x_BAB.png
[!] Sampled dataset from A and B have different # of data. Try resampling...
[*] Save models to /gdata/huangzp/dsl_sgen/logs/img_align_celeba_2017-04-05_07-16-18...
[9/500000] Loss_D: 2.7476 Loss_G: 107.0884
[9/500000] l_d_A_real: 0.7005 l_d_A_fake: 0.6625, l_d_B_real: 0.7028, l_d_B_fake: 0.6817
[9/500000] l_const_A: 0.0085 l_const_B: 0.0141, l_gan_A: 0.7240, l_gan_B: 0.7069
[9/500000] l_dsl_A: 0.0053 l_dsl_B: 0.0053
[*] Samples saved: /gdata/huangzp/dsl_sgen/logs/img_align_celeba_2017-04-05_07-16-18/9_x_AB.png
[*] Samples saved: /gdata/huangzp/dsl_sgen/logs/img_align_celeba_2017-04-05_07-16-18/9_x_ABA.png
[*] Samples saved: /gdata/huangzp/dsl_sgen/logs/img_align_celeba_2017-04-05_07-16-18/9_x_BA.png
[*] Samples saved: /gdata/huangzp/dsl_sgen/logs/img_align_celeba_2017-04-05_07-16-18/9_x_BAB.png
[!] Sampled dataset from A and B have different # of data. Try resampling...
[*] Save models to /gdata/huangzp/dsl_sgen/logs/img_align_celeba_2017-04-05_07-16-18...
[!] Sampled dataset from A and B have different # of data. Try resampling...
[18/500000] Loss_D: 2.7282 Loss_G: 105.1993
[18/500000] l_d_A_real: 0.6759 l_d_A_fake: 0.6750, l_d_B_real: 0.6905, l_d_B_fake: 0.6868
[18/500000] l_const_A: 0.0068 l_const_B: 0.0133, l_gan_A: 0.7425, l_gan_B: 0.7112
[18/500000] l_dsl_A: 0.0034 l_dsl_B: 0.0034
[*] Samples saved: /gdata/huangzp/dsl_sgen/logs/img_align_celeba_2017-04-05_07-16-18/18_x_AB.png
[*] Samples saved: /gdata/huangzp/dsl_sgen/logs/img_align_celeba_2017-04-05_07-16-18/18_x_ABA.png
[*] Samples saved: /gdata/huangzp/dsl_sgen/logs/img_align_celeba_2017-04-05_07-16-18/18_x_BA.png
[*] Samples saved: /gdata/huangzp/dsl_sgen/logs/img_align_celeba_2017-04-05_07-16-18/18_x_BAB.png
[!] Sampled dataset from A and B have different # of data. Try resampling...
[*] Save models to /gdata/huangzp/dsl_sgen/logs/img_align_celeba_2017-04-05_07-16-18...
[27/500000] Loss_D: 2.7507 Loss_G: 106.6354
[27/500000] l_d_A_real: 0.6740 l_d_A_fake: 0.6847, l_d_B_real: 0.7046, l_d_B_fake: 0.6875
[27/500000] l_const_A: 0.0054 l_const_B: 0.0132, l_gan_A: 0.7099, l_gan_B: 0.6975
[27/500000] l_dsl_A: 0.0051 l_dsl_B: 0.0051
[*] Samples saved: /gdata/huangzp/dsl_sgen/logs/img_align_celeba_2017-04-05_07-16-18/27_x_AB.png
[*] Samples saved: /gdata/huangzp/dsl_sgen/logs/img_align_celeba_2017-04-05_07-16-18/27_x_ABA.png
[*] Samples saved: /gdata/huangzp/dsl_sgen/logs/img_align_celeba_2017-04-05_07-16-18/27_x_BA.png
[*] Samples saved: /gdata/huangzp/dsl_sgen/logs/img_align_celeba_2017-04-05_07-16-18/27_x_BAB.png
[!] Sampled dataset from A and B have different # of data. Try resampling...
[*] Save models to /gdata/huangzp/dsl_sgen/logs/img_align_celeba_2017-04-05_07-16-18...
[36/500000] Loss_D: 2.6352 Loss_G: 105.4488
[36/500000] l_d_A_real: 0.6056 l_d_A_fake: 0.6821, l_d_B_real: 0.6546, l_d_B_fake: 0.6929
[36/500000] l_const_A: 0.0048 l_const_B: 0.0113, l_gan_A: 0.7270, l_gan_B: 0.7077
[36/500000] l_dsl_A: 0.0052 l_dsl_B: 0.0052
[*] Samples saved: /gdata/huangzp/dsl_sgen/logs/img_align_celeba_2017-04-05_07-16-18/36_x_AB.png
[*] Samples saved: /gdata/huangzp/dsl_sgen/logs/img_align_celeba_2017-04-05_07-16-18/36_x_ABA.png
[*] Samples saved: /gdata/huangzp/dsl_sgen/logs/img_align_celeba_2017-04-05_07-16-18/36_x_BA.png
[*] Samples saved: /gdata/huangzp/dsl_sgen/logs/img_align_celeba_2017-04-05_07-16-18/36_x_BAB.png
[!] Sampled dataset from A and B have different # of data. Try resampling...
[!] Sampled dataset from A and B have different # of data. Try resampling...
[*] Save models to /gdata/huangzp/dsl_sgen/logs/img_align_celeba_2017-04-05_07-16-18...
[45/500000] Loss_D: 2.6594 Loss_G: 103.4454
[45/500000] l_d_A_real: 0.5938 l_d_A_fake: 0.7015, l_d_B_real: 0.6589, l_d_B_fake: 0.7051
[45/500000] l_const_A: 0.0071 l_const_B: 0.0099, l_gan_A: 0.7605, l_gan_B: 0.7076
[45/500000] l_dsl_A: 0.0557 l_dsl_B: 0.0557
[*] Samples saved: /gdata/huangzp/dsl_sgen/logs/img_align_celeba_2017-04-05_07-16-18/45_x_AB.png
[*] Samples saved: /gdata/huangzp/dsl_sgen/logs/img_align_celeba_2017-04-05_07-16-18/45_x_ABA.png
[*] Samples saved: /gdata/huangzp/dsl_sgen/logs/img_align_celeba_2017-04-05_07-16-18/45_x_BA.png
[*] Samples saved: /gdata/huangzp/dsl_sgen/logs/img_align_celeba_2017-04-05_07-16-18/45_x_BAB.png
[!] Sampled dataset from A and B have different # of data. Try resampling...
[*] Save models to /gdata/huangzp/dsl_sgen/logs/img_align_celeba_2017-04-05_07-16-18...
[54/500000] Loss_D: 2.5218 Loss_G: 88.9466
[54/500000] l_d_A_real: 0.5846 l_d_A_fake: 0.6073, l_d_B_real: 0.6655, l_d_B_fake: 0.6643
[54/500000] l_const_A: 0.0057 l_const_B: 0.0052, l_gan_A: 0.8753, l_gan_B: 0.7492
[54/500000] l_dsl_A: 0.0225 l_dsl_B: 0.0225
[*] Samples saved: /gdata/huangzp/dsl_sgen/logs/img_align_celeba_2017-04-05_07-16-18/54_x_AB.png
[*] Samples saved: /gdata/huangzp/dsl_sgen/logs/img_align_celeba_2017-04-05_07-16-18/54_x_ABA.png
[*] Samples saved: /gdata/huangzp/dsl_sgen/logs/img_align_celeba_2017-04-05_07-16-18/54_x_BA.png
[*] Samples saved: /gdata/huangzp/dsl_sgen/logs/img_align_celeba_2017-04-05_07-16-18/54_x_BAB.png
[!] Sampled dataset from A and B have different # of data. Try resampling...
[!] Sampled dataset from A and B have different # of data. Try resampling...
[*] Save models to /gdata/huangzp/dsl_sgen/logs/img_align_celeba_2017-04-05_07-16-18...
[63/500000] Loss_D: 2.4664 Loss_G: 82.2224
[63/500000] l_d_A_real: 0.5422 l_d_A_fake: 0.6460, l_d_B_real: 0.6356, l_d_B_fake: 0.6427
[63/500000] l_const_A: 0.0050 l_const_B: 0.0037, l_gan_A: 0.8941, l_gan_B: 0.8270
[63/500000] l_dsl_A: 0.0308 l_dsl_B: 0.0308
[*] Samples saved: /gdata/huangzp/dsl_sgen/logs/img_align_celeba_2017-04-05_07-16-18/63_x_AB.png
[*] Samples saved: /gdata/huangzp/dsl_sgen/logs/img_align_celeba_2017-04-05_07-16-18/63_x_ABA.png
[*] Samples saved: /gdata/huangzp/dsl_sgen/logs/img_align_celeba_2017-04-05_07-16-18/63_x_BA.png
[*] Samples saved: /gdata/huangzp/dsl_sgen/logs/img_align_celeba_2017-04-05_07-16-18/63_x_BAB.png
[!] Sampled dataset from A and B have different # of data. Try resampling...
[*] Save models to /gdata/huangzp/dsl_sgen/logs/img_align_celeba_2017-04-05_07-16-18...
[72/500000] Loss_D: 2.3812 Loss_G: 93.6962
[72/500000] l_d_A_real: 0.5381 l_d_A_fake: 0.5808, l_d_B_real: 0.6167, l_d_B_fake: 0.6455
[72/500000] l_const_A: 0.0061 l_const_B: 0.0061, l_gan_A: 0.8423, l_gan_B: 0.7270
[72/500000] l_dsl_A: 0.0302 l_dsl_B: 0.0302
[*] Samples saved: /gdata/huangzp/dsl_sgen/logs/img_align_celeba_2017-04-05_07-16-18/72_x_AB.png
[*] Samples saved: /gdata/huangzp/dsl_sgen/logs/img_align_celeba_2017-04-05_07-16-18/72_x_ABA.png
[*] Samples saved: /gdata/huangzp/dsl_sgen/logs/img_align_celeba_2017-04-05_07-16-18/72_x_BA.png
[*] Samples saved: /gdata/huangzp/dsl_sgen/logs/img_align_celeba_2017-04-05_07-16-18/72_x_BAB.png
[!] Sampled dataset from A and B have different # of data. Try resampling...
[*] Save models to /gdata/huangzp/dsl_sgen/logs/img_align_celeba_2017-04-05_07-16-18...
[!] Sampled dataset from A and B have different # of data. Try resampling...
[81/500000] Loss_D: 2.4468 Loss_G: 82.5809
[81/500000] l_d_A_real: 0.6842 l_d_A_fake: 0.5507, l_d_B_real: 0.6329, l_d_B_fake: 0.5790
[81/500000] l_const_A: 0.0047 l_const_B: 0.0033, l_gan_A: 0.9906, l_gan_B: 0.8192
[81/500000] l_dsl_A: 0.0617 l_dsl_B: 0.0617
[*] Samples saved: /gdata/huangzp/dsl_sgen/logs/img_align_celeba_2017-04-05_07-16-18/81_x_AB.png
[*] Samples saved: /gdata/huangzp/dsl_sgen/logs/img_align_celeba_2017-04-05_07-16-18/81_x_ABA.png
[*] Samples saved: /gdata/huangzp/dsl_sgen/logs/img_align_celeba_2017-04-05_07-16-18/81_x_BA.png
[*] Samples saved: /gdata/huangzp/dsl_sgen/logs/img_align_celeba_2017-04-05_07-16-18/81_x_BAB.png
[!] Sampled dataset from A and B have different # of data. Try resampling...
[*] Save models to /gdata/huangzp/dsl_sgen/logs/img_align_celeba_2017-04-05_07-16-18...
[90/500000] Loss_D: 2.2046 Loss_G: 93.2585
[90/500000] l_d_A_real: 0.5613 l_d_A_fake: 0.4846, l_d_B_real: 0.5701, l_d_B_fake: 0.5886
[90/500000] l_const_A: 0.0056 l_const_B: 0.0061, l_gan_A: 0.9142, l_gan_B: 0.9278
[90/500000] l_dsl_A: 0.0767 l_dsl_B: 0.0767
[*] Samples saved: /gdata/huangzp/dsl_sgen/logs/img_align_celeba_2017-04-05_07-16-18/90_x_AB.png
[*] Samples saved: /gdata/huangzp/dsl_sgen/logs/img_align_celeba_2017-04-05_07-16-18/90_x_ABA.png
[*] Samples saved: /gdata/huangzp/dsl_sgen/logs/img_align_celeba_2017-04-05_07-16-18/90_x_BA.png
[*] Samples saved: /gdata/huangzp/dsl_sgen/logs/img_align_celeba_2017-04-05_07-16-18/90_x_BAB.png
[!] Sampled dataset from A and B have different # of data. Try resampling...
[*] Save models to /gdata/huangzp/dsl_sgen/logs/img_align_celeba_2017-04-05_07-16-18...
[!] Sampled dataset from A and B have different # of data. Try resampling...
[99/500000] Loss_D: 2.3969 Loss_G: 85.2484
[99/500000] l_d_A_real: 0.4224 l_d_A_fake: 0.8330, l_d_B_real: 0.5291, l_d_B_fake: 0.6124
[99/500000] l_const_A: 0.0049 l_const_B: 0.0038, l_gan_A: 1.1107, l_gan_B: 1.0040
[99/500000] l_dsl_A: 0.0402 l_dsl_B: 0.0402
[*] Samples saved: /gdata/huangzp/dsl_sgen/logs/img_align_celeba_2017-04-05_07-16-18/99_x_AB.png
[*] Samples saved: /gdata/huangzp/dsl_sgen/logs/img_align_celeba_2017-04-05_07-16-18/99_x_ABA.png
[*] Samples saved: /gdata/huangzp/dsl_sgen/logs/img_align_celeba_2017-04-05_07-16-18/99_x_BA.png
[*] Samples saved: /gdata/huangzp/dsl_sgen/logs/img_align_celeba_2017-04-05_07-16-18/99_x_BAB.png
[!] Sampled dataset from A and B have different # of data. Try resampling...
[*] Save models to /gdata/huangzp/dsl_sgen/logs/img_align_celeba_2017-04-05_07-16-18...
[108/500000] Loss_D: 2.3415 Loss_G: 87.4262
[108/500000] l_d_A_real: 0.7262 l_d_A_fake: 0.4502, l_d_B_real: 0.6028, l_d_B_fake: 0.5624
[108/500000] l_const_A: 0.0034 l_const_B: 0.0058, l_gan_A: 0.9240, l_gan_B: 0.8359
[108/500000] l_dsl_A: 0.0194 l_dsl_B: 0.0194
[*] Samples saved: /gdata/huangzp/dsl_sgen/logs/img_align_celeba_2017-04-05_07-16-18/108_x_AB.png
[*] Samples saved: /gdata/huangzp/dsl_sgen/logs/img_align_celeba_2017-04-05_07-16-18/108_x_ABA.png
[*] Samples saved: /gdata/huangzp/dsl_sgen/logs/img_align_celeba_2017-04-05_07-16-18/108_x_BA.png
[*] Samples saved: /gdata/huangzp/dsl_sgen/logs/img_align_celeba_2017-04-05_07-16-18/108_x_BAB.png
[!] Sampled dataset from A and B have different # of data. Try resampling...
[*] Save models to /gdata/huangzp/dsl_sgen/logs/img_align_celeba_2017-04-05_07-16-18...
[117/500000] Loss_D: 1.9369 Loss_G: 90.3608
[117/500000] l_d_A_real: 0.4084 l_d_A_fake: 0.3721, l_d_B_real: 0.5628, l_d_B_fake: 0.5937
[117/500000] l_const_A: 0.0044 l_const_B: 0.0056, l_gan_A: 0.9354, l_gan_B: 0.8751
[117/500000] l_dsl_A: 0.0388 l_dsl_B: 0.0388
[*] Samples saved: /gdata/huangzp/dsl_sgen/logs/img_align_celeba_2017-04-05_07-16-18/117_x_AB.png
[*] Samples saved: /gdata/huangzp/dsl_sgen/logs/img_align_celeba_2017-04-05_07-16-18/117_x_ABA.png
[*] Samples saved: /gdata/huangzp/dsl_sgen/logs/img_align_celeba_2017-04-05_07-16-18/117_x_BA.png
[*] Samples saved: /gdata/huangzp/dsl_sgen/logs/img_align_celeba_2017-04-05_07-16-18/117_x_BAB.png
[!] Sampled dataset from A and B have different # of data. Try resampling...
[!] Sampled dataset from A and B have different # of data. Try resampling...
[*] Save models to /gdata/huangzp/dsl_sgen/logs/img_align_celeba_2017-04-05_07-16-18...
[126/500000] Loss_D: 1.7890 Loss_G: 90.9439
[126/500000] l_d_A_real: 0.3656 l_d_A_fake: 0.3516, l_d_B_real: 0.6422, l_d_B_fake: 0.4297
[126/500000] l_const_A: 0.0053 l_const_B: 0.0058, l_gan_A: 0.9418, l_gan_B: 0.7726
[126/500000] l_dsl_A: 0.0564 l_dsl_B: 0.0564
[*] Samples saved: /gdata/huangzp/dsl_sgen/logs/img_align_celeba_2017-04-05_07-16-18/126_x_AB.png
[*] Samples saved: /gdata/huangzp/dsl_sgen/logs/img_align_celeba_2017-04-05_07-16-18/126_x_ABA.png
[*] Samples saved: /gdata/huangzp/dsl_sgen/logs/img_align_celeba_2017-04-05_07-16-18/126_x_BA.png
[*] Samples saved: /gdata/huangzp/dsl_sgen/logs/img_align_celeba_2017-04-05_07-16-18/126_x_BAB.png
[!] Sampled dataset from A and B have different # of data. Try resampling...
[*] Save models to /gdata/huangzp/dsl_sgen/logs/img_align_celeba_2017-04-05_07-16-18...
[135/500000] Loss_D: 1.7320 Loss_G: 89.8501
[135/500000] l_d_A_real: 0.4343 l_d_A_fake: 0.3796, l_d_B_real: 0.5135, l_d_B_fake: 0.4046
[135/500000] l_const_A: 0.0046 l_const_B: 0.0052, l_gan_A: 1.1862, l_gan_B: 1.0814
[135/500000] l_dsl_A: 0.0150 l_dsl_B: 0.0150
[*] Samples saved: /gdata/huangzp/dsl_sgen/logs/img_align_celeba_2017-04-05_07-16-18/135_x_AB.png
[*] Samples saved: /gdata/huangzp/dsl_sgen/logs/img_align_celeba_2017-04-05_07-16-18/135_x_ABA.png
[*] Samples saved: /gdata/huangzp/dsl_sgen/logs/img_align_celeba_2017-04-05_07-16-18/135_x_BA.png
[*] Samples saved: /gdata/huangzp/dsl_sgen/logs/img_align_celeba_2017-04-05_07-16-18/135_x_BAB.png
[!] Sampled dataset from A and B have different # of data. Try resampling...
[!] Sampled dataset from A and B have different # of data. Try resampling...
[*] Save models to /gdata/huangzp/dsl_sgen/logs/img_align_celeba_2017-04-05_07-16-18...
[144/500000] Loss_D: 1.7104 Loss_G: 86.0716
[144/500000] l_d_A_real: 0.3639 l_d_A_fake: 0.4243, l_d_B_real: 0.4725, l_d_B_fake: 0.4496
[144/500000] l_const_A: 0.0040 l_const_B: 0.0042, l_gan_A: 1.2894, l_gan_B: 1.2144
[144/500000] l_dsl_A: 0.2070 l_dsl_B: 0.2070
[*] Samples saved: /gdata/huangzp/dsl_sgen/logs/img_align_celeba_2017-04-05_07-16-18/144_x_AB.png
[*] Samples saved: /gdata/huangzp/dsl_sgen/logs/img_align_celeba_2017-04-05_07-16-18/144_x_ABA.png
[*] Samples saved: /gdata/huangzp/dsl_sgen/logs/img_align_celeba_2017-04-05_07-16-18/144_x_BA.png
[*] Samples saved: /gdata/huangzp/dsl_sgen/logs/img_align_celeba_2017-04-05_07-16-18/144_x_BAB.png
[!] Sampled dataset from A and B have different # of data. Try resampling...
[*] Save models to /gdata/huangzp/dsl_sgen/logs/img_align_celeba_2017-04-05_07-16-18...
[153/500000] Loss_D: 1.7264 Loss_G: 98.2080
[153/500000] l_d_A_real: 0.3648 l_d_A_fake: 0.3457, l_d_B_real: 0.5827, l_d_B_fake: 0.4332
[153/500000] l_const_A: 0.0047 l_const_B: 0.0076, l_gan_A: 0.8299, l_gan_B: 0.7377
[153/500000] l_dsl_A: 0.0163 l_dsl_B: 0.0163
[*] Samples saved: /gdata/huangzp/dsl_sgen/logs/img_align_celeba_2017-04-05_07-16-18/153_x_AB.png
[*] Samples saved: /gdata/huangzp/dsl_sgen/logs/img_align_celeba_2017-04-05_07-16-18/153_x_ABA.png
[*] Samples saved: /gdata/huangzp/dsl_sgen/logs/img_align_celeba_2017-04-05_07-16-18/153_x_BA.png
[*] Samples saved: /gdata/huangzp/dsl_sgen/logs/img_align_celeba_2017-04-05_07-16-18/153_x_BAB.png
[!] Sampled dataset from A and B have different # of data. Try resampling...
[*] Save models to /gdata/huangzp/dsl_sgen/logs/img_align_celeba_2017-04-05_07-16-18...
[!] Sampled dataset from A and B have different # of data. Try resampling...
[162/500000] Loss_D: 1.4937 Loss_G: 94.4986
[162/500000] l_d_A_real: 0.3445 l_d_A_fake: 0.2833, l_d_B_real: 0.4941, l_d_B_fake: 0.3717
[162/500000] l_const_A: 0.0045 l_const_B: 0.0069, l_gan_A: 1.0865, l_gan_B: 0.9421
[162/500000] l_dsl_A: 0.0330 l_dsl_B: 0.0330
[*] Samples saved: /gdata/huangzp/dsl_sgen/logs/img_align_celeba_2017-04-05_07-16-18/162_x_AB.png
[*] Samples saved: /gdata/huangzp/dsl_sgen/logs/img_align_celeba_2017-04-05_07-16-18/162_x_ABA.png
[*] Samples saved: /gdata/huangzp/dsl_sgen/logs/img_align_celeba_2017-04-05_07-16-18/162_x_BA.png
[*] Samples saved: /gdata/huangzp/dsl_sgen/logs/img_align_celeba_2017-04-05_07-16-18/162_x_BAB.png
[!] Sampled dataset from A and B have different # of data. Try resampling...
[*] Save models to /gdata/huangzp/dsl_sgen/logs/img_align_celeba_2017-04-05_07-16-18...
[171/500000] Loss_D: 1.5886 Loss_G: 91.5327
[171/500000] l_d_A_real: 0.3640 l_d_A_fake: 0.3085, l_d_B_real: 0.5928, l_d_B_fake: 0.3234
[171/500000] l_const_A: 0.0046 l_const_B: 0.0057, l_gan_A: 1.1231, l_gan_B: 0.7672
[171/500000] l_dsl_A: 0.0233 l_dsl_B: 0.0233
[*] Samples saved: /gdata/huangzp/dsl_sgen/logs/img_align_celeba_2017-04-05_07-16-18/171_x_AB.png
[*] Samples saved: /gdata/huangzp/dsl_sgen/logs/img_align_celeba_2017-04-05_07-16-18/171_x_ABA.png
[*] Samples saved: /gdata/huangzp/dsl_sgen/logs/img_align_celeba_2017-04-05_07-16-18/171_x_BA.png
[*] Samples saved: /gdata/huangzp/dsl_sgen/logs/img_align_celeba_2017-04-05_07-16-18/171_x_BAB.png
[!] Sampled dataset from A and B have different # of data. Try resampling...
[*] Save models to /gdata/huangzp/dsl_sgen/logs/img_align_celeba_2017-04-05_07-16-18...
[!] Sampled dataset from A and B have different # of data. Try resampling...
[180/500000] Loss_D: 1.6462 Loss_G: 86.8548
[180/500000] l_d_A_real: 0.4628 l_d_A_fake: 0.2362, l_d_B_real: 0.6632, l_d_B_fake: 0.2840
[180/500000] l_const_A: 0.0050 l_const_B: 0.0040, l_gan_A: 1.3520, l_gan_B: 0.9846
[180/500000] l_dsl_A: 0.0371 l_dsl_B: 0.0371
[*] Samples saved: /gdata/huangzp/dsl_sgen/logs/img_align_celeba_2017-04-05_07-16-18/180_x_AB.png
[*] Samples saved: /gdata/huangzp/dsl_sgen/logs/img_align_celeba_2017-04-05_07-16-18/180_x_ABA.png
[*] Samples saved: /gdata/huangzp/dsl_sgen/logs/img_align_celeba_2017-04-05_07-16-18/180_x_BA.png
[*] Samples saved: /gdata/huangzp/dsl_sgen/logs/img_align_celeba_2017-04-05_07-16-18/180_x_BAB.png
[!] Sampled dataset from A and B have different # of data. Try resampling...
[*] Save models to /gdata/huangzp/dsl_sgen/logs/img_align_celeba_2017-04-05_07-16-18...
[189/500000] Loss_D: 1.7085 Loss_G: 86.4849
[189/500000] l_d_A_real: 0.2604 l_d_A_fake: 0.2991, l_d_B_real: 0.7358, l_d_B_fake: 0.4133
[189/500000] l_const_A: 0.0044 l_const_B: 0.0040, l_gan_A: 1.4586, l_gan_B: 0.9896
[189/500000] l_dsl_A: 0.2191 l_dsl_B: 0.2191
[*] Samples saved: /gdata/huangzp/dsl_sgen/logs/img_align_celeba_2017-04-05_07-16-18/189_x_AB.png
[*] Samples saved: /gdata/huangzp/dsl_sgen/logs/img_align_celeba_2017-04-05_07-16-18/189_x_ABA.png
[*] Samples saved: /gdata/huangzp/dsl_sgen/logs/img_align_celeba_2017-04-05_07-16-18/189_x_BA.png
[*] Samples saved: /gdata/huangzp/dsl_sgen/logs/img_align_celeba_2017-04-05_07-16-18/189_x_BAB.png
[!] Sampled dataset from A and B have different # of data. Try resampling...
[*] Save models to /gdata/huangzp/dsl_sgen/logs/img_align_celeba_2017-04-05_07-16-18...
[198/500000] Loss_D: 1.4105 Loss_G: 89.1599
[198/500000] l_d_A_real: 0.3717 l_d_A_fake: 0.2169, l_d_B_real: 0.5402, l_d_B_fake: 0.2817
[198/500000] l_const_A: 0.0045 l_const_B: 0.0040, l_gan_A: 1.3971, l_gan_B: 0.9970
[198/500000] l_dsl_A: 0.0320 l_dsl_B: 0.0320
[*] Samples saved: /gdata/huangzp/dsl_sgen/logs/img_align_celeba_2017-04-05_07-16-18/198_x_AB.png
[*] Samples saved: /gdata/huangzp/dsl_sgen/logs/img_align_celeba_2017-04-05_07-16-18/198_x_ABA.png
[*] Samples saved: /gdata/huangzp/dsl_sgen/logs/img_align_celeba_2017-04-05_07-16-18/198_x_BA.png
[*] Samples saved: /gdata/huangzp/dsl_sgen/logs/img_align_celeba_2017-04-05_07-16-18/198_x_BAB.png
[!] Sampled dataset from A and B have different # of data. Try resampling...
[!] Sampled dataset from A and B have different # of data. Try resampling...
[*] Save models to /gdata/huangzp/dsl_sgen/logs/img_align_celeba_2017-04-05_07-16-18...
[207/500000] Loss_D: 1.2908 Loss_G: 85.7581
[207/500000] l_d_A_real: 0.2034 l_d_A_fake: 0.2035, l_d_B_real: 0.6039, l_d_B_fake: 0.2801
[207/500000] l_const_A: 0.0037 l_const_B: 0.0042, l_gan_A: 1.0187, l_gan_B: 0.6317
[207/500000] l_dsl_A: 0.0247 l_dsl_B: 0.0247
[*] Samples saved: /gdata/huangzp/dsl_sgen/logs/img_align_celeba_2017-04-05_07-16-18/207_x_AB.png
[*] Samples saved: /gdata/huangzp/dsl_sgen/logs/img_align_celeba_2017-04-05_07-16-18/207_x_ABA.png
[*] Samples saved: /gdata/huangzp/dsl_sgen/logs/img_align_celeba_2017-04-05_07-16-18/207_x_BA.png
[*] Samples saved: /gdata/huangzp/dsl_sgen/logs/img_align_celeba_2017-04-05_07-16-18/207_x_BAB.png
[!] Sampled dataset from A and B have different # of data. Try resampling...
[*] Save models to /gdata/huangzp/dsl_sgen/logs/img_align_celeba_2017-04-05_07-16-18...
[216/500000] Loss_D: 1.3411 Loss_G: 85.6881
[216/500000] l_d_A_real: 0.1991 l_d_A_fake: 0.1812, l_d_B_real: 0.6402, l_d_B_fake: 0.3207
[216/500000] l_const_A: 0.0042 l_const_B: 0.0038, l_gan_A: 1.2698, l_gan_B: 1.0714
[216/500000] l_dsl_A: 0.0594 l_dsl_B: 0.0594
[*] Samples saved: /gdata/huangzp/dsl_sgen/logs/img_align_celeba_2017-04-05_07-16-18/216_x_AB.png
[*] Samples saved: /gdata/huangzp/dsl_sgen/logs/img_align_celeba_2017-04-05_07-16-18/216_x_ABA.png
[*] Samples saved: /gdata/huangzp/dsl_sgen/logs/img_align_celeba_2017-04-05_07-16-18/216_x_BA.png
[*] Samples saved: /gdata/huangzp/dsl_sgen/logs/img_align_celeba_2017-04-05_07-16-18/216_x_BAB.png
[!] Sampled dataset from A and B have different # of data. Try resampling...
[!] Sampled dataset from A and B have different # of data. Try resampling...
[*] Save models to /gdata/huangzp/dsl_sgen/logs/img_align_celeba_2017-04-05_07-16-18...
[225/500000] Loss_D: 1.3236 Loss_G: 84.4045
[225/500000] l_d_A_real: 0.1630 l_d_A_fake: 0.1568, l_d_B_real: 0.3705, l_d_B_fake: 0.6333
[225/500000] l_const_A: 0.0037 l_const_B: 0.0034, l_gan_A: 1.4676, l_gan_B: 1.0678
[225/500000] l_dsl_A: 0.0873 l_dsl_B: 0.0873
[*] Samples saved: /gdata/huangzp/dsl_sgen/logs/img_align_celeba_2017-04-05_07-16-18/225_x_AB.png
[*] Samples saved: /gdata/huangzp/dsl_sgen/logs/img_align_celeba_2017-04-05_07-16-18/225_x_ABA.png
[*] Samples saved: /gdata/huangzp/dsl_sgen/logs/img_align_celeba_2017-04-05_07-16-18/225_x_BA.png
[*] Samples saved: /gdata/huangzp/dsl_sgen/logs/img_align_celeba_2017-04-05_07-16-18/225_x_BAB.png
[!] Sampled dataset from A and B have different # of data. Try resampling...
[*] Save models to /gdata/huangzp/dsl_sgen/logs/img_align_celeba_2017-04-05_07-16-18...
[234/500000] Loss_D: 1.1926 Loss_G: 82.4789
[234/500000] l_d_A_real: 0.2004 l_d_A_fake: 0.2440, l_d_B_real: 0.3207, l_d_B_fake: 0.4275
[234/500000] l_const_A: 0.0036 l_const_B: 0.0027, l_gan_A: 1.9801, l_gan_B: 1.3944
[234/500000] l_dsl_A: 0.1052 l_dsl_B: 0.1052
[*] Samples saved: /gdata/huangzp/dsl_sgen/logs/img_align_celeba_2017-04-05_07-16-18/234_x_AB.png
[*] Samples saved: /gdata/huangzp/dsl_sgen/logs/img_align_celeba_2017-04-05_07-16-18/234_x_ABA.png
[*] Samples saved: /gdata/huangzp/dsl_sgen/logs/img_align_celeba_2017-04-05_07-16-18/234_x_BA.png
[*] Samples saved: /gdata/huangzp/dsl_sgen/logs/img_align_celeba_2017-04-05_07-16-18/234_x_BAB.png
[!] Sampled dataset from A and B have different # of data. Try resampling...
[*] Save models to /gdata/huangzp/dsl_sgen/logs/img_align_celeba_2017-04-05_07-16-18...
[!] Sampled dataset from A and B have different # of data. Try resampling...
[243/500000] Loss_D: 1.3989 Loss_G: 81.1521
[243/500000] l_d_A_real: 0.4915 l_d_A_fake: 0.1678, l_d_B_real: 0.4068, l_d_B_fake: 0.3328
[243/500000] l_const_A: 0.0045 l_const_B: 0.0023, l_gan_A: 1.8984, l_gan_B: 1.2030
[243/500000] l_dsl_A: 0.2440 l_dsl_B: 0.2440
[*] Samples saved: /gdata/huangzp/dsl_sgen/logs/img_align_celeba_2017-04-05_07-16-18/243_x_AB.png
[*] Samples saved: /gdata/huangzp/dsl_sgen/logs/img_align_celeba_2017-04-05_07-16-18/243_x_ABA.png
[*] Samples saved: /gdata/huangzp/dsl_sgen/logs/img_align_celeba_2017-04-05_07-16-18/243_x_BA.png
[*] Samples saved: /gdata/huangzp/dsl_sgen/logs/img_align_celeba_2017-04-05_07-16-18/243_x_BAB.png
[!] Sampled dataset from A and B have different # of data. Try resampling...
[*] Save models to /gdata/huangzp/dsl_sgen/logs/img_align_celeba_2017-04-05_07-16-18...
[252/500000] Loss_D: 1.8070 Loss_G: 87.3722
[252/500000] l_d_A_real: 0.1714 l_d_A_fake: 0.5858, l_d_B_real: 0.3375, l_d_B_fake: 0.7123
[252/500000] l_const_A: 0.0044 l_const_B: 0.0035, l_gan_A: 2.0617, l_gan_B: 1.6471
[252/500000] l_dsl_A: 0.4834 l_dsl_B: 0.4834
[*] Samples saved: /gdata/huangzp/dsl_sgen/logs/img_align_celeba_2017-04-05_07-16-18/252_x_AB.png
[*] Samples saved: /gdata/huangzp/dsl_sgen/logs/img_align_celeba_2017-04-05_07-16-18/252_x_ABA.png
[*] Samples saved: /gdata/huangzp/dsl_sgen/logs/img_align_celeba_2017-04-05_07-16-18/252_x_BA.png
[*] Samples saved: /gdata/huangzp/dsl_sgen/logs/img_align_celeba_2017-04-05_07-16-18/252_x_BAB.png
[!] Sampled dataset from A and B have different # of data. Try resampling...
[*] Save models to /gdata/huangzp/dsl_sgen/logs/img_align_celeba_2017-04-05_07-16-18...
[!] Sampled dataset from A and B have different # of data. Try resampling...
[261/500000] Loss_D: 0.9514 Loss_G: 97.2013
[261/500000] l_d_A_real: 0.1608 l_d_A_fake: 0.1528, l_d_B_real: 0.3139, l_d_B_fake: 0.3239
[261/500000] l_const_A: 0.0058 l_const_B: 0.0056, l_gan_A: 2.0334, l_gan_B: 1.2358
[261/500000] l_dsl_A: 0.0585 l_dsl_B: 0.0585
[*] Samples saved: /gdata/huangzp/dsl_sgen/logs/img_align_celeba_2017-04-05_07-16-18/261_x_AB.png
[*] Samples saved: /gdata/huangzp/dsl_sgen/logs/img_align_celeba_2017-04-05_07-16-18/261_x_ABA.png
[*] Samples saved: /gdata/huangzp/dsl_sgen/logs/img_align_celeba_2017-04-05_07-16-18/261_x_BA.png
[*] Samples saved: /gdata/huangzp/dsl_sgen/logs/img_align_celeba_2017-04-05_07-16-18/261_x_BAB.png
[!] Sampled dataset from A and B have different # of data. Try resampling...
[*] Save models to /gdata/huangzp/dsl_sgen/logs/img_align_celeba_2017-04-05_07-16-18...
[270/500000] Loss_D: 1.1514 Loss_G: 92.0563
[270/500000] l_d_A_real: 0.1495 l_d_A_fake: 0.3061, l_d_B_real: 0.3050, l_d_B_fake: 0.3907
[270/500000] l_const_A: 0.0042 l_const_B: 0.0045, l_gan_A: 2.0093, l_gan_B: 1.2007
[270/500000] l_dsl_A: 0.0641 l_dsl_B: 0.0641
[*] Samples saved: /gdata/huangzp/dsl_sgen/logs/img_align_celeba_2017-04-05_07-16-18/270_x_AB.png
[*] Samples saved: /gdata/huangzp/dsl_sgen/logs/img_align_celeba_2017-04-05_07-16-18/270_x_ABA.png
[*] Samples saved: /gdata/huangzp/dsl_sgen/logs/img_align_celeba_2017-04-05_07-16-18/270_x_BA.png
[*] Samples saved: /gdata/huangzp/dsl_sgen/logs/img_align_celeba_2017-04-05_07-16-18/270_x_BAB.png
[!] Sampled dataset from A and B have different # of data. Try resampling...
[*] Save models to /gdata/huangzp/dsl_sgen/logs/img_align_celeba_2017-04-05_07-16-18...
[279/500000] Loss_D: 1.0800 Loss_G: 89.9234
[279/500000] l_d_A_real: 0.1407 l_d_A_fake: 0.1163, l_d_B_real: 0.4316, l_d_B_fake: 0.3913
[279/500000] l_const_A: 0.0051 l_const_B: 0.0046, l_gan_A: 1.6652, l_gan_B: 0.8585
[279/500000] l_dsl_A: 0.0290 l_dsl_B: 0.0290
[*] Samples saved: /gdata/huangzp/dsl_sgen/logs/img_align_celeba_2017-04-05_07-16-18/279_x_AB.png
[*] Samples saved: /gdata/huangzp/dsl_sgen/logs/img_align_celeba_2017-04-05_07-16-18/279_x_ABA.png
[*] Samples saved: /gdata/huangzp/dsl_sgen/logs/img_align_celeba_2017-04-05_07-16-18/279_x_BA.png
[*] Samples saved: /gdata/huangzp/dsl_sgen/logs/img_align_celeba_2017-04-05_07-16-18/279_x_BAB.png
[!] Sampled dataset from A and B have different # of data. Try resampling...
[!] Sampled dataset from A and B have different # of data. Try resampling...
[*] Save models to /gdata/huangzp/dsl_sgen/logs/img_align_celeba_2017-04-05_07-16-18...
[288/500000] Loss_D: 0.8700 Loss_G: 81.3221
[288/500000] l_d_A_real: 0.1034 l_d_A_fake: 0.1047, l_d_B_real: 0.3678, l_d_B_fake: 0.2940
[288/500000] l_const_A: 0.0042 l_const_B: 0.0019, l_gan_A: 2.4904, l_gan_B: 1.3126
[288/500000] l_dsl_A: 0.1184 l_dsl_B: 0.1184
[*] Samples saved: /gdata/huangzp/dsl_sgen/logs/img_align_celeba_2017-04-05_07-16-18/288_x_AB.png
[*] Samples saved: /gdata/huangzp/dsl_sgen/logs/img_align_celeba_2017-04-05_07-16-18/288_x_ABA.png
[*] Samples saved: /gdata/huangzp/dsl_sgen/logs/img_align_celeba_2017-04-05_07-16-18/288_x_BA.png
[*] Samples saved: /gdata/huangzp/dsl_sgen/logs/img_align_celeba_2017-04-05_07-16-18/288_x_BAB.png
[!] Sampled dataset from A and B have different # of data. Try resampling...
[*] Save models to /gdata/huangzp/dsl_sgen/logs/img_align_celeba_2017-04-05_07-16-18...
[297/500000] Loss_D: 1.0461 Loss_G: 91.5784
[297/500000] l_d_A_real: 0.2923 l_d_A_fake: 0.1629, l_d_B_real: 0.3263, l_d_B_fake: 0.2647
[297/500000] l_const_A: 0.0050 l_const_B: 0.0036, l_gan_A: 2.0786, l_gan_B: 1.6046
[297/500000] l_dsl_A: 0.0784 l_dsl_B: 0.0784
[*] Samples saved: /gdata/huangzp/dsl_sgen/logs/img_align_celeba_2017-04-05_07-16-18/297_x_AB.png
[*] Samples saved: /gdata/huangzp/dsl_sgen/logs/img_align_celeba_2017-04-05_07-16-18/297_x_ABA.png
[*] Samples saved: /gdata/huangzp/dsl_sgen/logs/img_align_celeba_2017-04-05_07-16-18/297_x_BA.png
[*] Samples saved: /gdata/huangzp/dsl_sgen/logs/img_align_celeba_2017-04-05_07-16-18/297_x_BAB.png
[!] Sampled dataset from A and B have different # of data. Try resampling...
[!] Sampled dataset from A and B have different # of data. Try resampling...
[*] Save models to /gdata/huangzp/dsl_sgen/logs/img_align_celeba_2017-04-05_07-16-18...
[306/500000] Loss_D: 1.0998 Loss_G: 85.7947
[306/500000] l_d_A_real: 0.0930 l_d_A_fake: 0.0923, l_d_B_real: 0.7214, l_d_B_fake: 0.1931
[306/500000] l_const_A: 0.0038 l_const_B: 0.0037, l_gan_A: 1.8522, l_gan_B: 0.7251
[306/500000] l_dsl_A: 0.0359 l_dsl_B: 0.0359
[*] Samples saved: /gdata/huangzp/dsl_sgen/logs/img_align_celeba_2017-04-05_07-16-18/306_x_AB.png
[*] Samples saved: /gdata/huangzp/dsl_sgen/logs/img_align_celeba_2017-04-05_07-16-18/306_x_ABA.png
[*] Samples saved: /gdata/huangzp/dsl_sgen/logs/img_align_celeba_2017-04-05_07-16-18/306_x_BA.png
[*] Samples saved: /gdata/huangzp/dsl_sgen/logs/img_align_celeba_2017-04-05_07-16-18/306_x_BAB.png
[!] Sampled dataset from A and B have different # of data. Try resampling...
[*] Save models to /gdata/huangzp/dsl_sgen/logs/img_align_celeba_2017-04-05_07-16-18...
[315/500000] Loss_D: 1.3974 Loss_G: 84.1324
[315/500000] l_d_A_real: 0.1475 l_d_A_fake: 0.1421, l_d_B_real: 0.2126, l_d_B_fake: 0.8952
[315/500000] l_const_A: 0.0051 l_const_B: 0.0024, l_gan_A: 1.7745, l_gan_B: 1.1802
[315/500000] l_dsl_A: 0.1838 l_dsl_B: 0.1838
[*] Samples saved: /gdata/huangzp/dsl_sgen/logs/img_align_celeba_2017-04-05_07-16-18/315_x_AB.png
[*] Samples saved: /gdata/huangzp/dsl_sgen/logs/img_align_celeba_2017-04-05_07-16-18/315_x_ABA.png
[*] Samples saved: /gdata/huangzp/dsl_sgen/logs/img_align_celeba_2017-04-05_07-16-18/315_x_BA.png
[*] Samples saved: /gdata/huangzp/dsl_sgen/logs/img_align_celeba_2017-04-05_07-16-18/315_x_BAB.png
[!] Sampled dataset from A and B have different # of data. Try resampling...
[*] Save models to /gdata/huangzp/dsl_sgen/logs/img_align_celeba_2017-04-05_07-16-18...
[!] Sampled dataset from A and B have different # of data. Try resampling...
[324/500000] Loss_D: 1.0199 Loss_G: 82.3924
[324/500000] l_d_A_real: 0.1301 l_d_A_fake: 0.1513, l_d_B_real: 0.2446, l_d_B_fake: 0.4939
[324/500000] l_const_A: 0.0042 l_const_B: 0.0018, l_gan_A: 2.3875, l_gan_B: 1.9193
[324/500000] l_dsl_A: 0.8225 l_dsl_B: 0.8225
[*] Samples saved: /gdata/huangzp/dsl_sgen/logs/img_align_celeba_2017-04-05_07-16-18/324_x_AB.png
[*] Samples saved: /gdata/huangzp/dsl_sgen/logs/img_align_celeba_2017-04-05_07-16-18/324_x_ABA.png
[*] Samples saved: /gdata/huangzp/dsl_sgen/logs/img_align_celeba_2017-04-05_07-16-18/324_x_BA.png
[*] Samples saved: /gdata/huangzp/dsl_sgen/logs/img_align_celeba_2017-04-05_07-16-18/324_x_BAB.png
[!] Sampled dataset from A and B have different # of data. Try resampling...
[*] Save models to /gdata/huangzp/dsl_sgen/logs/img_align_celeba_2017-04-05_07-16-18...
[333/500000] Loss_D: 0.9066 Loss_G: 85.0133
[333/500000] l_d_A_real: 0.0797 l_d_A_fake: 0.1053, l_d_B_real: 0.3117, l_d_B_fake: 0.4100
[333/500000] l_const_A: 0.0044 l_const_B: 0.0027, l_gan_A: 2.3587, l_gan_B: 1.0069
[333/500000] l_dsl_A: 0.0740 l_dsl_B: 0.0740
[*] Samples saved: /gdata/huangzp/dsl_sgen/logs/img_align_celeba_2017-04-05_07-16-18/333_x_AB.png
[*] Samples saved: /gdata/huangzp/dsl_sgen/logs/img_align_celeba_2017-04-05_07-16-18/333_x_ABA.png
[*] Samples saved: /gdata/huangzp/dsl_sgen/logs/img_align_celeba_2017-04-05_07-16-18/333_x_BA.png
[*] Samples saved: /gdata/huangzp/dsl_sgen/logs/img_align_celeba_2017-04-05_07-16-18/333_x_BAB.png
[!] Sampled dataset from A and B have different # of data. Try resampling...
[*] Save models to /gdata/huangzp/dsl_sgen/logs/img_align_celeba_2017-04-05_07-16-18...
[342/500000] Loss_D: 1.4637 Loss_G: 94.7580
[342/500000] l_d_A_real: 0.1080 l_d_A_fake: 0.0977, l_d_B_real: 0.2131, l_d_B_fake: 1.0448
[342/500000] l_const_A: 0.0048 l_const_B: 0.0047, l_gan_A: 1.4061, l_gan_B: 0.7804
[342/500000] l_dsl_A: 0.0406 l_dsl_B: 0.0406
[*] Samples saved: /gdata/huangzp/dsl_sgen/logs/img_align_celeba_2017-04-05_07-16-18/342_x_AB.png
[*] Samples saved: /gdata/huangzp/dsl_sgen/logs/img_align_celeba_2017-04-05_07-16-18/342_x_ABA.png
[*] Samples saved: /gdata/huangzp/dsl_sgen/logs/img_align_celeba_2017-04-05_07-16-18/342_x_BA.png
[*] Samples saved: /gdata/huangzp/dsl_sgen/logs/img_align_celeba_2017-04-05_07-16-18/342_x_BAB.png
[!] Sampled dataset from A and B have different # of data. Try resampling...
[!] Sampled dataset from A and B have different # of data. Try resampling...
[*] Save models to /gdata/huangzp/dsl_sgen/logs/img_align_celeba_2017-04-05_07-16-18...
[351/500000] Loss_D: 0.8234 Loss_G: 86.3390
[351/500000] l_d_A_real: 0.0988 l_d_A_fake: 0.1768, l_d_B_real: 0.3706, l_d_B_fake: 0.1771
[351/500000] l_const_A: 0.0057 l_const_B: 0.0024, l_gan_A: 2.5376, l_gan_B: 1.3768
[351/500000] l_dsl_A: 0.1173 l_dsl_B: 0.1173
[*] Samples saved: /gdata/huangzp/dsl_sgen/logs/img_align_celeba_2017-04-05_07-16-18/351_x_AB.png
[*] Samples saved: /gdata/huangzp/dsl_sgen/logs/img_align_celeba_2017-04-05_07-16-18/351_x_ABA.png
[*] Samples saved: /gdata/huangzp/dsl_sgen/logs/img_align_celeba_2017-04-05_07-16-18/351_x_BA.png
[*] Samples saved: /gdata/huangzp/dsl_sgen/logs/img_align_celeba_2017-04-05_07-16-18/351_x_BAB.png
[!] Sampled dataset from A and B have different # of data. Try resampling...
[*] Save models to /gdata/huangzp/dsl_sgen/logs/img_align_celeba_2017-04-05_07-16-18...
[360/500000] Loss_D: 1.3848 Loss_G: 87.4537
[360/500000] l_d_A_real: 0.5396 l_d_A_fake: 0.1223, l_d_B_real: 0.4697, l_d_B_fake: 0.2532
[360/500000] l_const_A: 0.0043 l_const_B: 0.0031, l_gan_A: 1.9840, l_gan_B: 1.3499
[360/500000] l_dsl_A: 0.0615 l_dsl_B: 0.0615
[*] Samples saved: /gdata/huangzp/dsl_sgen/logs/img_align_celeba_2017-04-05_07-16-18/360_x_AB.png
[*] Samples saved: /gdata/huangzp/dsl_sgen/logs/img_align_celeba_2017-04-05_07-16-18/360_x_ABA.png
[*] Samples saved: /gdata/huangzp/dsl_sgen/logs/img_align_celeba_2017-04-05_07-16-18/360_x_BA.png
[*] Samples saved: /gdata/huangzp/dsl_sgen/logs/img_align_celeba_2017-04-05_07-16-18/360_x_BAB.png
[!] Sampled dataset from A and B have different # of data. Try resampling...
[!] Sampled dataset from A and B have different # of data. Try resampling...
[*] Save models to /gdata/huangzp/dsl_sgen/logs/img_align_celeba_2017-04-05_07-16-18...
[369/500000] Loss_D: 1.2112 Loss_G: 85.7049
[369/500000] l_d_A_real: 0.4469 l_d_A_fake: 0.0995, l_d_B_real: 0.4400, l_d_B_fake: 0.2248
[369/500000] l_const_A: 0.0056 l_const_B: 0.0026, l_gan_A: 2.4383, l_gan_B: 1.5459
[369/500000] l_dsl_A: 0.0794 l_dsl_B: 0.0794
[*] Samples saved: /gdata/huangzp/dsl_sgen/logs/img_align_celeba_2017-04-05_07-16-18/369_x_AB.png
[*] Samples saved: /gdata/huangzp/dsl_sgen/logs/img_align_celeba_2017-04-05_07-16-18/369_x_ABA.png
[*] Samples saved: /gdata/huangzp/dsl_sgen/logs/img_align_celeba_2017-04-05_07-16-18/369_x_BA.png
[*] Samples saved: /gdata/huangzp/dsl_sgen/logs/img_align_celeba_2017-04-05_07-16-18/369_x_BAB.png
[!] Sampled dataset from A and B have different # of data. Try resampling...
[*] Save models to /gdata/huangzp/dsl_sgen/logs/img_align_celeba_2017-04-05_07-16-18...
[378/500000] Loss_D: 1.6083 Loss_G: 88.7824
[378/500000] l_d_A_real: 0.9021 l_d_A_fake: 0.1095, l_d_B_real: 0.4078, l_d_B_fake: 0.1888
[378/500000] l_const_A: 0.0044 l_const_B: 0.0039, l_gan_A: 0.8350, l_gan_B: 0.6029
[378/500000] l_dsl_A: 0.0282 l_dsl_B: 0.0282
[*] Samples saved: /gdata/huangzp/dsl_sgen/logs/img_align_celeba_2017-04-05_07-16-18/378_x_AB.png
[*] Samples saved: /gdata/huangzp/dsl_sgen/logs/img_align_celeba_2017-04-05_07-16-18/378_x_ABA.png
[*] Samples saved: /gdata/huangzp/dsl_sgen/logs/img_align_celeba_2017-04-05_07-16-18/378_x_BA.png
[*] Samples saved: /gdata/huangzp/dsl_sgen/logs/img_align_celeba_2017-04-05_07-16-18/378_x_BAB.png
[!] Sampled dataset from A and B have different # of data. Try resampling...
[!] Sampled dataset from A and B have different # of data. Try resampling...
[*] Save models to /gdata/huangzp/dsl_sgen/logs/img_align_celeba_2017-04-05_07-16-18...
[387/500000] Loss_D: 0.9565 Loss_G: 88.4932
[387/500000] l_d_A_real: 0.1617 l_d_A_fake: 0.1190, l_d_B_real: 0.2618, l_d_B_fake: 0.4140
[387/500000] l_const_A: 0.0057 l_const_B: 0.0032, l_gan_A: 2.8466, l_gan_B: 1.9645
[387/500000] l_dsl_A: 0.0730 l_dsl_B: 0.0730
[*] Samples saved: /gdata/huangzp/dsl_sgen/logs/img_align_celeba_2017-04-05_07-16-18/387_x_AB.png
[*] Samples saved: /gdata/huangzp/dsl_sgen/logs/img_align_celeba_2017-04-05_07-16-18/387_x_ABA.png
[*] Samples saved: /gdata/huangzp/dsl_sgen/logs/img_align_celeba_2017-04-05_07-16-18/387_x_BA.png
[*] Samples saved: /gdata/huangzp/dsl_sgen/logs/img_align_celeba_2017-04-05_07-16-18/387_x_BAB.png
[!] Sampled dataset from A and B have different # of data. Try resampling...
[*] Save models to /gdata/huangzp/dsl_sgen/logs/img_align_celeba_2017-04-05_07-16-18...
[396/500000] Loss_D: 1.2522 Loss_G: 87.7493
[396/500000] l_d_A_real: 0.1163 l_d_A_fake: 0.0789, l_d_B_real: 0.9123, l_d_B_fake: 0.1447
[396/500000] l_const_A: 0.0047 l_const_B: 0.0033, l_gan_A: 2.5400, l_gan_B: 0.7606
[396/500000] l_dsl_A: 0.0217 l_dsl_B: 0.0217
[*] Samples saved: /gdata/huangzp/dsl_sgen/logs/img_align_celeba_2017-04-05_07-16-18/396_x_AB.png
[*] Samples saved: /gdata/huangzp/dsl_sgen/logs/img_align_celeba_2017-04-05_07-16-18/396_x_ABA.png
[*] Samples saved: /gdata/huangzp/dsl_sgen/logs/img_align_celeba_2017-04-05_07-16-18/396_x_BA.png
[*] Samples saved: /gdata/huangzp/dsl_sgen/logs/img_align_celeba_2017-04-05_07-16-18/396_x_BAB.png
[!] Sampled dataset from A and B have different # of data. Try resampling...
[*] Save models to /gdata/huangzp/dsl_sgen/logs/img_align_celeba_2017-04-05_07-16-18...
[!] Sampled dataset from A and B have different # of data. Try resampling...
[405/500000] Loss_D: 0.7923 Loss_G: 95.9082
[405/500000] l_d_A_real: 0.0929 l_d_A_fake: 0.0633, l_d_B_real: 0.5134, l_d_B_fake: 0.1227
[405/500000] l_const_A: 0.0051 l_const_B: 0.0048, l_gan_A: 1.5827, l_gan_B: 0.6050
[405/500000] l_dsl_A: 0.0189 l_dsl_B: 0.0189
[*] Samples saved: /gdata/huangzp/dsl_sgen/logs/img_align_celeba_2017-04-05_07-16-18/405_x_AB.png
[*] Samples saved: /gdata/huangzp/dsl_sgen/logs/img_align_celeba_2017-04-05_07-16-18/405_x_ABA.png
[*] Samples saved: /gdata/huangzp/dsl_sgen/logs/img_align_celeba_2017-04-05_07-16-18/405_x_BA.png
[*] Samples saved: /gdata/huangzp/dsl_sgen/logs/img_align_celeba_2017-04-05_07-16-18/405_x_BAB.png
[!] Sampled dataset from A and B have different # of data. Try resampling...
[*] Save models to /gdata/huangzp/dsl_sgen/logs/img_align_celeba_2017-04-05_07-16-18...
[414/500000] Loss_D: 0.8678 Loss_G: 87.3021
[414/500000] l_d_A_real: 0.0618 l_d_A_fake: 0.0541, l_d_B_real: 0.2157, l_d_B_fake: 0.5362
[414/500000] l_const_A: 0.0046 l_const_B: 0.0036, l_gan_A: 2.7395, l_gan_B: 1.2777
[414/500000] l_dsl_A: 0.1244 l_dsl_B: 0.1244
[*] Samples saved: /gdata/huangzp/dsl_sgen/logs/img_align_celeba_2017-04-05_07-16-18/414_x_AB.png
[*] Samples saved: /gdata/huangzp/dsl_sgen/logs/img_align_celeba_2017-04-05_07-16-18/414_x_ABA.png
[*] Samples saved: /gdata/huangzp/dsl_sgen/logs/img_align_celeba_2017-04-05_07-16-18/414_x_BA.png
[*] Samples saved: /gdata/huangzp/dsl_sgen/logs/img_align_celeba_2017-04-05_07-16-18/414_x_BAB.png
[!] Sampled dataset from A and B have different # of data. Try resampling...
[*] Save models to /gdata/huangzp/dsl_sgen/logs/img_align_celeba_2017-04-05_07-16-18...
[423/500000] Loss_D: 0.8403 Loss_G: 82.6237
[423/500000] l_d_A_real: 0.0564 l_d_A_fake: 0.0501, l_d_B_real: 0.2175, l_d_B_fake: 0.5163
[423/500000] l_const_A: 0.0050 l_const_B: 0.0021, l_gan_A: 3.1236, l_gan_B: 0.9155
[423/500000] l_dsl_A: 0.0604 l_dsl_B: 0.0604
[*] Samples saved: /gdata/huangzp/dsl_sgen/logs/img_align_celeba_2017-04-05_07-16-18/423_x_AB.png
[*] Samples saved: /gdata/huangzp/dsl_sgen/logs/img_align_celeba_2017-04-05_07-16-18/423_x_ABA.png
[*] Samples saved: /gdata/huangzp/dsl_sgen/logs/img_align_celeba_2017-04-05_07-16-18/423_x_BA.png
[*] Samples saved: /gdata/huangzp/dsl_sgen/logs/img_align_celeba_2017-04-05_07-16-18/423_x_BAB.png
[!] Sampled dataset from A and B have different # of data. Try resampling...
[!] Sampled dataset from A and B have different # of data. Try resampling...
[*] Save models to /gdata/huangzp/dsl_sgen/logs/img_align_celeba_2017-04-05_07-16-18...
[432/500000] Loss_D: 1.6266 Loss_G: 88.3507
[432/500000] l_d_A_real: 0.0884 l_d_A_fake: 0.7109, l_d_B_real: 0.1857, l_d_B_fake: 0.6415
[432/500000] l_const_A: 0.0041 l_const_B: 0.0030, l_gan_A: 2.1185, l_gan_B: 1.7434
[432/500000] l_dsl_A: 0.7881 l_dsl_B: 0.7881
[*] Samples saved: /gdata/huangzp/dsl_sgen/logs/img_align_celeba_2017-04-05_07-16-18/432_x_AB.png
[*] Samples saved: /gdata/huangzp/dsl_sgen/logs/img_align_celeba_2017-04-05_07-16-18/432_x_ABA.png
[*] Samples saved: /gdata/huangzp/dsl_sgen/logs/img_align_celeba_2017-04-05_07-16-18/432_x_BA.png
[*] Samples saved: /gdata/huangzp/dsl_sgen/logs/img_align_celeba_2017-04-05_07-16-18/432_x_BAB.png
[!] Sampled dataset from A and B have different # of data. Try resampling...
[*] Save models to /gdata/huangzp/dsl_sgen/logs/img_align_celeba_2017-04-05_07-16-18...
[441/500000] Loss_D: 1.5980 Loss_G: 91.1727
[441/500000] l_d_A_real: 0.0755 l_d_A_fake: 0.6130, l_d_B_real: 0.1581, l_d_B_fake: 0.7514
[441/500000] l_const_A: 0.0052 l_const_B: 0.0036, l_gan_A: 2.3467, l_gan_B: 1.8312
[441/500000] l_dsl_A: 0.1128 l_dsl_B: 0.1128
[*] Samples saved: /gdata/huangzp/dsl_sgen/logs/img_align_celeba_2017-04-05_07-16-18/441_x_AB.png
[*] Samples saved: /gdata/huangzp/dsl_sgen/logs/img_align_celeba_2017-04-05_07-16-18/441_x_ABA.png
[*] Samples saved: /gdata/huangzp/dsl_sgen/logs/img_align_celeba_2017-04-05_07-16-18/441_x_BA.png
[*] Samples saved: /gdata/huangzp/dsl_sgen/logs/img_align_celeba_2017-04-05_07-16-18/441_x_BAB.png
[!] Sampled dataset from A and B have different # of data. Try resampling...
[!] Sampled dataset from A and B have different # of data. Try resampling...
[*] Save models to /gdata/huangzp/dsl_sgen/logs/img_align_celeba_2017-04-05_07-16-18...
[450/500000] Loss_D: 0.7679 Loss_G: 93.6116
[450/500000] l_d_A_real: 0.0673 l_d_A_fake: 0.1309, l_d_B_real: 0.2506, l_d_B_fake: 0.3191
[450/500000] l_const_A: 0.0050 l_const_B: 0.0039, l_gan_A: 1.4173, l_gan_B: 1.2638
[450/500000] l_dsl_A: 0.0221 l_dsl_B: 0.0221
[*] Samples saved: /gdata/huangzp/dsl_sgen/logs/img_align_celeba_2017-04-05_07-16-18/450_x_AB.png
[*] Samples saved: /gdata/huangzp/dsl_sgen/logs/img_align_celeba_2017-04-05_07-16-18/450_x_ABA.png
[*] Samples saved: /gdata/huangzp/dsl_sgen/logs/img_align_celeba_2017-04-05_07-16-18/450_x_BA.png
[*] Samples saved: /gdata/huangzp/dsl_sgen/logs/img_align_celeba_2017-04-05_07-16-18/450_x_BAB.png
[!] Sampled dataset from A and B have different # of data. Try resampling...
[*] Save models to /gdata/huangzp/dsl_sgen/logs/img_align_celeba_2017-04-05_07-16-18...
[459/500000] Loss_D: 0.8785 Loss_G: 83.0884
[459/500000] l_d_A_real: 0.0680 l_d_A_fake: 0.0427, l_d_B_real: 0.4641, l_d_B_fake: 0.3037
[459/500000] l_const_A: 0.0047 l_const_B: 0.0023, l_gan_A: 3.0292, l_gan_B: 0.9827
[459/500000] l_dsl_A: 0.0649 l_dsl_B: 0.0649
[*] Samples saved: /gdata/huangzp/dsl_sgen/logs/img_align_celeba_2017-04-05_07-16-18/459_x_AB.png
[*] Samples saved: /gdata/huangzp/dsl_sgen/logs/img_align_celeba_2017-04-05_07-16-18/459_x_ABA.png
[*] Samples saved: /gdata/huangzp/dsl_sgen/logs/img_align_celeba_2017-04-05_07-16-18/459_x_BA.png
[*] Samples saved: /gdata/huangzp/dsl_sgen/logs/img_align_celeba_2017-04-05_07-16-18/459_x_BAB.png
[!] Sampled dataset from A and B have different # of data. Try resampling...
[!] Sampled dataset from A and B have different # of data. Try resampling...
[*] Save models to /gdata/huangzp/dsl_sgen/logs/img_align_celeba_2017-04-05_07-16-18...
[468/500000] Loss_D: 0.8011 Loss_G: 87.9271
[468/500000] l_d_A_real: 0.0737 l_d_A_fake: 0.0549, l_d_B_real: 0.5651, l_d_B_fake: 0.1074
[468/500000] l_const_A: 0.0043 l_const_B: 0.0029, l_gan_A: 2.9394, l_gan_B: 0.7141
[468/500000] l_dsl_A: 0.0241 l_dsl_B: 0.0241
[*] Samples saved: /gdata/huangzp/dsl_sgen/logs/img_align_celeba_2017-04-05_07-16-18/468_x_AB.png
[*] Samples saved: /gdata/huangzp/dsl_sgen/logs/img_align_celeba_2017-04-05_07-16-18/468_x_ABA.png
[*] Samples saved: /gdata/huangzp/dsl_sgen/logs/img_align_celeba_2017-04-05_07-16-18/468_x_BA.png
[*] Samples saved: /gdata/huangzp/dsl_sgen/logs/img_align_celeba_2017-04-05_07-16-18/468_x_BAB.png
[!] Sampled dataset from A and B have different # of data. Try resampling...
[*] Save models to /gdata/huangzp/dsl_sgen/logs/img_align_celeba_2017-04-05_07-16-18...
[477/500000] Loss_D: 0.7120 Loss_G: 84.9378
[477/500000] l_d_A_real: 0.0566 l_d_A_fake: 0.2403, l_d_B_real: 0.2281, l_d_B_fake: 0.1870
[477/500000] l_const_A: 0.0039 l_const_B: 0.0024, l_gan_A: 3.0238, l_gan_B: 2.3108
[477/500000] l_dsl_A: 0.3472 l_dsl_B: 0.3472
[*] Samples saved: /gdata/huangzp/dsl_sgen/logs/img_align_celeba_2017-04-05_07-16-18/477_x_AB.png
[*] Samples saved: /gdata/huangzp/dsl_sgen/logs/img_align_celeba_2017-04-05_07-16-18/477_x_ABA.png
[*] Samples saved: /gdata/huangzp/dsl_sgen/logs/img_align_celeba_2017-04-05_07-16-18/477_x_BA.png
[*] Samples saved: /gdata/huangzp/dsl_sgen/logs/img_align_celeba_2017-04-05_07-16-18/477_x_BAB.png
[!] Sampled dataset from A and B have different # of data. Try resampling...
[*] Save models to /gdata/huangzp/dsl_sgen/logs/img_align_celeba_2017-04-05_07-16-18...
[!] Sampled dataset from A and B have different # of data. Try resampling...
[486/500000] Loss_D: 0.6177 Loss_G: 90.2354
[486/500000] l_d_A_real: 0.1437 l_d_A_fake: 0.0844, l_d_B_real: 0.1460, l_d_B_fake: 0.2436
[486/500000] l_const_A: 0.0046 l_const_B: 0.0037, l_gan_A: 2.5293, l_gan_B: 1.8342
[486/500000] l_dsl_A: 0.0204 l_dsl_B: 0.0204
[*] Samples saved: /gdata/huangzp/dsl_sgen/logs/img_align_celeba_2017-04-05_07-16-18/486_x_AB.png
[*] Samples saved: /gdata/huangzp/dsl_sgen/logs/img_align_celeba_2017-04-05_07-16-18/486_x_ABA.png
[*] Samples saved: /gdata/huangzp/dsl_sgen/logs/img_align_celeba_2017-04-05_07-16-18/486_x_BA.png
[*] Samples saved: /gdata/huangzp/dsl_sgen/logs/img_align_celeba_2017-04-05_07-16-18/486_x_BAB.png
[!] Sampled dataset from A and B have different # of data. Try resampling...
[*] Save models to /gdata/huangzp/dsl_sgen/logs/img_align_celeba_2017-04-05_07-16-18...
[495/500000] Loss_D: 1.4759 Loss_G: 90.6316
[495/500000] l_d_A_real: 0.0816 l_d_A_fake: 0.2841, l_d_B_real: 0.1690, l_d_B_fake: 0.9412
[495/500000] l_const_A: 0.0047 l_const_B: 0.0036, l_gan_A: 2.7346, l_gan_B: 1.9735
[495/500000] l_dsl_A: 0.0901 l_dsl_B: 0.0901
[*] Samples saved: /gdata/huangzp/dsl_sgen/logs/img_align_celeba_2017-04-05_07-16-18/495_x_AB.png
[*] Samples saved: /gdata/huangzp/dsl_sgen/logs/img_align_celeba_2017-04-05_07-16-18/495_x_ABA.png
[*] Samples saved: /gdata/huangzp/dsl_sgen/logs/img_align_celeba_2017-04-05_07-16-18/495_x_BA.png
[*] Samples saved: /gdata/huangzp/dsl_sgen/logs/img_align_celeba_2017-04-05_07-16-18/495_x_BAB.png
[!] Sampled dataset from A and B have different # of data. Try resampling...
[*] Save models to /gdata/huangzp/dsl_sgen/logs/img_align_celeba_2017-04-05_07-16-18...
[504/500000] Loss_D: 0.6605 Loss_G: 89.1895
[504/500000] l_d_A_real: 0.0655 l_d_A_fake: 0.0367, l_d_B_real: 0.4583, l_d_B_fake: 0.1000
[504/500000] l_const_A: 0.0047 l_const_B: 0.0034, l_gan_A: 3.1715, l_gan_B: 0.5487
[504/500000] l_dsl_A: 0.0238 l_dsl_B: 0.0238
[*] Samples saved: /gdata/huangzp/dsl_sgen/logs/img_align_celeba_2017-04-05_07-16-18/504_x_AB.png
[*] Samples saved: /gdata/huangzp/dsl_sgen/logs/img_align_celeba_2017-04-05_07-16-18/504_x_ABA.png
[*] Samples saved: /gdata/huangzp/dsl_sgen/logs/img_align_celeba_2017-04-05_07-16-18/504_x_BA.png
[*] Samples saved: /gdata/huangzp/dsl_sgen/logs/img_align_celeba_2017-04-05_07-16-18/504_x_BAB.png
[!] Sampled dataset from A and B have different # of data. Try resampling...
[!] Sampled dataset from A and B have different # of data. Try resampling...
[*] Save models to /gdata/huangzp/dsl_sgen/logs/img_align_celeba_2017-04-05_07-16-18...
[513/500000] Loss_D: 0.6751 Loss_G: 82.9416
[513/500000] l_d_A_real: 0.0533 l_d_A_fake: 0.0485, l_d_B_real: 0.4208, l_d_B_fake: 0.1526
[513/500000] l_const_A: 0.0037 l_const_B: 0.0020, l_gan_A: 3.3206, l_gan_B: 0.9863
[513/500000] l_dsl_A: 0.1444 l_dsl_B: 0.1444
[*] Samples saved: /gdata/huangzp/dsl_sgen/logs/img_align_celeba_2017-04-05_07-16-18/513_x_AB.png
[*] Samples saved: /gdata/huangzp/dsl_sgen/logs/img_align_celeba_2017-04-05_07-16-18/513_x_ABA.png
[*] Samples saved: /gdata/huangzp/dsl_sgen/logs/img_align_celeba_2017-04-05_07-16-18/513_x_BA.png
[*] Samples saved: /gdata/huangzp/dsl_sgen/logs/img_align_celeba_2017-04-05_07-16-18/513_x_BAB.png
[!] Sampled dataset from A and B have different # of data. Try resampling...
[*] Save models to /gdata/huangzp/dsl_sgen/logs/img_align_celeba_2017-04-05_07-16-18...
[522/500000] Loss_D: 1.7522 Loss_G: 84.8580
[522/500000] l_d_A_real: 0.1232 l_d_A_fake: 0.7037, l_d_B_real: 0.1734, l_d_B_fake: 0.7519
[522/500000] l_const_A: 0.0045 l_const_B: 0.0026, l_gan_A: 2.9775, l_gan_B: 1.0897
[522/500000] l_dsl_A: 0.0446 l_dsl_B: 0.0446
[*] Samples saved: /gdata/huangzp/dsl_sgen/logs/img_align_celeba_2017-04-05_07-16-18/522_x_AB.png
[*] Samples saved: /gdata/huangzp/dsl_sgen/logs/img_align_celeba_2017-04-05_07-16-18/522_x_ABA.png
[*] Samples saved: /gdata/huangzp/dsl_sgen/logs/img_align_celeba_2017-04-05_07-16-18/522_x_BA.png
[*] Samples saved: /gdata/huangzp/dsl_sgen/logs/img_align_celeba_2017-04-05_07-16-18/522_x_BAB.png
[!] Sampled dataset from A and B have different # of data. Try resampling...
[!] Sampled dataset from A and B have different # of data. Try resampling...
