Time is date
Directory is /gdata/huangzp/hr_regan
This job runs on following nodes:
G114
G114-gpu7
G114-gpu6
/gdata/huangzp/hr_regan/logs
/gdata/huangzp/hr_regan/data
/gdata/huangzp/hr_regan/logs/img_align_celeba_2018-04-29_06-43-01
/gdata/huangzp/hr_regan/result/hr_regan_newserver_o500o300
[*] MODEL dir: /gdata/huangzp/hr_regan/logs/img_align_celeba_2018-04-29_06-43-01
[*] PARAM path: /gdata/huangzp/hr_regan/logs/img_align_celeba_2018-04-29_06-43-01/params.json
[*] pic dir: /gdata/huangzp/hr_regan/result/hr_regan_newserver_o500o300
[0/500000] l_discrimimator: 1.3897 l_df_real: 0.7030 l_df_fake: 0.6868
[0/500000] l_encoder: 1.3461 l_gan_g: 0.6731, l_gan_s: 0.6731
[0/500000] l_decoder: 0.0523 l_const_H: 0.0319 l_const_L: 0.0204
[0/500000] psnr_H: 21.2126 psnr_L: 23.1460
[*] Samples saved: /gdata/huangzp/hr_regan/result/hr_regan_newserver_o500o300/0_x_H.png
[*] Samples saved: /gdata/huangzp/hr_regan/result/hr_regan_newserver_o500o300/0_x_S.png
[*] Samples saved: /gdata/huangzp/hr_regan/result/hr_regan_newserver_o500o300/0_x_L.png
[!] Sampled dataset from A and B have different # of data. Try resampling...
[!] Sampled dataset from A and B have different # of data. Try resampling...
[*] Save models to /gdata/huangzp/hr_regan/logs/img_align_celeba_2018-04-29_06-43-01...
[10/500000] l_discrimimator: 1.3460 l_df_real: 0.6730 l_df_fake: 0.6730
[10/500000] l_encoder: 1.3460 l_gan_g: 0.6730, l_gan_s: 0.6730
[10/500000] l_decoder: 0.0427 l_const_H: 0.0343 l_const_L: 0.0084
[10/500000] psnr_H: 20.8689 psnr_L: 27.3780
[*] Samples saved: /gdata/huangzp/hr_regan/result/hr_regan_newserver_o500o300/10_x_H.png
[*] Samples saved: /gdata/huangzp/hr_regan/result/hr_regan_newserver_o500o300/10_x_S.png
[*] Samples saved: /gdata/huangzp/hr_regan/result/hr_regan_newserver_o500o300/10_x_L.png
[!] Sampled dataset from A and B have different # of data. Try resampling...
[!] Sampled dataset from A and B have different # of data. Try resampling...
[!] Sampled dataset from A and B have different # of data. Try resampling...
[*] Save models to /gdata/huangzp/hr_regan/logs/img_align_celeba_2018-04-29_06-43-01...
[20/500000] l_discrimimator: 1.3461 l_df_real: 0.6730 l_df_fake: 0.6731
[20/500000] l_encoder: 1.3460 l_gan_g: 0.6730, l_gan_s: 0.6730
[20/500000] l_decoder: 0.0244 l_const_H: 0.0190 l_const_L: 0.0054
[20/500000] psnr_H: 23.5754 psnr_L: 29.8756
[*] Samples saved: /gdata/huangzp/hr_regan/result/hr_regan_newserver_o500o300/20_x_H.png
[*] Samples saved: /gdata/huangzp/hr_regan/result/hr_regan_newserver_o500o300/20_x_S.png
[*] Samples saved: /gdata/huangzp/hr_regan/result/hr_regan_newserver_o500o300/20_x_L.png
[!] Sampled dataset from A and B have different # of data. Try resampling...
[!] Sampled dataset from A and B have different # of data. Try resampling...
[*] Save models to /gdata/huangzp/hr_regan/logs/img_align_celeba_2018-04-29_06-43-01...
[30/500000] l_discrimimator: 1.3465 l_df_real: 0.6734 l_df_fake: 0.6731
[30/500000] l_encoder: 1.3460 l_gan_g: 0.6730, l_gan_s: 0.6730
[30/500000] l_decoder: 0.0247 l_const_H: 0.0202 l_const_L: 0.0045
[30/500000] psnr_H: 23.1789 psnr_L: 30.1611
[*] Samples saved: /gdata/huangzp/hr_regan/result/hr_regan_newserver_o500o300/30_x_H.png
[*] Samples saved: /gdata/huangzp/hr_regan/result/hr_regan_newserver_o500o300/30_x_S.png
[*] Samples saved: /gdata/huangzp/hr_regan/result/hr_regan_newserver_o500o300/30_x_L.png
[!] Sampled dataset from A and B have different # of data. Try resampling...
[!] Sampled dataset from A and B have different # of data. Try resampling...
[!] Sampled dataset from A and B have different # of data. Try resampling...
[*] Save models to /gdata/huangzp/hr_regan/logs/img_align_celeba_2018-04-29_06-43-01...
[40/500000] l_discrimimator: 1.3460 l_df_real: 0.6730 l_df_fake: 0.6730
[40/500000] l_encoder: 1.3460 l_gan_g: 0.6730, l_gan_s: 0.6730
[40/500000] l_decoder: 0.0205 l_const_H: 0.0152 l_const_L: 0.0053
[40/500000] psnr_H: 24.4035 psnr_L: 29.6948
[*] Samples saved: /gdata/huangzp/hr_regan/result/hr_regan_newserver_o500o300/40_x_H.png
[*] Samples saved: /gdata/huangzp/hr_regan/result/hr_regan_newserver_o500o300/40_x_S.png
[*] Samples saved: /gdata/huangzp/hr_regan/result/hr_regan_newserver_o500o300/40_x_L.png
[!] Sampled dataset from A and B have different # of data. Try resampling...
[!] Sampled dataset from A and B have different # of data. Try resampling...
[*] Save models to /gdata/huangzp/hr_regan/logs/img_align_celeba_2018-04-29_06-43-01...
[!] Sampled dataset from A and B have different # of data. Try resampling...
[50/500000] l_discrimimator: 1.3460 l_df_real: 0.6730 l_df_fake: 0.6730
[50/500000] l_encoder: 1.3460 l_gan_g: 0.6730, l_gan_s: 0.6730
[50/500000] l_decoder: 0.0220 l_const_H: 0.0164 l_const_L: 0.0055
[50/500000] psnr_H: 24.0665 psnr_L: 29.1072
[*] Samples saved: /gdata/huangzp/hr_regan/result/hr_regan_newserver_o500o300/50_x_H.png
[*] Samples saved: /gdata/huangzp/hr_regan/result/hr_regan_newserver_o500o300/50_x_S.png
[*] Samples saved: /gdata/huangzp/hr_regan/result/hr_regan_newserver_o500o300/50_x_L.png
[!] Sampled dataset from A and B have different # of data. Try resampling...
[!] Sampled dataset from A and B have different # of data. Try resampling...
[*] Save models to /gdata/huangzp/hr_regan/logs/img_align_celeba_2018-04-29_06-43-01...
[60/500000] l_discrimimator: 1.3460 l_df_real: 0.6730 l_df_fake: 0.6730
[60/500000] l_encoder: 1.3460 l_gan_g: 0.6730, l_gan_s: 0.6730
[60/500000] l_decoder: 0.0270 l_const_H: 0.0215 l_const_L: 0.0055
[60/500000] psnr_H: 22.9490 psnr_L: 29.3813
[*] Samples saved: /gdata/huangzp/hr_regan/result/hr_regan_newserver_o500o300/60_x_H.png
[*] Samples saved: /gdata/huangzp/hr_regan/result/hr_regan_newserver_o500o300/60_x_S.png
[*] Samples saved: /gdata/huangzp/hr_regan/result/hr_regan_newserver_o500o300/60_x_L.png
[!] Sampled dataset from A and B have different # of data. Try resampling...
[!] Sampled dataset from A and B have different # of data. Try resampling...
[*] Save models to /gdata/huangzp/hr_regan/logs/img_align_celeba_2018-04-29_06-43-01...
[!] Sampled dataset from A and B have different # of data. Try resampling...
[70/500000] l_discrimimator: 1.3460 l_df_real: 0.6730 l_df_fake: 0.6730
[70/500000] l_encoder: 1.3460 l_gan_g: 0.6730, l_gan_s: 0.6730
[70/500000] l_decoder: 0.0232 l_const_H: 0.0193 l_const_L: 0.0039
[70/500000] psnr_H: 23.3887 psnr_L: 31.1082
[*] Samples saved: /gdata/huangzp/hr_regan/result/hr_regan_newserver_o500o300/70_x_H.png
[*] Samples saved: /gdata/huangzp/hr_regan/result/hr_regan_newserver_o500o300/70_x_S.png
[*] Samples saved: /gdata/huangzp/hr_regan/result/hr_regan_newserver_o500o300/70_x_L.png
[!] Sampled dataset from A and B have different # of data. Try resampling...
[!] Sampled dataset from A and B have different # of data. Try resampling...
[*] Save models to /gdata/huangzp/hr_regan/logs/img_align_celeba_2018-04-29_06-43-01...
[80/500000] l_discrimimator: 1.3460 l_df_real: 0.6730 l_df_fake: 0.6730
[80/500000] l_encoder: 1.3460 l_gan_g: 0.6730, l_gan_s: 0.6730
[80/500000] l_decoder: 0.0275 l_const_H: 0.0237 l_const_L: 0.0038
[80/500000] psnr_H: 22.5584 psnr_L: 31.3400
[*] Samples saved: /gdata/huangzp/hr_regan/result/hr_regan_newserver_o500o300/80_x_H.png
[*] Samples saved: /gdata/huangzp/hr_regan/result/hr_regan_newserver_o500o300/80_x_S.png
[*] Samples saved: /gdata/huangzp/hr_regan/result/hr_regan_newserver_o500o300/80_x_L.png
[!] Sampled dataset from A and B have different # of data. Try resampling...
[!] Sampled dataset from A and B have different # of data. Try resampling...
[!] Sampled dataset from A and B have different # of data. Try resampling...
[*] Save models to /gdata/huangzp/hr_regan/logs/img_align_celeba_2018-04-29_06-43-01...
[90/500000] l_discrimimator: 1.3460 l_df_real: 0.6730 l_df_fake: 0.6730
[90/500000] l_encoder: 1.3460 l_gan_g: 0.6730, l_gan_s: 0.6730
[90/500000] l_decoder: 0.0254 l_const_H: 0.0193 l_const_L: 0.0061
[90/500000] psnr_H: 23.5295 psnr_L: 29.3180
[*] Samples saved: /gdata/huangzp/hr_regan/result/hr_regan_newserver_o500o300/90_x_H.png
[*] Samples saved: /gdata/huangzp/hr_regan/result/hr_regan_newserver_o500o300/90_x_S.png
[*] Samples saved: /gdata/huangzp/hr_regan/result/hr_regan_newserver_o500o300/90_x_L.png
[!] Sampled dataset from A and B have different # of data. Try resampling...
[!] Sampled dataset from A and B have different # of data. Try resampling...
[*] Save models to /gdata/huangzp/hr_regan/logs/img_align_celeba_2018-04-29_06-43-01...
[100/500000] l_discrimimator: 1.3460 l_df_real: 0.6730 l_df_fake: 0.6730
[100/500000] l_encoder: 1.3460 l_gan_g: 0.6730, l_gan_s: 0.6730
[100/500000] l_decoder: 0.0224 l_const_H: 0.0172 l_const_L: 0.0052
[100/500000] psnr_H: 23.8537 psnr_L: 29.8481
[*] Samples saved: /gdata/huangzp/hr_regan/result/hr_regan_newserver_o500o300/100_x_H.png
[*] Samples saved: /gdata/huangzp/hr_regan/result/hr_regan_newserver_o500o300/100_x_S.png
[*] Samples saved: /gdata/huangzp/hr_regan/result/hr_regan_newserver_o500o300/100_x_L.png
[!] Sampled dataset from A and B have different # of data. Try resampling...
[!] Sampled dataset from A and B have different # of data. Try resampling...
[!] Sampled dataset from A and B have different # of data. Try resampling...
[*] Save models to /gdata/huangzp/hr_regan/logs/img_align_celeba_2018-04-29_06-43-01...
[110/500000] l_discrimimator: 1.3460 l_df_real: 0.6730 l_df_fake: 0.6730
[110/500000] l_encoder: 1.3460 l_gan_g: 0.6730, l_gan_s: 0.6730
[110/500000] l_decoder: 0.0246 l_const_H: 0.0192 l_const_L: 0.0054
[110/500000] psnr_H: 23.5266 psnr_L: 29.8563
[*] Samples saved: /gdata/huangzp/hr_regan/result/hr_regan_newserver_o500o300/110_x_H.png
[*] Samples saved: /gdata/huangzp/hr_regan/result/hr_regan_newserver_o500o300/110_x_S.png
[*] Samples saved: /gdata/huangzp/hr_regan/result/hr_regan_newserver_o500o300/110_x_L.png
[!] Sampled dataset from A and B have different # of data. Try resampling...
[!] Sampled dataset from A and B have different # of data. Try resampling...
[*] Save models to /gdata/huangzp/hr_regan/logs/img_align_celeba_2018-04-29_06-43-01...
[!] Sampled dataset from A and B have different # of data. Try resampling...
[120/500000] l_discrimimator: 1.3460 l_df_real: 0.6730 l_df_fake: 0.6730
[120/500000] l_encoder: 1.3460 l_gan_g: 0.6730, l_gan_s: 0.6730
[120/500000] l_decoder: 0.0207 l_const_H: 0.0161 l_const_L: 0.0046
[120/500000] psnr_H: 24.1921 psnr_L: 30.3944
[*] Samples saved: /gdata/huangzp/hr_regan/result/hr_regan_newserver_o500o300/120_x_H.png
[*] Samples saved: /gdata/huangzp/hr_regan/result/hr_regan_newserver_o500o300/120_x_S.png
[*] Samples saved: /gdata/huangzp/hr_regan/result/hr_regan_newserver_o500o300/120_x_L.png
[!] Sampled dataset from A and B have different # of data. Try resampling...
[!] Sampled dataset from A and B have different # of data. Try resampling...
[*] Save models to /gdata/huangzp/hr_regan/logs/img_align_celeba_2018-04-29_06-43-01...
[130/500000] l_discrimimator: 1.3460 l_df_real: 0.6730 l_df_fake: 0.6730
[130/500000] l_encoder: 1.3460 l_gan_g: 0.6730, l_gan_s: 0.6730
[130/500000] l_decoder: 0.0313 l_const_H: 0.0269 l_const_L: 0.0044
[130/500000] psnr_H: 22.0284 psnr_L: 30.4303
[*] Samples saved: /gdata/huangzp/hr_regan/result/hr_regan_newserver_o500o300/130_x_H.png
[*] Samples saved: /gdata/huangzp/hr_regan/result/hr_regan_newserver_o500o300/130_x_S.png
[*] Samples saved: /gdata/huangzp/hr_regan/result/hr_regan_newserver_o500o300/130_x_L.png
[!] Sampled dataset from A and B have different # of data. Try resampling...
[!] Sampled dataset from A and B have different # of data. Try resampling...
[*] Save models to /gdata/huangzp/hr_regan/logs/img_align_celeba_2018-04-29_06-43-01...
[!] Sampled dataset from A and B have different # of data. Try resampling...
[140/500000] l_discrimimator: 1.3460 l_df_real: 0.6730 l_df_fake: 0.6730
[140/500000] l_encoder: 1.3460 l_gan_g: 0.6730, l_gan_s: 0.6730
[140/500000] l_decoder: 0.0286 l_const_H: 0.0239 l_const_L: 0.0047
[140/500000] psnr_H: 22.5693 psnr_L: 30.3944
[*] Samples saved: /gdata/huangzp/hr_regan/result/hr_regan_newserver_o500o300/140_x_H.png
[*] Samples saved: /gdata/huangzp/hr_regan/result/hr_regan_newserver_o500o300/140_x_S.png
[*] Samples saved: /gdata/huangzp/hr_regan/result/hr_regan_newserver_o500o300/140_x_L.png
[!] Sampled dataset from A and B have different # of data. Try resampling...
[!] Sampled dataset from A and B have different # of data. Try resampling...
[*] Save models to /gdata/huangzp/hr_regan/logs/img_align_celeba_2018-04-29_06-43-01...
[150/500000] l_discrimimator: 1.3460 l_df_real: 0.6730 l_df_fake: 0.6730
[150/500000] l_encoder: 1.3460 l_gan_g: 0.6730, l_gan_s: 0.6730
[150/500000] l_decoder: 0.0242 l_const_H: 0.0190 l_const_L: 0.0052
[150/500000] psnr_H: 23.4511 psnr_L: 29.8264
[*] Samples saved: /gdata/huangzp/hr_regan/result/hr_regan_newserver_o500o300/150_x_H.png
[*] Samples saved: /gdata/huangzp/hr_regan/result/hr_regan_newserver_o500o300/150_x_S.png
[*] Samples saved: /gdata/huangzp/hr_regan/result/hr_regan_newserver_o500o300/150_x_L.png
[!] Sampled dataset from A and B have different # of data. Try resampling...
[!] Sampled dataset from A and B have different # of data. Try resampling...
[!] Sampled dataset from A and B have different # of data. Try resampling...
[*] Save models to /gdata/huangzp/hr_regan/logs/img_align_celeba_2018-04-29_06-43-01...
[160/500000] l_discrimimator: 1.3472 l_df_real: 0.6731 l_df_fake: 0.6741
[160/500000] l_encoder: 1.3460 l_gan_g: 0.6730, l_gan_s: 0.6730
[160/500000] l_decoder: 0.0248 l_const_H: 0.0197 l_const_L: 0.0051
[160/500000] psnr_H: 23.3310 psnr_L: 29.6427
[*] Samples saved: /gdata/huangzp/hr_regan/result/hr_regan_newserver_o500o300/160_x_H.png
[*] Samples saved: /gdata/huangzp/hr_regan/result/hr_regan_newserver_o500o300/160_x_S.png
[*] Samples saved: /gdata/huangzp/hr_regan/result/hr_regan_newserver_o500o300/160_x_L.png
[!] Sampled dataset from A and B have different # of data. Try resampling...
[!] Sampled dataset from A and B have different # of data. Try resampling...
[*] Save models to /gdata/huangzp/hr_regan/logs/img_align_celeba_2018-04-29_06-43-01...
[170/500000] l_discrimimator: 1.3460 l_df_real: 0.6730 l_df_fake: 0.6730
[170/500000] l_encoder: 1.3460 l_gan_g: 0.6730, l_gan_s: 0.6730
[170/500000] l_decoder: 0.0207 l_const_H: 0.0162 l_const_L: 0.0045
[170/500000] psnr_H: 24.2081 psnr_L: 30.4411
[*] Samples saved: /gdata/huangzp/hr_regan/result/hr_regan_newserver_o500o300/170_x_H.png
[*] Samples saved: /gdata/huangzp/hr_regan/result/hr_regan_newserver_o500o300/170_x_S.png
[*] Samples saved: /gdata/huangzp/hr_regan/result/hr_regan_newserver_o500o300/170_x_L.png
[!] Sampled dataset from A and B have different # of data. Try resampling...
[!] Sampled dataset from A and B have different # of data. Try resampling...
[!] Sampled dataset from A and B have different # of data. Try resampling...
