Time is date
Directory is /data1/huangzp/dsl_sgen
This job runs on following nodes:
Gpu107
Gpu107-gpu2
[*] MODEL dir: logs/img_align_celeba_2018-01-28_15-54-04
[*] PARAM path: logs/img_align_celeba_2018-01-28_15-54-04/params.json
[0/500000] Loss_D: 2.7751 Loss_G: 32.3379
[0/500000] l_d_A_real: 0.6472 l_d_A_fake: 0.7397, l_d_B_real: 0.6632, l_d_B_fake: 0.7250
[0/500000] l_const_A: 0.0188 l_const_B: 0.0122, l_gan_A: 0.6636, l_gan_B: 0.6794
[0/500000] l_dsl_A: 0.0015 l_dsl_B: 0.0015
[*] Samples saved: logs/img_align_celeba_2018-01-28_15-54-04/0_x_AB.png
[*] Samples saved: logs/img_align_celeba_2018-01-28_15-54-04/0_x_ABA.png
[*] Samples saved: logs/img_align_celeba_2018-01-28_15-54-04/0_x_BA.png
[*] Samples saved: logs/img_align_celeba_2018-01-28_15-54-04/0_x_BAB.png
[*] Save models to logs/img_align_celeba_2018-01-28_15-54-04...
[4/500000] Loss_D: 2.6597 Loss_G: 21.7025
[4/500000] l_d_A_real: 0.6680 l_d_A_fake: 0.6761, l_d_B_real: 0.6337, l_d_B_fake: 0.6819
[4/500000] l_const_A: 0.0091 l_const_B: 0.0112, l_gan_A: 0.7163, l_gan_B: 0.7150
[4/500000] l_dsl_A: 0.0011 l_dsl_B: 0.0011
[*] Samples saved: logs/img_align_celeba_2018-01-28_15-54-04/4_x_AB.png
[*] Samples saved: logs/img_align_celeba_2018-01-28_15-54-04/4_x_ABA.png
[*] Samples saved: logs/img_align_celeba_2018-01-28_15-54-04/4_x_BA.png
[*] Samples saved: logs/img_align_celeba_2018-01-28_15-54-04/4_x_BAB.png
[!] Sampled dataset from A and B have different # of data. Try resampling...
[*] Save models to logs/img_align_celeba_2018-01-28_15-54-04...
[8/500000] Loss_D: 2.8044 Loss_G: 24.5653
[8/500000] l_d_A_real: 0.6680 l_d_A_fake: 0.7332, l_d_B_real: 0.6384, l_d_B_fake: 0.7648
[8/500000] l_const_A: 0.0124 l_const_B: 0.0108, l_gan_A: 0.6920, l_gan_B: 0.6863
[8/500000] l_dsl_A: 0.0090 l_dsl_B: 0.0090
[*] Samples saved: logs/img_align_celeba_2018-01-28_15-54-04/8_x_AB.png
[*] Samples saved: logs/img_align_celeba_2018-01-28_15-54-04/8_x_ABA.png
[*] Samples saved: logs/img_align_celeba_2018-01-28_15-54-04/8_x_BA.png
[*] Samples saved: logs/img_align_celeba_2018-01-28_15-54-04/8_x_BAB.png
[*] Save models to logs/img_align_celeba_2018-01-28_15-54-04...
[!] Sampled dataset from A and B have different # of data. Try resampling...
[12/500000] Loss_D: 2.7616 Loss_G: 22.8328
[12/500000] l_d_A_real: 0.6978 l_d_A_fake: 0.6740, l_d_B_real: 0.7193, l_d_B_fake: 0.6705
[12/500000] l_const_A: 0.0069 l_const_B: 0.0144, l_gan_A: 0.7208, l_gan_B: 0.7530
[12/500000] l_dsl_A: 0.0011 l_dsl_B: 0.0011
[*] Samples saved: logs/img_align_celeba_2018-01-28_15-54-04/12_x_AB.png
[*] Samples saved: logs/img_align_celeba_2018-01-28_15-54-04/12_x_ABA.png
[*] Samples saved: logs/img_align_celeba_2018-01-28_15-54-04/12_x_BA.png
[*] Samples saved: logs/img_align_celeba_2018-01-28_15-54-04/12_x_BAB.png
[*] Save models to logs/img_align_celeba_2018-01-28_15-54-04...
[16/500000] Loss_D: 2.6736 Loss_G: 15.0122
[16/500000] l_d_A_real: 0.6860 l_d_A_fake: 0.6678, l_d_B_real: 0.6610, l_d_B_fake: 0.6588
[16/500000] l_const_A: 0.0062 l_const_B: 0.0074, l_gan_A: 0.7389, l_gan_B: 0.7555
[16/500000] l_dsl_A: 0.0004 l_dsl_B: 0.0004
[*] Samples saved: logs/img_align_celeba_2018-01-28_15-54-04/16_x_AB.png
[*] Samples saved: logs/img_align_celeba_2018-01-28_15-54-04/16_x_ABA.png
[*] Samples saved: logs/img_align_celeba_2018-01-28_15-54-04/16_x_BA.png
[*] Samples saved: logs/img_align_celeba_2018-01-28_15-54-04/16_x_BAB.png
[!] Sampled dataset from A and B have different # of data. Try resampling...
[*] Save models to logs/img_align_celeba_2018-01-28_15-54-04...
[20/500000] Loss_D: 2.6184 Loss_G: 21.0787
[20/500000] l_d_A_real: 0.6634 l_d_A_fake: 0.6550, l_d_B_real: 0.6269, l_d_B_fake: 0.6731
[20/500000] l_const_A: 0.0067 l_const_B: 0.0129, l_gan_A: 0.7321, l_gan_B: 0.7372
[20/500000] l_dsl_A: 0.0049 l_dsl_B: 0.0049
[*] Samples saved: logs/img_align_celeba_2018-01-28_15-54-04/20_x_AB.png
[*] Samples saved: logs/img_align_celeba_2018-01-28_15-54-04/20_x_ABA.png
[*] Samples saved: logs/img_align_celeba_2018-01-28_15-54-04/20_x_BA.png
[*] Samples saved: logs/img_align_celeba_2018-01-28_15-54-04/20_x_BAB.png
[*] Save models to logs/img_align_celeba_2018-01-28_15-54-04...
[!] Sampled dataset from A and B have different # of data. Try resampling...
[24/500000] Loss_D: 2.5147 Loss_G: 14.7418
[24/500000] l_d_A_real: 0.6480 l_d_A_fake: 0.6383, l_d_B_real: 0.6089, l_d_B_fake: 0.6195
[24/500000] l_const_A: 0.0060 l_const_B: 0.0072, l_gan_A: 0.7650, l_gan_B: 0.7980
[24/500000] l_dsl_A: 0.0023 l_dsl_B: 0.0023
[*] Samples saved: logs/img_align_celeba_2018-01-28_15-54-04/24_x_AB.png
[*] Samples saved: logs/img_align_celeba_2018-01-28_15-54-04/24_x_ABA.png
[*] Samples saved: logs/img_align_celeba_2018-01-28_15-54-04/24_x_BA.png
[*] Samples saved: logs/img_align_celeba_2018-01-28_15-54-04/24_x_BAB.png
[*] Save models to logs/img_align_celeba_2018-01-28_15-54-04...
[28/500000] Loss_D: 2.4834 Loss_G: 16.1122
[28/500000] l_d_A_real: 0.6556 l_d_A_fake: 0.6188, l_d_B_real: 0.5563, l_d_B_fake: 0.6526
[28/500000] l_const_A: 0.0048 l_const_B: 0.0097, l_gan_A: 0.7441, l_gan_B: 0.8202
[28/500000] l_dsl_A: 0.0010 l_dsl_B: 0.0010
[*] Samples saved: logs/img_align_celeba_2018-01-28_15-54-04/28_x_AB.png
[*] Samples saved: logs/img_align_celeba_2018-01-28_15-54-04/28_x_ABA.png
[*] Samples saved: logs/img_align_celeba_2018-01-28_15-54-04/28_x_BA.png
[*] Samples saved: logs/img_align_celeba_2018-01-28_15-54-04/28_x_BAB.png
[!] Sampled dataset from A and B have different # of data. Try resampling...
[*] Save models to logs/img_align_celeba_2018-01-28_15-54-04...
[32/500000] Loss_D: 2.5138 Loss_G: 12.9886
[32/500000] l_d_A_real: 0.6401 l_d_A_fake: 0.6615, l_d_B_real: 0.5908, l_d_B_fake: 0.6215
[32/500000] l_const_A: 0.0052 l_const_B: 0.0062, l_gan_A: 0.7411, l_gan_B: 0.7881
[32/500000] l_dsl_A: 0.0011 l_dsl_B: 0.0011
[*] Samples saved: logs/img_align_celeba_2018-01-28_15-54-04/32_x_AB.png
[*] Samples saved: logs/img_align_celeba_2018-01-28_15-54-04/32_x_ABA.png
[*] Samples saved: logs/img_align_celeba_2018-01-28_15-54-04/32_x_BA.png
[*] Samples saved: logs/img_align_celeba_2018-01-28_15-54-04/32_x_BAB.png
[*] Save models to logs/img_align_celeba_2018-01-28_15-54-04...
[36/500000] Loss_D: 2.4980 Loss_G: 13.9736
[36/500000] l_d_A_real: 0.6561 l_d_A_fake: 0.6559, l_d_B_real: 0.5430, l_d_B_fake: 0.6430
[36/500000] l_const_A: 0.0051 l_const_B: 0.0074, l_gan_A: 0.7154, l_gan_B: 0.7560
[36/500000] l_dsl_A: 0.0032 l_dsl_B: 0.0032
[*] Samples saved: logs/img_align_celeba_2018-01-28_15-54-04/36_x_AB.png
[*] Samples saved: logs/img_align_celeba_2018-01-28_15-54-04/36_x_ABA.png
[*] Samples saved: logs/img_align_celeba_2018-01-28_15-54-04/36_x_BA.png
[*] Samples saved: logs/img_align_celeba_2018-01-28_15-54-04/36_x_BAB.png
[!] Sampled dataset from A and B have different # of data. Try resampling...
[*] Save models to logs/img_align_celeba_2018-01-28_15-54-04...
[40/500000] Loss_D: 2.5724 Loss_G: 19.1704
[40/500000] l_d_A_real: 0.6856 l_d_A_fake: 0.6564, l_d_B_real: 0.6633, l_d_B_fake: 0.5670
[40/500000] l_const_A: 0.0076 l_const_B: 0.0101, l_gan_A: 0.7545, l_gan_B: 0.7262
[40/500000] l_dsl_A: 0.0080 l_dsl_B: 0.0080
[*] Samples saved: logs/img_align_celeba_2018-01-28_15-54-04/40_x_AB.png
[*] Samples saved: logs/img_align_celeba_2018-01-28_15-54-04/40_x_ABA.png
[*] Samples saved: logs/img_align_celeba_2018-01-28_15-54-04/40_x_BA.png
[*] Samples saved: logs/img_align_celeba_2018-01-28_15-54-04/40_x_BAB.png
[!] Sampled dataset from A and B have different # of data. Try resampling...
[*] Save models to logs/img_align_celeba_2018-01-28_15-54-04...
[44/500000] Loss_D: 2.5826 Loss_G: 11.9835
[44/500000] l_d_A_real: 0.6583 l_d_A_fake: 0.6614, l_d_B_real: 0.6128, l_d_B_fake: 0.6501
[44/500000] l_const_A: 0.0048 l_const_B: 0.0058, l_gan_A: 0.6841, l_gan_B: 0.7256
[44/500000] l_dsl_A: 0.0014 l_dsl_B: 0.0014
[*] Samples saved: logs/img_align_celeba_2018-01-28_15-54-04/44_x_AB.png
[*] Samples saved: logs/img_align_celeba_2018-01-28_15-54-04/44_x_ABA.png
[*] Samples saved: logs/img_align_celeba_2018-01-28_15-54-04/44_x_BA.png
[*] Samples saved: logs/img_align_celeba_2018-01-28_15-54-04/44_x_BAB.png
[*] Save models to logs/img_align_celeba_2018-01-28_15-54-04...
[48/500000] Loss_D: 2.5645 Loss_G: 16.5293
[48/500000] l_d_A_real: 0.6832 l_d_A_fake: 0.6596, l_d_B_real: 0.6264, l_d_B_fake: 0.5952
[48/500000] l_const_A: 0.0062 l_const_B: 0.0089, l_gan_A: 0.7183, l_gan_B: 0.7234
[48/500000] l_dsl_A: 0.0021 l_dsl_B: 0.0021
[*] Samples saved: logs/img_align_celeba_2018-01-28_15-54-04/48_x_AB.png
[*] Samples saved: logs/img_align_celeba_2018-01-28_15-54-04/48_x_ABA.png
[*] Samples saved: logs/img_align_celeba_2018-01-28_15-54-04/48_x_BA.png
[*] Samples saved: logs/img_align_celeba_2018-01-28_15-54-04/48_x_BAB.png
[!] Sampled dataset from A and B have different # of data. Try resampling...
[*] Save models to logs/img_align_celeba_2018-01-28_15-54-04...
[52/500000] Loss_D: 2.6114 Loss_G: 17.8606
[52/500000] l_d_A_real: 0.6709 l_d_A_fake: 0.6719, l_d_B_real: 0.5949, l_d_B_fake: 0.6737
[52/500000] l_const_A: 0.0058 l_const_B: 0.0104, l_gan_A: 0.7572, l_gan_B: 0.9295
[52/500000] l_dsl_A: 0.0082 l_dsl_B: 0.0082
[*] Samples saved: logs/img_align_celeba_2018-01-28_15-54-04/52_x_AB.png
[*] Samples saved: logs/img_align_celeba_2018-01-28_15-54-04/52_x_ABA.png
[*] Samples saved: logs/img_align_celeba_2018-01-28_15-54-04/52_x_BA.png
[*] Samples saved: logs/img_align_celeba_2018-01-28_15-54-04/52_x_BAB.png
[*] Save models to logs/img_align_celeba_2018-01-28_15-54-04...
[!] Sampled dataset from A and B have different # of data. Try resampling...
[56/500000] Loss_D: 2.6381 Loss_G: 12.9412
[56/500000] l_d_A_real: 0.6598 l_d_A_fake: 0.6926, l_d_B_real: 0.6113, l_d_B_fake: 0.6745
[56/500000] l_const_A: 0.0044 l_const_B: 0.0070, l_gan_A: 0.7328, l_gan_B: 0.8108
[56/500000] l_dsl_A: 0.0016 l_dsl_B: 0.0016
[*] Samples saved: logs/img_align_celeba_2018-01-28_15-54-04/56_x_AB.png
[*] Samples saved: logs/img_align_celeba_2018-01-28_15-54-04/56_x_ABA.png
[*] Samples saved: logs/img_align_celeba_2018-01-28_15-54-04/56_x_BA.png
[*] Samples saved: logs/img_align_celeba_2018-01-28_15-54-04/56_x_BAB.png
[*] Save models to logs/img_align_celeba_2018-01-28_15-54-04...
[60/500000] Loss_D: 2.7613 Loss_G: 12.9160
[60/500000] l_d_A_real: 0.6989 l_d_A_fake: 0.6758, l_d_B_real: 0.7774, l_d_B_fake: 0.6092
[60/500000] l_const_A: 0.0050 l_const_B: 0.0064, l_gan_A: 0.7503, l_gan_B: 0.7767
[60/500000] l_dsl_A: 0.0007 l_dsl_B: 0.0007
[*] Samples saved: logs/img_align_celeba_2018-01-28_15-54-04/60_x_AB.png
[*] Samples saved: logs/img_align_celeba_2018-01-28_15-54-04/60_x_ABA.png
[*] Samples saved: logs/img_align_celeba_2018-01-28_15-54-04/60_x_BA.png
[*] Samples saved: logs/img_align_celeba_2018-01-28_15-54-04/60_x_BAB.png
[!] Sampled dataset from A and B have different # of data. Try resampling...
[*] Save models to logs/img_align_celeba_2018-01-28_15-54-04...
[64/500000] Loss_D: 2.6677 Loss_G: 15.2963
[64/500000] l_d_A_real: 0.6988 l_d_A_fake: 0.6227, l_d_B_real: 0.7457, l_d_B_fake: 0.6004
[64/500000] l_const_A: 0.0059 l_const_B: 0.0079, l_gan_A: 0.7168, l_gan_B: 0.7853
[64/500000] l_dsl_A: 0.0005 l_dsl_B: 0.0005
[*] Samples saved: logs/img_align_celeba_2018-01-28_15-54-04/64_x_AB.png
[*] Samples saved: logs/img_align_celeba_2018-01-28_15-54-04/64_x_ABA.png
[*] Samples saved: logs/img_align_celeba_2018-01-28_15-54-04/64_x_BA.png
[*] Samples saved: logs/img_align_celeba_2018-01-28_15-54-04/64_x_BAB.png
[*] Save models to logs/img_align_celeba_2018-01-28_15-54-04...
[!] Sampled dataset from A and B have different # of data. Try resampling...
[68/500000] Loss_D: 2.6255 Loss_G: 16.9562
[68/500000] l_d_A_real: 0.6699 l_d_A_fake: 0.6755, l_d_B_real: 0.6489, l_d_B_fake: 0.6312
[68/500000] l_const_A: 0.0056 l_const_B: 0.0100, l_gan_A: 0.6862, l_gan_B: 0.6995
[68/500000] l_dsl_A: 0.0005 l_dsl_B: 0.0005
[*] Samples saved: logs/img_align_celeba_2018-01-28_15-54-04/68_x_AB.png
[*] Samples saved: logs/img_align_celeba_2018-01-28_15-54-04/68_x_ABA.png
[*] Samples saved: logs/img_align_celeba_2018-01-28_15-54-04/68_x_BA.png
[*] Samples saved: logs/img_align_celeba_2018-01-28_15-54-04/68_x_BAB.png
[*] Save models to logs/img_align_celeba_2018-01-28_15-54-04...
[72/500000] Loss_D: 2.6169 Loss_G: 11.7434
[72/500000] l_d_A_real: 0.7074 l_d_A_fake: 0.6234, l_d_B_real: 0.6305, l_d_B_fake: 0.6555
[72/500000] l_const_A: 0.0040 l_const_B: 0.0063, l_gan_A: 0.6996, l_gan_B: 0.7678
[72/500000] l_dsl_A: 0.0006 l_dsl_B: 0.0006
[*] Samples saved: logs/img_align_celeba_2018-01-28_15-54-04/72_x_AB.png
[*] Samples saved: logs/img_align_celeba_2018-01-28_15-54-04/72_x_ABA.png
[*] Samples saved: logs/img_align_celeba_2018-01-28_15-54-04/72_x_BA.png
[*] Samples saved: logs/img_align_celeba_2018-01-28_15-54-04/72_x_BAB.png
[!] Sampled dataset from A and B have different # of data. Try resampling...
[*] Save models to logs/img_align_celeba_2018-01-28_15-54-04...
[76/500000] Loss_D: 2.6911 Loss_G: 11.6048
[76/500000] l_d_A_real: 0.7122 l_d_A_fake: 0.6895, l_d_B_real: 0.5533, l_d_B_fake: 0.7361
[76/500000] l_const_A: 0.0046 l_const_B: 0.0057, l_gan_A: 0.6535, l_gan_B: 0.6409
[76/500000] l_dsl_A: 0.0004 l_dsl_B: 0.0004
[*] Samples saved: logs/img_align_celeba_2018-01-28_15-54-04/76_x_AB.png
[*] Samples saved: logs/img_align_celeba_2018-01-28_15-54-04/76_x_ABA.png
[*] Samples saved: logs/img_align_celeba_2018-01-28_15-54-04/76_x_BA.png
[*] Samples saved: logs/img_align_celeba_2018-01-28_15-54-04/76_x_BAB.png
[*] Save models to logs/img_align_celeba_2018-01-28_15-54-04...
[80/500000] Loss_D: 2.6257 Loss_G: 16.8179
[80/500000] l_d_A_real: 0.6585 l_d_A_fake: 0.6651, l_d_B_real: 0.5944, l_d_B_fake: 0.7077
[80/500000] l_const_A: 0.0049 l_const_B: 0.0104, l_gan_A: 0.6837, l_gan_B: 0.7394
[80/500000] l_dsl_A: 0.0009 l_dsl_B: 0.0009
[*] Samples saved: logs/img_align_celeba_2018-01-28_15-54-04/80_x_AB.png
[*] Samples saved: logs/img_align_celeba_2018-01-28_15-54-04/80_x_ABA.png
[*] Samples saved: logs/img_align_celeba_2018-01-28_15-54-04/80_x_BA.png
[*] Samples saved: logs/img_align_celeba_2018-01-28_15-54-04/80_x_BAB.png
[!] Sampled dataset from A and B have different # of data. Try resampling...
[*] Save models to logs/img_align_celeba_2018-01-28_15-54-04...
[84/500000] Loss_D: 2.6900 Loss_G: 13.3310
[84/500000] l_d_A_real: 0.6946 l_d_A_fake: 0.6389, l_d_B_real: 0.7574, l_d_B_fake: 0.5991
[84/500000] l_const_A: 0.0042 l_const_B: 0.0077, l_gan_A: 0.6970, l_gan_B: 0.7367
[84/500000] l_dsl_A: 0.0018 l_dsl_B: 0.0018
[*] Samples saved: logs/img_align_celeba_2018-01-28_15-54-04/84_x_AB.png
[*] Samples saved: logs/img_align_celeba_2018-01-28_15-54-04/84_x_ABA.png
[*] Samples saved: logs/img_align_celeba_2018-01-28_15-54-04/84_x_BA.png
[*] Samples saved: logs/img_align_celeba_2018-01-28_15-54-04/84_x_BAB.png
[!] Sampled dataset from A and B have different # of data. Try resampling...
[*] Save models to logs/img_align_celeba_2018-01-28_15-54-04...
[88/500000] Loss_D: 2.6885 Loss_G: 10.0908
[88/500000] l_d_A_real: 0.6549 l_d_A_fake: 0.6801, l_d_B_real: 0.7078, l_d_B_fake: 0.6456
[88/500000] l_const_A: 0.0043 l_const_B: 0.0043, l_gan_A: 0.7204, l_gan_B: 0.7468
[88/500000] l_dsl_A: 0.0004 l_dsl_B: 0.0004
[*] Samples saved: logs/img_align_celeba_2018-01-28_15-54-04/88_x_AB.png
[*] Samples saved: logs/img_align_celeba_2018-01-28_15-54-04/88_x_ABA.png
[*] Samples saved: logs/img_align_celeba_2018-01-28_15-54-04/88_x_BA.png
[*] Samples saved: logs/img_align_celeba_2018-01-28_15-54-04/88_x_BAB.png
[*] Save models to logs/img_align_celeba_2018-01-28_15-54-04...
[92/500000] Loss_D: 2.7084 Loss_G: 14.3899
[92/500000] l_d_A_real: 0.6350 l_d_A_fake: 0.7186, l_d_B_real: 0.7266, l_d_B_fake: 0.6282
[92/500000] l_const_A: 0.0051 l_const_B: 0.0078, l_gan_A: 0.7249, l_gan_B: 0.7834
[92/500000] l_dsl_A: 0.0008 l_dsl_B: 0.0008
[*] Samples saved: logs/img_align_celeba_2018-01-28_15-54-04/92_x_AB.png
[*] Samples saved: logs/img_align_celeba_2018-01-28_15-54-04/92_x_ABA.png
[*] Samples saved: logs/img_align_celeba_2018-01-28_15-54-04/92_x_BA.png
[*] Samples saved: logs/img_align_celeba_2018-01-28_15-54-04/92_x_BAB.png
[!] Sampled dataset from A and B have different # of data. Try resampling...
[*] Save models to logs/img_align_celeba_2018-01-28_15-54-04...
[96/500000] Loss_D: 2.6539 Loss_G: 8.6321
[96/500000] l_d_A_real: 0.6747 l_d_A_fake: 0.6632, l_d_B_real: 0.6808, l_d_B_fake: 0.6352
[96/500000] l_const_A: 0.0043 l_const_B: 0.0029, l_gan_A: 0.6874, l_gan_B: 0.7256
[96/500000] l_dsl_A: 0.0013 l_dsl_B: 0.0013
[*] Samples saved: logs/img_align_celeba_2018-01-28_15-54-04/96_x_AB.png
[*] Samples saved: logs/img_align_celeba_2018-01-28_15-54-04/96_x_ABA.png
[*] Samples saved: logs/img_align_celeba_2018-01-28_15-54-04/96_x_BA.png
[*] Samples saved: logs/img_align_celeba_2018-01-28_15-54-04/96_x_BAB.png
[!] Sampled dataset from A and B have different # of data. Try resampling...
[*] Save models to logs/img_align_celeba_2018-01-28_15-54-04...
[100/500000] Loss_D: 2.6779 Loss_G: 14.2639
[100/500000] l_d_A_real: 0.6492 l_d_A_fake: 0.6968, l_d_B_real: 0.6739, l_d_B_fake: 0.6580
[100/500000] l_const_A: 0.0060 l_const_B: 0.0067, l_gan_A: 0.7375, l_gan_B: 0.7953
[100/500000] l_dsl_A: 0.0006 l_dsl_B: 0.0006
[*] Samples saved: logs/img_align_celeba_2018-01-28_15-54-04/100_x_AB.png
[*] Samples saved: logs/img_align_celeba_2018-01-28_15-54-04/100_x_ABA.png
[*] Samples saved: logs/img_align_celeba_2018-01-28_15-54-04/100_x_BA.png
[*] Samples saved: logs/img_align_celeba_2018-01-28_15-54-04/100_x_BAB.png
[*] Save models to logs/img_align_celeba_2018-01-28_15-54-04...
[104/500000] Loss_D: 2.6606 Loss_G: 11.4244
[104/500000] l_d_A_real: 0.6508 l_d_A_fake: 0.6970, l_d_B_real: 0.6647, l_d_B_fake: 0.6481
[104/500000] l_const_A: 0.0046 l_const_B: 0.0054, l_gan_A: 0.6875, l_gan_B: 0.6934
[104/500000] l_dsl_A: 0.0008 l_dsl_B: 0.0008
[*] Samples saved: logs/img_align_celeba_2018-01-28_15-54-04/104_x_AB.png
[*] Samples saved: logs/img_align_celeba_2018-01-28_15-54-04/104_x_ABA.png
[*] Samples saved: logs/img_align_celeba_2018-01-28_15-54-04/104_x_BA.png
[*] Samples saved: logs/img_align_celeba_2018-01-28_15-54-04/104_x_BAB.png
[!] Sampled dataset from A and B have different # of data. Try resampling...
[*] Save models to logs/img_align_celeba_2018-01-28_15-54-04...
[108/500000] Loss_D: 2.6592 Loss_G: 13.2824
[108/500000] l_d_A_real: 0.6496 l_d_A_fake: 0.7193, l_d_B_real: 0.5956, l_d_B_fake: 0.6948
[108/500000] l_const_A: 0.0058 l_const_B: 0.0061, l_gan_A: 0.6924, l_gan_B: 0.7241
[108/500000] l_dsl_A: 0.0005 l_dsl_B: 0.0005
[*] Samples saved: logs/img_align_celeba_2018-01-28_15-54-04/108_x_AB.png
[*] Samples saved: logs/img_align_celeba_2018-01-28_15-54-04/108_x_ABA.png
[*] Samples saved: logs/img_align_celeba_2018-01-28_15-54-04/108_x_BA.png
[*] Samples saved: logs/img_align_celeba_2018-01-28_15-54-04/108_x_BAB.png
[*] Save models to logs/img_align_celeba_2018-01-28_15-54-04...
[!] Sampled dataset from A and B have different # of data. Try resampling...
[112/500000] Loss_D: 2.5751 Loss_G: 12.9731
[112/500000] l_d_A_real: 0.7051 l_d_A_fake: 0.6111, l_d_B_real: 0.6755, l_d_B_fake: 0.5833
[112/500000] l_const_A: 0.0035 l_const_B: 0.0080, l_gan_A: 0.7063, l_gan_B: 0.7198
[112/500000] l_dsl_A: 0.0011 l_dsl_B: 0.0011
[*] Samples saved: logs/img_align_celeba_2018-01-28_15-54-04/112_x_AB.png
[*] Samples saved: logs/img_align_celeba_2018-01-28_15-54-04/112_x_ABA.png
[*] Samples saved: logs/img_align_celeba_2018-01-28_15-54-04/112_x_BA.png
[*] Samples saved: logs/img_align_celeba_2018-01-28_15-54-04/112_x_BAB.png
[*] Save models to logs/img_align_celeba_2018-01-28_15-54-04...
[116/500000] Loss_D: 2.6694 Loss_G: 11.1215
[116/500000] l_d_A_real: 0.6499 l_d_A_fake: 0.6715, l_d_B_real: 0.6463, l_d_B_fake: 0.7017
[116/500000] l_const_A: 0.0042 l_const_B: 0.0054, l_gan_A: 0.7341, l_gan_B: 0.7470
[116/500000] l_dsl_A: 0.0015 l_dsl_B: 0.0015
[*] Samples saved: logs/img_align_celeba_2018-01-28_15-54-04/116_x_AB.png
[*] Samples saved: logs/img_align_celeba_2018-01-28_15-54-04/116_x_ABA.png
[*] Samples saved: logs/img_align_celeba_2018-01-28_15-54-04/116_x_BA.png
[*] Samples saved: logs/img_align_celeba_2018-01-28_15-54-04/116_x_BAB.png
[!] Sampled dataset from A and B have different # of data. Try resampling...
[*] Save models to logs/img_align_celeba_2018-01-28_15-54-04...
[120/500000] Loss_D: 2.7127 Loss_G: 12.2538
[120/500000] l_d_A_real: 0.6754 l_d_A_fake: 0.6777, l_d_B_real: 0.7242, l_d_B_fake: 0.6353
[120/500000] l_const_A: 0.0042 l_const_B: 0.0065, l_gan_A: 0.7368, l_gan_B: 0.8236
[120/500000] l_dsl_A: 0.0007 l_dsl_B: 0.0007
[*] Samples saved: logs/img_align_celeba_2018-01-28_15-54-04/120_x_AB.png
[*] Samples saved: logs/img_align_celeba_2018-01-28_15-54-04/120_x_ABA.png
[*] Samples saved: logs/img_align_celeba_2018-01-28_15-54-04/120_x_BA.png
[*] Samples saved: logs/img_align_celeba_2018-01-28_15-54-04/120_x_BAB.png
[*] Save models to logs/img_align_celeba_2018-01-28_15-54-04...
[!] Sampled dataset from A and B have different # of data. Try resampling...
[124/500000] Loss_D: 2.5763 Loss_G: 8.5148
[124/500000] l_d_A_real: 0.6311 l_d_A_fake: 0.6888, l_d_B_real: 0.5817, l_d_B_fake: 0.6748
[124/500000] l_const_A: 0.0042 l_const_B: 0.0029, l_gan_A: 0.7144, l_gan_B: 0.7644
[124/500000] l_dsl_A: 0.0005 l_dsl_B: 0.0005
[*] Samples saved: logs/img_align_celeba_2018-01-28_15-54-04/124_x_AB.png
[*] Samples saved: logs/img_align_celeba_2018-01-28_15-54-04/124_x_ABA.png
[*] Samples saved: logs/img_align_celeba_2018-01-28_15-54-04/124_x_BA.png
[*] Samples saved: logs/img_align_celeba_2018-01-28_15-54-04/124_x_BAB.png
[*] Save models to logs/img_align_celeba_2018-01-28_15-54-04...
[128/500000] Loss_D: 2.6495 Loss_G: 12.0126
[128/500000] l_d_A_real: 0.6454 l_d_A_fake: 0.6866, l_d_B_real: 0.6100, l_d_B_fake: 0.7075
[128/500000] l_const_A: 0.0046 l_const_B: 0.0059, l_gan_A: 0.7746, l_gan_B: 0.7744
[128/500000] l_dsl_A: 0.0013 l_dsl_B: 0.0013
[*] Samples saved: logs/img_align_celeba_2018-01-28_15-54-04/128_x_AB.png
[*] Samples saved: logs/img_align_celeba_2018-01-28_15-54-04/128_x_ABA.png
[*] Samples saved: logs/img_align_celeba_2018-01-28_15-54-04/128_x_BA.png
[*] Samples saved: logs/img_align_celeba_2018-01-28_15-54-04/128_x_BAB.png
[!] Sampled dataset from A and B have different # of data. Try resampling...
[*] Save models to logs/img_align_celeba_2018-01-28_15-54-04...
[132/500000] Loss_D: 2.6029 Loss_G: 12.6355
[132/500000] l_d_A_real: 0.6492 l_d_A_fake: 0.6915, l_d_B_real: 0.6377, l_d_B_fake: 0.6246
[132/500000] l_const_A: 0.0039 l_const_B: 0.0072, l_gan_A: 0.7463, l_gan_B: 0.7682
[132/500000] l_dsl_A: 0.0017 l_dsl_B: 0.0017
[*] Samples saved: logs/img_align_celeba_2018-01-28_15-54-04/132_x_AB.png
[*] Samples saved: logs/img_align_celeba_2018-01-28_15-54-04/132_x_ABA.png
[*] Samples saved: logs/img_align_celeba_2018-01-28_15-54-04/132_x_BA.png
[*] Samples saved: logs/img_align_celeba_2018-01-28_15-54-04/132_x_BAB.png
[*] Save models to logs/img_align_celeba_2018-01-28_15-54-04...
[136/500000] Loss_D: 2.6645 Loss_G: 7.9384
[136/500000] l_d_A_real: 0.6583 l_d_A_fake: 0.6746, l_d_B_real: 0.7121, l_d_B_fake: 0.6196
[136/500000] l_const_A: 0.0038 l_const_B: 0.0027, l_gan_A: 0.6863, l_gan_B: 0.7287
[136/500000] l_dsl_A: 0.0007 l_dsl_B: 0.0007
[*] Samples saved: logs/img_align_celeba_2018-01-28_15-54-04/136_x_AB.png
[*] Samples saved: logs/img_align_celeba_2018-01-28_15-54-04/136_x_ABA.png
[*] Samples saved: logs/img_align_celeba_2018-01-28_15-54-04/136_x_BA.png
[*] Samples saved: logs/img_align_celeba_2018-01-28_15-54-04/136_x_BAB.png
[!] Sampled dataset from A and B have different # of data. Try resampling...
[*] Save models to logs/img_align_celeba_2018-01-28_15-54-04...
[140/500000] Loss_D: 2.6310 Loss_G: 12.6385
[140/500000] l_d_A_real: 0.6496 l_d_A_fake: 0.6845, l_d_B_real: 0.6602, l_d_B_fake: 0.6367
[140/500000] l_const_A: 0.0046 l_const_B: 0.0065, l_gan_A: 0.7502, l_gan_B: 0.7703
[140/500000] l_dsl_A: 0.0009 l_dsl_B: 0.0009
[*] Samples saved: logs/img_align_celeba_2018-01-28_15-54-04/140_x_AB.png
[*] Samples saved: logs/img_align_celeba_2018-01-28_15-54-04/140_x_ABA.png
[*] Samples saved: logs/img_align_celeba_2018-01-28_15-54-04/140_x_BA.png
[*] Samples saved: logs/img_align_celeba_2018-01-28_15-54-04/140_x_BAB.png
[!] Sampled dataset from A and B have different # of data. Try resampling...
[*] Save models to logs/img_align_celeba_2018-01-28_15-54-04...
[144/500000] Loss_D: 2.6372 Loss_G: 10.7502
[144/500000] l_d_A_real: 0.6586 l_d_A_fake: 0.6495, l_d_B_real: 0.6957, l_d_B_fake: 0.6334
[144/500000] l_const_A: 0.0040 l_const_B: 0.0053, l_gan_A: 0.7097, l_gan_B: 0.7311
[144/500000] l_dsl_A: 0.0007 l_dsl_B: 0.0007
[*] Samples saved: logs/img_align_celeba_2018-01-28_15-54-04/144_x_AB.png
[*] Samples saved: logs/img_align_celeba_2018-01-28_15-54-04/144_x_ABA.png
[*] Samples saved: logs/img_align_celeba_2018-01-28_15-54-04/144_x_BA.png
[*] Samples saved: logs/img_align_celeba_2018-01-28_15-54-04/144_x_BAB.png
[*] Save models to logs/img_align_celeba_2018-01-28_15-54-04...
[148/500000] Loss_D: 2.5846 Loss_G: 11.0022
[148/500000] l_d_A_real: 0.6616 l_d_A_fake: 0.6582, l_d_B_real: 0.5875, l_d_B_fake: 0.6774
[148/500000] l_const_A: 0.0043 l_const_B: 0.0052, l_gan_A: 0.7168, l_gan_B: 0.7391
[148/500000] l_dsl_A: 0.0046 l_dsl_B: 0.0046
[*] Samples saved: logs/img_align_celeba_2018-01-28_15-54-04/148_x_AB.png
[*] Samples saved: logs/img_align_celeba_2018-01-28_15-54-04/148_x_ABA.png
[*] Samples saved: logs/img_align_celeba_2018-01-28_15-54-04/148_x_BA.png
[*] Samples saved: logs/img_align_celeba_2018-01-28_15-54-04/148_x_BAB.png
[!] Sampled dataset from A and B have different # of data. Try resampling...
[*] Save models to logs/img_align_celeba_2018-01-28_15-54-04...
[152/500000] Loss_D: 2.5804 Loss_G: 11.6915
[152/500000] l_d_A_real: 0.6566 l_d_A_fake: 0.6544, l_d_B_real: 0.6024, l_d_B_fake: 0.6670
[152/500000] l_const_A: 0.0046 l_const_B: 0.0056, l_gan_A: 0.7145, l_gan_B: 0.7560
[152/500000] l_dsl_A: 0.0028 l_dsl_B: 0.0028
[*] Samples saved: logs/img_align_celeba_2018-01-28_15-54-04/152_x_AB.png
[*] Samples saved: logs/img_align_celeba_2018-01-28_15-54-04/152_x_ABA.png
[*] Samples saved: logs/img_align_celeba_2018-01-28_15-54-04/152_x_BA.png
[*] Samples saved: logs/img_align_celeba_2018-01-28_15-54-04/152_x_BAB.png
[!] Sampled dataset from A and B have different # of data. Try resampling...
[*] Save models to logs/img_align_celeba_2018-01-28_15-54-04...
[156/500000] Loss_D: 2.6124 Loss_G: 7.8852
[156/500000] l_d_A_real: 0.6624 l_d_A_fake: 0.6513, l_d_B_real: 0.6659, l_d_B_fake: 0.6328
[156/500000] l_const_A: 0.0042 l_const_B: 0.0023, l_gan_A: 0.6974, l_gan_B: 0.6774
[156/500000] l_dsl_A: 0.0016 l_dsl_B: 0.0016
[*] Samples saved: logs/img_align_celeba_2018-01-28_15-54-04/156_x_AB.png
[*] Samples saved: logs/img_align_celeba_2018-01-28_15-54-04/156_x_ABA.png
[*] Samples saved: logs/img_align_celeba_2018-01-28_15-54-04/156_x_BA.png
[*] Samples saved: logs/img_align_celeba_2018-01-28_15-54-04/156_x_BAB.png
[*] Save models to logs/img_align_celeba_2018-01-28_15-54-04...
[160/500000] Loss_D: 2.5806 Loss_G: 10.9547
[160/500000] l_d_A_real: 0.6759 l_d_A_fake: 0.6343, l_d_B_real: 0.6727, l_d_B_fake: 0.5977
[160/500000] l_const_A: 0.0047 l_const_B: 0.0047, l_gan_A: 0.7333, l_gan_B: 0.7805
[160/500000] l_dsl_A: 0.0008 l_dsl_B: 0.0008
[*] Samples saved: logs/img_align_celeba_2018-01-28_15-54-04/160_x_AB.png
[*] Samples saved: logs/img_align_celeba_2018-01-28_15-54-04/160_x_ABA.png
[*] Samples saved: logs/img_align_celeba_2018-01-28_15-54-04/160_x_BA.png
[*] Samples saved: logs/img_align_celeba_2018-01-28_15-54-04/160_x_BAB.png
[!] Sampled dataset from A and B have different # of data. Try resampling...
