Time is date
Directory is /gdata/huangzp/dsl_sgen
This job runs on following nodes:
G112
G112-gpu0
Time is date
Directory is /gdata/huangzp/dsl_sgen
This job runs on following nodes:
G112
G112-gpu0
Time is date
Directory is /gdata/huangzp/dsl_sgen
This job runs on following nodes:
G112
G112-gpu0
Time is date
Directory is /gdata/huangzp/dsl_sgen
This job runs on following nodes:
G112
G112-gpu0
Time is date
Directory is /gdata/huangzp/dsl_sgen
This job runs on following nodes:
G112
G112-gpu0
Time is date
Directory is /gdata/huangzp/dsl_sgen
This job runs on following nodes:
G102
G102-gpu5
Time is date
Directory is /gdata/huangzp/dsl_sgen
This job runs on following nodes:
G102
G102-gpu5
