Time is date
Directory is /data1/huangzp/hr_regan
This job runs on following nodes:
Gpu109
Gpu109-gpu1
Gpu109-gpu0
[*] MODEL dir: logs/img_align_celeba_2018-04-20_21-52-03
[*] PARAM path: logs/img_align_celeba_2018-04-20_21-52-03/params.json
[0/500000] l_dh: 1.4013 l_gan_AB: 1.3859 l_const_AB: 0.1357
[0/500000] l_dl: 1.3859 l_gan_AA: 0.3748, l_const_AFA: 0.1672
[*] Samples saved: logs/img_align_celeba_2018-04-20_21-52-03/0_x_H.png
[*] Samples saved: logs/img_align_celeba_2018-04-20_21-52-03/0_x_L.png
[!] Sampled dataset from A and B have different # of data. Try resampling...
[*] Save models to logs/img_align_celeba_2018-04-20_21-52-03...
[20/500000] l_dh: 1.4004 l_gan_AB: 1.4014 l_const_AB: 0.0371
[20/500000] l_dl: 1.4014 l_gan_AA: 0.6883, l_const_AFA: 0.0172
[*] Samples saved: logs/img_align_celeba_2018-04-20_21-52-03/20_x_H.png
[*] Samples saved: logs/img_align_celeba_2018-04-20_21-52-03/20_x_L.png
[!] Sampled dataset from A and B have different # of data. Try resampling...
[*] Save models to logs/img_align_celeba_2018-04-20_21-52-03...
[40/500000] l_dh: 1.3921 l_gan_AB: 1.3923 l_const_AB: 0.0276
[40/500000] l_dl: 1.3923 l_gan_AA: 0.6900, l_const_AFA: 0.0116
[*] Samples saved: logs/img_align_celeba_2018-04-20_21-52-03/40_x_H.png
[*] Samples saved: logs/img_align_celeba_2018-04-20_21-52-03/40_x_L.png
[!] Sampled dataset from A and B have different # of data. Try resampling...
[*] Save models to logs/img_align_celeba_2018-04-20_21-52-03...
[60/500000] l_dh: 1.3897 l_gan_AB: 1.3899 l_const_AB: 0.0228
[60/500000] l_dl: 1.3899 l_gan_AA: 0.6910, l_const_AFA: 0.0112
[*] Samples saved: logs/img_align_celeba_2018-04-20_21-52-03/60_x_H.png
[*] Samples saved: logs/img_align_celeba_2018-04-20_21-52-03/60_x_L.png
[!] Sampled dataset from A and B have different # of data. Try resampling...
[!] Sampled dataset from A and B have different # of data. Try resampling...
[*] Save models to logs/img_align_celeba_2018-04-20_21-52-03...
[80/500000] l_dh: 1.3878 l_gan_AB: 1.3886 l_const_AB: 0.0205
[80/500000] l_dl: 1.3886 l_gan_AA: 0.6916, l_const_AFA: 0.0075
[*] Samples saved: logs/img_align_celeba_2018-04-20_21-52-03/80_x_H.png
[*] Samples saved: logs/img_align_celeba_2018-04-20_21-52-03/80_x_L.png
[!] Sampled dataset from A and B have different # of data. Try resampling...
[*] Save models to logs/img_align_celeba_2018-04-20_21-52-03...
[100/500000] l_dh: 1.3876 l_gan_AB: 1.3874 l_const_AB: 0.0194
[100/500000] l_dl: 1.3874 l_gan_AA: 0.6923, l_const_AFA: 0.0076
[*] Samples saved: logs/img_align_celeba_2018-04-20_21-52-03/100_x_H.png
[*] Samples saved: logs/img_align_celeba_2018-04-20_21-52-03/100_x_L.png
[!] Sampled dataset from A and B have different # of data. Try resampling...
[*] Save models to logs/img_align_celeba_2018-04-20_21-52-03...
[120/500000] l_dh: 1.3872 l_gan_AB: 1.3876 l_const_AB: 0.0235
[120/500000] l_dl: 1.3876 l_gan_AA: 0.6937, l_const_AFA: 0.0064
[*] Samples saved: logs/img_align_celeba_2018-04-20_21-52-03/120_x_H.png
[*] Samples saved: logs/img_align_celeba_2018-04-20_21-52-03/120_x_L.png
[!] Sampled dataset from A and B have different # of data. Try resampling...
[!] Sampled dataset from A and B have different # of data. Try resampling...
[*] Save models to logs/img_align_celeba_2018-04-20_21-52-03...
[140/500000] l_dh: 1.3871 l_gan_AB: 1.3873 l_const_AB: 0.0201
[140/500000] l_dl: 1.3873 l_gan_AA: 0.6922, l_const_AFA: 0.0059
[*] Samples saved: logs/img_align_celeba_2018-04-20_21-52-03/140_x_H.png
[*] Samples saved: logs/img_align_celeba_2018-04-20_21-52-03/140_x_L.png
[!] Sampled dataset from A and B have different # of data. Try resampling...
[*] Save models to logs/img_align_celeba_2018-04-20_21-52-03...
[160/500000] l_dh: 1.3870 l_gan_AB: 1.3866 l_const_AB: 0.0179
[160/500000] l_dl: 1.3866 l_gan_AA: 0.6950, l_const_AFA: 0.0065
[*] Samples saved: logs/img_align_celeba_2018-04-20_21-52-03/160_x_H.png
[*] Samples saved: logs/img_align_celeba_2018-04-20_21-52-03/160_x_L.png
[!] Sampled dataset from A and B have different # of data. Try resampling...
[*] Save models to logs/img_align_celeba_2018-04-20_21-52-03...
[180/500000] l_dh: 1.3870 l_gan_AB: 1.3866 l_const_AB: 0.0182
[180/500000] l_dl: 1.3866 l_gan_AA: 0.6927, l_const_AFA: 0.0066
[*] Samples saved: logs/img_align_celeba_2018-04-20_21-52-03/180_x_H.png
[*] Samples saved: logs/img_align_celeba_2018-04-20_21-52-03/180_x_L.png
[!] Sampled dataset from A and B have different # of data. Try resampling...
[*] Save models to logs/img_align_celeba_2018-04-20_21-52-03...
[200/500000] l_dh: 1.3866 l_gan_AB: 1.3867 l_const_AB: 0.0226
[200/500000] l_dl: 1.3867 l_gan_AA: 0.6920, l_const_AFA: 0.0042
[*] Samples saved: logs/img_align_celeba_2018-04-20_21-52-03/200_x_H.png
[*] Samples saved: logs/img_align_celeba_2018-04-20_21-52-03/200_x_L.png
[!] Sampled dataset from A and B have different # of data. Try resampling...
[!] Sampled dataset from A and B have different # of data. Try resampling...
[*] Save models to logs/img_align_celeba_2018-04-20_21-52-03...
[220/500000] l_dh: 1.3867 l_gan_AB: 1.3870 l_const_AB: 0.0236
[220/500000] l_dl: 1.3870 l_gan_AA: 0.6927, l_const_AFA: 0.0073
[*] Samples saved: logs/img_align_celeba_2018-04-20_21-52-03/220_x_H.png
[*] Samples saved: logs/img_align_celeba_2018-04-20_21-52-03/220_x_L.png
[!] Sampled dataset from A and B have different # of data. Try resampling...
[*] Save models to logs/img_align_celeba_2018-04-20_21-52-03...
[240/500000] l_dh: 1.3865 l_gan_AB: 1.3863 l_const_AB: 0.0179
[240/500000] l_dl: 1.3863 l_gan_AA: 0.6936, l_const_AFA: 0.0056
[*] Samples saved: logs/img_align_celeba_2018-04-20_21-52-03/240_x_H.png
[*] Samples saved: logs/img_align_celeba_2018-04-20_21-52-03/240_x_L.png
[!] Sampled dataset from A and B have different # of data. Try resampling...
[*] Save models to logs/img_align_celeba_2018-04-20_21-52-03...
[260/500000] l_dh: 1.3868 l_gan_AB: 1.3868 l_const_AB: 0.0188
[260/500000] l_dl: 1.3868 l_gan_AA: 0.6962, l_const_AFA: 0.0055
[*] Samples saved: logs/img_align_celeba_2018-04-20_21-52-03/260_x_H.png
[*] Samples saved: logs/img_align_celeba_2018-04-20_21-52-03/260_x_L.png
[!] Sampled dataset from A and B have different # of data. Try resampling...
[!] Sampled dataset from A and B have different # of data. Try resampling...
[*] Save models to logs/img_align_celeba_2018-04-20_21-52-03...
[280/500000] l_dh: 1.3861 l_gan_AB: 1.3859 l_const_AB: 0.0244
[280/500000] l_dl: 1.3859 l_gan_AA: 0.6973, l_const_AFA: 0.0055
[*] Samples saved: logs/img_align_celeba_2018-04-20_21-52-03/280_x_H.png
[*] Samples saved: logs/img_align_celeba_2018-04-20_21-52-03/280_x_L.png
[!] Sampled dataset from A and B have different # of data. Try resampling...
[*] Save models to logs/img_align_celeba_2018-04-20_21-52-03...
[300/500000] l_dh: 1.3863 l_gan_AB: 1.3871 l_const_AB: 0.0219
[300/500000] l_dl: 1.3871 l_gan_AA: 0.6924, l_const_AFA: 0.0057
[*] Samples saved: logs/img_align_celeba_2018-04-20_21-52-03/300_x_H.png
[*] Samples saved: logs/img_align_celeba_2018-04-20_21-52-03/300_x_L.png
[!] Sampled dataset from A and B have different # of data. Try resampling...
[*] Save models to logs/img_align_celeba_2018-04-20_21-52-03...
[320/500000] l_dh: 1.3865 l_gan_AB: 1.3862 l_const_AB: 0.0159
[320/500000] l_dl: 1.3862 l_gan_AA: 0.6903, l_const_AFA: 0.0056
[*] Samples saved: logs/img_align_celeba_2018-04-20_21-52-03/320_x_H.png
[*] Samples saved: logs/img_align_celeba_2018-04-20_21-52-03/320_x_L.png
[!] Sampled dataset from A and B have different # of data. Try resampling...
[*] Save models to logs/img_align_celeba_2018-04-20_21-52-03...
[340/500000] l_dh: 1.3869 l_gan_AB: 1.3870 l_const_AB: 0.0213
[340/500000] l_dl: 1.3870 l_gan_AA: 0.6952, l_const_AFA: 0.0053
[*] Samples saved: logs/img_align_celeba_2018-04-20_21-52-03/340_x_H.png
[*] Samples saved: logs/img_align_celeba_2018-04-20_21-52-03/340_x_L.png
[!] Sampled dataset from A and B have different # of data. Try resampling...
[!] Sampled dataset from A and B have different # of data. Try resampling...
[*] Save models to logs/img_align_celeba_2018-04-20_21-52-03...
[360/500000] l_dh: 1.3863 l_gan_AB: 1.3866 l_const_AB: 0.0217
[360/500000] l_dl: 1.3866 l_gan_AA: 0.6951, l_const_AFA: 0.0050
[*] Samples saved: logs/img_align_celeba_2018-04-20_21-52-03/360_x_H.png
[*] Samples saved: logs/img_align_celeba_2018-04-20_21-52-03/360_x_L.png
[!] Sampled dataset from A and B have different # of data. Try resampling...
[*] Save models to logs/img_align_celeba_2018-04-20_21-52-03...
[380/500000] l_dh: 1.3867 l_gan_AB: 1.3870 l_const_AB: 0.0224
[380/500000] l_dl: 1.3870 l_gan_AA: 0.6937, l_const_AFA: 0.0060
[*] Samples saved: logs/img_align_celeba_2018-04-20_21-52-03/380_x_H.png
[*] Samples saved: logs/img_align_celeba_2018-04-20_21-52-03/380_x_L.png
[!] Sampled dataset from A and B have different # of data. Try resampling...
[*] Save models to logs/img_align_celeba_2018-04-20_21-52-03...
[400/500000] l_dh: 1.3876 l_gan_AB: 1.3868 l_const_AB: 0.0238
[400/500000] l_dl: 1.3868 l_gan_AA: 0.6930, l_const_AFA: 0.0059
[*] Samples saved: logs/img_align_celeba_2018-04-20_21-52-03/400_x_H.png
[*] Samples saved: logs/img_align_celeba_2018-04-20_21-52-03/400_x_L.png
[!] Sampled dataset from A and B have different # of data. Try resampling...
[!] Sampled dataset from A and B have different # of data. Try resampling...
